#
# There is insufficient memory for the Java Runtime Environment to continue.
# Native memory allocation (mmap) failed to map 125829120 bytes for G1 virtual space
# Possible reasons:
#   The system is out of physical RAM or swap space
#   The process is running with CompressedOops enabled, and the Java Heap may be blocking the growth of the native heap
# Possible solutions:
#   Reduce memory load on the system
#   Increase physical memory or swap space
#   Check if swap backing store is full
#   Decrease Java heap size (-Xmx/-Xms)
#   Decrease number of Java threads
#   Decrease Java thread stack sizes (-Xss)
#   Set larger code cache with -XX:ReservedCodeCacheSize=
#   JVM is running with Zero Based Compressed Oops mode in which the Java heap is
#     placed in the first 32GB address space. The Java Heap base address is the
#     maximum limit for the native heap growth. Please use -XX:HeapBaseMinAddress
#     to set the Java Heap base and to place the Java Heap above 32GB virtual address.
# This output file may be truncated or incomplete.
#
#  Out of Memory Error (os_windows.cpp:3469), pid=20424, tid=14872
#
# JRE version: Java(TM) SE Runtime Environment (17.0.1+12) (build 17.0.1+12-LTS-39)
# Java VM: Java HotSpot(TM) 64-Bit Server VM (17.0.1+12-LTS-39, mixed mode, emulated-client, tiered, compressed oops, compressed class ptrs, g1 gc, windows-amd64)
# No core dump will be written. Minidumps are not enabled by default on client versions of Windows
#

---------------  S U M M A R Y ------------

Command Line: -agentlib:jdwp=transport=dt_socket,address=127.0.0.1:59313,suspend=y,server=n -Dvisualvm.id=83575389934100 -XX:TieredStopAtLevel=1 -Dspring.output.ansi.enabled=always -Dcom.sun.management.jmxremote -Dspring.jmx.enabled=true -Dspring.liveBeansView.mbeanDomain -Dspring.application.admin.enabled=true -javaagent:C:\Users\BaiYiChen\AppData\Local\JetBrains\IntelliJIdea2022.2\captureAgent\debugger-agent.jar=file:/C:/Users/BaiYiChen/AppData/Local/Temp/capture.props -Dfile.encoding=UTF-8 site.cilicili.App

Host: AMD Ryzen 5 4600U with Radeon Graphics         , 12 cores, 15G,  Windows 10 , 64 bit Build 19041 (10.0.19041.3636)
Time: Mon Feb 26 22:41:19 2024  Windows 10 , 64 bit Build 19041 (10.0.19041.3636) elapsed time: 76.254336 seconds (0d 0h 1m 16s)

---------------  T H R E A D  ---------------

Current thread (0x000001ff6c411d60):  VMThread "VM Thread" [stack: 0x000000338ef00000,0x000000338f000000] [id=14872]

Stack: [0x000000338ef00000,0x000000338f000000]
Native frames: (J=compiled Java code, j=interpreted, Vv=VM code, C=native code)
V  [jvm.dll+0x66fa1a]
V  [jvm.dll+0x7ce5a4]
V  [jvm.dll+0x7cfd4e]
V  [jvm.dll+0x7d03b3]
V  [jvm.dll+0x242b05]
V  [jvm.dll+0x66ca39]
V  [jvm.dll+0x661502]
V  [jvm.dll+0x30081b]
V  [jvm.dll+0x307da6]
V  [jvm.dll+0x357a1e]
V  [jvm.dll+0x357c4f]
V  [jvm.dll+0x2d7ad8]
V  [jvm.dll+0x2d5da4]
V  [jvm.dll+0x2d53ac]
V  [jvm.dll+0x318d0b]
V  [jvm.dll+0x7d484b]
V  [jvm.dll+0x7d5584]
V  [jvm.dll+0x7d5a9c]
V  [jvm.dll+0x7d5e74]
V  [jvm.dll+0x7d5f40]
V  [jvm.dll+0x77e91a]
V  [jvm.dll+0x66e845]
C  [ucrtbase.dll+0x21bb2]
C  [KERNEL32.DLL+0x17344]
C  [ntdll.dll+0x526b1]

VM_Operation (0x00000033955fcb80): G1CollectForAllocation, mode: safepoint, requested by thread 0x000001ff734b4630


---------------  P R O C E S S  ---------------

Threads class SMR info:
_java_thread_list=0x000001ff72a70ff0, length=94, elements={
0x000001ff54ff6540, 0x000001ff6c48c260, 0x000001ff6c48eee0, 0x000001ff6c4c82e0,
0x000001ff6c4c8f50, 0x000001ff6c4a38c0, 0x000001ff6c4a4270, 0x000001ff6c4fa400,
0x000001ff6c4fd5b0, 0x000001ff6c6facd0, 0x000001ff6c751b00, 0x000001ff6c754f30,
0x000001ff6c755610, 0x000001ff6c77d120, 0x000001ff6d43d030, 0x000001ff6d4d07e0,
0x000001ff6d79ee40, 0x000001ff6e0b0220, 0x000001ff6e0b1090, 0x000001ff6e0af3b0,
0x000001ff6e0afd50, 0x000001ff72bf0540, 0x000001ff72bf48a0, 0x000001ff72bf0a10,
0x000001ff72bf1d50, 0x000001ff72bf4d70, 0x000001ff72bf5710, 0x000001ff72bf6a50,
0x000001ff72bf0ee0, 0x000001ff72bf6f20, 0x000001ff72bf1880, 0x000001ff72bf5240,
0x000001ff72bf26f0, 0x000001ff72bf78c0, 0x000001ff72bf6580, 0x000001ff72bf3090,
0x000001ff72bf5be0, 0x000001ff72bf60b0, 0x000001ff72bf73f0, 0x000001ff72bf13b0,
0x000001ff72bf2220, 0x000001ff72bf2bc0, 0x000001ff72bf3560, 0x000001ff72bf3a30,
0x000001ff72bf3f00, 0x000001ff72bf43d0, 0x000001ff72848dc0, 0x000001ff7284e930,
0x000001ff7284a100, 0x000001ff7284c780, 0x000001ff7284d5f0, 0x000001ff7284cc50,
0x000001ff7284e460, 0x000001ff7284a5d0, 0x000001ff7284d120, 0x000001ff7284dac0,
0x000001ff7284aaa0, 0x000001ff7284df90, 0x000001ff7284ee00, 0x000001ff7284f2d0,
0x000001ff7284b440, 0x000001ff7284b910, 0x000001ff7284bde0, 0x000001ff7284f7a0,
0x000001ff7284af70, 0x000001ff7284c2b0, 0x000001ff72847f50, 0x000001ff72849c30,
0x000001ff72848420, 0x000001ff728488f0, 0x000001ff72849290, 0x000001ff72849760,
0x000001ff70c1d4b0, 0x000001ff70c1ca90, 0x000001ff70c20c60, 0x000001ff734b2e20,
0x000001ff734b9800, 0x000001ff734b37c0, 0x000001ff734b32f0, 0x000001ff734b4fd0,
0x000001ff734b67e0, 0x000001ff734b1fb0, 0x000001ff734b4b00, 0x000001ff734b2480,
0x000001ff734b2950, 0x000001ff734b84c0, 0x000001ff734b8990, 0x000001ff734b54a0,
0x000001ff734b6cb0, 0x000001ff734b4630, 0x000001ff734b7b20, 0x000001ff734b8e60,
0x000001ff734b5970, 0x000001ff734b7ff0
}

Java Threads: ( => current thread )
  0x000001ff54ff6540 JavaThread "main" [_thread_blocked, id=22328, stack(0x000000338e900000,0x000000338ea00000)]
  0x000001ff6c48c260 JavaThread "Reference Handler" daemon [_thread_blocked, id=23600, stack(0x000000338f000000,0x000000338f100000)]
  0x000001ff6c48eee0 JavaThread "Finalizer" daemon [_thread_blocked, id=12400, stack(0x000000338f100000,0x000000338f200000)]
  0x000001ff6c4c82e0 JavaThread "Signal Dispatcher" daemon [_thread_blocked, id=7584, stack(0x000000338f200000,0x000000338f300000)]
  0x000001ff6c4c8f50 JavaThread "Attach Listener" daemon [_thread_blocked, id=24832, stack(0x000000338f300000,0x000000338f400000)]
  0x000001ff6c4a38c0 JavaThread "Service Thread" daemon [_thread_blocked, id=26892, stack(0x000000338f400000,0x000000338f500000)]
  0x000001ff6c4a4270 JavaThread "Monitor Deflation Thread" daemon [_thread_blocked, id=26688, stack(0x000000338f500000,0x000000338f600000)]
  0x000001ff6c4fa400 JavaThread "C1 CompilerThread0" daemon [_thread_blocked, id=5108, stack(0x000000338f600000,0x000000338f700000)]
  0x000001ff6c4fd5b0 JavaThread "Sweeper thread" daemon [_thread_blocked, id=1680, stack(0x000000338f700000,0x000000338f800000)]
  0x000001ff6c6facd0 JavaThread "Common-Cleaner" daemon [_thread_blocked, id=22296, stack(0x000000338f800000,0x000000338f900000)]
  0x000001ff6c751b00 JavaThread "JDWP Transport Listener: dt_socket" daemon [_thread_blocked, id=23636, stack(0x000000338fc00000,0x000000338fd00000)]
  0x000001ff6c754f30 JavaThread "JDWP Event Helper Thread" daemon [_thread_blocked, id=5920, stack(0x000000338fd00000,0x000000338fe00000)]
  0x000001ff6c755610 JavaThread "JDWP Command Reader" daemon [_thread_in_native, id=1732, stack(0x000000338fe00000,0x000000338ff00000)]
  0x000001ff6c77d120 JavaThread "Notification Thread" daemon [_thread_blocked, id=3888, stack(0x000000338ff00000,0x0000003390000000)]
  0x000001ff6d43d030 JavaThread "RMI TCP Accept-0" daemon [_thread_in_native, id=17292, stack(0x0000003390900000,0x0000003390a00000)]
  0x000001ff6d4d07e0 JavaThread "RMI TCP Connection(idle)" daemon [_thread_blocked, id=9844, stack(0x0000003390b00000,0x0000003390c00000)]
  0x000001ff6d79ee40 JavaThread "RMI Scheduler(0)" daemon [_thread_blocked, id=2396, stack(0x0000003390c00000,0x0000003390d00000)]
  0x000001ff6e0b0220 JavaThread "mysql-cj-abandoned-connection-cleanup" daemon [_thread_blocked, id=4540, stack(0x0000003390f00000,0x0000003391000000)]
  0x000001ff6e0b1090 JavaThread "RMI TCP Connection(3)-172.20.10.3" daemon [_thread_in_native, id=6132, stack(0x000000338fb00000,0x000000338fc00000)]
  0x000001ff6e0af3b0 JavaThread "Catalina-utility-1" [_thread_blocked, id=16312, stack(0x0000003391300000,0x0000003391400000)]
  0x000001ff6e0afd50 JavaThread "Catalina-utility-2" [_thread_blocked, id=23788, stack(0x0000003391400000,0x0000003391500000)]
  0x000001ff72bf0540 JavaThread "container-0" [_thread_blocked, id=9352, stack(0x0000003391500000,0x0000003391600000)]
  0x000001ff72bf48a0 JavaThread "Thread-1" daemon [_thread_in_native, id=8088, stack(0x0000003391600000,0x0000003391700000)]
  0x000001ff72bf0a10 JavaThread "redisson-netty-1-1" [_thread_in_native, id=5028, stack(0x0000003391700000,0x0000003391800000)]
  0x000001ff72bf1d50 JavaThread "redisson-netty-1-2" [_thread_in_native, id=26004, stack(0x0000003391800000,0x0000003391900000)]
  0x000001ff72bf4d70 JavaThread "redisson-netty-1-3" [_thread_in_native, id=27348, stack(0x0000003391900000,0x0000003391a00000)]
  0x000001ff72bf5710 JavaThread "redisson-timer-4-1" [_thread_blocked, id=4696, stack(0x0000003391b00000,0x0000003391c00000)]
  0x000001ff72bf6a50 JavaThread "redisson-netty-1-4" [_thread_in_native, id=14648, stack(0x0000003391c00000,0x0000003391d00000)]
  0x000001ff72bf0ee0 JavaThread "redisson-netty-1-5" [_thread_in_native, id=21468, stack(0x0000003391d00000,0x0000003391e00000)]
  0x000001ff72bf6f20 JavaThread "redisson-3-1" [_thread_blocked, id=14376, stack(0x0000003391e00000,0x0000003391f00000)]
  0x000001ff72bf1880 JavaThread "redisson-netty-1-6" [_thread_in_native, id=26376, stack(0x0000003391f00000,0x0000003392000000)]
  0x000001ff72bf5240 JavaThread "redisson-netty-1-7" [_thread_in_native, id=11460, stack(0x0000003392000000,0x0000003392100000)]
  0x000001ff72bf26f0 JavaThread "redisson-netty-1-8" [_thread_in_native, id=14856, stack(0x0000003391200000,0x0000003391300000)]
  0x000001ff72bf78c0 JavaThread "redisson-3-2" [_thread_blocked, id=6292, stack(0x0000003392100000,0x0000003392200000)]
  0x000001ff72bf6580 JavaThread "redisson-netty-1-9" [_thread_in_native, id=13832, stack(0x0000003391000000,0x0000003391100000)]
  0x000001ff72bf3090 JavaThread "redisson-netty-1-10" [_thread_in_native, id=1416, stack(0x0000003391100000,0x0000003391200000)]
  0x000001ff72bf5be0 JavaThread "redisson-3-3" [_thread_blocked, id=12920, stack(0x0000003392200000,0x0000003392300000)]
  0x000001ff72bf60b0 JavaThread "redisson-netty-1-11" [_thread_in_native, id=12156, stack(0x0000003392300000,0x0000003392400000)]
  0x000001ff72bf73f0 JavaThread "redisson-netty-1-12" [_thread_in_native, id=20988, stack(0x0000003392400000,0x0000003392500000)]
  0x000001ff72bf13b0 JavaThread "redisson-3-4" [_thread_blocked, id=25148, stack(0x0000003392500000,0x0000003392600000)]
  0x000001ff72bf2220 JavaThread "redisson-netty-1-13" [_thread_in_native, id=18284, stack(0x0000003392600000,0x0000003392700000)]
  0x000001ff72bf2bc0 JavaThread "redisson-netty-1-14" [_thread_in_native, id=23836, stack(0x0000003392700000,0x0000003392800000)]
  0x000001ff72bf3560 JavaThread "redisson-3-5" [_thread_blocked, id=13436, stack(0x0000003392800000,0x0000003392900000)]
  0x000001ff72bf3a30 JavaThread "redisson-netty-1-15" [_thread_in_native, id=23864, stack(0x0000003392900000,0x0000003392a00000)]
  0x000001ff72bf3f00 JavaThread "redisson-netty-1-16" [_thread_in_native, id=4600, stack(0x0000003392a00000,0x0000003392b00000)]
  0x000001ff72bf43d0 JavaThread "redisson-3-6" [_thread_blocked, id=27048, stack(0x0000003392b00000,0x0000003392c00000)]
  0x000001ff72848dc0 JavaThread "redisson-netty-1-17" [_thread_in_native, id=13816, stack(0x0000003392c00000,0x0000003392d00000)]
  0x000001ff7284e930 JavaThread "redisson-netty-1-18" [_thread_in_native, id=15516, stack(0x0000003392d00000,0x0000003392e00000)]
  0x000001ff7284a100 JavaThread "redisson-3-7" [_thread_blocked, id=19744, stack(0x0000003392e00000,0x0000003392f00000)]
  0x000001ff7284c780 JavaThread "redisson-netty-1-19" [_thread_in_native, id=25696, stack(0x0000003392f00000,0x0000003393000000)]
  0x000001ff7284d5f0 JavaThread "redisson-netty-1-20" [_thread_in_native, id=6228, stack(0x0000003393000000,0x0000003393100000)]
  0x000001ff7284cc50 JavaThread "redisson-3-8" [_thread_blocked, id=24444, stack(0x0000003393100000,0x0000003393200000)]
  0x000001ff7284e460 JavaThread "redisson-netty-1-21" [_thread_in_native, id=3192, stack(0x0000003393200000,0x0000003393300000)]
  0x000001ff7284a5d0 JavaThread "redisson-netty-1-22" [_thread_in_native, id=24340, stack(0x0000003393300000,0x0000003393400000)]
  0x000001ff7284d120 JavaThread "redisson-3-9" [_thread_blocked, id=2064, stack(0x0000003393400000,0x0000003393500000)]
  0x000001ff7284dac0 JavaThread "redisson-netty-1-23" [_thread_in_native, id=8828, stack(0x0000003393500000,0x0000003393600000)]
  0x000001ff7284aaa0 JavaThread "redisson-netty-1-24" [_thread_in_native, id=26712, stack(0x0000003393600000,0x0000003393700000)]
  0x000001ff7284df90 JavaThread "redisson-3-10" [_thread_blocked, id=2704, stack(0x0000003393700000,0x0000003393800000)]
  0x000001ff7284ee00 JavaThread "redisson-netty-1-25" [_thread_in_native, id=24580, stack(0x000000338e600000,0x000000338e700000)]
  0x000001ff7284f2d0 JavaThread "redisson-netty-1-26" [_thread_in_native, id=13112, stack(0x000000338e700000,0x000000338e800000)]
  0x000001ff7284b440 JavaThread "redisson-3-11" [_thread_blocked, id=23396, stack(0x000000338e800000,0x000000338e900000)]
  0x000001ff7284b910 JavaThread "redisson-netty-1-27" [_thread_in_native, id=21492, stack(0x0000003393800000,0x0000003393900000)]
  0x000001ff7284bde0 JavaThread "redisson-netty-1-28" [_thread_in_native, id=18604, stack(0x0000003393900000,0x0000003393a00000)]
  0x000001ff7284f7a0 JavaThread "redisson-3-12" [_thread_blocked, id=2168, stack(0x0000003393a00000,0x0000003393b00000)]
  0x000001ff7284af70 JavaThread "redisson-netty-1-29" [_thread_in_native, id=27152, stack(0x0000003393b00000,0x0000003393c00000)]
  0x000001ff7284c2b0 JavaThread "redisson-netty-1-30" [_thread_in_native, id=15980, stack(0x0000003393c00000,0x0000003393d00000)]
  0x000001ff72847f50 JavaThread "redisson-3-13" [_thread_blocked, id=1712, stack(0x0000003393d00000,0x0000003393e00000)]
  0x000001ff72849c30 JavaThread "redisson-netty-1-31" [_thread_in_native, id=9288, stack(0x0000003393e00000,0x0000003393f00000)]
  0x000001ff72848420 JavaThread "redisson-3-14" [_thread_blocked, id=12360, stack(0x0000003393f00000,0x0000003394000000)]
  0x000001ff728488f0 JavaThread "redisson-netty-1-32" [_thread_in_native, id=6072, stack(0x0000003394000000,0x0000003394100000)]
  0x000001ff72849290 JavaThread "redisson-3-15" [_thread_blocked, id=11584, stack(0x0000003394100000,0x0000003394200000)]
  0x000001ff72849760 JavaThread "redisson-3-16" [_thread_blocked, id=26764, stack(0x0000003394200000,0x0000003394300000)]
  0x000001ff70c1d4b0 JavaThread "C1 CompilerThread1" daemon [_thread_blocked, id=22376, stack(0x0000003394300000,0x0000003394400000)]
  0x000001ff70c1ca90 JavaThread "C1 CompilerThread2" daemon [_thread_blocked, id=7452, stack(0x0000003394600000,0x0000003394700000)]
  0x000001ff70c20c60 JavaThread "C1 CompilerThread3" daemon [_thread_blocked, id=4140, stack(0x0000003394700000,0x0000003394800000)]
  0x000001ff734b2e20 JavaThread "ClassGraph-worker-665" daemon [_thread_blocked, id=24652, stack(0x0000003394500000,0x0000003394600000)]
  0x000001ff734b9800 JavaThread "ClassGraph-worker-666" daemon [_thread_blocked, id=764, stack(0x0000003394800000,0x0000003394900000)]
  0x000001ff734b37c0 JavaThread "ClassGraph-worker-667" daemon [_thread_blocked, id=17552, stack(0x0000003394900000,0x0000003394a00000)]
  0x000001ff734b32f0 JavaThread "ClassGraph-worker-668" daemon [_thread_blocked, id=4420, stack(0x0000003394a00000,0x0000003394b00000)]
  0x000001ff734b4fd0 JavaThread "ClassGraph-worker-669" daemon [_thread_blocked, id=26020, stack(0x0000003394b00000,0x0000003394c00000)]
  0x000001ff734b67e0 JavaThread "ClassGraph-worker-670" daemon [_thread_blocked, id=24736, stack(0x0000003394c00000,0x0000003394d00000)]
  0x000001ff734b1fb0 JavaThread "ClassGraph-worker-671" daemon [_thread_blocked, id=5228, stack(0x0000003394d00000,0x0000003394e00000)]
  0x000001ff734b4b00 JavaThread "ClassGraph-worker-672" daemon [_thread_blocked, id=7140, stack(0x0000003394e00000,0x0000003394f00000)]
  0x000001ff734b2480 JavaThread "ClassGraph-worker-673" daemon [_thread_blocked, id=25900, stack(0x0000003394f00000,0x0000003395000000)]
  0x000001ff734b2950 JavaThread "ClassGraph-worker-674" daemon [_thread_blocked, id=26256, stack(0x0000003395000000,0x0000003395100000)]
  0x000001ff734b84c0 JavaThread "ClassGraph-worker-675" daemon [_thread_blocked, id=26228, stack(0x0000003395100000,0x0000003395200000)]
  0x000001ff734b8990 JavaThread "ClassGraph-worker-676" daemon [_thread_blocked, id=5772, stack(0x0000003395200000,0x0000003395300000)]
  0x000001ff734b54a0 JavaThread "ClassGraph-worker-677" daemon [_thread_blocked, id=25716, stack(0x0000003395300000,0x0000003395400000)]
  0x000001ff734b6cb0 JavaThread "ClassGraph-worker-678" daemon [_thread_blocked, id=19884, stack(0x0000003395400000,0x0000003395500000)]
  0x000001ff734b4630 JavaThread "ClassGraph-worker-679" daemon [_thread_blocked, id=11932, stack(0x0000003395500000,0x0000003395600000)]
  0x000001ff734b7b20 JavaThread "ClassGraph-worker-680" daemon [_thread_blocked, id=7944, stack(0x0000003395600000,0x0000003395700000)]
  0x000001ff734b8e60 JavaThread "ClassGraph-worker-681" daemon [_thread_blocked, id=20848, stack(0x0000003395700000,0x0000003395800000)]
  0x000001ff734b5970 JavaThread "ClassGraph-worker-682" daemon [_thread_blocked, id=1776, stack(0x0000003395a00000,0x0000003395b00000)]
  0x000001ff734b7ff0 JavaThread "ClassGraph-worker-683" daemon [_thread_blocked, id=22184, stack(0x0000003395b00000,0x0000003395c00000)]

Other Threads:
=>0x000001ff6c411d60 VMThread "VM Thread" [stack: 0x000000338ef00000,0x000000338f000000] [id=14872]
  0x000001ff5506a350 WatcherThread [stack: 0x0000003390a00000,0x0000003390b00000] [id=22964]
  0x000001ff55048000 GCTaskThread "GC Thread#0" [stack: 0x000000338ea00000,0x000000338eb00000] [id=26800]
  0x000001ff6d3d8eb0 GCTaskThread "GC Thread#1" [stack: 0x0000003390000000,0x0000003390100000] [id=5060]
  0x000001ff6d3d9d80 GCTaskThread "GC Thread#2" [stack: 0x0000003390100000,0x0000003390200000] [id=20820]
  0x000001ff6d3da030 GCTaskThread "GC Thread#3" [stack: 0x0000003390200000,0x0000003390300000] [id=11504]
  0x000001ff6d3dab00 GCTaskThread "GC Thread#4" [stack: 0x0000003390300000,0x0000003390400000] [id=10180]
  0x000001ff6d3fd070 GCTaskThread "GC Thread#5" [stack: 0x0000003390400000,0x0000003390500000] [id=5876]
  0x000001ff6d3fdd50 GCTaskThread "GC Thread#6" [stack: 0x0000003390500000,0x0000003390600000] [id=27200]
  0x000001ff6d3fe000 GCTaskThread "GC Thread#7" [stack: 0x0000003390600000,0x0000003390700000] [id=316]
  0x000001ff6d3fe2b0 GCTaskThread "GC Thread#8" [stack: 0x0000003390700000,0x0000003390800000] [id=17356]
  0x000001ff6d3fed70 GCTaskThread "GC Thread#9" [stack: 0x0000003390800000,0x0000003390900000] [id=8820]
  0x000001ff55058540 ConcurrentGCThread "G1 Main Marker" [stack: 0x000000338eb00000,0x000000338ec00000] [id=15484]
  0x000001ff55058f50 ConcurrentGCThread "G1 Conc#0" [stack: 0x000000338ec00000,0x000000338ed00000] [id=5316]
  0x000001ff6d9b2ac0 ConcurrentGCThread "G1 Conc#1" [stack: 0x0000003390d00000,0x0000003390e00000] [id=7580]
  0x000001ff6da51810 ConcurrentGCThread "G1 Conc#2" [stack: 0x0000003390e00000,0x0000003390f00000] [id=24448]
  0x000001ff6b185f70 ConcurrentGCThread "G1 Refine#0" [stack: 0x000000338ed00000,0x000000338ee00000] [id=4484]
  0x000001ff730d80e0 ConcurrentGCThread "G1 Refine#1" [stack: 0x0000003394400000,0x0000003394500000] [id=12872]
  0x000001ff7349f500 ConcurrentGCThread "G1 Refine#2" [stack: 0x0000003395800000,0x0000003395900000] [id=9956]
  0x000001ff7349f7e0 ConcurrentGCThread "G1 Refine#3" [stack: 0x0000003395900000,0x0000003395a00000] [id=8288]
  0x000001ff6b186890 ConcurrentGCThread "G1 Service" [stack: 0x000000338ee00000,0x000000338ef00000] [id=26144]

Threads with active compile tasks:

VM state: at safepoint (normal execution)

VM Mutex/Monitor currently owned by a thread:  ([mutex/lock_event])
[0x000001ff54ff3530] Threads_lock - owner thread: 0x000001ff6c411d60
[0x000001ff54ff3920] Heap_lock - owner thread: 0x000001ff734b4630

Heap address: 0x000000070a000000, size: 3936 MB, Compressed Oops mode: Zero based, Oop shift amount: 3

CDS archive(s) not mapped
Compressed class space mapped at: 0x0000000800000000-0x0000000840000000, reserved size: 1073741824
Narrow klass base: 0x0000000800000000, Narrow klass shift: 0, Narrow klass range: 0x40000000

GC Precious Log:
 CPUs: 12 total, 12 available
 Memory: 15741M
 Large Page Support: Disabled
 NUMA Support: Disabled
 Compressed Oops: Enabled (Zero based)
 Heap Region Size: 2M
 Heap Min Capacity: 8M
 Heap Initial Capacity: 246M
 Heap Max Capacity: 3936M
 Pre-touch: Disabled
 Parallel Workers: 10
 Concurrent Workers: 3
 Concurrent Refinement Workers: 10
 Periodic GC: Disabled

Heap:
 garbage-first heap   total 251904K, used 104720K [0x000000070a000000, 0x0000000800000000)
  region size 2048K, 4 young (8192K), 4 survivors (8192K)
 Metaspace       used 86076K, committed 86720K, reserved 1130496K
  class space    used 10876K, committed 11200K, reserved 1048576K

Heap Regions: E=young(eden), S=young(survivor), O=old, HS=humongous(starts), HC=humongous(continues), CS=collection set, F=free, OA=open archive, CA=closed archive, TAMS=top-at-mark-start (previous, next)
|   0|0x000000070a000000, 0x000000070a200000, 0x000000070a200000|100%| O|  |TAMS 0x000000070a200000, 0x000000070a200000| Untracked 
|   1|0x000000070a200000, 0x000000070a400000, 0x000000070a400000|100%| O|  |TAMS 0x000000070a400000, 0x000000070a400000| Untracked 
|   2|0x000000070a400000, 0x000000070a600000, 0x000000070a600000|100%| O|  |TAMS 0x000000070a600000, 0x000000070a600000| Untracked 
|   3|0x000000070a600000, 0x000000070a800000, 0x000000070a800000|100%| O|  |TAMS 0x000000070a800000, 0x000000070a800000| Untracked 
|   4|0x000000070a800000, 0x000000070a96f600, 0x000000070aa00000| 71%| O|  |TAMS 0x000000070a96f600, 0x000000070a96f600| Untracked 
|   5|0x000000070aa00000, 0x000000070ac00000, 0x000000070ac00000|100%| O|  |TAMS 0x000000070ac00000, 0x000000070ac00000| Untracked 
|   6|0x000000070ac00000, 0x000000070ae00000, 0x000000070ae00000|100%| O|  |TAMS 0x000000070ae00000, 0x000000070ae00000| Untracked 
|   7|0x000000070ae00000, 0x000000070b000000, 0x000000070b000000|100%| O|  |TAMS 0x000000070b000000, 0x000000070b000000| Untracked 
|   8|0x000000070b000000, 0x000000070b200000, 0x000000070b200000|100%| O|  |TAMS 0x000000070b000000, 0x000000070b200000| Untracked 
|   9|0x000000070b200000, 0x000000070b400000, 0x000000070b400000|100%| O|  |TAMS 0x000000070b400000, 0x000000070b400000| Untracked 
|  10|0x000000070b400000, 0x000000070b600000, 0x000000070b600000|100%| O|  |TAMS 0x000000070b600000, 0x000000070b600000| Untracked 
|  11|0x000000070b600000, 0x000000070b800000, 0x000000070b800000|100%| O|  |TAMS 0x000000070b800000, 0x000000070b800000| Untracked 
|  12|0x000000070b800000, 0x000000070ba00000, 0x000000070ba00000|100%| O|  |TAMS 0x000000070ba00000, 0x000000070ba00000| Untracked 
|  13|0x000000070ba00000, 0x000000070bc00000, 0x000000070bc00000|100%| O|  |TAMS 0x000000070bc00000, 0x000000070bc00000| Untracked 
|  14|0x000000070bc00000, 0x000000070be00000, 0x000000070be00000|100%| O|  |TAMS 0x000000070be00000, 0x000000070be00000| Untracked 
|  15|0x000000070be00000, 0x000000070c000000, 0x000000070c000000|100%| O|  |TAMS 0x000000070c000000, 0x000000070c000000| Untracked 
|  16|0x000000070c000000, 0x000000070c200000, 0x000000070c200000|100%| O|  |TAMS 0x000000070c200000, 0x000000070c200000| Untracked 
|  17|0x000000070c200000, 0x000000070c400000, 0x000000070c400000|100%| O|  |TAMS 0x000000070c400000, 0x000000070c400000| Untracked 
|  18|0x000000070c400000, 0x000000070c600000, 0x000000070c600000|100%| O|  |TAMS 0x000000070c600000, 0x000000070c600000| Untracked 
|  19|0x000000070c600000, 0x000000070c800000, 0x000000070c800000|100%| O|  |TAMS 0x000000070c800000, 0x000000070c800000| Untracked 
|  20|0x000000070c800000, 0x000000070ca00000, 0x000000070ca00000|100%| O|  |TAMS 0x000000070ca00000, 0x000000070ca00000| Untracked 
|  21|0x000000070ca00000, 0x000000070cc00000, 0x000000070cc00000|100%| O|  |TAMS 0x000000070cc00000, 0x000000070cc00000| Untracked 
|  22|0x000000070cc00000, 0x000000070ce00000, 0x000000070ce00000|100%| O|  |TAMS 0x000000070ce00000, 0x000000070ce00000| Untracked 
|  23|0x000000070ce00000, 0x000000070d000000, 0x000000070d000000|100%| O|  |TAMS 0x000000070d000000, 0x000000070d000000| Untracked 
|  24|0x000000070d000000, 0x000000070d200000, 0x000000070d200000|100%| O|  |TAMS 0x000000070d200000, 0x000000070d200000| Untracked 
|  25|0x000000070d200000, 0x000000070d400000, 0x000000070d400000|100%| O|  |TAMS 0x000000070d400000, 0x000000070d400000| Untracked 
|  26|0x000000070d400000, 0x000000070d600000, 0x000000070d600000|100%| O|  |TAMS 0x000000070d600000, 0x000000070d600000| Untracked 
|  27|0x000000070d600000, 0x000000070d800000, 0x000000070d800000|100%| O|  |TAMS 0x000000070d800000, 0x000000070d800000| Untracked 
|  28|0x000000070d800000, 0x000000070da00000, 0x000000070da00000|100%| O|  |TAMS 0x000000070da00000, 0x000000070da00000| Untracked 
|  29|0x000000070da00000, 0x000000070dc00000, 0x000000070dc00000|100%| O|  |TAMS 0x000000070da00000, 0x000000070dc00000| Untracked 
|  30|0x000000070dc00000, 0x000000070de00000, 0x000000070de00000|100%| O|  |TAMS 0x000000070dc00000, 0x000000070dd6c200| Untracked 
|  31|0x000000070de00000, 0x000000070e000000, 0x000000070e000000|100%| O|  |TAMS 0x000000070de00000, 0x000000070e000000| Untracked 
|  32|0x000000070e000000, 0x000000070e200000, 0x000000070e200000|100%| O|  |TAMS 0x000000070e000000, 0x000000070e200000| Untracked 
|  33|0x000000070e200000, 0x000000070e400000, 0x000000070e400000|100%| O|  |TAMS 0x000000070e400000, 0x000000070e400000| Untracked 
|  34|0x000000070e400000, 0x000000070e600000, 0x000000070e600000|100%| O|  |TAMS 0x000000070e600000, 0x000000070e600000| Untracked 
|  35|0x000000070e600000, 0x000000070e800000, 0x000000070e800000|100%| O|  |TAMS 0x000000070e800000, 0x000000070e800000| Untracked 
|  36|0x000000070e800000, 0x000000070ea00000, 0x000000070ea00000|100%| O|  |TAMS 0x000000070e800000, 0x000000070e800000| Untracked 
|  37|0x000000070ea00000, 0x000000070ec00000, 0x000000070ec00000|100%| O|  |TAMS 0x000000070ea00000, 0x000000070ea00000| Untracked 
|  38|0x000000070ec00000, 0x000000070ee00000, 0x000000070ee00000|100%| O|  |TAMS 0x000000070ec00000, 0x000000070ec00000| Untracked 
|  39|0x000000070ee00000, 0x000000070f000000, 0x000000070f000000|100%| O|  |TAMS 0x000000070f000000, 0x000000070f000000| Untracked 
|  40|0x000000070f000000, 0x000000070f200000, 0x000000070f200000|100%| O|  |TAMS 0x000000070f000000, 0x000000070f000000| Untracked 
|  41|0x000000070f200000, 0x000000070f2d4a00, 0x000000070f400000| 41%| O|  |TAMS 0x000000070f200000, 0x000000070f200000| Untracked 
|  42|0x000000070f400000, 0x000000070f400000, 0x000000070f600000|  0%| F|  |TAMS 0x000000070f400000, 0x000000070f400000| Untracked 
|  43|0x000000070f600000, 0x000000070f600000, 0x000000070f800000|  0%| F|  |TAMS 0x000000070f600000, 0x000000070f600000| Untracked 
|  44|0x000000070f800000, 0x000000070fa00000, 0x000000070fa00000|100%| O|  |TAMS 0x000000070f938200, 0x000000070fa00000| Untracked 
|  45|0x000000070fa00000, 0x000000070fc00000, 0x000000070fc00000|100%| O|  |TAMS 0x000000070fa00000, 0x000000070fc00000| Untracked 
|  46|0x000000070fc00000, 0x000000070fe00000, 0x000000070fe00000|100%| O|  |TAMS 0x000000070fc00000, 0x000000070fe00000| Untracked 
|  47|0x000000070fe00000, 0x0000000710000000, 0x0000000710000000|100%| O|  |TAMS 0x000000070fe00000, 0x0000000710000000| Untracked 
|  48|0x0000000710000000, 0x0000000710200000, 0x0000000710200000|100%| O|  |TAMS 0x0000000710000000, 0x0000000710200000| Untracked 
|  49|0x0000000710200000, 0x0000000710400000, 0x0000000710400000|100%| O|  |TAMS 0x0000000710200000, 0x0000000710400000| Untracked 
|  50|0x0000000710400000, 0x0000000710400000, 0x0000000710600000|  0%| F|  |TAMS 0x0000000710400000, 0x0000000710400000| Untracked 
|  51|0x0000000710600000, 0x0000000710600000, 0x0000000710800000|  0%| F|  |TAMS 0x0000000710600000, 0x0000000710600000| Untracked 
|  52|0x0000000710800000, 0x0000000710800000, 0x0000000710a00000|  0%| F|  |TAMS 0x0000000710800000, 0x0000000710800000| Untracked 
|  53|0x0000000710a00000, 0x0000000710a00000, 0x0000000710c00000|  0%| F|  |TAMS 0x0000000710a00000, 0x0000000710a00000| Untracked 
|  54|0x0000000710c00000, 0x0000000710c00000, 0x0000000710e00000|  0%| F|  |TAMS 0x0000000710c00000, 0x0000000710c00000| Untracked 
|  55|0x0000000710e00000, 0x0000000710e00000, 0x0000000711000000|  0%| F|  |TAMS 0x0000000710e00000, 0x0000000710e00000| Untracked 
|  56|0x0000000711000000, 0x0000000711000000, 0x0000000711200000|  0%| F|  |TAMS 0x0000000711000000, 0x0000000711000000| Untracked 
|  57|0x0000000711200000, 0x0000000711200000, 0x0000000711400000|  0%| F|  |TAMS 0x0000000711200000, 0x0000000711200000| Untracked 
|  58|0x0000000711400000, 0x0000000711400000, 0x0000000711600000|  0%| F|  |TAMS 0x0000000711400000, 0x0000000711400000| Untracked 
|  59|0x0000000711600000, 0x0000000711600000, 0x0000000711800000|  0%| F|  |TAMS 0x0000000711600000, 0x0000000711600000| Untracked 
|  60|0x0000000711800000, 0x0000000711800000, 0x0000000711a00000|  0%| F|  |TAMS 0x0000000711800000, 0x0000000711800000| Untracked 
|  61|0x0000000711a00000, 0x0000000711a00000, 0x0000000711c00000|  0%| F|  |TAMS 0x0000000711a00000, 0x0000000711a00000| Untracked 
|  62|0x0000000711c00000, 0x0000000711c00000, 0x0000000711e00000|  0%| F|  |TAMS 0x0000000711c00000, 0x0000000711c00000| Untracked 
|  63|0x0000000711e00000, 0x0000000711e00000, 0x0000000712000000|  0%| F|  |TAMS 0x0000000711e00000, 0x0000000711e00000| Untracked 
|  64|0x0000000712000000, 0x0000000712000000, 0x0000000712200000|  0%| F|  |TAMS 0x0000000712000000, 0x0000000712000000| Untracked 
|  65|0x0000000712200000, 0x0000000712200000, 0x0000000712400000|  0%| F|  |TAMS 0x0000000712200000, 0x0000000712200000| Untracked 
|  66|0x0000000712400000, 0x0000000712600000, 0x0000000712600000|100%| S|CS|TAMS 0x0000000712400000, 0x0000000712400000| Complete 
|  67|0x0000000712600000, 0x0000000712800000, 0x0000000712800000|100%| S|CS|TAMS 0x0000000712600000, 0x0000000712600000| Complete 
|  68|0x0000000712800000, 0x0000000712a00000, 0x0000000712a00000|100%| S|CS|TAMS 0x0000000712800000, 0x0000000712800000| Complete 
|  69|0x0000000712a00000, 0x0000000712c00000, 0x0000000712c00000|100%| S|CS|TAMS 0x0000000712a00000, 0x0000000712a00000| Complete 
|  70|0x0000000712c00000, 0x0000000712c00000, 0x0000000712e00000|  0%| F|  |TAMS 0x0000000712c00000, 0x0000000712c00000| Untracked 
|  71|0x0000000712e00000, 0x0000000712e00000, 0x0000000713000000|  0%| F|  |TAMS 0x0000000712e00000, 0x0000000712e00000| Untracked 
|  72|0x0000000713000000, 0x0000000713000000, 0x0000000713200000|  0%| F|  |TAMS 0x0000000713000000, 0x0000000713000000| Untracked 
|  73|0x0000000713200000, 0x0000000713200000, 0x0000000713400000|  0%| F|  |TAMS 0x0000000713200000, 0x0000000713200000| Untracked 
|  74|0x0000000713400000, 0x0000000713400000, 0x0000000713600000|  0%| F|  |TAMS 0x0000000713400000, 0x0000000713400000| Untracked 
|  75|0x0000000713600000, 0x0000000713600000, 0x0000000713800000|  0%| F|  |TAMS 0x0000000713600000, 0x0000000713600000| Untracked 
|  76|0x0000000713800000, 0x0000000713800000, 0x0000000713a00000|  0%| F|  |TAMS 0x0000000713800000, 0x0000000713800000| Untracked 
|  77|0x0000000713a00000, 0x0000000713a00000, 0x0000000713c00000|  0%| F|  |TAMS 0x0000000713a00000, 0x0000000713a00000| Untracked 
|  78|0x0000000713c00000, 0x0000000713c00000, 0x0000000713e00000|  0%| F|  |TAMS 0x0000000713c00000, 0x0000000713c00000| Untracked 
|  79|0x0000000713e00000, 0x0000000713e00000, 0x0000000714000000|  0%| F|  |TAMS 0x0000000713e00000, 0x0000000713e00000| Untracked 
|  80|0x0000000714000000, 0x0000000714000000, 0x0000000714200000|  0%| F|  |TAMS 0x0000000714000000, 0x0000000714000000| Untracked 
|  81|0x0000000714200000, 0x0000000714200000, 0x0000000714400000|  0%| F|  |TAMS 0x0000000714200000, 0x0000000714200000| Untracked 
|  82|0x0000000714400000, 0x0000000714400000, 0x0000000714600000|  0%| F|  |TAMS 0x0000000714400000, 0x0000000714400000| Untracked 
|  83|0x0000000714600000, 0x0000000714600000, 0x0000000714800000|  0%| F|  |TAMS 0x0000000714600000, 0x0000000714600000| Untracked 
|  84|0x0000000714800000, 0x0000000714800000, 0x0000000714a00000|  0%| F|  |TAMS 0x0000000714800000, 0x0000000714800000| Untracked 
|  85|0x0000000714a00000, 0x0000000714a00000, 0x0000000714c00000|  0%| F|  |TAMS 0x0000000714a00000, 0x0000000714a00000| Untracked 
|  86|0x0000000714c00000, 0x0000000714c00000, 0x0000000714e00000|  0%| F|  |TAMS 0x0000000714c00000, 0x0000000714c00000| Untracked 
|  87|0x0000000714e00000, 0x0000000714e00000, 0x0000000715000000|  0%| F|  |TAMS 0x0000000714e00000, 0x0000000714e00000| Untracked 
|  88|0x0000000715000000, 0x0000000715000000, 0x0000000715200000|  0%| F|  |TAMS 0x0000000715000000, 0x0000000715000000| Untracked 
|  89|0x0000000715200000, 0x0000000715200000, 0x0000000715400000|  0%| F|  |TAMS 0x0000000715200000, 0x0000000715200000| Untracked 
|  90|0x0000000715400000, 0x0000000715400000, 0x0000000715600000|  0%| F|  |TAMS 0x0000000715400000, 0x0000000715400000| Untracked 
|  91|0x0000000715600000, 0x0000000715600000, 0x0000000715800000|  0%| F|  |TAMS 0x0000000715600000, 0x0000000715600000| Untracked 
|  92|0x0000000715800000, 0x0000000715800000, 0x0000000715a00000|  0%| F|  |TAMS 0x0000000715800000, 0x0000000715800000| Untracked 
|  93|0x0000000715a00000, 0x0000000715a00000, 0x0000000715c00000|  0%| F|  |TAMS 0x0000000715a00000, 0x0000000715a00000| Untracked 
|  94|0x0000000715c00000, 0x0000000715c00000, 0x0000000715e00000|  0%| F|  |TAMS 0x0000000715c00000, 0x0000000715c00000| Untracked 
|  95|0x0000000715e00000, 0x0000000715e00000, 0x0000000716000000|  0%| F|  |TAMS 0x0000000715e00000, 0x0000000715e00000| Untracked 
|  96|0x0000000716000000, 0x0000000716000000, 0x0000000716200000|  0%| F|  |TAMS 0x0000000716000000, 0x0000000716000000| Untracked 
|  97|0x0000000716200000, 0x0000000716200000, 0x0000000716400000|  0%| F|  |TAMS 0x0000000716200000, 0x0000000716200000| Untracked 
|  98|0x0000000716400000, 0x0000000716400000, 0x0000000716600000|  0%| F|  |TAMS 0x0000000716400000, 0x0000000716400000| Untracked 
|  99|0x0000000716600000, 0x0000000716600000, 0x0000000716800000|  0%| F|  |TAMS 0x0000000716600000, 0x0000000716600000| Untracked 
| 100|0x0000000716800000, 0x0000000716800000, 0x0000000716a00000|  0%| F|  |TAMS 0x0000000716800000, 0x0000000716800000| Untracked 
| 101|0x0000000716a00000, 0x0000000716a00000, 0x0000000716c00000|  0%| F|  |TAMS 0x0000000716a00000, 0x0000000716a00000| Untracked 
| 102|0x0000000716c00000, 0x0000000716c00000, 0x0000000716e00000|  0%| F|  |TAMS 0x0000000716c00000, 0x0000000716c00000| Untracked 
| 103|0x0000000716e00000, 0x0000000716e00000, 0x0000000717000000|  0%| F|  |TAMS 0x0000000716e00000, 0x0000000716e00000| Untracked 
| 104|0x0000000717000000, 0x0000000717000000, 0x0000000717200000|  0%| F|  |TAMS 0x0000000717000000, 0x0000000717000000| Untracked 
| 105|0x0000000717200000, 0x0000000717200000, 0x0000000717400000|  0%| F|  |TAMS 0x0000000717200000, 0x0000000717200000| Untracked 
| 106|0x0000000717400000, 0x0000000717400000, 0x0000000717600000|  0%| F|  |TAMS 0x0000000717400000, 0x0000000717400000| Untracked 
| 107|0x0000000717600000, 0x0000000717600000, 0x0000000717800000|  0%| F|  |TAMS 0x0000000717600000, 0x0000000717600000| Untracked 
| 108|0x0000000717800000, 0x0000000717800000, 0x0000000717a00000|  0%| F|  |TAMS 0x0000000717800000, 0x0000000717800000| Untracked 
| 109|0x0000000717a00000, 0x0000000717a00000, 0x0000000717c00000|  0%| F|  |TAMS 0x0000000717a00000, 0x0000000717a00000| Untracked 
| 110|0x0000000717c00000, 0x0000000717c00000, 0x0000000717e00000|  0%| F|  |TAMS 0x0000000717c00000, 0x0000000717c00000| Untracked 
| 111|0x0000000717e00000, 0x0000000717e00000, 0x0000000718000000|  0%| F|  |TAMS 0x0000000717e00000, 0x0000000717e00000| Untracked 
| 112|0x0000000718000000, 0x0000000718000000, 0x0000000718200000|  0%| F|  |TAMS 0x0000000718000000, 0x0000000718000000| Untracked 
| 113|0x0000000718200000, 0x0000000718200000, 0x0000000718400000|  0%| F|  |TAMS 0x0000000718200000, 0x0000000718200000| Untracked 
| 114|0x0000000718400000, 0x0000000718400000, 0x0000000718600000|  0%| F|  |TAMS 0x0000000718400000, 0x0000000718400000| Untracked 
| 115|0x0000000718600000, 0x0000000718600000, 0x0000000718800000|  0%| F|  |TAMS 0x0000000718600000, 0x0000000718600000| Untracked 
| 116|0x0000000718800000, 0x0000000718800000, 0x0000000718a00000|  0%| F|  |TAMS 0x0000000718800000, 0x0000000718800000| Untracked 
| 117|0x0000000718a00000, 0x0000000718a00000, 0x0000000718c00000|  0%| F|  |TAMS 0x0000000718a00000, 0x0000000718a00000| Untracked 
| 118|0x0000000718c00000, 0x0000000718c00000, 0x0000000718e00000|  0%| F|  |TAMS 0x0000000718c00000, 0x0000000718c00000| Untracked 
| 119|0x0000000718e00000, 0x0000000718e00000, 0x0000000719000000|  0%| F|  |TAMS 0x0000000718e00000, 0x0000000718e00000| Untracked 
| 120|0x0000000719000000, 0x0000000719000000, 0x0000000719200000|  0%| F|  |TAMS 0x0000000719000000, 0x0000000719000000| Untracked 
| 121|0x0000000719200000, 0x0000000719200000, 0x0000000719400000|  0%| F|  |TAMS 0x0000000719200000, 0x0000000719200000| Untracked 
| 122|0x0000000719400000, 0x0000000719400000, 0x0000000719600000|  0%| F|  |TAMS 0x0000000719400000, 0x0000000719400000| Untracked 

Card table byte_map: [0x000001ff602b0000,0x000001ff60a60000] _byte_map_base: 0x000001ff5ca60000

Marking Bits (Prev, Next): (CMBitMap*) 0x000001ff55048610, (CMBitMap*) 0x000001ff55048650
 Prev Bits: [0x000001ff61210000, 0x000001ff64f90000)
 Next Bits: [0x000001ff64f90000, 0x000001ff68d10000)

Polling page: 0x000001ff53150000

Metaspace:

Usage:
  Non-class:     73.44 MB used.
      Class:     10.62 MB used.
       Both:     84.06 MB used.

Virtual space:
  Non-class space:       80.00 MB reserved,      73.75 MB ( 92%) committed,  10 nodes.
      Class space:        1.00 GB reserved,      10.94 MB (  1%) committed,  1 nodes.
             Both:        1.08 GB reserved,      84.69 MB (  8%) committed. 

Chunk freelists:
   Non-Class:  1.75 MB
       Class:  1.01 MB
        Both:  2.77 MB

MaxMetaspaceSize: unlimited
CompressedClassSpaceSize: 1.00 GB
Initial GC threshold: 21.00 MB
Current GC threshold: 141.19 MB
CDS: off
MetaspaceReclaimPolicy: balanced
 - commit_granule_bytes: 65536.
 - commit_granule_words: 8192.
 - virtual_space_node_default_size: 1048576.
 - enlarge_chunks_in_place: 1.
 - new_chunks_are_fully_committed: 0.
 - uncommit_free_chunks: 1.
 - use_allocation_guard: 0.
 - handle_deallocations: 1.


Internal statistics:

num_allocs_failed_limit: 9.
num_arena_births: 974.
num_arena_deaths: 0.
num_vsnodes_births: 11.
num_vsnodes_deaths: 0.
num_space_committed: 1355.
num_space_uncommitted: 0.
num_chunks_returned_to_freelist: 9.
num_chunks_taken_from_freelist: 3873.
num_chunk_merges: 9.
num_chunk_splits: 2657.
num_chunks_enlarged: 1931.
num_purges: 0.
num_inconsistent_stats: 0.

CodeCache: size=49152Kb used=19160Kb max_used=19160Kb free=29991Kb
 bounds [0x000001ff5c7d0000, 0x000001ff5da90000, 0x000001ff5f7d0000]
 total_blobs=9721 nmethods=9021 adapters=623
 compilation: enabled
              stopped_count=0, restarted_count=0
 full_count=0

Compilation events (20 events):
Event: 76.028 Thread 0x000001ff70c1d4b0 nmethod 9164 0x000001ff5da7d890 code [0x000001ff5da7da80, 0x000001ff5da7dcb8]
Event: 76.028 Thread 0x000001ff70c1ca90 nmethod 9163 0x000001ff5da7de10 code [0x000001ff5da7dfe0, 0x000001ff5da7e2c8]
Event: 76.029 Thread 0x000001ff6c4fa400 nmethod 9144 0x000001ff5da7e510 code [0x000001ff5da7eae0, 0x000001ff5da80c28]
Event: 76.029 Thread 0x000001ff70c20c60 nmethod 9162 0x000001ff5da83390 code [0x000001ff5da835a0, 0x000001ff5da83958]
Event: 76.096 Thread 0x000001ff6c4fa400 9165       1       sun.nio.fs.WindowsException::<init> (15 bytes)
Event: 76.096 Thread 0x000001ff6c4fa400 nmethod 9165 0x000001ff5da83e10 code [0x000001ff5da83fc0, 0x000001ff5da84218]
Event: 76.096 Thread 0x000001ff6c4fa400 9166       1       sun.nio.fs.WindowsException::fillInStackTrace (2 bytes)
Event: 76.097 Thread 0x000001ff6c4fa400 nmethod 9166 0x000001ff5da84290 code [0x000001ff5da84420, 0x000001ff5da844f8]
Event: 76.100 Thread 0x000001ff70c1ca90 9167       1       java.io.IOException::<init> (6 bytes)
Event: 76.100 Thread 0x000001ff70c1ca90 nmethod 9167 0x000001ff5da84590 code [0x000001ff5da84720, 0x000001ff5da84808]
Event: 76.105 Thread 0x000001ff6c4fa400 9168       1       sun.nio.fs.WindowsException::rethrowAsIOException (7 bytes)
Event: 76.105 Thread 0x000001ff70c20c60 9169       1       sun.nio.fs.WindowsException::rethrowAsIOException (39 bytes)
Event: 76.105 Thread 0x000001ff70c1d4b0 9170       1       sun.nio.fs.WindowsException::translateToIOException (109 bytes)
Event: 76.105 Thread 0x000001ff70c1ca90 9171       1       java.nio.file.FileSystemException::<init> (16 bytes)
Event: 76.105 Thread 0x000001ff6c4fa400 nmethod 9168 0x000001ff5da84890 code [0x000001ff5da84a20, 0x000001ff5da84b28]
Event: 76.105 Thread 0x000001ff70c20c60 nmethod 9169 0x000001ff5da84b90 code [0x000001ff5da84d40, 0x000001ff5da84e88]
Event: 76.105 Thread 0x000001ff70c1ca90 nmethod 9171 0x000001ff5da85010 code [0x000001ff5da851a0, 0x000001ff5da85368]
Event: 76.105 Thread 0x000001ff6c4fa400 9172       1       java.nio.file.NoSuchFileException::<init> (8 bytes)
Event: 76.105 Thread 0x000001ff70c1d4b0 nmethod 9170 0x000001ff5da85410 code [0x000001ff5da85640, 0x000001ff5da85ce8]
Event: 76.105 Thread 0x000001ff6c4fa400 nmethod 9172 0x000001ff5da85f90 code [0x000001ff5da86120, 0x000001ff5da862e8]

GC Heap History (20 events):
Event: 72.996 GC heap after
{Heap after GC invocations=35 (full 0):
 garbage-first heap   total 157696K, used 59949K [0x000000070a000000, 0x0000000800000000)
  region size 2048K, 3 young (6144K), 3 survivors (6144K)
 Metaspace       used 83838K, committed 84480K, reserved 1130496K
  class space    used 10583K, committed 10880K, reserved 1048576K
}
Event: 73.490 GC heap before
{Heap before GC invocations=35 (full 0):
 garbage-first heap   total 157696K, used 129581K [0x000000070a000000, 0x0000000800000000)
  region size 2048K, 37 young (75776K), 3 survivors (6144K)
 Metaspace       used 85203K, committed 85824K, reserved 1130496K
  class space    used 10774K, committed 11072K, reserved 1048576K
}
Event: 73.495 GC heap after
{Heap after GC invocations=36 (full 0):
 garbage-first heap   total 157696K, used 61705K [0x000000070a000000, 0x0000000800000000)
  region size 2048K, 3 young (6144K), 3 survivors (6144K)
 Metaspace       used 85203K, committed 85824K, reserved 1130496K
  class space    used 10774K, committed 11072K, reserved 1048576K
}
Event: 74.042 GC heap before
{Heap before GC invocations=36 (full 0):
 garbage-first heap   total 157696K, used 127241K [0x000000070a000000, 0x0000000800000000)
  region size 2048K, 36 young (73728K), 3 survivors (6144K)
 Metaspace       used 85937K, committed 86528K, reserved 1130496K
  class space    used 10854K, committed 11200K, reserved 1048576K
}
Event: 74.052 GC heap after
{Heap after GC invocations=37 (full 0):
 garbage-first heap   total 157696K, used 75818K [0x000000070a000000, 0x0000000800000000)
  region size 2048K, 5 young (10240K), 5 survivors (10240K)
 Metaspace       used 85937K, committed 86528K, reserved 1130496K
  class space    used 10854K, committed 11200K, reserved 1048576K
}
Event: 74.409 GC heap before
{Heap before GC invocations=37 (full 0):
 garbage-first heap   total 157696K, used 120874K [0x000000070a000000, 0x0000000800000000)
  region size 2048K, 27 young (55296K), 5 survivors (10240K)
 Metaspace       used 86010K, committed 86656K, reserved 1130496K
  class space    used 10865K, committed 11200K, reserved 1048576K
}
Event: 74.418 GC heap after
{Heap after GC invocations=38 (full 0):
 garbage-first heap   total 190464K, used 84793K [0x000000070a000000, 0x0000000800000000)
  region size 2048K, 4 young (8192K), 4 survivors (8192K)
 Metaspace       used 86010K, committed 86656K, reserved 1130496K
  class space    used 10865K, committed 11200K, reserved 1048576K
}
Event: 74.795 GC heap before
{Heap before GC invocations=38 (full 0):
 garbage-first heap   total 190464K, used 138041K [0x000000070a000000, 0x0000000800000000)
  region size 2048K, 31 young (63488K), 4 survivors (8192K)
 Metaspace       used 86010K, committed 86656K, reserved 1130496K
  class space    used 10865K, committed 11200K, reserved 1048576K
}
Event: 74.798 GC heap after
{Heap after GC invocations=39 (full 0):
 garbage-first heap   total 190464K, used 83810K [0x000000070a000000, 0x0000000800000000)
  region size 2048K, 2 young (4096K), 2 survivors (4096K)
 Metaspace       used 86010K, committed 86656K, reserved 1130496K
  class space    used 10865K, committed 11200K, reserved 1048576K
}
Event: 74.991 GC heap before
{Heap before GC invocations=39 (full 0):
 garbage-first heap   total 190464K, used 141154K [0x000000070a000000, 0x0000000800000000)
  region size 2048K, 31 young (63488K), 2 survivors (4096K)
 Metaspace       used 86010K, committed 86656K, reserved 1130496K
  class space    used 10865K, committed 11200K, reserved 1048576K
}
Event: 74.998 GC heap after
{Heap after GC invocations=40 (full 0):
 garbage-first heap   total 190464K, used 97134K [0x000000070a000000, 0x0000000800000000)
  region size 2048K, 4 young (8192K), 4 survivors (8192K)
 Metaspace       used 86010K, committed 86656K, reserved 1130496K
  class space    used 10865K, committed 11200K, reserved 1048576K
}
Event: 75.306 GC heap before
{Heap before GC invocations=40 (full 0):
 garbage-first heap   total 190464K, used 140142K [0x000000070a000000, 0x0000000800000000)
  region size 2048K, 26 young (53248K), 4 survivors (8192K)
 Metaspace       used 86019K, committed 86720K, reserved 1130496K
  class space    used 10867K, committed 11200K, reserved 1048576K
}
Event: 75.311 GC heap after
{Heap after GC invocations=41 (full 0):
 garbage-first heap   total 190464K, used 104651K [0x000000070a000000, 0x0000000800000000)
  region size 2048K, 4 young (8192K), 4 survivors (8192K)
 Metaspace       used 86019K, committed 86720K, reserved 1130496K
  class space    used 10867K, committed 11200K, reserved 1048576K
}
Event: 75.680 GC heap before
{Heap before GC invocations=42 (full 0):
 garbage-first heap   total 190464K, used 137419K [0x000000070a000000, 0x0000000800000000)
  region size 2048K, 23 young (47104K), 4 survivors (8192K)
 Metaspace       used 86019K, committed 86720K, reserved 1130496K
  class space    used 10867K, committed 11200K, reserved 1048576K
}
Event: 75.682 GC heap after
{Heap after GC invocations=43 (full 0):
 garbage-first heap   total 190464K, used 96602K [0x000000070a000000, 0x0000000800000000)
  region size 2048K, 2 young (4096K), 2 survivors (4096K)
 Metaspace       used 86019K, committed 86720K, reserved 1130496K
  class space    used 10867K, committed 11200K, reserved 1048576K
}
Event: 75.688 GC heap before
{Heap before GC invocations=43 (full 0):
 garbage-first heap   total 190464K, used 100698K [0x000000070a000000, 0x0000000800000000)
  region size 2048K, 4 young (8192K), 2 survivors (4096K)
 Metaspace       used 86019K, committed 86720K, reserved 1130496K
  class space    used 10867K, committed 11200K, reserved 1048576K
}
Event: 75.691 GC heap after
{Heap after GC invocations=44 (full 0):
 garbage-first heap   total 190464K, used 80752K [0x000000070a000000, 0x0000000800000000)
  region size 2048K, 1 young (2048K), 1 survivors (2048K)
 Metaspace       used 86019K, committed 86720K, reserved 1130496K
  class space    used 10867K, committed 11200K, reserved 1048576K
}
Event: 75.972 GC heap before
{Heap before GC invocations=44 (full 0):
 garbage-first heap   total 190464K, used 140144K [0x000000070a000000, 0x0000000800000000)
  region size 2048K, 31 young (63488K), 1 survivors (2048K)
 Metaspace       used 86076K, committed 86720K, reserved 1130496K
  class space    used 10876K, committed 11200K, reserved 1048576K
}
Event: 75.979 GC heap after
{Heap after GC invocations=45 (full 0):
 garbage-first heap   total 190464K, used 95086K [0x000000070a000000, 0x0000000800000000)
  region size 2048K, 4 young (8192K), 4 survivors (8192K)
 Metaspace       used 86076K, committed 86720K, reserved 1130496K
  class space    used 10876K, committed 11200K, reserved 1048576K
}
Event: 76.242 GC heap before
{Heap before GC invocations=45 (full 0):
 garbage-first heap   total 190464K, used 140141K [0x000000070a000000, 0x0000000800000000)
  region size 2048K, 27 young (55296K), 4 survivors (8192K)
 Metaspace       used 86076K, committed 86720K, reserved 1130496K
  class space    used 10876K, committed 11200K, reserved 1048576K
}

Deoptimization events (20 events):
Event: 76.107 Thread 0x000001ff734b32f0 DEOPT PACKING pc=0x000001ff5cf68c4c sp=0x0000003394afe630
Event: 76.107 Thread 0x000001ff734b32f0 DEOPT UNPACKING pc=0x000001ff5c822b43 sp=0x0000003394afdb50 mode 1
Event: 76.107 Thread 0x000001ff734b32f0 DEOPT PACKING pc=0x000001ff5d8e861c sp=0x0000003394afe720
Event: 76.107 Thread 0x000001ff734b32f0 DEOPT UNPACKING pc=0x000001ff5c822b43 sp=0x0000003394afdc18 mode 1
Event: 76.107 Thread 0x000001ff734b32f0 DEOPT PACKING pc=0x000001ff5d14e96c sp=0x0000003394afe560
Event: 76.107 Thread 0x000001ff734b32f0 DEOPT UNPACKING pc=0x000001ff5c822b43 sp=0x0000003394afda10 mode 1
Event: 76.107 Thread 0x000001ff734b32f0 DEOPT PACKING pc=0x000001ff5d14fa1c sp=0x0000003394afe5d0
Event: 76.107 Thread 0x000001ff734b32f0 DEOPT UNPACKING pc=0x000001ff5c822b43 sp=0x0000003394afdb80 mode 1
Event: 76.107 Thread 0x000001ff734b32f0 DEOPT PACKING pc=0x000001ff5da84de5 sp=0x0000003394afe5e0
Event: 76.107 Thread 0x000001ff734b32f0 DEOPT UNPACKING pc=0x000001ff5c822b43 sp=0x0000003394afda88 mode 1
Event: 76.107 Thread 0x000001ff734b32f0 DEOPT PACKING pc=0x000001ff5da84a74 sp=0x0000003394afe650
Event: 76.107 Thread 0x000001ff734b32f0 DEOPT UNPACKING pc=0x000001ff5c822b43 sp=0x0000003394afdb08 mode 1
Event: 76.107 Thread 0x000001ff734b32f0 DEOPT PACKING pc=0x000001ff5da84de5 sp=0x0000003394afe680
Event: 76.107 Thread 0x000001ff734b32f0 DEOPT UNPACKING pc=0x000001ff5c822b43 sp=0x0000003394afdb28 mode 1
Event: 76.107 Thread 0x000001ff734b32f0 DEOPT PACKING pc=0x000001ff5da84a74 sp=0x0000003394afe6f0
Event: 76.107 Thread 0x000001ff734b32f0 DEOPT UNPACKING pc=0x000001ff5c822b43 sp=0x0000003394afdba8 mode 1
Event: 76.107 Thread 0x000001ff734b32f0 DEOPT PACKING pc=0x000001ff5d8e718c sp=0x0000003394afe7d0
Event: 76.107 Thread 0x000001ff734b32f0 DEOPT UNPACKING pc=0x000001ff5c822b43 sp=0x0000003394afdd70 mode 1
Event: 76.107 Thread 0x000001ff734b32f0 DEOPT PACKING pc=0x000001ff5d8ece44 sp=0x0000003394afe960
Event: 76.107 Thread 0x000001ff734b32f0 DEOPT UNPACKING pc=0x000001ff5c822b43 sp=0x0000003394afddf8 mode 1

Classes unloaded (0 events):
No events

Classes redefined (0 events):
No events

Internal exceptions (20 events):
Event: 76.101 Thread 0x000001ff734b32f0 Exception <a 'sun/nio/fs/WindowsException'{0x00000007195b0fc8}> (0x00000007195b0fc8) 
thrown [t:\workspace\open\src\hotspot\share\prims\jni.cpp, line 516]
Event: 76.101 Thread 0x000001ff734b9800 Exception <a 'sun/nio/fs/WindowsException'{0x00000007195a0580}> (0x00000007195a0580) 
thrown [t:\workspace\open\src\hotspot\share\prims\jni.cpp, line 516]
Event: 76.102 Thread 0x000001ff734b32f0 Exception <a 'sun/nio/fs/WindowsException'{0x00000007195b1a80}> (0x00000007195b1a80) 
thrown [t:\workspace\open\src\hotspot\share\prims\jni.cpp, line 516]
Event: 76.102 Thread 0x000001ff734b9800 Exception <a 'sun/nio/fs/WindowsException'{0x00000007195a1078}> (0x00000007195a1078) 
thrown [t:\workspace\open\src\hotspot\share\prims\jni.cpp, line 516]
Event: 76.102 Thread 0x000001ff734b32f0 Exception <a 'sun/nio/fs/WindowsException'{0x00000007195b1f08}> (0x00000007195b1f08) 
thrown [t:\workspace\open\src\hotspot\share\prims\jni.cpp, line 516]
Event: 76.102 Thread 0x000001ff734b9800 Exception <a 'sun/nio/fs/WindowsException'{0x00000007195a1548}> (0x00000007195a1548) 
thrown [t:\workspace\open\src\hotspot\share\prims\jni.cpp, line 516]
Event: 76.103 Thread 0x000001ff734b32f0 Exception <a 'sun/nio/fs/WindowsException'{0x00000007195b29d0}> (0x00000007195b29d0) 
thrown [t:\workspace\open\src\hotspot\share\prims\jni.cpp, line 516]
Event: 76.103 Thread 0x000001ff734b9800 Exception <a 'sun/nio/fs/WindowsException'{0x00000007195a2060}> (0x00000007195a2060) 
thrown [t:\workspace\open\src\hotspot\share\prims\jni.cpp, line 516]
Event: 76.104 Thread 0x000001ff734b9800 Exception <a 'sun/nio/fs/WindowsException'{0x00000007195a2560}> (0x00000007195a2560) 
thrown [t:\workspace\open\src\hotspot\share\prims\jni.cpp, line 516]
Event: 76.104 Thread 0x000001ff734b32f0 Exception <a 'sun/nio/fs/WindowsException'{0x00000007195b2e70}> (0x00000007195b2e70) 
thrown [t:\workspace\open\src\hotspot\share\prims\jni.cpp, line 516]
Event: 76.104 Thread 0x000001ff734b9800 Exception <a 'sun/nio/fs/WindowsException'{0x00000007195a3098}> (0x00000007195a3098) 
thrown [t:\workspace\open\src\hotspot\share\prims\jni.cpp, line 516]
Event: 76.104 Thread 0x000001ff734b32f0 Exception <a 'sun/nio/fs/WindowsException'{0x00000007195b3960}> (0x00000007195b3960) 
thrown [t:\workspace\open\src\hotspot\share\prims\jni.cpp, line 516]
Event: 76.105 Thread 0x000001ff734b9800 Exception <a 'sun/nio/fs/WindowsException'{0x00000007195a35d0}> (0x00000007195a35d0) 
thrown [t:\workspace\open\src\hotspot\share\prims\jni.cpp, line 516]
Event: 76.105 Thread 0x000001ff734b32f0 Exception <a 'sun/nio/fs/WindowsException'{0x00000007195b3e48}> (0x00000007195b3e48) 
thrown [t:\workspace\open\src\hotspot\share\prims\jni.cpp, line 516]
Event: 76.105 Thread 0x000001ff734b9800 Exception <a 'sun/nio/fs/WindowsException'{0x00000007195a4100}> (0x00000007195a4100) 
thrown [t:\workspace\open\src\hotspot\share\prims\jni.cpp, line 516]
Event: 76.106 Thread 0x000001ff734b9800 Exception <a 'sun/nio/fs/WindowsException'{0x00000007195a4630}> (0x00000007195a4630) 
thrown [t:\workspace\open\src\hotspot\share\prims\jni.cpp, line 516]
Event: 76.106 Thread 0x000001ff734b32f0 Exception <a 'sun/nio/fs/WindowsException'{0x00000007195b4950}> (0x00000007195b4950) 
thrown [t:\workspace\open\src\hotspot\share\prims\jni.cpp, line 516]
Event: 76.106 Thread 0x000001ff734b32f0 Exception <a 'sun/nio/fs/WindowsException'{0x00000007195b4e68}> (0x00000007195b4e68) 
thrown [t:\workspace\open\src\hotspot\share\prims\jni.cpp, line 516]
Event: 76.107 Thread 0x000001ff734b32f0 Exception <a 'sun/nio/fs/WindowsException'{0x00000007195b5968}> (0x00000007195b5968) 
thrown [t:\workspace\open\src\hotspot\share\prims\jni.cpp, line 516]
Event: 76.107 Thread 0x000001ff734b32f0 Exception <a 'sun/nio/fs/WindowsException'{0x00000007195b5e68}> (0x00000007195b5e68) 
thrown [t:\workspace\open\src\hotspot\share\prims\jni.cpp, line 516]

VM Operations (20 events):
Event: 76.234 Executing VM operation: ICBufferFull done
Event: 76.234 Executing VM operation: ICBufferFull
Event: 76.234 Executing VM operation: ICBufferFull done
Event: 76.236 Executing VM operation: ICBufferFull
Event: 76.237 Executing VM operation: ICBufferFull done
Event: 76.237 Executing VM operation: ICBufferFull
Event: 76.237 Executing VM operation: ICBufferFull done
Event: 76.239 Executing VM operation: ICBufferFull
Event: 76.239 Executing VM operation: ICBufferFull done
Event: 76.240 Executing VM operation: ICBufferFull
Event: 76.240 Executing VM operation: ICBufferFull done
Event: 76.241 Executing VM operation: ICBufferFull
Event: 76.241 Executing VM operation: ICBufferFull done
Event: 76.241 Executing VM operation: ICBufferFull
Event: 76.241 Executing VM operation: ICBufferFull done
Event: 76.241 Executing VM operation: ICBufferFull
Event: 76.241 Executing VM operation: ICBufferFull done
Event: 76.242 Executing VM operation: ICBufferFull
Event: 76.242 Executing VM operation: ICBufferFull done
Event: 76.242 Executing VM operation: G1CollectForAllocation

Events (20 events):
Event: 76.026 Thread 0x000001ff734b7b20 Thread exited: 0x000001ff734b7b20
Event: 76.088 Thread 0x000001ff734b2e20 Thread added: 0x000001ff734b2e20
Event: 76.088 Thread 0x000001ff734b9800 Thread added: 0x000001ff734b9800
Event: 76.089 Thread 0x000001ff734b37c0 Thread added: 0x000001ff734b37c0
Event: 76.089 Thread 0x000001ff734b32f0 Thread added: 0x000001ff734b32f0
Event: 76.089 Thread 0x000001ff734b4fd0 Thread added: 0x000001ff734b4fd0
Event: 76.089 Thread 0x000001ff734b67e0 Thread added: 0x000001ff734b67e0
Event: 76.089 Thread 0x000001ff734b1fb0 Thread added: 0x000001ff734b1fb0
Event: 76.089 Thread 0x000001ff734b4b00 Thread added: 0x000001ff734b4b00
Event: 76.089 Thread 0x000001ff734b2480 Thread added: 0x000001ff734b2480
Event: 76.089 Thread 0x000001ff734b2950 Thread added: 0x000001ff734b2950
Event: 76.089 Thread 0x000001ff734b84c0 Thread added: 0x000001ff734b84c0
Event: 76.089 Thread 0x000001ff734b8990 Thread added: 0x000001ff734b8990
Event: 76.089 Thread 0x000001ff734b54a0 Thread added: 0x000001ff734b54a0
Event: 76.090 Thread 0x000001ff734b6cb0 Thread added: 0x000001ff734b6cb0
Event: 76.090 Thread 0x000001ff734b4630 Thread added: 0x000001ff734b4630
Event: 76.090 Thread 0x000001ff734b7b20 Thread added: 0x000001ff734b7b20
Event: 76.090 Thread 0x000001ff734b8e60 Thread added: 0x000001ff734b8e60
Event: 76.091 Thread 0x000001ff734b5970 Thread added: 0x000001ff734b5970
Event: 76.091 Thread 0x000001ff734b7ff0 Thread added: 0x000001ff734b7ff0


Dynamic libraries:
0x00007ff708cd0000 - 0x00007ff708ce0000 	D:\LenovoSoftstore\Java\jdk-17.0.1\bin\java.exe
0x00007ffb10830000 - 0x00007ffb10a28000 	C:\WINDOWS\SYSTEM32\ntdll.dll
0x00007ffb0f6d0000 - 0x00007ffb0f78d000 	C:\WINDOWS\System32\KERNEL32.DLL
0x00007ffb0e2c0000 - 0x00007ffb0e5b6000 	C:\WINDOWS\System32\KERNELBASE.dll
0x00007ffb0e660000 - 0x00007ffb0e760000 	C:\WINDOWS\System32\ucrtbase.dll
0x00007ffafffe0000 - 0x00007ffaffff8000 	D:\LenovoSoftstore\Java\jdk-17.0.1\bin\jli.dll
0x00007ffaffd90000 - 0x00007ffaffdaa000 	D:\LenovoSoftstore\Java\jdk-17.0.1\bin\VCRUNTIME140.dll
0x00007ffb0f3e0000 - 0x00007ffb0f493000 	C:\WINDOWS\System32\ADVAPI32.dll
0x00007ffb0f540000 - 0x00007ffb0f5de000 	C:\WINDOWS\System32\msvcrt.dll
0x00007ffb0f4a0000 - 0x00007ffb0f53f000 	C:\WINDOWS\System32\sechost.dll
0x00007ffb0f180000 - 0x00007ffb0f2a6000 	C:\WINDOWS\System32\RPCRT4.dll
0x00007ffb0e840000 - 0x00007ffb0e867000 	C:\WINDOWS\System32\bcrypt.dll
0x00007ffb103f0000 - 0x00007ffb1058e000 	C:\WINDOWS\System32\USER32.dll
0x00007ffb0e760000 - 0x00007ffb0e782000 	C:\WINDOWS\System32\win32u.dll
0x00007ffb106f0000 - 0x00007ffb1071b000 	C:\WINDOWS\System32\GDI32.dll
0x00007ffb0def0000 - 0x00007ffb0e007000 	C:\WINDOWS\System32\gdi32full.dll
0x00007ffafd110000 - 0x00007ffafd3aa000 	C:\WINDOWS\WinSxS\amd64_microsoft.windows.common-controls_6595b64144ccf1df_6.0.19041.3636_none_60b6a03d71f818d5\COMCTL32.dll
0x00007ffb0e5c0000 - 0x00007ffb0e65d000 	C:\WINDOWS\System32\msvcp_win.dll
0x00007ffb05800000 - 0x00007ffb0580a000 	C:\WINDOWS\SYSTEM32\VERSION.dll
0x00007ffb0f870000 - 0x00007ffb0f8a2000 	C:\WINDOWS\System32\IMM32.DLL
0x00007ffaffdf0000 - 0x00007ffaffdfc000 	D:\LenovoSoftstore\Java\jdk-17.0.1\bin\vcruntime140_1.dll
0x00007ffaf20f0000 - 0x00007ffaf217d000 	D:\LenovoSoftstore\Java\jdk-17.0.1\bin\msvcp140.dll
0x00007ffa86470000 - 0x00007ffa8702e000 	D:\LenovoSoftstore\Java\jdk-17.0.1\bin\server\jvm.dll
0x00007ffb103e0000 - 0x00007ffb103e8000 	C:\WINDOWS\System32\PSAPI.DLL
0x00007ffae6c60000 - 0x00007ffae6c69000 	C:\WINDOWS\SYSTEM32\WSOCK32.dll
0x00007ffb03ef0000 - 0x00007ffb03f17000 	C:\WINDOWS\SYSTEM32\WINMM.dll
0x00007ffb0f930000 - 0x00007ffb0f99b000 	C:\WINDOWS\System32\WS2_32.dll
0x00007ffb0c730000 - 0x00007ffb0c742000 	C:\WINDOWS\SYSTEM32\kernel.appcore.dll
0x00007ffaf2080000 - 0x00007ffaf208a000 	D:\LenovoSoftstore\Java\jdk-17.0.1\bin\jimage.dll
0x00007ffb0bae0000 - 0x00007ffb0bcc4000 	C:\WINDOWS\SYSTEM32\DBGHELP.DLL
0x00007ffafbde0000 - 0x00007ffafbe14000 	C:\WINDOWS\SYSTEM32\dbgcore.DLL
0x00007ffb0e060000 - 0x00007ffb0e0e2000 	C:\WINDOWS\System32\bcryptPrimitives.dll
0x00007ffb08050000 - 0x00007ffb0808b000 	D:\LenovoSoftstore\Java\jdk-17.0.1\bin\jdwp.dll
0x00007ffb09620000 - 0x00007ffb0962e000 	D:\LenovoSoftstore\Java\jdk-17.0.1\bin\instrument.dll
0x00007ffae63f0000 - 0x00007ffae6415000 	D:\LenovoSoftstore\Java\jdk-17.0.1\bin\java.dll
0x00007ffae5bc0000 - 0x00007ffae5bd8000 	D:\LenovoSoftstore\Java\jdk-17.0.1\bin\zip.dll
0x00007ffaa0ca0000 - 0x00007ffaa0d76000 	D:\LenovoSoftstore\Java\jdk-17.0.1\bin\svml.dll
0x00007ffb0fbb0000 - 0x00007ffb102f5000 	C:\WINDOWS\System32\SHELL32.dll
0x00007ffb0bcd0000 - 0x00007ffb0c46c000 	C:\WINDOWS\SYSTEM32\windows.storage.dll
0x00007ffb0ee20000 - 0x00007ffb0f174000 	C:\WINDOWS\System32\combase.dll
0x00007ffb0d8a0000 - 0x00007ffb0d8ce000 	C:\WINDOWS\SYSTEM32\Wldp.dll
0x00007ffb0f7a0000 - 0x00007ffb0f86d000 	C:\WINDOWS\System32\OLEAUT32.dll
0x00007ffb10640000 - 0x00007ffb106ed000 	C:\WINDOWS\System32\SHCORE.dll
0x00007ffb10730000 - 0x00007ffb10785000 	C:\WINDOWS\System32\shlwapi.dll
0x00007ffb0de20000 - 0x00007ffb0de45000 	C:\WINDOWS\SYSTEM32\profapi.dll
0x00007ffb0af10000 - 0x00007ffb0af1c000 	D:\LenovoSoftstore\Java\jdk-17.0.1\bin\dt_socket.dll
0x00007ffb0d2a0000 - 0x00007ffb0d2db000 	C:\WINDOWS\SYSTEM32\IPHLPAPI.DLL
0x00007ffb0d5b0000 - 0x00007ffb0d61a000 	C:\WINDOWS\system32\mswsock.dll
0x00007ffaf20b0000 - 0x00007ffaf20c9000 	D:\LenovoSoftstore\Java\jdk-17.0.1\bin\net.dll
0x00007ffb08af0000 - 0x00007ffb08bfa000 	C:\WINDOWS\SYSTEM32\WINHTTP.dll
0x00007ffae63d0000 - 0x00007ffae63e5000 	D:\LenovoSoftstore\Java\jdk-17.0.1\bin\nio.dll
0x00007ffafc650000 - 0x00007ffafc69b000 	C:\Program Files (x86)\Sangfor\SSL\ClientComponent\SangforNspX64.dll
0x00007ffb0f2b0000 - 0x00007ffb0f3db000 	C:\WINDOWS\System32\ole32.dll
0x00007ffb0d2e0000 - 0x00007ffb0d3ab000 	C:\WINDOWS\SYSTEM32\DNSAPI.dll
0x00007ffb10720000 - 0x00007ffb10728000 	C:\WINDOWS\System32\NSI.dll
0x00007ffb06390000 - 0x00007ffb0639a000 	C:\Windows\System32\rasadhlp.dll
0x00007ffb021a0000 - 0x00007ffb02220000 	C:\WINDOWS\System32\fwpuclnt.dll
0x00007ffb09430000 - 0x00007ffb09439000 	D:\LenovoSoftstore\Java\jdk-17.0.1\bin\management.dll
0x00007ffb09410000 - 0x00007ffb0941b000 	D:\LenovoSoftstore\Java\jdk-17.0.1\bin\management_ext.dll
0x00007ffb0d7a0000 - 0x00007ffb0d7b8000 	C:\WINDOWS\SYSTEM32\CRYPTSP.dll
0x00007ffb0cee0000 - 0x00007ffb0cf14000 	C:\WINDOWS\system32\rsaenh.dll
0x00007ffb0dda0000 - 0x00007ffb0ddce000 	C:\WINDOWS\SYSTEM32\USERENV.dll
0x00007ffb0d940000 - 0x00007ffb0d94c000 	C:\WINDOWS\SYSTEM32\CRYPTBASE.dll
0x00007ffb06620000 - 0x00007ffb06637000 	C:\WINDOWS\SYSTEM32\dhcpcsvc6.DLL
0x00007ffb06400000 - 0x00007ffb0641d000 	C:\WINDOWS\SYSTEM32\dhcpcsvc.DLL
0x00007ffafe880000 - 0x00007ffafe897000 	C:\WINDOWS\system32\napinsp.dll
0x00007ffaf4730000 - 0x00007ffaf474b000 	C:\WINDOWS\system32\pnrpnsp.dll
0x00007ffaf7ef0000 - 0x00007ffaf7f05000 	C:\WINDOWS\system32\wshbth.dll
0x00007ffb092c0000 - 0x00007ffb092dd000 	C:\WINDOWS\system32\NLAapi.dll
0x00007ffaf39b0000 - 0x00007ffaf39c2000 	C:\WINDOWS\System32\winrnr.dll
0x0000000180000000 - 0x000000018034a000 	D:\LenovoSoftstore\Java\jdk-17.0.1\bin\tcnative-1.dll
0x00007ffb0e160000 - 0x00007ffb0e2bd000 	C:\WINDOWS\System32\CRYPT32.dll
0x00007ffb092f0000 - 0x00007ffb092fe000 	D:\LenovoSoftstore\Java\jdk-17.0.1\bin\sunmscapi.dll
0x00007ffb0d910000 - 0x00007ffb0d938000 	C:\WINDOWS\SYSTEM32\ncrypt.dll
0x00007ffb0d8d0000 - 0x00007ffb0d90b000 	C:\WINDOWS\SYSTEM32\NTASN1.dll
0x00007ffabfc60000 - 0x00007ffabfc67000 	C:\WINDOWS\system32\wshunix.dll

dbghelp: loaded successfully - version: 4.0.5 - missing functions: none
symbol engine: initialized successfully - sym options: 0x614 - pdb path: .;D:\LenovoSoftstore\Java\jdk-17.0.1\bin;C:\WINDOWS\SYSTEM32;C:\WINDOWS\WinSxS\amd64_microsoft.windows.common-controls_6595b64144ccf1df_6.0.19041.3636_none_60b6a03d71f818d5;D:\LenovoSoftstore\Java\jdk-17.0.1\bin\server;C:\Program Files (x86)\Sangfor\SSL\ClientComponent

VM Arguments:
jvm_args: -agentlib:jdwp=transport=dt_socket,address=127.0.0.1:59313,suspend=y,server=n -Dvisualvm.id=83575389934100 -XX:TieredStopAtLevel=1 -Dspring.output.ansi.enabled=always -Dcom.sun.management.jmxremote -Dspring.jmx.enabled=true -Dspring.liveBeansView.mbeanDomain -Dspring.application.admin.enabled=true -javaagent:C:\Users\BaiYiChen\AppData\Local\JetBrains\IntelliJIdea2022.2\captureAgent\debugger-agent.jar=file:/C:/Users/BaiYiChen/AppData/Local/Temp/capture.props -Dfile.encoding=UTF-8 
java_command: site.cilicili.App
java_class_path (initial): D:\Documents\JavaCode\Code\cilicili()\build\classes\java\main;D:\Documents\JavaCode\Code\cilicili()\build\resources\main;D:\LenovoSoftstore\gradle-8.4\caches\modules-2\files-2.1\io.jsonwebtoken\jjwt-api\0.11.4\534f9ece7be58858e0bf1275dd5326d9e702568a\jjwt-api-0.11.4.jar;D:\LenovoSoftstore\gradle-8.4\caches\modules-2\files-2.1\org.springframework.boot\spring-boot-starter-amqp\3.1.6\1ef77f1b93e1552cdec60b1059e631dfaecad708\spring-boot-starter-amqp-3.1.6.jar;D:\LenovoSoftstore\gradle-8.4\caches\modules-2\files-2.1\org.springframework.boot\spring-boot-starter-data-mongodb\3.1.6\13d3b13f5079fc9028b83a8e3c486d095efdf5ed\spring-boot-starter-data-mongodb-3.1.6.jar;D:\LenovoSoftstore\gradle-8.4\caches\modules-2\files-2.1\org.redisson\redisson-spring-boot-starter\3.25.2\13631ae691cae04c9177f9024d7a65c49ccf451d\redisson-spring-boot-starter-3.25.2.jar;D:\LenovoSoftstore\gradle-8.4\caches\modules-2\files-2.1\org.springframework.boot\spring-boot-starter-data-redis\3.1.6\30f02d82d1ee8110004b2f7eb641aab0d8756675\spring-boot-starter-data-redis-3.1.6.jar;D:\LenovoSoftstore\gradle-8.4\caches\modules-2\files-2.1\org.springframework.boot\spring-boot-starter-cache\3.1.6\4ad7bd6cce8b3bdde458606f2c0b4029e22447c1\spring-boot-starter-cache-3.1.6.jar;D:\LenovoSoftstore\gradle-8.4\caches\modules-2\files-2.1\org.apache.commons\commons-pool2\2.12.0\458563f69fbdaebf7daadfe10dc3a22e42a7de50\commons-pool2-2.12.0.jar;D:\LenovoSoftstore\gradle-8.4\caches\modules-2\files-2.1\org.springframework.boot\spring-boot-starter-security\3.1.6\dcb2408b16d7a4a66ef625ba2a23461edda2c2ed\spring-boot-starter-security-3.1.6.jar;D:\LenovoSoftstore\gradle-8.4\caches\modules-2\files-2.1\org.springframework.boot\spring-boot-starter-websocket\3.1.6\822e719ce84ade24266a9606733c99b38214ccc3\spring-boot-starter-websocket-3.1.6.jar;D:\LenovoSoftstore\gradle-8.4\caches\modules-2\files-2.1\cn.licoy\encrypt-body-spring-boot-starter\1.2.3\37c7e03a0e2e3b0f9b9c1d48c8959c194a8afe04\encryp
Launcher Type: SUN_STANDARD

[Global flags]
     intx CICompilerCount                          = 4                                         {product} {ergonomic}
     uint ConcGCThreads                            = 3                                         {product} {ergonomic}
     uint G1ConcRefinementThreads                  = 10                                        {product} {ergonomic}
   size_t G1HeapRegionSize                         = 2097152                                   {product} {ergonomic}
    uintx GCDrainStackTargetSize                   = 64                                        {product} {ergonomic}
   size_t InitialHeapSize                          = 257949696                                 {product} {ergonomic}
     bool ManagementServer                         = true                                      {product} {command line}
   size_t MarkStackSize                            = 4194304                                   {product} {ergonomic}
   size_t MaxHeapSize                              = 4127195136                                {product} {ergonomic}
   size_t MaxNewSize                               = 2474639360                                {product} {ergonomic}
   size_t MinHeapDeltaBytes                        = 2097152                                   {product} {ergonomic}
   size_t MinHeapSize                              = 8388608                                   {product} {ergonomic}
    uintx NonProfiledCodeHeapSize                  = 0                                      {pd product} {ergonomic}
     bool ProfileInterpreter                       = false                                  {pd product} {command line}
    uintx ProfiledCodeHeapSize                     = 0                                      {pd product} {ergonomic}
   size_t SoftMaxHeapSize                          = 4127195136                             {manageable} {ergonomic}
     intx TieredStopAtLevel                        = 1                                         {product} {command line}
     bool UseCompressedClassPointers               = true                           {product lp64_product} {ergonomic}
     bool UseCompressedOops                        = true                           {product lp64_product} {ergonomic}
     bool UseG1GC                                  = true                                      {product} {ergonomic}
     bool UseLargePagesIndividualAllocation        = false                                  {pd product} {ergonomic}

Logging:
Log output configuration:
 #0: stdout all=warning uptime,level,tags
 #1: stderr all=off uptime,level,tags

Environment Variables:
JAVA_HOME=D:\LenovoSoftstore\Java\jdk-17.0.1
CLASSPATH=.;D:\LenovoSoftstore\Java\jdk-17.0.1\lib;D:\LenovoSoftstore\Java\jdk-17.0.1\lib\dt.jar;D:\LenovoSoftstore\Java\jdk-17.0.1\lib\tools.jar;
PATH=D:\LenovoSoftstore\python3.11\Scripts\;D:\LenovoSoftstore\python3.11\;D:\LenovoSoftstore\Git\bin;D:\LenovoSoftstore\apache-tomcat-9.0.58\bin;D:\LenovoSoftstore\apache-tomcat-9.0.58\lib;D:\LenovoSoftstore\VMware\VMware Workstation\bin\;C:\Program Files\Common Files\Oracle\Java\javapath;C:\ProgramData\Oracle\Java\javapath;D:\LenovoSoftstore\bin;C:\Program Files\dotnet\;C:\WINDOWS\system32;C:\WINDOWS;C:\WINDOWS\System32\Wbem;C:\WINDOWS\System32\WindowsPowerShell\v1.0\;C:\WINDOWS\System32\OpenSSH\;C:\Program Files (x86)\dotnet\;D:\LenovoSoftstore\Graphviz\bin;C:\Program Files\Microsoft SQL Server\130\Tools\Binn\;D:\LenovoSoftstore\MySQL\MySQL Server 8.0\bin;D:\LenovoSoftstore\Xftp 7\;D:\LenovoSoftstore\Xshell 7\;D:\LenovoSoftstore\Redis-x64-3.2.100;C:\Program Files (x86)\Graphviz\bin;D:\LenovoSoftstore\apache-zookeeper-3.7.1\bin;C:\ProgramData\chocolatey\bin;D:\LenovoSoftstore\apache-maven-3.8.6\bin;D:\LenovoSoftstore\gradle-8.4;D:\LenovoSoftstore\apache-jmeter-5.5\bin;D:\LenovoSoftstore\Git\cmd;D:\LenovoSoftstore\gradle-8.4\bin;D:\LenovoSoftstore\nvm\npm;D:\LenovoSoftstore\nodejs;D:\LenovoSoftstore\nvm;D:\LenovoSoftstore\nodejs;C:\Users\BaiYiChen\AppData\Local\activestate\cache\bin;C:\Users\BaiYiChen\AppData\Local\ActiveState\StateTool\release\bin;D:\LenovoSoftstore\Java\jdk-17.0.1\bin;D:\LenovoSoftstore\gradle-8.4\bin;C:\Program Files\Azure Data Studio\bin;C:\Users\BaiYiChen\AppData\Local\Microsoft\WindowsApps;C:\Users\BaiYiChen\.dotnet\tools;D:\LenovoSoftstore\IntelliJ IDEA 2021.3.3\bin;D:\LenovoSoftstore\IntelliJ IDEA Community Edition 2021.1.2\bin;;D:\LenovoSoftstore\MySQL\MySQL Server 8.0\bin;D:\LenovoSoftstore\WebStorm 2021.3.3\bin;D:\LenovoSoftstore\PyCharm 2022.1\bin;D:\LenovoSoftstore\MASM611\BIN;D:\LenovoSoftstore\nginx-1.23.2\bin;D:\LenovoSoftstore\gradle-8.4;D:\LenovoSoftstore\AndroidSdk\SDK\platform-tools;D:\LenovoSoftstore\go1.20.windows-amd64\\bin;D:\LenovoSoftstore\python3.11.0;D:\LenovoSoftstore\CLion2023.1.4\bin;D:\LenovoSoftstore\CLion2023.1.4\bin\
USERNAME=BaiYiChen
OS=Windows_NT
PROCESSOR_IDENTIFIER=AMD64 Family 23 Model 96 Stepping 1, AuthenticAMD



---------------  S Y S T E M  ---------------

OS:
 Windows 10 , 64 bit Build 19041 (10.0.19041.3636)
OS uptime: 0 days 23:14 hours

CPU: total 12 (initial active 12) (12 cores per cpu, 2 threads per core) family 23 model 96 stepping 1 microcode 0x0, cx8, cmov, fxsr, ht, mmx, 3dnowpref, sse, sse2, sse3, ssse3, sse4a, sse4.1, sse4.2, popcnt, lzcnt, tsc, tscinvbit, avx, avx2, aes, clmul, bmi1, bmi2, adx, sha, fma, vzeroupper, clflush, clflushopt

Memory: 4k page, system-wide physical 15741M (4905M free)
TotalPageFile size 24124M (AvailPageFile size 74M)
current process WorkingSet (physical memory assigned to process): 455M, peak: 455M
current process commit charge ("private bytes"): 566M, peak: 686M

vm_info: Java HotSpot(TM) 64-Bit Server VM (17.0.1+12-LTS-39) for windows-amd64 JRE (17.0.1+12-LTS-39), built on Sep 27 2021 18:41:35 by "mach5one" with MS VC++ 16.8 (VS2019)

END.
