#
# There is insufficient memory for the Java Runtime Environment to continue.
# Native memory allocation (mmap) failed to map 517996544 bytes for G1 virtual space
# Possible reasons:
#   The system is out of physical RAM or swap space
#   The process is running with CompressedOops enabled, and the Java Heap may be blocking the growth of the native heap
# Possible solutions:
#   Reduce memory load on the system
#   Increase physical memory or swap space
#   Check if swap backing store is full
#   Decrease Java heap size (-Xmx/-Xms)
#   Decrease number of Java threads
#   Decrease Java thread stack sizes (-Xss)
#   Set larger code cache with -XX:ReservedCodeCacheSize=
#   JVM is running with Zero Based Compressed Oops mode in which the Java heap is
#     placed in the first 32GB address space. The Java Heap base address is the
#     maximum limit for the native heap growth. Please use -XX:HeapBaseMinAddress
#     to set the Java Heap base and to place the Java Heap above 32GB virtual address.
# This output file may be truncated or incomplete.
#
#  Out of Memory Error (os_windows.cpp:3469), pid=10224, tid=16452
#
# JRE version: Java(TM) SE Runtime Environment (17.0.1+12) (build 17.0.1+12-LTS-39)
# Java VM: Java HotSpot(TM) 64-Bit Server VM (17.0.1+12-LTS-39, mixed mode, emulated-client, tiered, compressed oops, compressed class ptrs, g1 gc, windows-amd64)
# No core dump will be written. Minidumps are not enabled by default on client versions of Windows
#

---------------  S U M M A R Y ------------

Command Line: -agentlib:jdwp=transport=dt_socket,address=127.0.0.1:40914,suspend=y,server=n -Dvisualvm.id=12181941208400 -XX:TieredStopAtLevel=1 -Dspring.output.ansi.enabled=always -Dcom.sun.management.jmxremote -Dspring.jmx.enabled=true -Dspring.liveBeansView.mbeanDomain -Dspring.application.admin.enabled=true -javaagent:C:\Users\BaiYiChen\AppData\Local\JetBrains\IntelliJIdea2022.2\captureAgent\debugger-agent.jar=file:/C:/Users/BaiYiChen/AppData/Local/Temp/capture11.props -Dfile.encoding=UTF-8 site.cilicili.App

Host: AMD Ryzen 5 4600U with Radeon Graphics         , 12 cores, 15G,  Windows 10 , 64 bit Build 19041 (10.0.19041.3636)
Time: Thu May 16 23:06:47 2024  Windows 10 , 64 bit Build 19041 (10.0.19041.3636) elapsed time: 18.538469 seconds (0d 0h 0m 18s)

---------------  T H R E A D  ---------------

Current thread (0x00000148cefb4400):  VMThread "VM Thread" [stack: 0x000000417bc00000,0x000000417bd00000] [id=16452]

Stack: [0x000000417bc00000,0x000000417bd00000]
Native frames: (J=compiled Java code, j=interpreted, Vv=VM code, C=native code)
V  [jvm.dll+0x66fa1a]
V  [jvm.dll+0x7ce5a4]
V  [jvm.dll+0x7cfd4e]
V  [jvm.dll+0x7d03b3]
V  [jvm.dll+0x242b05]
V  [jvm.dll+0x66ca39]
V  [jvm.dll+0x661502]
V  [jvm.dll+0x30081b]
V  [jvm.dll+0x307da6]
V  [jvm.dll+0x357a1e]
V  [jvm.dll+0x357c4f]
V  [jvm.dll+0x2d7ad8]
V  [jvm.dll+0x2d5da4]
V  [jvm.dll+0x2d53ac]
V  [jvm.dll+0x318d0b]
V  [jvm.dll+0x7d484b]
V  [jvm.dll+0x7d5584]
V  [jvm.dll+0x7d5a9c]
V  [jvm.dll+0x7d5e74]
V  [jvm.dll+0x7d5f40]
V  [jvm.dll+0x77e91a]
V  [jvm.dll+0x66e845]
C  [ucrtbase.dll+0x21bb2]
C  [KERNEL32.DLL+0x17344]
C  [ntdll.dll+0x526b1]

VM_Operation (0x00000041022fe050): G1CollectForAllocation, mode: safepoint, requested by thread 0x00000148d69973e0


---------------  P R O C E S S  ---------------

Threads class SMR info:
_java_thread_list=0x00000148d6a02e30, length=91, elements={
0x00000148b8584cd0, 0x00000148cf872260, 0x00000148cf8738f0, 0x00000148cf8e2560,
0x00000148cf8ae020, 0x00000148cf8afff0, 0x00000148cf884e20, 0x00000148cf885d00,
0x00000148cf889440, 0x00000148cfae1bd0, 0x00000148cfafa220, 0x00000148cfafa970,
0x00000148cfaeb070, 0x00000148cfb3e3d0, 0x00000148cfb5fd40, 0x00000148cfb60230,
0x00000148cfae0890, 0x00000148cfadfa20, 0x00000148cfae1700, 0x00000148cfae0d60,
0x00000148cfae03c0, 0x00000148cfae2a40, 0x00000148d5ea54e0, 0x00000148d5ea6350,
0x00000148d5ea3330, 0x00000148d5ea6820, 0x00000148d5ea2e60, 0x00000148d5ea3cd0,
0x00000148d5ea4b40, 0x00000148d5ea2990, 0x00000148d5ea9840, 0x00000148d5ea7b60,
0x00000148d5ea8030, 0x00000148d5ea6cf0, 0x00000148d5ea5010, 0x00000148d5ea8ea0,
0x00000148d5ea59b0, 0x00000148d5ea9d10, 0x00000148d5ea5e80, 0x00000148d5eaa1e0,
0x00000148d5ea4670, 0x00000148d5ea71c0, 0x00000148d5ea7690, 0x00000148d5ea8500,
0x00000148d5ea89d0, 0x00000148d5ea9370, 0x00000148d64b30e0, 0x00000148d64b48f0,
0x00000148d64b2270, 0x00000148d64b4420, 0x00000148d64b2740, 0x00000148d64b5290,
0x00000148d64b5760, 0x00000148d64b4dc0, 0x00000148d64b82b0, 0x00000148d64b6100,
0x00000148d64b7440, 0x00000148d64b35b0, 0x00000148d64b7910, 0x00000148d64b9120,
0x00000148d64b5c30, 0x00000148d64b6f70, 0x00000148d64b8c50, 0x00000148d64b65d0,
0x00000148d64b18d0, 0x00000148d64b2c10, 0x00000148d64b3a80, 0x00000148d64b1da0,
0x00000148d64b6aa0, 0x00000148d64b7de0, 0x00000148d64b8780, 0x00000148d64b3f50,
0x00000148d6996a40, 0x00000148d6998720, 0x00000148d6999f30, 0x00000148d6998bf0,
0x00000148d6996570, 0x00000148d6993ef0, 0x00000148d6995230, 0x00000148d6995700,
0x00000148d6995bd0, 0x00000148d69960a0, 0x00000148d6996f10, 0x00000148d6998250,
0x00000148d69973e0, 0x00000148d6999a60, 0x00000148d69943c0, 0x00000148d69990c0,
0x00000148d6994890, 0x00000148d6999590, 0x00000148d69978b0
}

Java Threads: ( => current thread )
  0x00000148b8584cd0 JavaThread "main" [_thread_blocked, id=17384, stack(0x000000417b600000,0x000000417b700000)]
  0x00000148cf872260 JavaThread "Reference Handler" daemon [_thread_blocked, id=13180, stack(0x000000417bd00000,0x000000417be00000)]
  0x00000148cf8738f0 JavaThread "Finalizer" daemon [_thread_blocked, id=21424, stack(0x000000417be00000,0x000000417bf00000)]
  0x00000148cf8e2560 JavaThread "Signal Dispatcher" daemon [_thread_blocked, id=19032, stack(0x000000417bf00000,0x000000417c000000)]
  0x00000148cf8ae020 JavaThread "Attach Listener" daemon [_thread_blocked, id=17900, stack(0x000000417c000000,0x000000417c100000)]
  0x00000148cf8afff0 JavaThread "Service Thread" daemon [_thread_blocked, id=1684, stack(0x000000417c100000,0x000000417c200000)]
  0x00000148cf884e20 JavaThread "Monitor Deflation Thread" daemon [_thread_blocked, id=20388, stack(0x000000417c200000,0x000000417c300000)]
  0x00000148cf885d00 JavaThread "C1 CompilerThread0" daemon [_thread_blocked, id=2340, stack(0x000000417c300000,0x000000417c400000)]
  0x00000148cf889440 JavaThread "Sweeper thread" daemon [_thread_blocked, id=15364, stack(0x000000417c400000,0x000000417c500000)]
  0x00000148cfae1bd0 JavaThread "Common-Cleaner" daemon [_thread_blocked, id=17944, stack(0x000000417c500000,0x000000417c600000)]
  0x00000148cfafa220 JavaThread "C1 CompilerThread1" daemon [_thread_blocked, id=20068, stack(0x000000417c600000,0x000000417c700000)]
  0x00000148cfafa970 JavaThread "C1 CompilerThread2" daemon [_thread_blocked, id=10336, stack(0x000000417c700000,0x000000417c800000)]
  0x00000148cfaeb070 JavaThread "C1 CompilerThread3" daemon [_thread_blocked, id=11824, stack(0x000000417c800000,0x000000417c900000)]
  0x00000148cfb3e3d0 JavaThread "JDWP Transport Listener: dt_socket" daemon [_thread_blocked, id=7708, stack(0x000000417c900000,0x000000417ca00000)]
  0x00000148cfb5fd40 JavaThread "JDWP Event Helper Thread" daemon [_thread_blocked, id=20664, stack(0x000000417ca00000,0x000000417cb00000)]
  0x00000148cfb60230 JavaThread "JDWP Command Reader" daemon [_thread_in_native, id=17288, stack(0x000000417cb00000,0x000000417cc00000)]
  0x00000148cfae0890 JavaThread "Notification Thread" daemon [_thread_blocked, id=9948, stack(0x000000417cc00000,0x000000417cd00000)]
  0x00000148cfadfa20 JavaThread "RMI TCP Accept-0" daemon [_thread_in_native, id=7176, stack(0x000000417d300000,0x000000417d400000)]
  0x00000148cfae1700 JavaThread "RMI TCP Connection(2)-10.1.228.28" daemon [_thread_in_native, id=21004, stack(0x000000417d500000,0x000000417d600000)]
  0x00000148cfae0d60 JavaThread "RMI Scheduler(0)" daemon [_thread_blocked, id=16664, stack(0x000000417d600000,0x000000417d700000)]
  0x00000148cfae03c0 JavaThread "mysql-cj-abandoned-connection-cleanup" daemon [_thread_blocked, id=5808, stack(0x000000417dc00000,0x000000417dd00000)]
  0x00000148cfae2a40 JavaThread "RMI TCP Connection(3)-10.1.228.28" daemon [_thread_in_native, id=12792, stack(0x000000417dd00000,0x000000417de00000)]
  0x00000148d5ea54e0 JavaThread "Thread-1" daemon [_thread_in_native, id=14472, stack(0x000000417de00000,0x000000417df00000)]
  0x00000148d5ea6350 JavaThread "redisson-netty-1-1" [_thread_in_native, id=19268, stack(0x000000417df00000,0x000000417e000000)]
  0x00000148d5ea3330 JavaThread "redisson-netty-1-2" [_thread_in_native, id=10736, stack(0x000000417e000000,0x000000417e100000)]
  0x00000148d5ea6820 JavaThread "redisson-netty-1-3" [_thread_in_native, id=18912, stack(0x000000417e100000,0x000000417e200000)]
  0x00000148d5ea2e60 JavaThread "redisson-timer-4-1" [_thread_blocked, id=20912, stack(0x000000417e300000,0x000000417e400000)]
  0x00000148d5ea3cd0 JavaThread "redisson-netty-1-4" [_thread_in_native, id=6212, stack(0x000000417e400000,0x000000417e500000)]
  0x00000148d5ea4b40 JavaThread "redisson-netty-1-5" [_thread_in_native, id=10540, stack(0x000000417e500000,0x000000417e600000)]
  0x00000148d5ea2990 JavaThread "redisson-netty-1-6" [_thread_in_native, id=6276, stack(0x000000417e600000,0x000000417e700000)]
  0x00000148d5ea9840 JavaThread "redisson-3-1" [_thread_blocked, id=6468, stack(0x000000417e700000,0x000000417e800000)]
  0x00000148d5ea7b60 JavaThread "redisson-netty-1-7" [_thread_in_native, id=8500, stack(0x000000417e800000,0x000000417e900000)]
  0x00000148d5ea8030 JavaThread "redisson-netty-1-8" [_thread_in_native, id=7356, stack(0x000000417e900000,0x000000417ea00000)]
  0x00000148d5ea6cf0 JavaThread "redisson-3-2" [_thread_blocked, id=18796, stack(0x000000417ea00000,0x000000417eb00000)]
  0x00000148d5ea5010 JavaThread "redisson-netty-1-9" [_thread_in_native, id=19624, stack(0x000000417eb00000,0x000000417ec00000)]
  0x00000148d5ea8ea0 JavaThread "redisson-netty-1-10" [_thread_in_native, id=14568, stack(0x000000417ec00000,0x000000417ed00000)]
  0x00000148d5ea59b0 JavaThread "redisson-3-3" [_thread_blocked, id=21336, stack(0x000000417ed00000,0x000000417ee00000)]
  0x00000148d5ea9d10 JavaThread "redisson-netty-1-11" [_thread_in_native, id=11152, stack(0x000000417ee00000,0x000000417ef00000)]
  0x00000148d5ea5e80 JavaThread "redisson-netty-1-12" [_thread_in_native, id=21032, stack(0x000000417ef00000,0x000000417f000000)]
  0x00000148d5eaa1e0 JavaThread "redisson-3-4" [_thread_blocked, id=17740, stack(0x000000417f000000,0x000000417f100000)]
  0x00000148d5ea4670 JavaThread "redisson-netty-1-13" [_thread_in_native, id=9636, stack(0x000000417f100000,0x000000417f200000)]
  0x00000148d5ea71c0 JavaThread "redisson-netty-1-14" [_thread_in_native, id=9900, stack(0x000000417f200000,0x000000417f300000)]
  0x00000148d5ea7690 JavaThread "redisson-3-5" [_thread_blocked, id=7112, stack(0x000000417f300000,0x000000417f400000)]
  0x00000148d5ea8500 JavaThread "redisson-netty-1-15" [_thread_in_native, id=19600, stack(0x000000417f400000,0x000000417f500000)]
  0x00000148d5ea89d0 JavaThread "redisson-netty-1-16" [_thread_in_native, id=9208, stack(0x000000417f500000,0x000000417f600000)]
  0x00000148d5ea9370 JavaThread "redisson-3-6" [_thread_blocked, id=14168, stack(0x000000417f600000,0x000000417f700000)]
  0x00000148d64b30e0 JavaThread "redisson-netty-1-17" [_thread_in_native, id=17260, stack(0x000000417f700000,0x000000417f800000)]
  0x00000148d64b48f0 JavaThread "redisson-netty-1-18" [_thread_in_native, id=9652, stack(0x000000417f800000,0x000000417f900000)]
  0x00000148d64b2270 JavaThread "redisson-3-7" [_thread_blocked, id=20936, stack(0x000000417f900000,0x000000417fa00000)]
  0x00000148d64b4420 JavaThread "redisson-netty-1-19" [_thread_in_native, id=18148, stack(0x000000417fa00000,0x000000417fb00000)]
  0x00000148d64b2740 JavaThread "redisson-netty-1-20" [_thread_in_native, id=13300, stack(0x000000417fb00000,0x000000417fc00000)]
  0x00000148d64b5290 JavaThread "redisson-3-8" [_thread_blocked, id=9660, stack(0x000000417fc00000,0x000000417fd00000)]
  0x00000148d64b5760 JavaThread "redisson-netty-1-21" [_thread_in_native, id=14488, stack(0x000000417fd00000,0x000000417fe00000)]
  0x00000148d64b4dc0 JavaThread "redisson-netty-1-22" [_thread_in_native, id=3264, stack(0x000000417fe00000,0x000000417ff00000)]
  0x00000148d64b82b0 JavaThread "redisson-3-9" [_thread_blocked, id=15252, stack(0x000000417ff00000,0x0000004180000000)]
  0x00000148d64b6100 JavaThread "redisson-netty-1-23" [_thread_in_native, id=21488, stack(0x0000004100000000,0x0000004100100000)]
  0x00000148d64b7440 JavaThread "redisson-netty-1-24" [_thread_in_native, id=8424, stack(0x0000004100100000,0x0000004100200000)]
  0x00000148d64b35b0 JavaThread "redisson-3-10" [_thread_blocked, id=12872, stack(0x0000004100200000,0x0000004100300000)]
  0x00000148d64b7910 JavaThread "redisson-netty-1-25" [_thread_in_native, id=9284, stack(0x0000004100300000,0x0000004100400000)]
  0x00000148d64b9120 JavaThread "redisson-netty-1-26" [_thread_in_native, id=9152, stack(0x0000004100400000,0x0000004100500000)]
  0x00000148d64b5c30 JavaThread "redisson-3-11" [_thread_blocked, id=20404, stack(0x0000004100500000,0x0000004100600000)]
  0x00000148d64b6f70 JavaThread "redisson-netty-1-27" [_thread_in_native, id=3240, stack(0x0000004100600000,0x0000004100700000)]
  0x00000148d64b8c50 JavaThread "redisson-netty-1-28" [_thread_in_native, id=14716, stack(0x0000004100700000,0x0000004100800000)]
  0x00000148d64b65d0 JavaThread "redisson-3-12" [_thread_blocked, id=20572, stack(0x0000004100800000,0x0000004100900000)]
  0x00000148d64b18d0 JavaThread "redisson-netty-1-29" [_thread_in_native, id=17860, stack(0x0000004100900000,0x0000004100a00000)]
  0x00000148d64b2c10 JavaThread "redisson-netty-1-30" [_thread_in_native, id=13884, stack(0x0000004100a00000,0x0000004100b00000)]
  0x00000148d64b3a80 JavaThread "redisson-3-13" [_thread_blocked, id=17168, stack(0x0000004100b00000,0x0000004100c00000)]
  0x00000148d64b1da0 JavaThread "redisson-netty-1-31" [_thread_in_native, id=6432, stack(0x0000004100c00000,0x0000004100d00000)]
  0x00000148d64b6aa0 JavaThread "redisson-3-14" [_thread_blocked, id=17804, stack(0x0000004100d00000,0x0000004100e00000)]
  0x00000148d64b7de0 JavaThread "redisson-netty-1-32" [_thread_in_native, id=20100, stack(0x0000004100e00000,0x0000004100f00000)]
  0x00000148d64b8780 JavaThread "redisson-3-15" [_thread_blocked, id=4304, stack(0x0000004100f00000,0x0000004101000000)]
  0x00000148d64b3f50 JavaThread "redisson-3-16" [_thread_blocked, id=1340, stack(0x0000004101000000,0x0000004101100000)]
  0x00000148d6996a40 JavaThread "ClassGraph-worker-665" daemon [_thread_blocked, id=21176, stack(0x0000004101400000,0x0000004101500000)]
  0x00000148d6998720 JavaThread "ClassGraph-worker-666" daemon [_thread_blocked, id=18916, stack(0x0000004101500000,0x0000004101600000)]
  0x00000148d6999f30 JavaThread "ClassGraph-worker-667" daemon [_thread_blocked, id=20164, stack(0x0000004101600000,0x0000004101700000)]
  0x00000148d6998bf0 JavaThread "ClassGraph-worker-668" daemon [_thread_blocked, id=21472, stack(0x0000004101700000,0x0000004101800000)]
  0x00000148d6996570 JavaThread "ClassGraph-worker-669" daemon [_thread_blocked, id=19404, stack(0x0000004101800000,0x0000004101900000)]
  0x00000148d6993ef0 JavaThread "ClassGraph-worker-670" daemon [_thread_blocked, id=5988, stack(0x0000004101900000,0x0000004101a00000)]
  0x00000148d6995230 JavaThread "ClassGraph-worker-671" daemon [_thread_blocked, id=11300, stack(0x0000004101a00000,0x0000004101b00000)]
  0x00000148d6995700 JavaThread "ClassGraph-worker-672" daemon [_thread_blocked, id=9452, stack(0x0000004101c00000,0x0000004101d00000)]
  0x00000148d6995bd0 JavaThread "ClassGraph-worker-673" daemon [_thread_blocked, id=16924, stack(0x0000004101d00000,0x0000004101e00000)]
  0x00000148d69960a0 JavaThread "ClassGraph-worker-674" daemon [_thread_blocked, id=15000, stack(0x0000004101e00000,0x0000004101f00000)]
  0x00000148d6996f10 JavaThread "ClassGraph-worker-675" daemon [_thread_blocked, id=21276, stack(0x0000004102000000,0x0000004102100000)]
  0x00000148d6998250 JavaThread "ClassGraph-worker-676" daemon [_thread_blocked, id=19936, stack(0x0000004102100000,0x0000004102200000)]
  0x00000148d69973e0 JavaThread "ClassGraph-worker-677" daemon [_thread_blocked, id=20988, stack(0x0000004102200000,0x0000004102300000)]
  0x00000148d6999a60 JavaThread "ClassGraph-worker-678" daemon [_thread_blocked, id=4204, stack(0x0000004102400000,0x0000004102500000)]
  0x00000148d69943c0 JavaThread "ClassGraph-worker-679" daemon [_thread_blocked, id=21312, stack(0x0000004102500000,0x0000004102600000)]
  0x00000148d69990c0 JavaThread "ClassGraph-worker-680" daemon [_thread_blocked, id=1912, stack(0x0000004102600000,0x0000004102700000)]
  0x00000148d6994890 JavaThread "ClassGraph-worker-681" daemon [_thread_blocked, id=16260, stack(0x0000004102800000,0x0000004102900000)]
  0x00000148d6999590 JavaThread "ClassGraph-worker-682" daemon [_thread_blocked, id=8560, stack(0x0000004102900000,0x0000004102a00000)]
  0x00000148d69978b0 JavaThread "ClassGraph-worker-683" daemon [_thread_blocked, id=14688, stack(0x0000004102a00000,0x0000004102b00000)]

Other Threads:
=>0x00000148cefb4400 VMThread "VM Thread" [stack: 0x000000417bc00000,0x000000417bd00000] [id=16452]
  0x00000148d074f0e0 WatcherThread [stack: 0x000000417d400000,0x000000417d500000] [id=2200]
  0x00000148b85cf870 GCTaskThread "GC Thread#0" [stack: 0x000000417b700000,0x000000417b800000] [id=18032]
  0x00000148d03b12e0 GCTaskThread "GC Thread#1" [stack: 0x000000417cd00000,0x000000417ce00000] [id=19512]
  0x00000148d03b1590 GCTaskThread "GC Thread#2" [stack: 0x000000417ce00000,0x000000417cf00000] [id=8412]
  0x00000148d03b1840 GCTaskThread "GC Thread#3" [stack: 0x000000417cf00000,0x000000417d000000] [id=14280]
  0x00000148d03b2100 GCTaskThread "GC Thread#4" [stack: 0x000000417d000000,0x000000417d100000] [id=5448]
  0x00000148d03d3270 GCTaskThread "GC Thread#5" [stack: 0x000000417d100000,0x000000417d200000] [id=16624]
  0x00000148d03d3520 GCTaskThread "GC Thread#6" [stack: 0x000000417d200000,0x000000417d300000] [id=16532]
  0x00000148d03d3fe0 GCTaskThread "GC Thread#7" [stack: 0x000000417d700000,0x000000417d800000] [id=11420]
  0x00000148d03d4290 GCTaskThread "GC Thread#8" [stack: 0x000000417d800000,0x000000417d900000] [id=19920]
  0x00000148d03d47f0 GCTaskThread "GC Thread#9" [stack: 0x000000417d900000,0x000000417da00000] [id=9912]
  0x00000148b85dfbc0 ConcurrentGCThread "G1 Main Marker" [stack: 0x000000417b800000,0x000000417b900000] [id=12868]
  0x00000148b85e0d70 ConcurrentGCThread "G1 Conc#0" [stack: 0x000000417b900000,0x000000417ba00000] [id=12332]
  0x00000148d03d2fc0 ConcurrentGCThread "G1 Conc#1" [stack: 0x000000417da00000,0x000000417db00000] [id=20632]
  0x00000148d03d37d0 ConcurrentGCThread "G1 Conc#2" [stack: 0x000000417db00000,0x000000417dc00000] [id=19292]
  0x00000148b861e8c0 ConcurrentGCThread "G1 Refine#0" [stack: 0x000000417ba00000,0x000000417bb00000] [id=1972]
  0x00000148d6775b20 ConcurrentGCThread "G1 Refine#1" [stack: 0x0000004101100000,0x0000004101200000] [id=19056]
  0x00000148d6803510 ConcurrentGCThread "G1 Refine#2" [stack: 0x0000004101200000,0x0000004101300000] [id=6740]
  0x00000148d666c3d0 ConcurrentGCThread "G1 Refine#3" [stack: 0x0000004101300000,0x0000004101400000] [id=21388]
  0x00000148d6778e20 ConcurrentGCThread "G1 Refine#4" [stack: 0x0000004101b00000,0x0000004101c00000] [id=21416]
  0x00000148d43c3c10 ConcurrentGCThread "G1 Refine#5" [stack: 0x0000004101f00000,0x0000004102000000] [id=21152]
  0x00000148d666cc70 ConcurrentGCThread "G1 Refine#6" [stack: 0x0000004102300000,0x0000004102400000] [id=1892]
  0x00000148dcccf280 ConcurrentGCThread "G1 Refine#7" [stack: 0x0000004102700000,0x0000004102800000] [id=4276]
  0x00000148dcccefa0 ConcurrentGCThread "G1 Refine#8" [stack: 0x0000004102b00000,0x0000004102c00000] [id=19716]
  0x00000148cee66400 ConcurrentGCThread "G1 Service" [stack: 0x000000417bb00000,0x000000417bc00000] [id=4948]

Threads with active compile tasks:

VM state: at safepoint (normal execution)

VM Mutex/Monitor currently owned by a thread:  ([mutex/lock_event])
[0x00000148b85829b0] Threads_lock - owner thread: 0x00000148cefb4400
[0x00000148b8581f00] Heap_lock - owner thread: 0x00000148d69973e0

Heap address: 0x000000070a000000, size: 3936 MB, Compressed Oops mode: Zero based, Oop shift amount: 3

CDS archive(s) not mapped
Compressed class space mapped at: 0x0000000800000000-0x0000000840000000, reserved size: 1073741824
Narrow klass base: 0x0000000800000000, Narrow klass shift: 0, Narrow klass range: 0x40000000

GC Precious Log:
 CPUs: 12 total, 12 available
 Memory: 15741M
 Large Page Support: Disabled
 NUMA Support: Disabled
 Compressed Oops: Enabled (Zero based)
 Heap Region Size: 2M
 Heap Min Capacity: 8M
 Heap Initial Capacity: 246M
 Heap Max Capacity: 3936M
 Pre-touch: Disabled
 Parallel Workers: 10
 Concurrent Workers: 3
 Concurrent Refinement Workers: 10
 Periodic GC: Disabled

Heap:
 garbage-first heap   total 352256K, used 161935K [0x000000070a000000, 0x0000000800000000)
  region size 2048K, 1 young (2048K), 1 survivors (2048K)
 Metaspace       used 88365K, committed 88896K, reserved 1130496K
  class space    used 11124K, committed 11392K, reserved 1048576K

Heap Regions: E=young(eden), S=young(survivor), O=old, HS=humongous(starts), HC=humongous(continues), CS=collection set, F=free, OA=open archive, CA=closed archive, TAMS=top-at-mark-start (previous, next)
|   0|0x000000070a000000, 0x000000070a200000, 0x000000070a200000|100%|HS|  |TAMS 0x000000070a200000, 0x000000070a000000| Complete 
|   1|0x000000070a200000, 0x000000070a400000, 0x000000070a400000|100%|HC|  |TAMS 0x000000070a400000, 0x000000070a200000| Complete 
|   2|0x000000070a400000, 0x000000070a600000, 0x000000070a600000|100%| O|  |TAMS 0x000000070a600000, 0x000000070a400000| Untracked 
|   3|0x000000070a600000, 0x000000070a800000, 0x000000070a800000|100%| O|  |TAMS 0x000000070a800000, 0x000000070a600000| Untracked 
|   4|0x000000070a800000, 0x000000070aa00000, 0x000000070aa00000|100%| O|  |TAMS 0x000000070aa00000, 0x000000070a800000| Untracked 
|   5|0x000000070aa00000, 0x000000070ac00000, 0x000000070ac00000|100%| O|  |TAMS 0x000000070ac00000, 0x000000070aa00000| Untracked 
|   6|0x000000070ac00000, 0x000000070ad4b000, 0x000000070ae00000| 64%| O|  |TAMS 0x000000070ad4b000, 0x000000070ac00000| Untracked 
|   7|0x000000070ae00000, 0x000000070b000000, 0x000000070b000000|100%| O|  |TAMS 0x000000070b000000, 0x000000070ae00000| Untracked 
|   8|0x000000070b000000, 0x000000070b200000, 0x000000070b200000|100%| O|  |TAMS 0x000000070b200000, 0x000000070b000000| Untracked 
|   9|0x000000070b200000, 0x000000070b400000, 0x000000070b400000|100%| O|  |TAMS 0x000000070b400000, 0x000000070b200000| Untracked 
|  10|0x000000070b400000, 0x000000070b600000, 0x000000070b600000|100%| O|  |TAMS 0x000000070b600000, 0x000000070b400000| Untracked 
|  11|0x000000070b600000, 0x000000070b800000, 0x000000070b800000|100%| O|  |TAMS 0x000000070b800000, 0x000000070b600000| Untracked 
|  12|0x000000070b800000, 0x000000070ba00000, 0x000000070ba00000|100%| O|  |TAMS 0x000000070ba00000, 0x000000070b800000| Untracked 
|  13|0x000000070ba00000, 0x000000070bc00000, 0x000000070bc00000|100%| O|  |TAMS 0x000000070bc00000, 0x000000070ba00000| Untracked 
|  14|0x000000070bc00000, 0x000000070be00000, 0x000000070be00000|100%| O|  |TAMS 0x000000070be00000, 0x000000070bc00000| Untracked 
|  15|0x000000070be00000, 0x000000070c000000, 0x000000070c000000|100%| O|  |TAMS 0x000000070c000000, 0x000000070be00000| Untracked 
|  16|0x000000070c000000, 0x000000070c200000, 0x000000070c200000|100%| O|  |TAMS 0x000000070c200000, 0x000000070c000000| Untracked 
|  17|0x000000070c200000, 0x000000070c400000, 0x000000070c400000|100%| O|  |TAMS 0x000000070c400000, 0x000000070c200000| Untracked 
|  18|0x000000070c400000, 0x000000070c600000, 0x000000070c600000|100%| O|  |TAMS 0x000000070c600000, 0x000000070c400000| Untracked 
|  19|0x000000070c600000, 0x000000070c800000, 0x000000070c800000|100%| O|  |TAMS 0x000000070c800000, 0x000000070c600000| Untracked 
|  20|0x000000070c800000, 0x000000070ca00000, 0x000000070ca00000|100%| O|  |TAMS 0x000000070ca00000, 0x000000070c800000| Untracked 
|  21|0x000000070ca00000, 0x000000070cc00000, 0x000000070cc00000|100%| O|  |TAMS 0x000000070cc00000, 0x000000070ca00000| Untracked 
|  22|0x000000070cc00000, 0x000000070ce00000, 0x000000070ce00000|100%| O|  |TAMS 0x000000070ce00000, 0x000000070cc00000| Untracked 
|  23|0x000000070ce00000, 0x000000070d000000, 0x000000070d000000|100%| O|  |TAMS 0x000000070d000000, 0x000000070ce00000| Untracked 
|  24|0x000000070d000000, 0x000000070d200000, 0x000000070d200000|100%| O|  |TAMS 0x000000070d200000, 0x000000070d000000| Untracked 
|  25|0x000000070d200000, 0x000000070d400000, 0x000000070d400000|100%| O|  |TAMS 0x000000070d400000, 0x000000070d200000| Untracked 
|  26|0x000000070d400000, 0x000000070d600000, 0x000000070d600000|100%| O|  |TAMS 0x000000070d600000, 0x000000070d400000| Untracked 
|  27|0x000000070d600000, 0x000000070d800000, 0x000000070d800000|100%| O|  |TAMS 0x000000070d800000, 0x000000070d600000| Untracked 
|  28|0x000000070d800000, 0x000000070da00000, 0x000000070da00000|100%| O|  |TAMS 0x000000070da00000, 0x000000070d800000| Untracked 
|  29|0x000000070da00000, 0x000000070dc00000, 0x000000070dc00000|100%| O|  |TAMS 0x000000070dc00000, 0x000000070da00000| Untracked 
|  30|0x000000070dc00000, 0x000000070de00000, 0x000000070de00000|100%| O|  |TAMS 0x000000070de00000, 0x000000070dc00000| Untracked 
|  31|0x000000070de00000, 0x000000070e000000, 0x000000070e000000|100%| O|  |TAMS 0x000000070e000000, 0x000000070de00000| Untracked 
|  32|0x000000070e000000, 0x000000070e200000, 0x000000070e200000|100%| O|  |TAMS 0x000000070e200000, 0x000000070e000000| Untracked 
|  33|0x000000070e200000, 0x000000070e400000, 0x000000070e400000|100%| O|  |TAMS 0x000000070e400000, 0x000000070e200000| Untracked 
|  34|0x000000070e400000, 0x000000070e600000, 0x000000070e600000|100%| O|  |TAMS 0x000000070e600000, 0x000000070e400000| Untracked 
|  35|0x000000070e600000, 0x000000070e600000, 0x000000070e800000|  0%| F|  |TAMS 0x000000070e600000, 0x000000070e600000| Untracked 
|  36|0x000000070e800000, 0x000000070e800000, 0x000000070ea00000|  0%| F|  |TAMS 0x000000070e800000, 0x000000070e800000| Untracked 
|  37|0x000000070ea00000, 0x000000070ec00000, 0x000000070ec00000|100%| O|  |TAMS 0x000000070ea00000, 0x000000070ea00000| Untracked 
|  38|0x000000070ec00000, 0x000000070ee00000, 0x000000070ee00000|100%| O|  |TAMS 0x000000070ee00000, 0x000000070ec00000| Untracked 
|  39|0x000000070ee00000, 0x000000070f000000, 0x000000070f000000|100%| O|  |TAMS 0x000000070ee00000, 0x000000070ee00000| Untracked 
|  40|0x000000070f000000, 0x000000070f000000, 0x000000070f200000|  0%| F|  |TAMS 0x000000070f000000, 0x000000070f000000| Untracked 
|  41|0x000000070f200000, 0x000000070f200000, 0x000000070f400000|  0%| F|  |TAMS 0x000000070f200000, 0x000000070f200000| Untracked 
|  42|0x000000070f400000, 0x000000070f400000, 0x000000070f600000|  0%| F|  |TAMS 0x000000070f400000, 0x000000070f400000| Untracked 
|  43|0x000000070f600000, 0x000000070f600000, 0x000000070f800000|  0%| F|  |TAMS 0x000000070f600000, 0x000000070f600000| Untracked 
|  44|0x000000070f800000, 0x000000070fa00000, 0x000000070fa00000|100%| O|  |TAMS 0x000000070fa00000, 0x000000070f800000| Untracked 
|  45|0x000000070fa00000, 0x000000070fa00000, 0x000000070fc00000|  0%| F|  |TAMS 0x000000070fa00000, 0x000000070fa00000| Untracked 
|  46|0x000000070fc00000, 0x000000070fe00000, 0x000000070fe00000|100%| O|  |TAMS 0x000000070fe00000, 0x000000070fc00000| Untracked 
|  47|0x000000070fe00000, 0x0000000710000000, 0x0000000710000000|100%| O|  |TAMS 0x0000000710000000, 0x000000070fe00000| Untracked 
|  48|0x0000000710000000, 0x0000000710200000, 0x0000000710200000|100%| O|  |TAMS 0x0000000710200000, 0x0000000710000000| Untracked 
|  49|0x0000000710200000, 0x0000000710200000, 0x0000000710400000|  0%| F|  |TAMS 0x0000000710200000, 0x0000000710200000| Untracked 
|  50|0x0000000710400000, 0x0000000710600000, 0x0000000710600000|100%| O|  |TAMS 0x0000000710600000, 0x0000000710400000| Untracked 
|  51|0x0000000710600000, 0x0000000710800000, 0x0000000710800000|100%| O|  |TAMS 0x0000000710800000, 0x0000000710600000| Untracked 
|  52|0x0000000710800000, 0x0000000710a00000, 0x0000000710a00000|100%| O|  |TAMS 0x0000000710800000, 0x0000000710800000| Untracked 
|  53|0x0000000710a00000, 0x0000000710c00000, 0x0000000710c00000|100%| O|  |TAMS 0x0000000710a00000, 0x0000000710a00000| Untracked 
|  54|0x0000000710c00000, 0x0000000710e00000, 0x0000000710e00000|100%| O|  |TAMS 0x0000000710e00000, 0x0000000710c00000| Untracked 
|  55|0x0000000710e00000, 0x0000000711000000, 0x0000000711000000|100%| O|  |TAMS 0x0000000711000000, 0x0000000710e00000| Untracked 
|  56|0x0000000711000000, 0x0000000711000000, 0x0000000711200000|  0%| F|  |TAMS 0x0000000711000000, 0x0000000711000000| Untracked 
|  57|0x0000000711200000, 0x0000000711400000, 0x0000000711400000|100%| O|  |TAMS 0x0000000711400000, 0x0000000711200000| Untracked 
|  58|0x0000000711400000, 0x0000000711600000, 0x0000000711600000|100%| O|  |TAMS 0x0000000711600000, 0x0000000711400000| Untracked 
|  59|0x0000000711600000, 0x0000000711600000, 0x0000000711800000|  0%| F|  |TAMS 0x0000000711600000, 0x0000000711600000| Untracked 
|  60|0x0000000711800000, 0x0000000711800000, 0x0000000711a00000|  0%| F|  |TAMS 0x0000000711800000, 0x0000000711800000| Untracked 
|  61|0x0000000711a00000, 0x0000000711c00000, 0x0000000711c00000|100%| O|  |TAMS 0x0000000711c00000, 0x0000000711a00000| Untracked 
|  62|0x0000000711c00000, 0x0000000711e00000, 0x0000000711e00000|100%| O|  |TAMS 0x0000000711e00000, 0x0000000711c00000| Untracked 
|  63|0x0000000711e00000, 0x0000000712000000, 0x0000000712000000|100%| O|  |TAMS 0x0000000712000000, 0x0000000711e00000| Untracked 
|  64|0x0000000712000000, 0x0000000712200000, 0x0000000712200000|100%| O|  |TAMS 0x0000000712200000, 0x0000000712000000| Untracked 
|  65|0x0000000712200000, 0x0000000712400000, 0x0000000712400000|100%| O|  |TAMS 0x0000000712400000, 0x0000000712200000| Untracked 
|  66|0x0000000712400000, 0x0000000712400000, 0x0000000712600000|  0%| F|  |TAMS 0x0000000712400000, 0x0000000712400000| Untracked 
|  67|0x0000000712600000, 0x0000000712600000, 0x0000000712800000|  0%| F|  |TAMS 0x0000000712600000, 0x0000000712600000| Untracked 
|  68|0x0000000712800000, 0x0000000712a00000, 0x0000000712a00000|100%| O|  |TAMS 0x0000000712a00000, 0x0000000712800000| Untracked 
|  69|0x0000000712a00000, 0x0000000712c00000, 0x0000000712c00000|100%| O|  |TAMS 0x0000000712c00000, 0x0000000712a00000| Untracked 
|  70|0x0000000712c00000, 0x0000000712e00000, 0x0000000712e00000|100%| O|  |TAMS 0x0000000712e00000, 0x0000000712c00000| Untracked 
|  71|0x0000000712e00000, 0x0000000713000000, 0x0000000713000000|100%| O|  |TAMS 0x0000000713000000, 0x0000000712e00000| Untracked 
|  72|0x0000000713000000, 0x0000000713200000, 0x0000000713200000|100%| O|  |TAMS 0x000000071309c200, 0x0000000713000000| Untracked 
|  73|0x0000000713200000, 0x0000000713400000, 0x0000000713400000|100%| O|  |TAMS 0x0000000713200000, 0x0000000713200000| Untracked 
|  74|0x0000000713400000, 0x0000000713600000, 0x0000000713600000|100%| O|  |TAMS 0x0000000713400000, 0x0000000713400000| Untracked 
|  75|0x0000000713600000, 0x0000000713800000, 0x0000000713800000|100%| O|  |TAMS 0x0000000713600000, 0x0000000713600000| Untracked 
|  76|0x0000000713800000, 0x0000000713a00000, 0x0000000713a00000|100%| O|  |TAMS 0x0000000713800000, 0x0000000713800000| Untracked 
|  77|0x0000000713a00000, 0x0000000713c00000, 0x0000000713c00000|100%| O|  |TAMS 0x0000000713a00000, 0x0000000713a00000| Untracked 
|  78|0x0000000713c00000, 0x0000000713e00000, 0x0000000713e00000|100%| O|  |TAMS 0x0000000713c00000, 0x0000000713c00000| Untracked 
|  79|0x0000000713e00000, 0x0000000714000000, 0x0000000714000000|100%| O|  |TAMS 0x0000000713e00000, 0x0000000713e00000| Untracked 
|  80|0x0000000714000000, 0x0000000714200000, 0x0000000714200000|100%| O|  |TAMS 0x0000000714000000, 0x0000000714000000| Untracked 
|  81|0x0000000714200000, 0x0000000714400000, 0x0000000714400000|100%| O|  |TAMS 0x0000000714200000, 0x0000000714200000| Untracked 
|  82|0x0000000714400000, 0x0000000714600000, 0x0000000714600000|100%| O|  |TAMS 0x0000000714400000, 0x0000000714400000| Untracked 
|  83|0x0000000714600000, 0x0000000714800000, 0x0000000714800000|100%| O|  |TAMS 0x0000000714600000, 0x0000000714600000| Untracked 
|  84|0x0000000714800000, 0x0000000714a00000, 0x0000000714a00000|100%| O|  |TAMS 0x0000000714800000, 0x0000000714800000| Untracked 
|  85|0x0000000714a00000, 0x0000000714c00000, 0x0000000714c00000|100%| O|  |TAMS 0x0000000714a00000, 0x0000000714a00000| Untracked 
|  86|0x0000000714c00000, 0x0000000714e00000, 0x0000000714e00000|100%| O|  |TAMS 0x0000000714c00000, 0x0000000714c00000| Untracked 
|  87|0x0000000714e00000, 0x0000000715000000, 0x0000000715000000|100%| O|  |TAMS 0x0000000714e00000, 0x0000000714e00000| Untracked 
|  88|0x0000000715000000, 0x0000000715200000, 0x0000000715200000|100%| O|  |TAMS 0x0000000715000000, 0x0000000715000000| Untracked 
|  89|0x0000000715200000, 0x0000000715400000, 0x0000000715400000|100%| O|  |TAMS 0x0000000715200000, 0x0000000715200000| Untracked 
|  90|0x0000000715400000, 0x0000000715600000, 0x0000000715600000|100%| O|  |TAMS 0x0000000715400000, 0x0000000715400000| Untracked 
|  91|0x0000000715600000, 0x00000007156d8e00, 0x0000000715800000| 42%| O|  |TAMS 0x0000000715600000, 0x0000000715600000| Untracked 
|  92|0x0000000715800000, 0x0000000715800000, 0x0000000715a00000|  0%| F|  |TAMS 0x0000000715800000, 0x0000000715800000| Untracked 
|  93|0x0000000715a00000, 0x0000000715a00000, 0x0000000715c00000|  0%| F|  |TAMS 0x0000000715a00000, 0x0000000715a00000| Untracked 
|  94|0x0000000715c00000, 0x0000000715c00000, 0x0000000715e00000|  0%| F|  |TAMS 0x0000000715c00000, 0x0000000715c00000| Untracked 
|  95|0x0000000715e00000, 0x0000000715e00000, 0x0000000716000000|  0%| F|  |TAMS 0x0000000715e00000, 0x0000000715e00000| Untracked 
|  96|0x0000000716000000, 0x0000000716000000, 0x0000000716200000|  0%| F|  |TAMS 0x0000000716000000, 0x0000000716000000| Untracked 
|  97|0x0000000716200000, 0x0000000716200000, 0x0000000716400000|  0%| F|  |TAMS 0x0000000716200000, 0x0000000716200000| Untracked 
|  98|0x0000000716400000, 0x0000000716400000, 0x0000000716600000|  0%| F|  |TAMS 0x0000000716400000, 0x0000000716400000| Untracked 
|  99|0x0000000716600000, 0x0000000716600000, 0x0000000716800000|  0%| F|  |TAMS 0x0000000716600000, 0x0000000716600000| Untracked 
| 100|0x0000000716800000, 0x0000000716800000, 0x0000000716a00000|  0%| F|  |TAMS 0x0000000716800000, 0x0000000716800000| Untracked 
| 101|0x0000000716a00000, 0x0000000716a00000, 0x0000000716c00000|  0%| F|  |TAMS 0x0000000716a00000, 0x0000000716a00000| Untracked 
| 102|0x0000000716c00000, 0x0000000716c00000, 0x0000000716e00000|  0%| F|  |TAMS 0x0000000716c00000, 0x0000000716c00000| Untracked 
| 103|0x0000000716e00000, 0x0000000716e00000, 0x0000000717000000|  0%| F|  |TAMS 0x0000000716e00000, 0x0000000716e00000| Untracked 
| 104|0x0000000717000000, 0x0000000717000000, 0x0000000717200000|  0%| F|  |TAMS 0x0000000717000000, 0x0000000717000000| Untracked 
| 105|0x0000000717200000, 0x0000000717200000, 0x0000000717400000|  0%| F|  |TAMS 0x0000000717200000, 0x0000000717200000| Untracked 
| 106|0x0000000717400000, 0x0000000717400000, 0x0000000717600000|  0%| F|  |TAMS 0x0000000717400000, 0x0000000717400000| Untracked 
| 107|0x0000000717600000, 0x0000000717600000, 0x0000000717800000|  0%| F|  |TAMS 0x0000000717600000, 0x0000000717600000| Untracked 
| 108|0x0000000717800000, 0x0000000717800000, 0x0000000717a00000|  0%| F|  |TAMS 0x0000000717800000, 0x0000000717800000| Untracked 
| 109|0x0000000717a00000, 0x0000000717a00000, 0x0000000717c00000|  0%| F|  |TAMS 0x0000000717a00000, 0x0000000717a00000| Untracked 
| 110|0x0000000717c00000, 0x0000000717c00000, 0x0000000717e00000|  0%| F|  |TAMS 0x0000000717c00000, 0x0000000717c00000| Untracked 
| 111|0x0000000717e00000, 0x0000000717e00000, 0x0000000718000000|  0%| F|  |TAMS 0x0000000717e00000, 0x0000000717e00000| Untracked 
| 112|0x0000000718000000, 0x0000000718000000, 0x0000000718200000|  0%| F|  |TAMS 0x0000000718000000, 0x0000000718000000| Untracked 
| 113|0x0000000718200000, 0x0000000718200000, 0x0000000718400000|  0%| F|  |TAMS 0x0000000718200000, 0x0000000718200000| Untracked 
| 114|0x0000000718400000, 0x0000000718400000, 0x0000000718600000|  0%| F|  |TAMS 0x0000000718400000, 0x0000000718400000| Untracked 
| 115|0x0000000718600000, 0x0000000718600000, 0x0000000718800000|  0%| F|  |TAMS 0x0000000718600000, 0x0000000718600000| Untracked 
| 116|0x0000000718800000, 0x0000000718800000, 0x0000000718a00000|  0%| F|  |TAMS 0x0000000718800000, 0x0000000718800000| Untracked 
| 117|0x0000000718a00000, 0x0000000718a00000, 0x0000000718c00000|  0%| F|  |TAMS 0x0000000718a00000, 0x0000000718a00000| Untracked 
| 118|0x0000000718c00000, 0x0000000718c00000, 0x0000000718e00000|  0%| F|  |TAMS 0x0000000718c00000, 0x0000000718c00000| Untracked 
| 119|0x0000000718e00000, 0x0000000718e00000, 0x0000000719000000|  0%| F|  |TAMS 0x0000000718e00000, 0x0000000718e00000| Untracked 
| 120|0x0000000719000000, 0x0000000719000000, 0x0000000719200000|  0%| F|  |TAMS 0x0000000719000000, 0x0000000719000000| Untracked 
| 121|0x0000000719200000, 0x0000000719200000, 0x0000000719400000|  0%| F|  |TAMS 0x0000000719200000, 0x0000000719200000| Untracked 
| 122|0x0000000719400000, 0x0000000719400000, 0x0000000719600000|  0%| F|  |TAMS 0x0000000719400000, 0x0000000719400000| Untracked 
| 123|0x0000000719600000, 0x0000000719600000, 0x0000000719800000|  0%| F|  |TAMS 0x0000000719600000, 0x0000000719600000| Untracked 
| 124|0x0000000719800000, 0x0000000719800000, 0x0000000719a00000|  0%| F|  |TAMS 0x0000000719800000, 0x0000000719800000| Untracked 
| 125|0x0000000719a00000, 0x0000000719a00000, 0x0000000719c00000|  0%| F|  |TAMS 0x0000000719a00000, 0x0000000719a00000| Untracked 
| 126|0x0000000719c00000, 0x0000000719c00000, 0x0000000719e00000|  0%| F|  |TAMS 0x0000000719c00000, 0x0000000719c00000| Untracked 
| 127|0x0000000719e00000, 0x0000000719e00000, 0x000000071a000000|  0%| F|  |TAMS 0x0000000719e00000, 0x0000000719e00000| Untracked 
| 128|0x000000071a000000, 0x000000071a000000, 0x000000071a200000|  0%| F|  |TAMS 0x000000071a000000, 0x000000071a000000| Untracked 
| 129|0x000000071a200000, 0x000000071a200000, 0x000000071a400000|  0%| F|  |TAMS 0x000000071a200000, 0x000000071a200000| Untracked 
| 130|0x000000071a400000, 0x000000071a400000, 0x000000071a600000|  0%| F|  |TAMS 0x000000071a400000, 0x000000071a400000| Untracked 
| 131|0x000000071a600000, 0x000000071a600000, 0x000000071a800000|  0%| F|  |TAMS 0x000000071a600000, 0x000000071a600000| Untracked 
| 132|0x000000071a800000, 0x000000071a800000, 0x000000071aa00000|  0%| F|  |TAMS 0x000000071a800000, 0x000000071a800000| Untracked 
| 133|0x000000071aa00000, 0x000000071aa00000, 0x000000071ac00000|  0%| F|  |TAMS 0x000000071aa00000, 0x000000071aa00000| Untracked 
| 134|0x000000071ac00000, 0x000000071ac00000, 0x000000071ae00000|  0%| F|  |TAMS 0x000000071ac00000, 0x000000071ac00000| Untracked 
| 135|0x000000071ae00000, 0x000000071ae00000, 0x000000071b000000|  0%| F|  |TAMS 0x000000071ae00000, 0x000000071ae00000| Untracked 
| 136|0x000000071b000000, 0x000000071b000000, 0x000000071b200000|  0%| F|  |TAMS 0x000000071b000000, 0x000000071b000000| Untracked 
| 137|0x000000071b200000, 0x000000071b200000, 0x000000071b400000|  0%| F|  |TAMS 0x000000071b200000, 0x000000071b200000| Untracked 
| 138|0x000000071b400000, 0x000000071b400000, 0x000000071b600000|  0%| F|  |TAMS 0x000000071b400000, 0x000000071b400000| Untracked 
| 139|0x000000071b600000, 0x000000071b600000, 0x000000071b800000|  0%| F|  |TAMS 0x000000071b600000, 0x000000071b600000| Untracked 
| 140|0x000000071b800000, 0x000000071b800000, 0x000000071ba00000|  0%| F|  |TAMS 0x000000071b800000, 0x000000071b800000| Untracked 
| 141|0x000000071ba00000, 0x000000071ba00000, 0x000000071bc00000|  0%| F|  |TAMS 0x000000071ba00000, 0x000000071ba00000| Untracked 
| 142|0x000000071bc00000, 0x000000071bc00000, 0x000000071be00000|  0%| F|  |TAMS 0x000000071bc00000, 0x000000071bc00000| Untracked 
| 143|0x000000071be00000, 0x000000071be00000, 0x000000071c000000|  0%| F|  |TAMS 0x000000071be00000, 0x000000071be00000| Untracked 
| 144|0x000000071c000000, 0x000000071c000000, 0x000000071c200000|  0%| F|  |TAMS 0x000000071c000000, 0x000000071c000000| Untracked 
| 145|0x000000071c200000, 0x000000071c200000, 0x000000071c400000|  0%| F|  |TAMS 0x000000071c200000, 0x000000071c200000| Untracked 
| 146|0x000000071c400000, 0x000000071c400000, 0x000000071c600000|  0%| F|  |TAMS 0x000000071c400000, 0x000000071c400000| Untracked 
| 147|0x000000071c600000, 0x000000071c600000, 0x000000071c800000|  0%| F|  |TAMS 0x000000071c600000, 0x000000071c600000| Untracked 
| 148|0x000000071c800000, 0x000000071c800000, 0x000000071ca00000|  0%| F|  |TAMS 0x000000071c800000, 0x000000071c800000| Untracked 
| 149|0x000000071ca00000, 0x000000071ca00000, 0x000000071cc00000|  0%| F|  |TAMS 0x000000071ca00000, 0x000000071ca00000| Untracked 
| 150|0x000000071cc00000, 0x000000071cc00000, 0x000000071ce00000|  0%| F|  |TAMS 0x000000071cc00000, 0x000000071cc00000| Untracked 
| 151|0x000000071ce00000, 0x000000071ce00000, 0x000000071d000000|  0%| F|  |TAMS 0x000000071ce00000, 0x000000071ce00000| Untracked 
| 152|0x000000071d000000, 0x000000071d000000, 0x000000071d200000|  0%| F|  |TAMS 0x000000071d000000, 0x000000071d000000| Untracked 
| 153|0x000000071d200000, 0x000000071d200000, 0x000000071d400000|  0%| F|  |TAMS 0x000000071d200000, 0x000000071d200000| Untracked 
| 154|0x000000071d400000, 0x000000071d400000, 0x000000071d600000|  0%| F|  |TAMS 0x000000071d400000, 0x000000071d400000| Untracked 
| 155|0x000000071d600000, 0x000000071d600000, 0x000000071d800000|  0%| F|  |TAMS 0x000000071d600000, 0x000000071d600000| Untracked 
| 156|0x000000071d800000, 0x000000071d800000, 0x000000071da00000|  0%| F|  |TAMS 0x000000071d800000, 0x000000071d800000| Untracked 
| 157|0x000000071da00000, 0x000000071da00000, 0x000000071dc00000|  0%| F|  |TAMS 0x000000071da00000, 0x000000071da00000| Untracked 
| 158|0x000000071dc00000, 0x000000071dc00000, 0x000000071de00000|  0%| F|  |TAMS 0x000000071dc00000, 0x000000071dc00000| Untracked 
| 159|0x000000071de00000, 0x000000071de00000, 0x000000071e000000|  0%| F|  |TAMS 0x000000071de00000, 0x000000071de00000| Untracked 
| 160|0x000000071e000000, 0x000000071e000000, 0x000000071e200000|  0%| F|  |TAMS 0x000000071e000000, 0x000000071e000000| Untracked 
| 161|0x000000071e200000, 0x000000071e200000, 0x000000071e400000|  0%| F|  |TAMS 0x000000071e200000, 0x000000071e200000| Untracked 
| 162|0x000000071e400000, 0x000000071e400000, 0x000000071e600000|  0%| F|  |TAMS 0x000000071e400000, 0x000000071e400000| Untracked 
| 163|0x000000071e600000, 0x000000071e600000, 0x000000071e800000|  0%| F|  |TAMS 0x000000071e600000, 0x000000071e600000| Untracked 
| 164|0x000000071e800000, 0x000000071e800000, 0x000000071ea00000|  0%| F|  |TAMS 0x000000071e800000, 0x000000071e800000| Untracked 
| 165|0x000000071ea00000, 0x000000071ea00000, 0x000000071ec00000|  0%| F|  |TAMS 0x000000071ea00000, 0x000000071ea00000| Untracked 
| 166|0x000000071ec00000, 0x000000071ec00000, 0x000000071ee00000|  0%| F|  |TAMS 0x000000071ec00000, 0x000000071ec00000| Untracked 
| 167|0x000000071ee00000, 0x000000071ee00000, 0x000000071f000000|  0%| F|  |TAMS 0x000000071ee00000, 0x000000071ee00000| Untracked 
| 168|0x000000071f000000, 0x000000071f200000, 0x000000071f200000|100%| S|CS|TAMS 0x000000071f000000, 0x000000071f000000| Complete 
| 169|0x000000071f200000, 0x000000071f200000, 0x000000071f400000|  0%| F|  |TAMS 0x000000071f200000, 0x000000071f200000| Untracked 
| 170|0x000000071f400000, 0x000000071f400000, 0x000000071f600000|  0%| F|  |TAMS 0x000000071f400000, 0x000000071f400000| Untracked 
| 171|0x000000071f600000, 0x000000071f600000, 0x000000071f800000|  0%| F|  |TAMS 0x000000071f600000, 0x000000071f600000| Untracked 

Card table byte_map: [0x00000148c3830000,0x00000148c3fe0000] _byte_map_base: 0x00000148bffe0000

Marking Bits (Prev, Next): (CMBitMap*) 0x00000148b85cfcd0, (CMBitMap*) 0x00000148b85cfc90
 Prev Bits: [0x00000148c8510000, 0x00000148cc290000)
 Next Bits: [0x00000148c4790000, 0x00000148c8510000)

Polling page: 0x00000148b63b0000

Metaspace:

Usage:
  Non-class:     75.43 MB used.
      Class:     10.86 MB used.
       Both:     86.29 MB used.

Virtual space:
  Non-class space:       80.00 MB reserved,      75.69 MB ( 95%) committed,  10 nodes.
      Class space:        1.00 GB reserved,      11.12 MB (  1%) committed,  1 nodes.
             Both:        1.08 GB reserved,      86.81 MB (  8%) committed. 

Chunk freelists:
   Non-Class:  3.63 MB
       Class:  783.00 KB
        Both:  4.39 MB

MaxMetaspaceSize: unlimited
CompressedClassSpaceSize: 1.00 GB
Initial GC threshold: 21.00 MB
Current GC threshold: 144.62 MB
CDS: off
MetaspaceReclaimPolicy: balanced
 - commit_granule_bytes: 65536.
 - commit_granule_words: 8192.
 - virtual_space_node_default_size: 1048576.
 - enlarge_chunks_in_place: 1.
 - new_chunks_are_fully_committed: 0.
 - uncommit_free_chunks: 1.
 - use_allocation_guard: 0.
 - handle_deallocations: 1.


Internal statistics:

num_allocs_failed_limit: 9.
num_arena_births: 956.
num_arena_deaths: 0.
num_vsnodes_births: 11.
num_vsnodes_deaths: 0.
num_space_committed: 1389.
num_space_uncommitted: 0.
num_chunks_returned_to_freelist: 9.
num_chunks_taken_from_freelist: 3936.
num_chunk_merges: 6.
num_chunk_splits: 2669.
num_chunks_enlarged: 1955.
num_purges: 0.
num_inconsistent_stats: 0.

CodeCache: size=49152Kb used=19880Kb max_used=19880Kb free=29272Kb
 bounds [0x00000148bfd50000, 0x00000148c10c0000, 0x00000148c2d50000]
 total_blobs=10019 nmethods=9312 adapters=630
 compilation: enabled
              stopped_count=0, restarted_count=0
 full_count=0

Compilation events (20 events):
Event: 18.203 Thread 0x00000148cfafa970 9464       1       sun.nio.fs.WindowsException::fillInStackTrace (2 bytes)
Event: 18.203 Thread 0x00000148cfafa970 nmethod 9464 0x00000148c10b6b10 code [0x00000148c10b6ca0, 0x00000148c10b6d78]
Event: 18.204 Thread 0x00000148cfaeb070 9465       1       sun.nio.fs.WindowsException::<init> (15 bytes)
Event: 18.204 Thread 0x00000148cfaeb070 nmethod 9465 0x00000148c10b6e10 code [0x00000148c10b6fc0, 0x00000148c10b7218]
Event: 18.206 Thread 0x00000148cfaeb070 9466       1       java.io.IOException::<init> (6 bytes)
Event: 18.206 Thread 0x00000148cfaeb070 nmethod 9466 0x00000148c10b7290 code [0x00000148c10b7420, 0x00000148c10b7508]
Event: 18.211 Thread 0x00000148cfaeb070 9467       1       sun.nio.fs.WindowsException::rethrowAsIOException (7 bytes)
Event: 18.211 Thread 0x00000148cfafa220 9471       1       java.nio.file.FileSystemException::<init> (16 bytes)
Event: 18.211 Thread 0x00000148cfafa970 9468       1       sun.nio.fs.WindowsException::rethrowAsIOException (39 bytes)
Event: 18.211 Thread 0x00000148cf885d00 9469       1       sun.nio.fs.WindowsException::translateToIOException (109 bytes)
Event: 18.211 Thread 0x00000148cfaeb070 nmethod 9467 0x00000148c10b7590 code [0x00000148c10b7720, 0x00000148c10b7828]
Event: 18.211 Thread 0x00000148cfaeb070 9470       1       java.nio.file.NoSuchFileException::<init> (8 bytes)
Event: 18.211 Thread 0x00000148cfafa970 nmethod 9468 0x00000148c10b7890 code [0x00000148c10b7a40, 0x00000148c10b7b88]
Event: 18.211 Thread 0x00000148cfafa220 nmethod 9471 0x00000148c10b7d10 code [0x00000148c10b7ea0, 0x00000148c10b8068]
Event: 18.212 Thread 0x00000148cfaeb070 nmethod 9470 0x00000148c10b8110 code [0x00000148c10b82a0, 0x00000148c10b8468]
Event: 18.212 Thread 0x00000148cf885d00 nmethod 9469 0x00000148c10b8510 code [0x00000148c10b8740, 0x00000148c10b8de8]
Event: 18.259 Thread 0x00000148cf885d00 9472       1       com.sun.jmx.remote.util.ClassLogger::traceOn (13 bytes)
Event: 18.260 Thread 0x00000148cf885d00 nmethod 9472 0x00000148c10b9090 code [0x00000148c10b9220, 0x00000148c10b9328]
Event: 18.509 Thread 0x00000148cf885d00 9473       1       java.util.concurrent.ConcurrentHashMap$CollectionView::toArray (145 bytes)
Event: 18.510 Thread 0x00000148cf885d00 nmethod 9473 0x00000148c10b9390 code [0x00000148c10b95c0, 0x00000148c10b9c38]

GC Heap History (20 events):
Event: 15.452 GC heap after
{Heap after GC invocations=36 (full 0):
 garbage-first heap   total 233472K, used 76915K [0x000000070a000000, 0x0000000800000000)
  region size 2048K, 4 young (8192K), 4 survivors (8192K)
 Metaspace       used 88040K, committed 88640K, reserved 1130496K
  class space    used 11083K, committed 11392K, reserved 1048576K
}
Event: 15.874 GC heap before
{Heap before GC invocations=36 (full 0):
 garbage-first heap   total 233472K, used 195699K [0x000000070a000000, 0x0000000800000000)
  region size 2048K, 61 young (124928K), 4 survivors (8192K)
 Metaspace       used 88285K, committed 88832K, reserved 1130496K
  class space    used 11111K, committed 11392K, reserved 1048576K
}
Event: 15.889 GC heap after
{Heap after GC invocations=37 (full 0):
 garbage-first heap   total 233472K, used 102150K [0x000000070a000000, 0x0000000800000000)
  region size 2048K, 8 young (16384K), 8 survivors (16384K)
 Metaspace       used 88285K, committed 88832K, reserved 1130496K
  class space    used 11111K, committed 11392K, reserved 1048576K
}
Event: 16.235 GC heap before
{Heap before GC invocations=37 (full 0):
 garbage-first heap   total 233472K, used 182022K [0x000000070a000000, 0x0000000800000000)
  region size 2048K, 46 young (94208K), 8 survivors (16384K)
 Metaspace       used 88300K, committed 88832K, reserved 1130496K
  class space    used 11113K, committed 11392K, reserved 1048576K
}
Event: 16.248 GC heap after
{Heap after GC invocations=38 (full 0):
 garbage-first heap   total 233472K, used 114972K [0x000000070a000000, 0x0000000800000000)
  region size 2048K, 6 young (12288K), 6 survivors (12288K)
 Metaspace       used 88300K, committed 88832K, reserved 1130496K
  class space    used 11113K, committed 11392K, reserved 1048576K
}
Event: 16.633 GC heap before
{Heap before GC invocations=38 (full 0):
 garbage-first heap   total 233472K, used 164124K [0x000000070a000000, 0x0000000800000000)
  region size 2048K, 31 young (63488K), 6 survivors (12288K)
 Metaspace       used 88300K, committed 88832K, reserved 1130496K
  class space    used 11113K, committed 11392K, reserved 1048576K
}
Event: 16.635 GC heap after
{Heap after GC invocations=39 (full 0):
 garbage-first heap   total 233472K, used 109231K [0x000000070a000000, 0x0000000800000000)
  region size 2048K, 2 young (4096K), 2 survivors (4096K)
 Metaspace       used 88300K, committed 88832K, reserved 1130496K
  class space    used 11113K, committed 11392K, reserved 1048576K
}
Event: 16.896 GC heap before
{Heap before GC invocations=40 (full 0):
 garbage-first heap   total 235520K, used 170671K [0x000000070a000000, 0x0000000800000000)
  region size 2048K, 37 young (75776K), 2 survivors (4096K)
 Metaspace       used 88300K, committed 88832K, reserved 1130496K
  class space    used 11113K, committed 11392K, reserved 1048576K
}
Event: 16.903 GC heap after
{Heap after GC invocations=41 (full 0):
 garbage-first heap   total 235520K, used 111030K [0x000000070a000000, 0x0000000800000000)
  region size 2048K, 5 young (10240K), 5 survivors (10240K)
 Metaspace       used 88300K, committed 88832K, reserved 1130496K
  class space    used 11113K, committed 11392K, reserved 1048576K
}
Event: 16.906 GC heap before
{Heap before GC invocations=41 (full 0):
 garbage-first heap   total 235520K, used 113078K [0x000000070a000000, 0x0000000800000000)
  region size 2048K, 6 young (12288K), 5 survivors (10240K)
 Metaspace       used 88300K, committed 88832K, reserved 1130496K
  class space    used 11113K, committed 11392K, reserved 1048576K
}
Event: 16.911 GC heap after
{Heap after GC invocations=42 (full 0):
 garbage-first heap   total 303104K, used 107732K [0x000000070a000000, 0x0000000800000000)
  region size 2048K, 1 young (2048K), 1 survivors (2048K)
 Metaspace       used 88300K, committed 88832K, reserved 1130496K
  class space    used 11113K, committed 11392K, reserved 1048576K
}
Event: 17.435 GC heap before
{Heap before GC invocations=42 (full 0):
 garbage-first heap   total 303104K, used 224468K [0x000000070a000000, 0x0000000800000000)
  region size 2048K, 57 young (116736K), 1 survivors (2048K)
 Metaspace       used 88309K, committed 88896K, reserved 1130496K
  class space    used 11115K, committed 11392K, reserved 1048576K
}
Event: 17.447 GC heap after
{Heap after GC invocations=43 (full 0):
 garbage-first heap   total 303104K, used 134285K [0x000000070a000000, 0x0000000800000000)
  region size 2048K, 8 young (16384K), 8 survivors (16384K)
 Metaspace       used 88309K, committed 88896K, reserved 1130496K
  class space    used 11115K, committed 11392K, reserved 1048576K
}
Event: 17.856 GC heap before
{Heap before GC invocations=43 (full 0):
 garbage-first heap   total 303104K, used 230541K [0x000000070a000000, 0x0000000800000000)
  region size 2048K, 54 young (110592K), 8 survivors (16384K)
 Metaspace       used 88309K, committed 88896K, reserved 1130496K
  class space    used 11115K, committed 11392K, reserved 1048576K
}
Event: 17.871 GC heap after
{Heap after GC invocations=44 (full 0):
 garbage-first heap   total 303104K, used 157596K [0x000000070a000000, 0x0000000800000000)
  region size 2048K, 7 young (14336K), 7 survivors (14336K)
 Metaspace       used 88309K, committed 88896K, reserved 1130496K
  class space    used 11115K, committed 11392K, reserved 1048576K
}
Event: 18.245 GC heap before
{Heap before GC invocations=44 (full 0):
 garbage-first heap   total 303104K, used 212892K [0x000000070a000000, 0x0000000800000000)
  region size 2048K, 35 young (71680K), 7 survivors (14336K)
 Metaspace       used 88365K, committed 88896K, reserved 1130496K
  class space    used 11124K, committed 11392K, reserved 1048576K
}
Event: 18.256 GC heap after
{Heap after GC invocations=45 (full 0):
 garbage-first heap   total 303104K, used 172565K [0x000000070a000000, 0x0000000800000000)
  region size 2048K, 6 young (12288K), 6 survivors (12288K)
 Metaspace       used 88365K, committed 88896K, reserved 1130496K
  class space    used 11124K, committed 11392K, reserved 1048576K
}
Event: 18.511 GC heap before
{Heap before GC invocations=46 (full 0):
 garbage-first heap   total 352256K, used 234005K [0x000000070a000000, 0x0000000800000000)
  region size 2048K, 37 young (75776K), 6 survivors (12288K)
 Metaspace       used 88365K, committed 88896K, reserved 1130496K
  class space    used 11124K, committed 11392K, reserved 1048576K
}
Event: 18.521 GC heap after
{Heap after GC invocations=47 (full 0):
 garbage-first heap   total 352256K, used 181548K [0x000000070a000000, 0x0000000800000000)
  region size 2048K, 5 young (10240K), 5 survivors (10240K)
 Metaspace       used 88365K, committed 88896K, reserved 1130496K
  class space    used 11124K, committed 11392K, reserved 1048576K
}
Event: 18.526 GC heap before
{Heap before GC invocations=47 (full 0):
 garbage-first heap   total 352256K, used 187692K [0x000000070a000000, 0x0000000800000000)
  region size 2048K, 8 young (16384K), 5 survivors (10240K)
 Metaspace       used 88365K, committed 88896K, reserved 1130496K
  class space    used 11124K, committed 11392K, reserved 1048576K
}

Deoptimization events (20 events):
Event: 18.214 Thread 0x00000148d6998720 DEOPT PACKING pc=0x00000148c10b7ae5 sp=0x00000041015fe630
Event: 18.214 Thread 0x00000148d6999f30 DEOPT PACKING pc=0x00000148c10b7ae5 sp=0x00000041016fe7d0
Event: 18.214 Thread 0x00000148d6998720 DEOPT UNPACKING pc=0x00000148bfda2b43 sp=0x00000041015fdad8 mode 1
Event: 18.214 Thread 0x00000148d6999f30 DEOPT UNPACKING pc=0x00000148bfda2b43 sp=0x00000041016fdc78 mode 1
Event: 18.214 Thread 0x00000148d6998720 DEOPT PACKING pc=0x00000148c10b7774 sp=0x00000041015fe6a0
Event: 18.214 Thread 0x00000148d6999f30 DEOPT PACKING pc=0x00000148c10b7774 sp=0x00000041016fe840
Event: 18.214 Thread 0x00000148d6998720 DEOPT UNPACKING pc=0x00000148bfda2b43 sp=0x00000041015fdb58 mode 1
Event: 18.214 Thread 0x00000148d6999f30 DEOPT UNPACKING pc=0x00000148bfda2b43 sp=0x00000041016fdcf8 mode 1
Event: 18.214 Thread 0x00000148d6998720 DEOPT PACKING pc=0x00000148c103a10c sp=0x00000041015fe780
Event: 18.214 Thread 0x00000148d6999f30 DEOPT PACKING pc=0x00000148c103a10c sp=0x00000041016fe920
Event: 18.214 Thread 0x00000148d6998720 DEOPT UNPACKING pc=0x00000148bfda2b43 sp=0x00000041015fdd20 mode 1
Event: 18.214 Thread 0x00000148d6999f30 DEOPT UNPACKING pc=0x00000148bfda2b43 sp=0x00000041016fdec0 mode 1
Event: 18.214 Thread 0x00000148d6998720 DEOPT PACKING pc=0x00000148c103f444 sp=0x00000041015fe910
Event: 18.214 Thread 0x00000148d6999f30 DEOPT PACKING pc=0x00000148c103f444 sp=0x00000041016feab0
Event: 18.214 Thread 0x00000148d6998720 DEOPT UNPACKING pc=0x00000148bfda2b43 sp=0x00000041015fdda8 mode 1
Event: 18.214 Thread 0x00000148d6999f30 DEOPT UNPACKING pc=0x00000148bfda2b43 sp=0x00000041016fdf48 mode 1
Event: 18.280 Thread 0x00000148cfae2a40 DEOPT PACKING pc=0x00000148c07ce204 sp=0x000000417ddfed80
Event: 18.280 Thread 0x00000148cfae2a40 DEOPT UNPACKING pc=0x00000148bfda2b43 sp=0x000000417ddfe220 mode 1
Event: 18.280 Thread 0x00000148cfae2a40 DEOPT PACKING pc=0x00000148c07d838c sp=0x000000417ddfedd0
Event: 18.280 Thread 0x00000148cfae2a40 DEOPT UNPACKING pc=0x00000148bfda2b43 sp=0x000000417ddfe2c0 mode 1

Classes unloaded (0 events):
No events

Classes redefined (0 events):
No events

Internal exceptions (20 events):
Event: 18.209 Thread 0x00000148d6999f30 Exception <a 'sun/nio/fs/WindowsException'{0x0000000719c2ca38}> (0x0000000719c2ca38) 
thrown [t:\workspace\open\src\hotspot\share\prims\jni.cpp, line 516]
Event: 18.209 Thread 0x00000148d6998720 Exception <a 'sun/nio/fs/WindowsException'{0x0000000719c1bda8}> (0x0000000719c1bda8) 
thrown [t:\workspace\open\src\hotspot\share\prims\jni.cpp, line 516]
Event: 18.210 Thread 0x00000148d6999f30 Exception <a 'sun/nio/fs/WindowsException'{0x0000000719c2cec0}> (0x0000000719c2cec0) 
thrown [t:\workspace\open\src\hotspot\share\prims\jni.cpp, line 516]
Event: 18.210 Thread 0x00000148d6998720 Exception <a 'sun/nio/fs/WindowsException'{0x0000000719c1c248}> (0x0000000719c1c248) 
thrown [t:\workspace\open\src\hotspot\share\prims\jni.cpp, line 516]
Event: 18.210 Thread 0x00000148d6999f30 Exception <a 'sun/nio/fs/WindowsException'{0x0000000719c2d988}> (0x0000000719c2d988) 
thrown [t:\workspace\open\src\hotspot\share\prims\jni.cpp, line 516]
Event: 18.210 Thread 0x00000148d6998720 Exception <a 'sun/nio/fs/WindowsException'{0x0000000719c1cd40}> (0x0000000719c1cd40) 
thrown [t:\workspace\open\src\hotspot\share\prims\jni.cpp, line 516]
Event: 18.211 Thread 0x00000148d6998720 Exception <a 'sun/nio/fs/WindowsException'{0x0000000719c1d210}> (0x0000000719c1d210) 
thrown [t:\workspace\open\src\hotspot\share\prims\jni.cpp, line 516]
Event: 18.211 Thread 0x00000148d6999f30 Exception <a 'sun/nio/fs/WindowsException'{0x0000000719c2de28}> (0x0000000719c2de28) 
thrown [t:\workspace\open\src\hotspot\share\prims\jni.cpp, line 516]
Event: 18.212 Thread 0x00000148d6999f30 Exception <a 'sun/nio/fs/WindowsException'{0x0000000719c2e918}> (0x0000000719c2e918) 
thrown [t:\workspace\open\src\hotspot\share\prims\jni.cpp, line 516]
Event: 18.212 Thread 0x00000148d6998720 Exception <a 'sun/nio/fs/WindowsException'{0x0000000719c1dd28}> (0x0000000719c1dd28) 
thrown [t:\workspace\open\src\hotspot\share\prims\jni.cpp, line 516]
Event: 18.212 Thread 0x00000148d6999f30 Exception <a 'sun/nio/fs/WindowsException'{0x0000000719c2ee00}> (0x0000000719c2ee00) 
thrown [t:\workspace\open\src\hotspot\share\prims\jni.cpp, line 516]
Event: 18.212 Thread 0x00000148d6998720 Exception <a 'sun/nio/fs/WindowsException'{0x0000000719c1e228}> (0x0000000719c1e228) 
thrown [t:\workspace\open\src\hotspot\share\prims\jni.cpp, line 516]
Event: 18.213 Thread 0x00000148d6999f30 Exception <a 'sun/nio/fs/WindowsException'{0x0000000719c2f908}> (0x0000000719c2f908) 
thrown [t:\workspace\open\src\hotspot\share\prims\jni.cpp, line 516]
Event: 18.213 Thread 0x00000148d6998720 Exception <a 'sun/nio/fs/WindowsException'{0x0000000719c1ed60}> (0x0000000719c1ed60) 
thrown [t:\workspace\open\src\hotspot\share\prims\jni.cpp, line 516]
Event: 18.213 Thread 0x00000148d6999f30 Exception <a 'sun/nio/fs/WindowsException'{0x0000000719c2fe20}> (0x0000000719c2fe20) 
thrown [t:\workspace\open\src\hotspot\share\prims\jni.cpp, line 516]
Event: 18.213 Thread 0x00000148d6998720 Exception <a 'sun/nio/fs/WindowsException'{0x0000000719c1f298}> (0x0000000719c1f298) 
thrown [t:\workspace\open\src\hotspot\share\prims\jni.cpp, line 516]
Event: 18.214 Thread 0x00000148d6998720 Exception <a 'sun/nio/fs/WindowsException'{0x0000000719c1fdc8}> (0x0000000719c1fdc8) 
thrown [t:\workspace\open\src\hotspot\share\prims\jni.cpp, line 516]
Event: 18.214 Thread 0x00000148d6999f30 Exception <a 'sun/nio/fs/WindowsException'{0x0000000719c30920}> (0x0000000719c30920) 
thrown [t:\workspace\open\src\hotspot\share\prims\jni.cpp, line 516]
Event: 18.214 Thread 0x00000148d6998720 Exception <a 'sun/nio/fs/WindowsException'{0x0000000719c202f8}> (0x0000000719c202f8) 
thrown [t:\workspace\open\src\hotspot\share\prims\jni.cpp, line 516]
Event: 18.214 Thread 0x00000148d6999f30 Exception <a 'sun/nio/fs/WindowsException'{0x0000000719c30e20}> (0x0000000719c30e20) 
thrown [t:\workspace\open\src\hotspot\share\prims\jni.cpp, line 516]

VM Operations (20 events):
Event: 18.496 Executing VM operation: ICBufferFull done
Event: 18.500 Executing VM operation: ICBufferFull
Event: 18.500 Executing VM operation: ICBufferFull done
Event: 18.502 Executing VM operation: ICBufferFull
Event: 18.502 Executing VM operation: ICBufferFull done
Event: 18.502 Executing VM operation: ICBufferFull
Event: 18.502 Executing VM operation: ICBufferFull done
Event: 18.504 Executing VM operation: ICBufferFull
Event: 18.504 Executing VM operation: ICBufferFull done
Event: 18.505 Executing VM operation: ICBufferFull
Event: 18.505 Executing VM operation: ICBufferFull done
Event: 18.507 Executing VM operation: ICBufferFull
Event: 18.507 Executing VM operation: ICBufferFull done
Event: 18.508 Executing VM operation: ICBufferFull
Event: 18.508 Executing VM operation: ICBufferFull done
Event: 18.511 Executing VM operation: G1CollectForAllocation
Event: 18.522 Executing VM operation: G1CollectForAllocation done
Event: 18.524 Executing VM operation: Cleanup
Event: 18.526 Executing VM operation: Cleanup done
Event: 18.526 Executing VM operation: G1CollectForAllocation

Events (20 events):
Event: 18.198 Thread 0x00000148d6998720 Thread added: 0x00000148d6998720
Event: 18.198 Thread 0x00000148d6999f30 Thread added: 0x00000148d6999f30
Event: 18.198 Thread 0x00000148d6998bf0 Thread added: 0x00000148d6998bf0
Event: 18.198 Thread 0x00000148d6996570 Thread added: 0x00000148d6996570
Event: 18.198 Thread 0x00000148d6993ef0 Thread added: 0x00000148d6993ef0
Event: 18.198 Thread 0x00000148d6995230 Thread added: 0x00000148d6995230
Event: 18.199 Thread 0x00000148d6995700 Thread added: 0x00000148d6995700
Event: 18.199 Thread 0x00000148d6995bd0 Thread added: 0x00000148d6995bd0
Event: 18.199 Thread 0x00000148d69960a0 Thread added: 0x00000148d69960a0
Event: 18.199 Thread 0x00000148d6996f10 Thread added: 0x00000148d6996f10
Event: 18.199 Thread 0x00000148d6998250 Thread added: 0x00000148d6998250
Event: 18.199 Thread 0x00000148d69973e0 Thread added: 0x00000148d69973e0
Event: 18.199 Thread 0x00000148d6999a60 Thread added: 0x00000148d6999a60
Event: 18.199 Thread 0x00000148d69943c0 Thread added: 0x00000148d69943c0
Event: 18.199 Thread 0x00000148d69990c0 Thread added: 0x00000148d69990c0
Event: 18.200 Thread 0x00000148d6994890 Thread added: 0x00000148d6994890
Event: 18.200 Thread 0x00000148d6999590 Thread added: 0x00000148d6999590
Event: 18.200 Thread 0x00000148d69978b0 Thread added: 0x00000148d69978b0
Event: 18.260 Thread 0x00000148d6997d80 Thread added: 0x00000148d6997d80
Event: 18.282 Thread 0x00000148d6997d80 Thread exited: 0x00000148d6997d80


Dynamic libraries:
0x00007ff62d320000 - 0x00007ff62d330000 	D:\LenovoSoftstore\Java\jdk-17.0.1\bin\java.exe
0x00007ffe79050000 - 0x00007ffe79248000 	C:\WINDOWS\SYSTEM32\ntdll.dll
0x00007ffe77bc0000 - 0x00007ffe77c7d000 	C:\WINDOWS\System32\KERNEL32.DLL
0x00007ffe76c90000 - 0x00007ffe76f86000 	C:\WINDOWS\System32\KERNELBASE.dll
0x00007ffe76a30000 - 0x00007ffe76b30000 	C:\WINDOWS\System32\ucrtbase.dll
0x00007ffe6bf90000 - 0x00007ffe6bfaa000 	D:\LenovoSoftstore\Java\jdk-17.0.1\bin\VCRUNTIME140.dll
0x00007ffe62ff0000 - 0x00007ffe63008000 	D:\LenovoSoftstore\Java\jdk-17.0.1\bin\jli.dll
0x00007ffe77a70000 - 0x00007ffe77b20000 	C:\WINDOWS\System32\ADVAPI32.dll
0x00007ffe78a40000 - 0x00007ffe78ade000 	C:\WINDOWS\System32\msvcrt.dll
0x00007ffe77e30000 - 0x00007ffe77ed0000 	C:\WINDOWS\System32\sechost.dll
0x00007ffe77f40000 - 0x00007ffe78063000 	C:\WINDOWS\System32\RPCRT4.dll
0x00007ffe76730000 - 0x00007ffe76757000 	C:\WINDOWS\System32\bcrypt.dll
0x00007ffe78e70000 - 0x00007ffe7900f000 	C:\WINDOWS\System32\USER32.dll
0x00007ffe76700000 - 0x00007ffe76722000 	C:\WINDOWS\System32\win32u.dll
0x00007ffe77160000 - 0x00007ffe7718b000 	C:\WINDOWS\System32\GDI32.dll
0x00007ffe76810000 - 0x00007ffe76927000 	C:\WINDOWS\System32\gdi32full.dll
0x00007ffe66960000 - 0x00007ffe66bfa000 	C:\WINDOWS\WinSxS\amd64_microsoft.windows.common-controls_6595b64144ccf1df_6.0.19041.4355_none_60b8b9eb71f62e16\COMCTL32.dll
0x00007ffe76fe0000 - 0x00007ffe7707d000 	C:\WINDOWS\System32\msvcp_win.dll
0x00007ffe6cfb0000 - 0x00007ffe6cfba000 	C:\WINDOWS\SYSTEM32\VERSION.dll
0x00007ffe78d80000 - 0x00007ffe78db2000 	C:\WINDOWS\System32\IMM32.DLL
0x00007ffe65dd0000 - 0x00007ffe65ddc000 	D:\LenovoSoftstore\Java\jdk-17.0.1\bin\vcruntime140_1.dll
0x00007ffe22dd0000 - 0x00007ffe22e5d000 	D:\LenovoSoftstore\Java\jdk-17.0.1\bin\msvcp140.dll
0x00007ffe20990000 - 0x00007ffe2154e000 	D:\LenovoSoftstore\Java\jdk-17.0.1\bin\server\jvm.dll
0x00007ffe77ed0000 - 0x00007ffe77ed8000 	C:\WINDOWS\System32\PSAPI.DLL
0x00007ffe66930000 - 0x00007ffe66939000 	C:\WINDOWS\SYSTEM32\WSOCK32.dll
0x00007ffe6cf80000 - 0x00007ffe6cfa7000 	C:\WINDOWS\SYSTEM32\WINMM.dll
0x00007ffe789d0000 - 0x00007ffe78a3b000 	C:\WINDOWS\System32\WS2_32.dll
0x00007ffe74f40000 - 0x00007ffe74f52000 	C:\WINDOWS\SYSTEM32\kernel.appcore.dll
0x00007ffe62fe0000 - 0x00007ffe62fea000 	D:\LenovoSoftstore\Java\jdk-17.0.1\bin\jimage.dll
0x00007ffe74a70000 - 0x00007ffe74c54000 	C:\WINDOWS\SYSTEM32\DBGHELP.DLL
0x00007ffe5fc30000 - 0x00007ffe5fc64000 	C:\WINDOWS\SYSTEM32\dbgcore.DLL
0x00007ffe76930000 - 0x00007ffe769b2000 	C:\WINDOWS\System32\bcryptPrimitives.dll
0x00007ffe588e0000 - 0x00007ffe5891b000 	D:\LenovoSoftstore\Java\jdk-17.0.1\bin\jdwp.dll
0x00007ffe58890000 - 0x00007ffe5889e000 	D:\LenovoSoftstore\Java\jdk-17.0.1\bin\instrument.dll
0x00007ffe377c0000 - 0x00007ffe377e5000 	D:\LenovoSoftstore\Java\jdk-17.0.1\bin\java.dll
0x00007ffe25350000 - 0x00007ffe25368000 	D:\LenovoSoftstore\Java\jdk-17.0.1\bin\zip.dll
0x00007ffe22350000 - 0x00007ffe22426000 	D:\LenovoSoftstore\Java\jdk-17.0.1\bin\svml.dll
0x00007ffe78260000 - 0x00007ffe789cb000 	C:\WINDOWS\System32\SHELL32.dll
0x00007ffe73960000 - 0x00007ffe740fd000 	C:\WINDOWS\SYSTEM32\windows.storage.dll
0x00007ffe77710000 - 0x00007ffe77a63000 	C:\WINDOWS\System32\combase.dll
0x00007ffe76050000 - 0x00007ffe7607e000 	C:\WINDOWS\SYSTEM32\Wldp.dll
0x00007ffe78c30000 - 0x00007ffe78cfd000 	C:\WINDOWS\System32\OLEAUT32.dll
0x00007ffe78dc0000 - 0x00007ffe78e6d000 	C:\WINDOWS\System32\SHCORE.dll
0x00007ffe77600000 - 0x00007ffe77655000 	C:\WINDOWS\System32\shlwapi.dll
0x00007ffe76630000 - 0x00007ffe76654000 	C:\WINDOWS\SYSTEM32\profapi.dll
0x00007ffe71d00000 - 0x00007ffe71d0c000 	D:\LenovoSoftstore\Java\jdk-17.0.1\bin\dt_socket.dll
0x00007ffe75a90000 - 0x00007ffe75acb000 	C:\WINDOWS\SYSTEM32\IPHLPAPI.DLL
0x00007ffe75db0000 - 0x00007ffe75e1a000 	C:\WINDOWS\system32\mswsock.dll
0x00007ffe377a0000 - 0x00007ffe377b9000 	D:\LenovoSoftstore\Java\jdk-17.0.1\bin\net.dll
0x00007ffe71080000 - 0x00007ffe7118a000 	C:\WINDOWS\SYSTEM32\WINHTTP.dll
0x00007ffe37320000 - 0x00007ffe37335000 	D:\LenovoSoftstore\Java\jdk-17.0.1\bin\nio.dll
0x00007ffe5de90000 - 0x00007ffe5dedb000 	C:\Program Files (x86)\Sangfor\SSL\ClientComponent\SangforNspX64.dll
0x00007ffe78ae0000 - 0x00007ffe78c0b000 	C:\WINDOWS\System32\ole32.dll
0x00007ffe75ad0000 - 0x00007ffe75b9b000 	C:\WINDOWS\SYSTEM32\DNSAPI.dll
0x00007ffe77b20000 - 0x00007ffe77b28000 	C:\WINDOWS\System32\NSI.dll
0x00007ffe6f0f0000 - 0x00007ffe6f0fa000 	C:\Windows\System32\rasadhlp.dll
0x00007ffe6ce40000 - 0x00007ffe6cec0000 	C:\WINDOWS\System32\fwpuclnt.dll
0x00007ffe6bfb0000 - 0x00007ffe6bfb9000 	D:\LenovoSoftstore\Java\jdk-17.0.1\bin\management.dll
0x00007ffe662a0000 - 0x00007ffe662ab000 	D:\LenovoSoftstore\Java\jdk-17.0.1\bin\management_ext.dll
0x00007ffe75fa0000 - 0x00007ffe75fb8000 	C:\WINDOWS\SYSTEM32\CRYPTSP.dll
0x00007ffe756d0000 - 0x00007ffe75704000 	C:\WINDOWS\system32\rsaenh.dll
0x00007ffe765a0000 - 0x00007ffe765ce000 	C:\WINDOWS\SYSTEM32\USERENV.dll
0x00007ffe75fc0000 - 0x00007ffe75fcc000 	C:\WINDOWS\SYSTEM32\CRYPTBASE.dll
0x00007ffe6f1a0000 - 0x00007ffe6f1b7000 	C:\WINDOWS\SYSTEM32\dhcpcsvc6.DLL
0x00007ffe6f180000 - 0x00007ffe6f19d000 	C:\WINDOWS\SYSTEM32\dhcpcsvc.DLL
0x00007ffe5cbc0000 - 0x00007ffe5cbd7000 	C:\WINDOWS\system32\napinsp.dll
0x00007ffe5ca10000 - 0x00007ffe5ca2b000 	C:\WINDOWS\system32\pnrpnsp.dll
0x00007ffe5c860000 - 0x00007ffe5c875000 	C:\WINDOWS\system32\wshbth.dll
0x00007ffe71730000 - 0x00007ffe7174d000 	C:\WINDOWS\system32\NLAapi.dll
0x00007ffe5c790000 - 0x00007ffe5c7a2000 	C:\WINDOWS\System32\winrnr.dll
0x00007ffe58a50000 - 0x00007ffe58a5e000 	D:\LenovoSoftstore\Java\jdk-17.0.1\bin\sunmscapi.dll
0x00007ffe76b30000 - 0x00007ffe76c8e000 	C:\WINDOWS\System32\CRYPT32.dll
0x00007ffe760c0000 - 0x00007ffe760e9000 	C:\WINDOWS\SYSTEM32\ncrypt.dll
0x00007ffe76080000 - 0x00007ffe760bb000 	C:\WINDOWS\SYSTEM32\NTASN1.dll
0x00007ffe66450000 - 0x00007ffe66457000 	C:\WINDOWS\system32\wshunix.dll

dbghelp: loaded successfully - version: 4.0.5 - missing functions: none
symbol engine: initialized successfully - sym options: 0x614 - pdb path: .;D:\LenovoSoftstore\Java\jdk-17.0.1\bin;C:\WINDOWS\SYSTEM32;C:\WINDOWS\WinSxS\amd64_microsoft.windows.common-controls_6595b64144ccf1df_6.0.19041.4355_none_60b8b9eb71f62e16;D:\LenovoSoftstore\Java\jdk-17.0.1\bin\server;C:\Program Files (x86)\Sangfor\SSL\ClientComponent

VM Arguments:
jvm_args: -agentlib:jdwp=transport=dt_socket,address=127.0.0.1:40914,suspend=y,server=n -Dvisualvm.id=12181941208400 -XX:TieredStopAtLevel=1 -Dspring.output.ansi.enabled=always -Dcom.sun.management.jmxremote -Dspring.jmx.enabled=true -Dspring.liveBeansView.mbeanDomain -Dspring.application.admin.enabled=true -javaagent:C:\Users\BaiYiChen\AppData\Local\JetBrains\IntelliJIdea2022.2\captureAgent\debugger-agent.jar=file:/C:/Users/BaiYiChen/AppData/Local/Temp/capture11.props -Dfile.encoding=UTF-8 
java_command: site.cilicili.App
java_class_path (initial): D:\Documents\JavaCode\Code\cilicili()\build\classes\java\main;D:\Documents\JavaCode\Code\cilicili()\build\resources\main;D:\LenovoSoftstore\gradle-8.4\caches\modules-2\files-2.1\io.jsonwebtoken\jjwt-api\0.11.4\534f9ece7be58858e0bf1275dd5326d9e702568a\jjwt-api-0.11.4.jar;D:\LenovoSoftstore\gradle-8.4\caches\modules-2\files-2.1\com.alipay.sdk\alipay-sdk-java\4.39.40.ALL\a884dcee3ff0ad994e28d6f26528dec595415c16\alipay-sdk-java-4.39.40.ALL.jar;D:\LenovoSoftstore\gradle-8.4\caches\modules-2\files-2.1\org.springframework.boot\spring-boot-starter-amqp\3.1.6\1ef77f1b93e1552cdec60b1059e631dfaecad708\spring-boot-starter-amqp-3.1.6.jar;D:\LenovoSoftstore\gradle-8.4\caches\modules-2\files-2.1\org.springframework.boot\spring-boot-starter-data-mongodb\3.1.6\13d3b13f5079fc9028b83a8e3c486d095efdf5ed\spring-boot-starter-data-mongodb-3.1.6.jar;D:\LenovoSoftstore\gradle-8.4\caches\modules-2\files-2.1\org.redisson\redisson-spring-boot-starter\3.25.2\13631ae691cae04c9177f9024d7a65c49ccf451d\redisson-spring-boot-starter-3.25.2.jar;D:\LenovoSoftstore\gradle-8.4\caches\modules-2\files-2.1\org.springframework.boot\spring-boot-starter-data-redis\3.1.6\30f02d82d1ee8110004b2f7eb641aab0d8756675\spring-boot-starter-data-redis-3.1.6.jar;D:\LenovoSoftstore\gradle-8.4\caches\modules-2\files-2.1\org.springframework.boot\spring-boot-starter-cache\3.1.6\4ad7bd6cce8b3bdde458606f2c0b4029e22447c1\spring-boot-starter-cache-3.1.6.jar;D:\LenovoSoftstore\gradle-8.4\caches\modules-2\files-2.1\org.springframework.boot\spring-boot-starter-thymeleaf\3.1.6\eed311b1ea44cd45c657282a92ccdc7391793a87\spring-boot-starter-thymeleaf-3.1.6.jar;D:\LenovoSoftstore\gradle-8.4\caches\modules-2\files-2.1\org.springframework.boot\spring-boot-starter-mail\3.1.6\b207f7d3d752965a5a4c4b417b63f2b5bed75d69\spring-boot-starter-mail-3.1.6.jar;D:\LenovoSoftstore\gradle-8.4\caches\modules-2\files-2.1\org.apache.commons\commons-pool2\2.12.0\458563f69fbdaebf7daadfe10dc3a22e42a7de50\commons-pool
Launcher Type: SUN_STANDARD

[Global flags]
     intx CICompilerCount                          = 4                                         {product} {ergonomic}
     uint ConcGCThreads                            = 3                                         {product} {ergonomic}
     uint G1ConcRefinementThreads                  = 10                                        {product} {ergonomic}
   size_t G1HeapRegionSize                         = 2097152                                   {product} {ergonomic}
    uintx GCDrainStackTargetSize                   = 64                                        {product} {ergonomic}
   size_t InitialHeapSize                          = 257949696                                 {product} {ergonomic}
     bool ManagementServer                         = true                                      {product} {command line}
   size_t MarkStackSize                            = 4194304                                   {product} {ergonomic}
   size_t MaxHeapSize                              = 4127195136                                {product} {ergonomic}
   size_t MaxNewSize                               = 2474639360                                {product} {ergonomic}
   size_t MinHeapDeltaBytes                        = 2097152                                   {product} {ergonomic}
   size_t MinHeapSize                              = 8388608                                   {product} {ergonomic}
    uintx NonProfiledCodeHeapSize                  = 0                                      {pd product} {ergonomic}
     bool ProfileInterpreter                       = false                                  {pd product} {command line}
    uintx ProfiledCodeHeapSize                     = 0                                      {pd product} {ergonomic}
   size_t SoftMaxHeapSize                          = 4127195136                             {manageable} {ergonomic}
     intx TieredStopAtLevel                        = 1                                         {product} {command line}
     bool UseCompressedClassPointers               = true                           {product lp64_product} {ergonomic}
     bool UseCompressedOops                        = true                           {product lp64_product} {ergonomic}
     bool UseG1GC                                  = true                                      {product} {ergonomic}
     bool UseLargePagesIndividualAllocation        = false                                  {pd product} {ergonomic}

Logging:
Log output configuration:
 #0: stdout all=warning uptime,level,tags
 #1: stderr all=off uptime,level,tags

Environment Variables:
JAVA_HOME=D:\LenovoSoftstore\Java\jdk-17.0.1
CLASSPATH=.;D:\LenovoSoftstore\Java\jdk-17.0.1\lib;D:\LenovoSoftstore\Java\jdk-17.0.1\lib\dt.jar;D:\LenovoSoftstore\Java\jdk-17.0.1\lib\tools.jar;
PATH=D:\LenovoSoftstore\python3.11\Scripts\;D:\LenovoSoftstore\python3.11\;D:\LenovoSoftstore\Git\bin;D:\LenovoSoftstore\apache-tomcat-9.0.58\bin;D:\LenovoSoftstore\apache-tomcat-9.0.58\lib;D:\LenovoSoftstore\VMware\VMware Workstation\bin\;C:\Program Files\Common Files\Oracle\Java\javapath;C:\ProgramData\Oracle\Java\javapath;D:\LenovoSoftstore\bin;C:\Program Files\dotnet\;C:\WINDOWS\system32;C:\WINDOWS;C:\WINDOWS\System32\Wbem;C:\WINDOWS\System32\WindowsPowerShell\v1.0\;C:\WINDOWS\System32\OpenSSH\;C:\Program Files (x86)\dotnet\;D:\LenovoSoftstore\Graphviz\bin;C:\Program Files\Microsoft SQL Server\130\Tools\Binn\;D:\LenovoSoftstore\MySQL\MySQL Server 8.0\bin;D:\LenovoSoftstore\Xftp 7\;D:\LenovoSoftstore\Xshell 7\;D:\LenovoSoftstore\Redis-x64-3.2.100;C:\Program Files (x86)\Graphviz\bin;D:\LenovoSoftstore\apache-zookeeper-3.7.1\bin;C:\ProgramData\chocolatey\bin;%M2_HOME%\bin;D:\LenovoSoftstore\gradle-8.4;D:\LenovoSoftstore\apache-jmeter-5.5\bin;D:\LenovoSoftstore\Git\cmd;D:\LenovoSoftstore\gradle-8.4\bin;D:\LenovoSoftstore\nvm\npm;D:\LenovoSoftstore\nodejs;D:\LenovoSoftstore\nvm;D:\LenovoSoftstore\nodejs;%M2_HOME%;C:\Users\BaiYiChen\AppData\Local\activestate\cache\bin;C:\Users\BaiYiChen\AppData\Local\ActiveState\StateTool\release\bin;D:\LenovoSoftstore\Java\jdk-17.0.1\bin;D:\LenovoSoftstore\gradle-8.4\bin;C:\Program Files\Azure Data Studio\bin;C:\Users\BaiYiChen\AppData\Local\Microsoft\WindowsApps;C:\Users\BaiYiChen\.dotnet\tools;D:\LenovoSoftstore\IntelliJ IDEA 2021.3.3\bin;D:\LenovoSoftstore\IntelliJ IDEA Community Edition 2021.1.2\bin;;D:\LenovoSoftstore\MySQL\MySQL Server 8.0\bin;D:\LenovoSoftstore\WebStorm 2021.3.3\bin;D:\LenovoSoftstore\PyCharm 2022.1\bin;D:\LenovoSoftstore\MASM611\BIN;D:\LenovoSoftstore\nginx-1.23.2\bin;D:\LenovoSoftstore\gradle-8.4;D:\LenovoSoftstore\AndroidSdk\SDK\platform-tools;D:\LenovoSoftstore\go1.20.windows-amd64\\bin;D:\LenovoSoftstore\python3.11.0;D:\LenovoSoftstore\CLion2023.1.4\bin;D:\LenovoSoftstore\CLion2023.1.4\bin\cmake\win\x64\bin;
USERNAME=BaiYiChen
OS=Windows_NT
PROCESSOR_IDENTIFIER=AMD64 Family 23 Model 96 Stepping 1, AuthenticAMD



---------------  S Y S T E M  ---------------

OS:
 Windows 10 , 64 bit Build 19041 (10.0.19041.3636)
OS uptime: 0 days 3:23 hours

CPU: total 12 (initial active 12) (12 cores per cpu, 2 threads per core) family 23 model 96 stepping 1 microcode 0x0, cx8, cmov, fxsr, ht, mmx, 3dnowpref, sse, sse2, sse3, ssse3, sse4a, sse4.1, sse4.2, popcnt, lzcnt, tsc, tscinvbit, avx, avx2, aes, clmul, bmi1, bmi2, adx, sha, fma, vzeroupper, clflush, clflushopt

Memory: 4k page, system-wide physical 15741M (3364M free)
TotalPageFile size 24124M (AvailPageFile size 483M)
current process WorkingSet (physical memory assigned to process): 601M, peak: 601M
current process commit charge ("private bytes"): 665M, peak: 1159M

vm_info: Java HotSpot(TM) 64-Bit Server VM (17.0.1+12-LTS-39) for windows-amd64 JRE (17.0.1+12-LTS-39), built on Sep 27 2021 18:41:35 by "mach5one" with MS VC++ 16.8 (VS2019)

END.
