#
# There is insufficient memory for the Java Runtime Environment to continue.
# Native memory allocation (malloc) failed to allocate 32744 bytes for ChunkPool::allocate
# Possible reasons:
#   The system is out of physical RAM or swap space
#   The process is running with CompressedOops enabled, and the Java Heap may be blocking the growth of the native heap
# Possible solutions:
#   Reduce memory load on the system
#   Increase physical memory or swap space
#   Check if swap backing store is full
#   Decrease Java heap size (-Xmx/-Xms)
#   Decrease number of Java threads
#   Decrease Java thread stack sizes (-Xss)
#   Set larger code cache with -XX:ReservedCodeCacheSize=
#   JVM is running with Zero Based Compressed Oops mode in which the Java heap is
#     placed in the first 32GB address space. The Java Heap base address is the
#     maximum limit for the native heap growth. Please use -XX:HeapBaseMinAddress
#     to set the Java Heap base and to place the Java Heap above 32GB virtual address.
# This output file may be truncated or incomplete.
#
#  Out of Memory Error (arena.cpp:78), pid=34660, tid=34424
#
# JRE version: Java(TM) SE Runtime Environment (17.0.1+12) (build 17.0.1+12-LTS-39)
# Java VM: Java HotSpot(TM) 64-Bit Server VM (17.0.1+12-LTS-39, mixed mode, emulated-client, tiered, compressed oops, compressed class ptrs, g1 gc, windows-amd64)
# No core dump will be written. Minidumps are not enabled by default on client versions of Windows
#

---------------  S U M M A R Y ------------

Command Line: -agentlib:jdwp=transport=dt_socket,address=127.0.0.1:62841,suspend=y,server=n -Dvisualvm.id=261045141397500 -XX:TieredStopAtLevel=1 -Dspring.output.ansi.enabled=always -Dcom.sun.management.jmxremote -Dspring.jmx.enabled=true -Dspring.liveBeansView.mbeanDomain -Dspring.application.admin.enabled=true -javaagent:C:\Users\BaiYiChen\AppData\Local\JetBrains\IntelliJIdea2022.2\captureAgent\debugger-agent.jar=file:/C:/Users/BaiYiChen/AppData/Local/Temp/capture1.props -Dfile.encoding=UTF-8 site.cilicili.App

Host: AMD Ryzen 5 4600U with Radeon Graphics         , 12 cores, 15G,  Windows 10 , 64 bit Build 19041 (10.0.19041.3636)
Time: Thu Jan 18 23:04:41 2024  Windows 10 , 64 bit Build 19041 (10.0.19041.3636) elapsed time: 1.122081 seconds (0d 0h 0m 1s)

---------------  T H R E A D  ---------------

Current thread (0x000002c5b2703010):  JavaThread "C1 CompilerThread1" daemon [_thread_in_native, id=34424, stack(0x000000df1c200000,0x000000df1c300000)]


Current CompileTask:
C1:   1122  525       1       jdk.internal.org.objectweb.asm.Frame::execute (2305 bytes)

Stack: [0x000000df1c200000,0x000000df1c300000]
Native frames: (J=compiled Java code, j=interpreted, Vv=VM code, C=native code)
V  [jvm.dll+0x66fa1a]
V  [jvm.dll+0x7ce5a4]
V  [jvm.dll+0x7cfd4e]
V  [jvm.dll+0x7d03b3]
V  [jvm.dll+0x242b05]
V  [jvm.dll+0xaa2a0]
V  [jvm.dll+0xaa5ec]
V  [jvm.dll+0x1758f4]
V  [jvm.dll+0x1780b1]
V  [jvm.dll+0x1323c3]
V  [jvm.dll+0x131cbf]
V  [jvm.dll+0x131ef6]
V  [jvm.dll+0x13138a]
V  [jvm.dll+0x133051]
V  [jvm.dll+0x224848]
V  [jvm.dll+0x2229ac]
V  [jvm.dll+0x78435b]
V  [jvm.dll+0x77e91a]
V  [jvm.dll+0x66e845]
C  [ucrtbase.dll+0x21bb2]
C  [KERNEL32.DLL+0x17344]
C  [ntdll.dll+0x526b1]


---------------  P R O C E S S  ---------------

Threads class SMR info:
_java_thread_list=0x000002c5b2787b80, length=17, elements={
0x000002c59b0c7010, 0x000002c5b1afb360, 0x000002c5b246c6d0, 0x000002c5b24a66b0,
0x000002c5b24d9170, 0x000002c5b24daa40, 0x000002c5b24db3f0, 0x000002c5b247c890,
0x000002c5b2480690, 0x000002c5b26bf210, 0x000002c5b2703010, 0x000002c5b2703760,
0x000002c5b2704490, 0x000002c5b27403a0, 0x000002c5b27437d0, 0x000002c5b2743eb0,
0x000002c5b2771660
}

Java Threads: ( => current thread )
  0x000002c59b0c7010 JavaThread "main" [_thread_in_native, id=30576, stack(0x000000df1b200000,0x000000df1b300000)]
  0x000002c5b1afb360 JavaThread "Reference Handler" daemon [_thread_blocked, id=17544, stack(0x000000df1b900000,0x000000df1ba00000)]
  0x000002c5b246c6d0 JavaThread "Finalizer" daemon [_thread_blocked, id=35048, stack(0x000000df1ba00000,0x000000df1bb00000)]
  0x000002c5b24a66b0 JavaThread "Signal Dispatcher" daemon [_thread_blocked, id=31344, stack(0x000000df1bb00000,0x000000df1bc00000)]
  0x000002c5b24d9170 JavaThread "Attach Listener" daemon [_thread_blocked, id=23584, stack(0x000000df1bc00000,0x000000df1bd00000)]
  0x000002c5b24daa40 JavaThread "Service Thread" daemon [_thread_blocked, id=25028, stack(0x000000df1bd00000,0x000000df1be00000)]
  0x000002c5b24db3f0 JavaThread "Monitor Deflation Thread" daemon [_thread_blocked, id=34228, stack(0x000000df1be00000,0x000000df1bf00000)]
  0x000002c5b247c890 JavaThread "C1 CompilerThread0" daemon [_thread_in_vm, id=19776, stack(0x000000df1bf00000,0x000000df1c000000)]
  0x000002c5b2480690 JavaThread "Sweeper thread" daemon [_thread_blocked, id=27284, stack(0x000000df1c000000,0x000000df1c100000)]
  0x000002c5b26bf210 JavaThread "Common-Cleaner" daemon [_thread_blocked, id=17764, stack(0x000000df1c100000,0x000000df1c200000)]
=>0x000002c5b2703010 JavaThread "C1 CompilerThread1" daemon [_thread_in_native, id=34424, stack(0x000000df1c200000,0x000000df1c300000)]
  0x000002c5b2703760 JavaThread "C1 CompilerThread2" daemon [_thread_in_native, id=29668, stack(0x000000df1c300000,0x000000df1c400000)]
  0x000002c5b2704490 JavaThread "C1 CompilerThread3" daemon [_thread_in_vm, id=32268, stack(0x000000df1c400000,0x000000df1c500000)]
  0x000002c5b27403a0 JavaThread "JDWP Transport Listener: dt_socket" daemon [_thread_blocked, id=29940, stack(0x000000df1c500000,0x000000df1c600000)]
  0x000002c5b27437d0 JavaThread "JDWP Event Helper Thread" daemon [_thread_in_native, id=25404, stack(0x000000df1c600000,0x000000df1c700000)]
  0x000002c5b2743eb0 JavaThread "JDWP Command Reader" daemon [_thread_in_native, id=4708, stack(0x000000df1c700000,0x000000df1c800000)]
  0x000002c5b2771660 JavaThread "Notification Thread" daemon [_thread_blocked, id=25936, stack(0x000000df1c800000,0x000000df1c900000)]

Other Threads:
  0x000002c5b1afa770 VMThread "VM Thread" [stack: 0x000000df1b800000,0x000000df1b900000] [id=33932]
  0x000002c59b119ee0 GCTaskThread "GC Thread#0" [stack: 0x000000df1b300000,0x000000df1b400000] [id=30588]
  0x000002c59b12a420 ConcurrentGCThread "G1 Main Marker" [stack: 0x000000df1b400000,0x000000df1b500000] [id=13648]
  0x000002c59b12d4e0 ConcurrentGCThread "G1 Conc#0" [stack: 0x000000df1b500000,0x000000df1b600000] [id=27912]
  0x000002c59b16dfe0 ConcurrentGCThread "G1 Refine#0" [stack: 0x000000df1b600000,0x000000df1b700000] [id=15252]
  0x000002c59b16e900 ConcurrentGCThread "G1 Service" [stack: 0x000000df1b700000,0x000000df1b800000] [id=30508]

Threads with active compile tasks:
C1 CompilerThread1     1203  525       1       jdk.internal.org.objectweb.asm.Frame::execute (2305 bytes)
C1 CompilerThread2     1203  691       1       java.util.TreeMap::containsKey (14 bytes)
C1 CompilerThread3     1203  697       1       java.util.TreeMap$EntryIterator::next (5 bytes)

VM state: not at safepoint (normal execution)

VM Mutex/Monitor currently owned by a thread: None

Heap address: 0x000000070a000000, size: 3936 MB, Compressed Oops mode: Zero based, Oop shift amount: 3

CDS archive(s) not mapped
Compressed class space mapped at: 0x0000000800000000-0x0000000840000000, reserved size: 1073741824
Narrow klass base: 0x0000000800000000, Narrow klass shift: 0, Narrow klass range: 0x40000000

GC Precious Log:
 CPUs: 12 total, 12 available
 Memory: 15741M
 Large Page Support: Disabled
 NUMA Support: Disabled
 Compressed Oops: Enabled (Zero based)
 Heap Region Size: 2M
 Heap Min Capacity: 8M
 Heap Initial Capacity: 246M
 Heap Max Capacity: 3936M
 Pre-touch: Disabled
 Parallel Workers: 10
 Concurrent Workers: 3
 Concurrent Refinement Workers: 10
 Periodic GC: Disabled

Heap:
 garbage-first heap   total 251904K, used 16384K [0x000000070a000000, 0x0000000800000000)
  region size 2048K, 10 young (20480K), 0 survivors (0K)
 Metaspace       used 9052K, committed 9280K, reserved 1064960K
  class space    used 844K, committed 960K, reserved 1048576K

Heap Regions: E=young(eden), S=young(survivor), O=old, HS=humongous(starts), HC=humongous(continues), CS=collection set, F=free, OA=open archive, CA=closed archive, TAMS=top-at-mark-start (previous, next)
|   0|0x000000070a000000, 0x000000070a000000, 0x000000070a200000|  0%| F|  |TAMS 0x000000070a000000, 0x000000070a000000| Untracked 
|   1|0x000000070a200000, 0x000000070a200000, 0x000000070a400000|  0%| F|  |TAMS 0x000000070a200000, 0x000000070a200000| Untracked 
|   2|0x000000070a400000, 0x000000070a400000, 0x000000070a600000|  0%| F|  |TAMS 0x000000070a400000, 0x000000070a400000| Untracked 
|   3|0x000000070a600000, 0x000000070a600000, 0x000000070a800000|  0%| F|  |TAMS 0x000000070a600000, 0x000000070a600000| Untracked 
|   4|0x000000070a800000, 0x000000070a800000, 0x000000070aa00000|  0%| F|  |TAMS 0x000000070a800000, 0x000000070a800000| Untracked 
|   5|0x000000070aa00000, 0x000000070aa00000, 0x000000070ac00000|  0%| F|  |TAMS 0x000000070aa00000, 0x000000070aa00000| Untracked 
|   6|0x000000070ac00000, 0x000000070ac00000, 0x000000070ae00000|  0%| F|  |TAMS 0x000000070ac00000, 0x000000070ac00000| Untracked 
|   7|0x000000070ae00000, 0x000000070ae00000, 0x000000070b000000|  0%| F|  |TAMS 0x000000070ae00000, 0x000000070ae00000| Untracked 
|   8|0x000000070b000000, 0x000000070b000000, 0x000000070b200000|  0%| F|  |TAMS 0x000000070b000000, 0x000000070b000000| Untracked 
|   9|0x000000070b200000, 0x000000070b200000, 0x000000070b400000|  0%| F|  |TAMS 0x000000070b200000, 0x000000070b200000| Untracked 
|  10|0x000000070b400000, 0x000000070b400000, 0x000000070b600000|  0%| F|  |TAMS 0x000000070b400000, 0x000000070b400000| Untracked 
|  11|0x000000070b600000, 0x000000070b600000, 0x000000070b800000|  0%| F|  |TAMS 0x000000070b600000, 0x000000070b600000| Untracked 
|  12|0x000000070b800000, 0x000000070b800000, 0x000000070ba00000|  0%| F|  |TAMS 0x000000070b800000, 0x000000070b800000| Untracked 
|  13|0x000000070ba00000, 0x000000070ba00000, 0x000000070bc00000|  0%| F|  |TAMS 0x000000070ba00000, 0x000000070ba00000| Untracked 
|  14|0x000000070bc00000, 0x000000070bc00000, 0x000000070be00000|  0%| F|  |TAMS 0x000000070bc00000, 0x000000070bc00000| Untracked 
|  15|0x000000070be00000, 0x000000070be00000, 0x000000070c000000|  0%| F|  |TAMS 0x000000070be00000, 0x000000070be00000| Untracked 
|  16|0x000000070c000000, 0x000000070c000000, 0x000000070c200000|  0%| F|  |TAMS 0x000000070c000000, 0x000000070c000000| Untracked 
|  17|0x000000070c200000, 0x000000070c200000, 0x000000070c400000|  0%| F|  |TAMS 0x000000070c200000, 0x000000070c200000| Untracked 
|  18|0x000000070c400000, 0x000000070c400000, 0x000000070c600000|  0%| F|  |TAMS 0x000000070c400000, 0x000000070c400000| Untracked 
|  19|0x000000070c600000, 0x000000070c600000, 0x000000070c800000|  0%| F|  |TAMS 0x000000070c600000, 0x000000070c600000| Untracked 
|  20|0x000000070c800000, 0x000000070c800000, 0x000000070ca00000|  0%| F|  |TAMS 0x000000070c800000, 0x000000070c800000| Untracked 
|  21|0x000000070ca00000, 0x000000070ca00000, 0x000000070cc00000|  0%| F|  |TAMS 0x000000070ca00000, 0x000000070ca00000| Untracked 
|  22|0x000000070cc00000, 0x000000070cc00000, 0x000000070ce00000|  0%| F|  |TAMS 0x000000070cc00000, 0x000000070cc00000| Untracked 
|  23|0x000000070ce00000, 0x000000070ce00000, 0x000000070d000000|  0%| F|  |TAMS 0x000000070ce00000, 0x000000070ce00000| Untracked 
|  24|0x000000070d000000, 0x000000070d000000, 0x000000070d200000|  0%| F|  |TAMS 0x000000070d000000, 0x000000070d000000| Untracked 
|  25|0x000000070d200000, 0x000000070d200000, 0x000000070d400000|  0%| F|  |TAMS 0x000000070d200000, 0x000000070d200000| Untracked 
|  26|0x000000070d400000, 0x000000070d400000, 0x000000070d600000|  0%| F|  |TAMS 0x000000070d400000, 0x000000070d400000| Untracked 
|  27|0x000000070d600000, 0x000000070d600000, 0x000000070d800000|  0%| F|  |TAMS 0x000000070d600000, 0x000000070d600000| Untracked 
|  28|0x000000070d800000, 0x000000070d800000, 0x000000070da00000|  0%| F|  |TAMS 0x000000070d800000, 0x000000070d800000| Untracked 
|  29|0x000000070da00000, 0x000000070da00000, 0x000000070dc00000|  0%| F|  |TAMS 0x000000070da00000, 0x000000070da00000| Untracked 
|  30|0x000000070dc00000, 0x000000070dc00000, 0x000000070de00000|  0%| F|  |TAMS 0x000000070dc00000, 0x000000070dc00000| Untracked 
|  31|0x000000070de00000, 0x000000070de00000, 0x000000070e000000|  0%| F|  |TAMS 0x000000070de00000, 0x000000070de00000| Untracked 
|  32|0x000000070e000000, 0x000000070e000000, 0x000000070e200000|  0%| F|  |TAMS 0x000000070e000000, 0x000000070e000000| Untracked 
|  33|0x000000070e200000, 0x000000070e200000, 0x000000070e400000|  0%| F|  |TAMS 0x000000070e200000, 0x000000070e200000| Untracked 
|  34|0x000000070e400000, 0x000000070e400000, 0x000000070e600000|  0%| F|  |TAMS 0x000000070e400000, 0x000000070e400000| Untracked 
|  35|0x000000070e600000, 0x000000070e600000, 0x000000070e800000|  0%| F|  |TAMS 0x000000070e600000, 0x000000070e600000| Untracked 
|  36|0x000000070e800000, 0x000000070e800000, 0x000000070ea00000|  0%| F|  |TAMS 0x000000070e800000, 0x000000070e800000| Untracked 
|  37|0x000000070ea00000, 0x000000070ea00000, 0x000000070ec00000|  0%| F|  |TAMS 0x000000070ea00000, 0x000000070ea00000| Untracked 
|  38|0x000000070ec00000, 0x000000070ec00000, 0x000000070ee00000|  0%| F|  |TAMS 0x000000070ec00000, 0x000000070ec00000| Untracked 
|  39|0x000000070ee00000, 0x000000070ee00000, 0x000000070f000000|  0%| F|  |TAMS 0x000000070ee00000, 0x000000070ee00000| Untracked 
|  40|0x000000070f000000, 0x000000070f000000, 0x000000070f200000|  0%| F|  |TAMS 0x000000070f000000, 0x000000070f000000| Untracked 
|  41|0x000000070f200000, 0x000000070f200000, 0x000000070f400000|  0%| F|  |TAMS 0x000000070f200000, 0x000000070f200000| Untracked 
|  42|0x000000070f400000, 0x000000070f400000, 0x000000070f600000|  0%| F|  |TAMS 0x000000070f400000, 0x000000070f400000| Untracked 
|  43|0x000000070f600000, 0x000000070f600000, 0x000000070f800000|  0%| F|  |TAMS 0x000000070f600000, 0x000000070f600000| Untracked 
|  44|0x000000070f800000, 0x000000070f800000, 0x000000070fa00000|  0%| F|  |TAMS 0x000000070f800000, 0x000000070f800000| Untracked 
|  45|0x000000070fa00000, 0x000000070fa00000, 0x000000070fc00000|  0%| F|  |TAMS 0x000000070fa00000, 0x000000070fa00000| Untracked 
|  46|0x000000070fc00000, 0x000000070fc00000, 0x000000070fe00000|  0%| F|  |TAMS 0x000000070fc00000, 0x000000070fc00000| Untracked 
|  47|0x000000070fe00000, 0x000000070fe00000, 0x0000000710000000|  0%| F|  |TAMS 0x000000070fe00000, 0x000000070fe00000| Untracked 
|  48|0x0000000710000000, 0x0000000710000000, 0x0000000710200000|  0%| F|  |TAMS 0x0000000710000000, 0x0000000710000000| Untracked 
|  49|0x0000000710200000, 0x0000000710200000, 0x0000000710400000|  0%| F|  |TAMS 0x0000000710200000, 0x0000000710200000| Untracked 
|  50|0x0000000710400000, 0x0000000710400000, 0x0000000710600000|  0%| F|  |TAMS 0x0000000710400000, 0x0000000710400000| Untracked 
|  51|0x0000000710600000, 0x0000000710600000, 0x0000000710800000|  0%| F|  |TAMS 0x0000000710600000, 0x0000000710600000| Untracked 
|  52|0x0000000710800000, 0x0000000710800000, 0x0000000710a00000|  0%| F|  |TAMS 0x0000000710800000, 0x0000000710800000| Untracked 
|  53|0x0000000710a00000, 0x0000000710a00000, 0x0000000710c00000|  0%| F|  |TAMS 0x0000000710a00000, 0x0000000710a00000| Untracked 
|  54|0x0000000710c00000, 0x0000000710c00000, 0x0000000710e00000|  0%| F|  |TAMS 0x0000000710c00000, 0x0000000710c00000| Untracked 
|  55|0x0000000710e00000, 0x0000000710e00000, 0x0000000711000000|  0%| F|  |TAMS 0x0000000710e00000, 0x0000000710e00000| Untracked 
|  56|0x0000000711000000, 0x0000000711000000, 0x0000000711200000|  0%| F|  |TAMS 0x0000000711000000, 0x0000000711000000| Untracked 
|  57|0x0000000711200000, 0x0000000711200000, 0x0000000711400000|  0%| F|  |TAMS 0x0000000711200000, 0x0000000711200000| Untracked 
|  58|0x0000000711400000, 0x0000000711400000, 0x0000000711600000|  0%| F|  |TAMS 0x0000000711400000, 0x0000000711400000| Untracked 
|  59|0x0000000711600000, 0x0000000711600000, 0x0000000711800000|  0%| F|  |TAMS 0x0000000711600000, 0x0000000711600000| Untracked 
|  60|0x0000000711800000, 0x0000000711800000, 0x0000000711a00000|  0%| F|  |TAMS 0x0000000711800000, 0x0000000711800000| Untracked 
|  61|0x0000000711a00000, 0x0000000711a00000, 0x0000000711c00000|  0%| F|  |TAMS 0x0000000711a00000, 0x0000000711a00000| Untracked 
|  62|0x0000000711c00000, 0x0000000711c00000, 0x0000000711e00000|  0%| F|  |TAMS 0x0000000711c00000, 0x0000000711c00000| Untracked 
|  63|0x0000000711e00000, 0x0000000711e00000, 0x0000000712000000|  0%| F|  |TAMS 0x0000000711e00000, 0x0000000711e00000| Untracked 
|  64|0x0000000712000000, 0x0000000712000000, 0x0000000712200000|  0%| F|  |TAMS 0x0000000712000000, 0x0000000712000000| Untracked 
|  65|0x0000000712200000, 0x0000000712200000, 0x0000000712400000|  0%| F|  |TAMS 0x0000000712200000, 0x0000000712200000| Untracked 
|  66|0x0000000712400000, 0x0000000712400000, 0x0000000712600000|  0%| F|  |TAMS 0x0000000712400000, 0x0000000712400000| Untracked 
|  67|0x0000000712600000, 0x0000000712600000, 0x0000000712800000|  0%| F|  |TAMS 0x0000000712600000, 0x0000000712600000| Untracked 
|  68|0x0000000712800000, 0x0000000712800000, 0x0000000712a00000|  0%| F|  |TAMS 0x0000000712800000, 0x0000000712800000| Untracked 
|  69|0x0000000712a00000, 0x0000000712a00000, 0x0000000712c00000|  0%| F|  |TAMS 0x0000000712a00000, 0x0000000712a00000| Untracked 
|  70|0x0000000712c00000, 0x0000000712c00000, 0x0000000712e00000|  0%| F|  |TAMS 0x0000000712c00000, 0x0000000712c00000| Untracked 
|  71|0x0000000712e00000, 0x0000000712e00000, 0x0000000713000000|  0%| F|  |TAMS 0x0000000712e00000, 0x0000000712e00000| Untracked 
|  72|0x0000000713000000, 0x0000000713000000, 0x0000000713200000|  0%| F|  |TAMS 0x0000000713000000, 0x0000000713000000| Untracked 
|  73|0x0000000713200000, 0x0000000713200000, 0x0000000713400000|  0%| F|  |TAMS 0x0000000713200000, 0x0000000713200000| Untracked 
|  74|0x0000000713400000, 0x0000000713400000, 0x0000000713600000|  0%| F|  |TAMS 0x0000000713400000, 0x0000000713400000| Untracked 
|  75|0x0000000713600000, 0x0000000713600000, 0x0000000713800000|  0%| F|  |TAMS 0x0000000713600000, 0x0000000713600000| Untracked 
|  76|0x0000000713800000, 0x0000000713800000, 0x0000000713a00000|  0%| F|  |TAMS 0x0000000713800000, 0x0000000713800000| Untracked 
|  77|0x0000000713a00000, 0x0000000713a00000, 0x0000000713c00000|  0%| F|  |TAMS 0x0000000713a00000, 0x0000000713a00000| Untracked 
|  78|0x0000000713c00000, 0x0000000713c00000, 0x0000000713e00000|  0%| F|  |TAMS 0x0000000713c00000, 0x0000000713c00000| Untracked 
|  79|0x0000000713e00000, 0x0000000713e00000, 0x0000000714000000|  0%| F|  |TAMS 0x0000000713e00000, 0x0000000713e00000| Untracked 
|  80|0x0000000714000000, 0x0000000714000000, 0x0000000714200000|  0%| F|  |TAMS 0x0000000714000000, 0x0000000714000000| Untracked 
|  81|0x0000000714200000, 0x0000000714200000, 0x0000000714400000|  0%| F|  |TAMS 0x0000000714200000, 0x0000000714200000| Untracked 
|  82|0x0000000714400000, 0x0000000714400000, 0x0000000714600000|  0%| F|  |TAMS 0x0000000714400000, 0x0000000714400000| Untracked 
|  83|0x0000000714600000, 0x0000000714600000, 0x0000000714800000|  0%| F|  |TAMS 0x0000000714600000, 0x0000000714600000| Untracked 
|  84|0x0000000714800000, 0x0000000714800000, 0x0000000714a00000|  0%| F|  |TAMS 0x0000000714800000, 0x0000000714800000| Untracked 
|  85|0x0000000714a00000, 0x0000000714a00000, 0x0000000714c00000|  0%| F|  |TAMS 0x0000000714a00000, 0x0000000714a00000| Untracked 
|  86|0x0000000714c00000, 0x0000000714c00000, 0x0000000714e00000|  0%| F|  |TAMS 0x0000000714c00000, 0x0000000714c00000| Untracked 
|  87|0x0000000714e00000, 0x0000000714e00000, 0x0000000715000000|  0%| F|  |TAMS 0x0000000714e00000, 0x0000000714e00000| Untracked 
|  88|0x0000000715000000, 0x0000000715000000, 0x0000000715200000|  0%| F|  |TAMS 0x0000000715000000, 0x0000000715000000| Untracked 
|  89|0x0000000715200000, 0x0000000715200000, 0x0000000715400000|  0%| F|  |TAMS 0x0000000715200000, 0x0000000715200000| Untracked 
|  90|0x0000000715400000, 0x0000000715400000, 0x0000000715600000|  0%| F|  |TAMS 0x0000000715400000, 0x0000000715400000| Untracked 
|  91|0x0000000715600000, 0x0000000715600000, 0x0000000715800000|  0%| F|  |TAMS 0x0000000715600000, 0x0000000715600000| Untracked 
|  92|0x0000000715800000, 0x0000000715800000, 0x0000000715a00000|  0%| F|  |TAMS 0x0000000715800000, 0x0000000715800000| Untracked 
|  93|0x0000000715a00000, 0x0000000715a00000, 0x0000000715c00000|  0%| F|  |TAMS 0x0000000715a00000, 0x0000000715a00000| Untracked 
|  94|0x0000000715c00000, 0x0000000715c00000, 0x0000000715e00000|  0%| F|  |TAMS 0x0000000715c00000, 0x0000000715c00000| Untracked 
|  95|0x0000000715e00000, 0x0000000715e00000, 0x0000000716000000|  0%| F|  |TAMS 0x0000000715e00000, 0x0000000715e00000| Untracked 
|  96|0x0000000716000000, 0x0000000716000000, 0x0000000716200000|  0%| F|  |TAMS 0x0000000716000000, 0x0000000716000000| Untracked 
|  97|0x0000000716200000, 0x0000000716200000, 0x0000000716400000|  0%| F|  |TAMS 0x0000000716200000, 0x0000000716200000| Untracked 
|  98|0x0000000716400000, 0x0000000716400000, 0x0000000716600000|  0%| F|  |TAMS 0x0000000716400000, 0x0000000716400000| Untracked 
|  99|0x0000000716600000, 0x0000000716600000, 0x0000000716800000|  0%| F|  |TAMS 0x0000000716600000, 0x0000000716600000| Untracked 
| 100|0x0000000716800000, 0x0000000716800000, 0x0000000716a00000|  0%| F|  |TAMS 0x0000000716800000, 0x0000000716800000| Untracked 
| 101|0x0000000716a00000, 0x0000000716a00000, 0x0000000716c00000|  0%| F|  |TAMS 0x0000000716a00000, 0x0000000716a00000| Untracked 
| 102|0x0000000716c00000, 0x0000000716c00000, 0x0000000716e00000|  0%| F|  |TAMS 0x0000000716c00000, 0x0000000716c00000| Untracked 
| 103|0x0000000716e00000, 0x0000000716e00000, 0x0000000717000000|  0%| F|  |TAMS 0x0000000716e00000, 0x0000000716e00000| Untracked 
| 104|0x0000000717000000, 0x0000000717000000, 0x0000000717200000|  0%| F|  |TAMS 0x0000000717000000, 0x0000000717000000| Untracked 
| 105|0x0000000717200000, 0x0000000717200000, 0x0000000717400000|  0%| F|  |TAMS 0x0000000717200000, 0x0000000717200000| Untracked 
| 106|0x0000000717400000, 0x0000000717400000, 0x0000000717600000|  0%| F|  |TAMS 0x0000000717400000, 0x0000000717400000| Untracked 
| 107|0x0000000717600000, 0x0000000717600000, 0x0000000717800000|  0%| F|  |TAMS 0x0000000717600000, 0x0000000717600000| Untracked 
| 108|0x0000000717800000, 0x0000000717800000, 0x0000000717a00000|  0%| F|  |TAMS 0x0000000717800000, 0x0000000717800000| Untracked 
| 109|0x0000000717a00000, 0x0000000717a00000, 0x0000000717c00000|  0%| F|  |TAMS 0x0000000717a00000, 0x0000000717a00000| Untracked 
| 110|0x0000000717c00000, 0x0000000717c00000, 0x0000000717e00000|  0%| F|  |TAMS 0x0000000717c00000, 0x0000000717c00000| Untracked 
| 111|0x0000000717e00000, 0x0000000717e00000, 0x0000000718000000|  0%| F|  |TAMS 0x0000000717e00000, 0x0000000717e00000| Untracked 
| 112|0x0000000718000000, 0x0000000718000000, 0x0000000718200000|  0%| F|  |TAMS 0x0000000718000000, 0x0000000718000000| Untracked 
| 113|0x0000000718200000, 0x00000007183c4cd0, 0x0000000718400000| 88%| E|  |TAMS 0x0000000718200000, 0x0000000718200000| Complete 
| 114|0x0000000718400000, 0x0000000718600000, 0x0000000718600000|100%| E|CS|TAMS 0x0000000718400000, 0x0000000718400000| Complete 
| 115|0x0000000718600000, 0x0000000718800000, 0x0000000718800000|100%| E|CS|TAMS 0x0000000718600000, 0x0000000718600000| Complete 
| 116|0x0000000718800000, 0x0000000718a00000, 0x0000000718a00000|100%| E|CS|TAMS 0x0000000718800000, 0x0000000718800000| Complete 
| 117|0x0000000718a00000, 0x0000000718c00000, 0x0000000718c00000|100%| E|CS|TAMS 0x0000000718a00000, 0x0000000718a00000| Complete 
| 118|0x0000000718c00000, 0x0000000718e00000, 0x0000000718e00000|100%| E|  |TAMS 0x0000000718c00000, 0x0000000718c00000| Complete 
| 119|0x0000000718e00000, 0x0000000719000000, 0x0000000719000000|100%| E|CS|TAMS 0x0000000718e00000, 0x0000000718e00000| Complete 
| 120|0x0000000719000000, 0x0000000719200000, 0x0000000719200000|100%| E|CS|TAMS 0x0000000719000000, 0x0000000719000000| Complete 
| 121|0x0000000719200000, 0x0000000719400000, 0x0000000719400000|100%| E|CS|TAMS 0x0000000719200000, 0x0000000719200000| Complete 
| 122|0x0000000719400000, 0x0000000719600000, 0x0000000719600000|100%| E|CS|TAMS 0x0000000719400000, 0x0000000719400000| Complete 

Card table byte_map: [0x000002c5a6380000,0x000002c5a6b30000] _byte_map_base: 0x000002c5a2b30000

Marking Bits (Prev, Next): (CMBitMap*) 0x000002c59b11a4f0, (CMBitMap*) 0x000002c59b11a530
 Prev Bits: [0x000002c5a72e0000, 0x000002c5ab060000)
 Next Bits: [0x000002c5ab060000, 0x000002c5aede0000)

Polling page: 0x000002c598f20000

Metaspace:

Usage:
  Non-class:      8.18 MB used.
      Class:    869.03 KB used.
       Both:      9.03 MB used.

Virtual space:
  Non-class space:       16.00 MB reserved,       8.25 MB ( 52%) committed,  2 nodes.
      Class space:        1.00 GB reserved,     960.00 KB ( <1%) committed,  1 nodes.
             Both:        1.02 GB reserved,       9.19 MB ( <1%) committed. 

Chunk freelists:
   Non-Class:  2.99 MB
       Class:  3.10 MB
        Both:  6.08 MB

MaxMetaspaceSize: unlimited
CompressedClassSpaceSize: 1.00 GB
Initial GC threshold: 21.00 MB
Current GC threshold: 21.00 MB
CDS: off
MetaspaceReclaimPolicy: balanced
 - commit_granule_bytes: 65536.
 - commit_granule_words: 8192.
 - virtual_space_node_default_size: 1048576.
 - enlarge_chunks_in_place: 1.
 - new_chunks_are_fully_committed: 0.
 - uncommit_free_chunks: 1.
 - use_allocation_guard: 0.
 - handle_deallocations: 1.


Internal statistics:

num_allocs_failed_limit: 0.
num_arena_births: 58.
num_arena_deaths: 0.
num_vsnodes_births: 3.
num_vsnodes_deaths: 0.
num_space_committed: 148.
num_space_uncommitted: 0.
num_chunks_returned_to_freelist: 0.
num_chunks_taken_from_freelist: 87.
num_chunk_merges: 0.
num_chunk_splits: 47.
num_chunks_enlarged: 28.
num_purges: 0.
num_inconsistent_stats: 0.

CodeCache: size=49152Kb used=3852Kb max_used=3852Kb free=45299Kb
 bounds [0x000002c5a28a0000, 0x000002c5a2c70000, 0x000002c5a58a0000]
 total_blobs=1135 nmethods=725 adapters=335
 compilation: enabled
              stopped_count=0, restarted_count=0
 full_count=0

Compilation events (20 events):
Event: 1.110 Thread 0x000002c5b2703010  515       1       java.lang.invoke.MemberName::isStatic (8 bytes)
Event: 1.110 Thread 0x000002c5b2703010 nmethod 515 0x000002c5a2c1e890 code [0x000002c5a2c1ea20, 0x000002c5a2c1eaf8]
Event: 1.110 Thread 0x000002c5b2703010  516       1       java.lang.Class::getPackageName (81 bytes)
Event: 1.111 Thread 0x000002c5b2703010 nmethod 516 0x000002c5a2c1f490 code [0x000002c5a2c1f6a0, 0x000002c5a2c1fa88]
Event: 1.111 Thread 0x000002c5b247c890  520       1       java.lang.Number::<init> (5 bytes)
Event: 1.111 Thread 0x000002c5b247c890 nmethod 520 0x000002c5a2c1fd90 code [0x000002c5a2c1ff20, 0x000002c5a2c1ffd8]
Event: 1.111 Thread 0x000002c5b2703010  521       1       java.lang.Long::<init> (10 bytes)
Event: 1.111 Thread 0x000002c5b2703010 nmethod 521 0x000002c5a2c20090 code [0x000002c5a2c20220, 0x000002c5a2c202f8]
Event: 1.113 Thread 0x000002c5b2703010  522       1       java.lang.invoke.MemberName::isConstructor (8 bytes)
Event: 1.113 Thread 0x000002c5b2703010 nmethod 522 0x000002c5a2c20390 code [0x000002c5a2c20520, 0x000002c5a2c20618]
Event: 1.114 Thread 0x000002c5b2703010  525       1       jdk.internal.org.objectweb.asm.Frame::execute (2305 bytes)
Event: 1.114 Thread 0x000002c5b2704490  527       1       jdk.internal.org.objectweb.asm.SymbolTable::addConstantUtf8Reference (101 bytes)
Event: 1.114 Thread 0x000002c5b2703760  526       1       jdk.internal.org.objectweb.asm.SymbolTable::addConstantClass (8 bytes)
Event: 1.114 Thread 0x000002c5b2703760 nmethod 526 0x000002c5a2c20c90 code [0x000002c5a2c20e20, 0x000002c5a2c20f28]
Event: 1.114 Thread 0x000002c5b2704490 nmethod 527 0x000002c5a2c20f90 code [0x000002c5a2c21180, 0x000002c5a2c21538]
Event: 1.115 Thread 0x000002c5b2703760  528       1       java.lang.invoke.MemberName::isResolved (13 bytes)
Event: 1.115 Thread 0x000002c5b2703760 nmethod 528 0x000002c5a2c21b10 code [0x000002c5a2c21ca0, 0x000002c5a2c21d78]
Event: 1.116 Thread 0x000002c5b2703760  531       1       java.lang.invoke.MemberName::getReferenceKind (12 bytes)
Event: 1.116 Thread 0x000002c5b2703760 nmethod 531 0x000002c5a2c22110 code [0x000002c5a2c222a0, 0x000002c5a2c22378]
Event: 1.116 Thread 0x000002c5b2704490  532       1       jdk.internal.org.objectweb.asm.Frame::push (109 bytes)

GC Heap History (0 events):
No events

Deoptimization events (2 events):
Event: 0.898 Thread 0x000002c59b0c7010 DEOPT PACKING pc=0x000002c5a2bdbd88 sp=0x000000df1b2fcaf0
Event: 0.898 Thread 0x000002c59b0c7010 DEOPT UNPACKING pc=0x000002c5a28f2b43 sp=0x000000df1b2fc080 mode 3

Classes unloaded (0 events):
No events

Classes redefined (0 events):
No events

Internal exceptions (5 events):
Event: 0.898 Thread 0x000002c59b0c7010 Implicit null exception at 0x000002c5a2bdb5ea to 0x000002c5a2bdbd83
Event: 1.034 Thread 0x000002c59b0c7010 Exception <a 'java/lang/NoSuchMethodError'{0x00000007184b2ce0}: 'java.lang.Object java.lang.invoke.DirectMethodHandle$Holder.invokeStaticInit(java.lang.Object)'> (0x00000007184b2ce0) 
thrown [t:\workspace\open\src\hotspot\share\interpreter\linkResolver.cpp, line 766]
Event: 1.075 Thread 0x000002c59b0c7010 Exception <a 'java/lang/NoSuchMethodError'{0x0000000718553228}: 'int java.lang.invoke.DirectMethodHandle$Holder.invokeInterface(java.lang.Object, java.lang.Object)'> (0x0000000718553228) 
thrown [t:\workspace\open\src\hotspot\share\interpreter\linkResolver.cpp, line 766]
Event: 1.075 Thread 0x000002c59b0c7010 Exception <a 'java/lang/IncompatibleClassChangeError'{0x0000000718556828}: Found class java.lang.Object, but interface was expected> (0x0000000718556828) 
thrown [t:\workspace\open\src\hotspot\share\interpreter\linkResolver.cpp, line 833]
Event: 1.077 Thread 0x000002c59b0c7010 Exception <a 'java/lang/NoSuchMethodError'{0x000000071855ca98}: 'void java.lang.invoke.DirectMethodHandle$Holder.invokeStatic(java.lang.Object, java.lang.Object)'> (0x000000071855ca98) 
thrown [t:\workspace\open\src\hotspot\share\interpreter\linkResolver.cpp, line 766]

VM Operations (12 events):
Event: 0.465 Executing VM operation: HandshakeAllThreads
Event: 0.465 Executing VM operation: HandshakeAllThreads done
Event: 0.491 Executing VM operation: ChangeBreakpoints
Event: 0.491 Executing VM operation: ChangeBreakpoints done
Event: 0.677 Executing VM operation: ChangeBreakpoints
Event: 0.677 Executing VM operation: ChangeBreakpoints done
Event: 0.678 Executing VM operation: ChangeBreakpoints
Event: 0.678 Executing VM operation: ChangeBreakpoints done
Event: 0.998 Executing VM operation: HandshakeAllThreads
Event: 0.999 Executing VM operation: HandshakeAllThreads done
Event: 1.085 Executing VM operation: HandshakeAllThreads
Event: 1.085 Executing VM operation: HandshakeAllThreads done

Events (20 events):
Event: 1.102 loading class sun/reflect/generics/tree/TypeVariableSignature
Event: 1.102 loading class sun/reflect/generics/tree/TypeVariableSignature done
Event: 1.102 loading class java/lang/reflect/TypeVariable
Event: 1.103 loading class java/lang/reflect/TypeVariable done
Event: 1.103 loading class sun/reflect/generics/reflectiveObjects/TypeVariableImpl
Event: 1.103 loading class sun/reflect/generics/reflectiveObjects/LazyReflectiveObjectGenerator
Event: 1.103 loading class sun/reflect/generics/reflectiveObjects/LazyReflectiveObjectGenerator done
Event: 1.103 loading class sun/reflect/generics/reflectiveObjects/TypeVariableImpl done
Event: 1.103 loading class java/lang/reflect/GenericArrayType
Event: 1.103 loading class java/lang/reflect/GenericArrayType done
Event: 1.109 loading class java/lang/invoke/BoundMethodHandle$Species_LLL
Event: 1.109 loading class java/lang/invoke/BoundMethodHandle$Species_LLL done
Event: 1.111 loading class java/lang/Long$LongCache
Event: 1.111 loading class java/lang/Long$LongCache done
Event: 1.111 loading class java/lang/invoke/MethodHandles$1
Event: 1.112 loading class java/lang/invoke/MethodHandles$1 done
Event: 1.113 loading class java/lang/invoke/BoundMethodHandle$Species_LJ
Event: 1.113 loading class java/lang/invoke/BoundMethodHandle$Species_LJ done
Event: 1.114 loading class java/lang/invoke/BoundMethodHandle$Species_LLLL
Event: 1.115 loading class java/lang/invoke/BoundMethodHandle$Species_LLLL done


Dynamic libraries:
0x00007ff6605e0000 - 0x00007ff6605f0000 	D:\LenovoSoftstore\Java\jdk-17.0.1\bin\java.exe
0x00007ffffb730000 - 0x00007ffffb928000 	C:\WINDOWS\SYSTEM32\ntdll.dll
0x00007ffffa1b0000 - 0x00007ffffa26d000 	C:\WINDOWS\System32\KERNEL32.DLL
0x00007ffff8f70000 - 0x00007ffff9266000 	C:\WINDOWS\System32\KERNELBASE.dll
0x00007ffff9380000 - 0x00007ffff9480000 	C:\WINDOWS\System32\ucrtbase.dll
0x00007ffff59d0000 - 0x00007ffff59ea000 	D:\LenovoSoftstore\Java\jdk-17.0.1\bin\VCRUNTIME140.dll
0x00007ffff59f0000 - 0x00007ffff5a08000 	D:\LenovoSoftstore\Java\jdk-17.0.1\bin\jli.dll
0x00007ffffa0e0000 - 0x00007ffffa193000 	C:\WINDOWS\System32\ADVAPI32.dll
0x00007ffff9780000 - 0x00007ffff981e000 	C:\WINDOWS\System32\msvcrt.dll
0x00007ffffaae0000 - 0x00007ffffab7f000 	C:\WINDOWS\System32\sechost.dll
0x00007ffff9e50000 - 0x00007ffff9f76000 	C:\WINDOWS\System32\RPCRT4.dll
0x00007ffff92a0000 - 0x00007ffff92c7000 	C:\WINDOWS\System32\bcrypt.dll
0x00007ffff9b90000 - 0x00007ffff9d2e000 	C:\WINDOWS\System32\USER32.dll
0x00007ffff9270000 - 0x00007ffff9292000 	C:\WINDOWS\System32\win32u.dll
0x00007ffff9af0000 - 0x00007ffff9b1c000 	C:\WINDOWS\System32\GDI32.dll
0x00007ffff8e50000 - 0x00007ffff8f6a000 	C:\WINDOWS\System32\gdi32full.dll
0x00007fffe9580000 - 0x00007fffe981a000 	C:\WINDOWS\WinSxS\amd64_microsoft.windows.common-controls_6595b64144ccf1df_6.0.19041.3636_none_60b6a03d71f818d5\COMCTL32.dll
0x00007ffff9480000 - 0x00007ffff951d000 	C:\WINDOWS\System32\msvcp_win.dll
0x00007ffff00f0000 - 0x00007ffff00fa000 	C:\WINDOWS\SYSTEM32\VERSION.dll
0x00007ffffa0b0000 - 0x00007ffffa0e0000 	C:\WINDOWS\System32\IMM32.DLL
0x00007ffff5a40000 - 0x00007ffff5a4c000 	D:\LenovoSoftstore\Java\jdk-17.0.1\bin\vcruntime140_1.dll
0x00007fffd8df0000 - 0x00007fffd8e7d000 	D:\LenovoSoftstore\Java\jdk-17.0.1\bin\msvcp140.dll
0x00007fffaf940000 - 0x00007fffb04fe000 	D:\LenovoSoftstore\Java\jdk-17.0.1\bin\server\jvm.dll
0x00007ffff9b20000 - 0x00007ffff9b28000 	C:\WINDOWS\System32\PSAPI.DLL
0x00007fffd41c0000 - 0x00007fffd41c9000 	C:\WINDOWS\SYSTEM32\WSOCK32.dll
0x00007fffee3c0000 - 0x00007fffee3e7000 	C:\WINDOWS\SYSTEM32\WINMM.dll
0x00007ffff9d30000 - 0x00007ffff9d9b000 	C:\WINDOWS\System32\WS2_32.dll
0x00007ffff7670000 - 0x00007ffff7682000 	C:\WINDOWS\SYSTEM32\kernel.appcore.dll
0x00007ffff5990000 - 0x00007ffff599a000 	D:\LenovoSoftstore\Java\jdk-17.0.1\bin\jimage.dll
0x00007ffff69f0000 - 0x00007ffff6bd4000 	C:\WINDOWS\SYSTEM32\DBGHELP.DLL
0x00007fffe8760000 - 0x00007fffe8794000 	C:\WINDOWS\SYSTEM32\dbgcore.DLL
0x00007ffff96f0000 - 0x00007ffff9772000 	C:\WINDOWS\System32\bcryptPrimitives.dll
0x00007ffff15d0000 - 0x00007ffff160b000 	D:\LenovoSoftstore\Java\jdk-17.0.1\bin\jdwp.dll
0x00007ffff3070000 - 0x00007ffff307e000 	D:\LenovoSoftstore\Java\jdk-17.0.1\bin\instrument.dll
0x00007ffff2560000 - 0x00007ffff2585000 	D:\LenovoSoftstore\Java\jdk-17.0.1\bin\java.dll
0x00007ffff1870000 - 0x00007ffff1888000 	D:\LenovoSoftstore\Java\jdk-17.0.1\bin\zip.dll
0x00007fffd8790000 - 0x00007fffd8866000 	D:\LenovoSoftstore\Java\jdk-17.0.1\bin\svml.dll
0x00007ffffa2d0000 - 0x00007ffffaa15000 	C:\WINDOWS\System32\SHELL32.dll
0x00007ffff6be0000 - 0x00007ffff737b000 	C:\WINDOWS\SYSTEM32\windows.storage.dll
0x00007ffffb330000 - 0x00007ffffb684000 	C:\WINDOWS\System32\combase.dll
0x00007ffff8760000 - 0x00007ffff878d000 	C:\WINDOWS\SYSTEM32\Wldp.dll
0x00007ffff9da0000 - 0x00007ffff9e4d000 	C:\WINDOWS\System32\SHCORE.dll
0x00007ffffb070000 - 0x00007ffffb0c5000 	C:\WINDOWS\System32\shlwapi.dll
0x00007ffff8d30000 - 0x00007ffff8d55000 	C:\WINDOWS\SYSTEM32\profapi.dll
0x00007ffff1820000 - 0x00007ffff182c000 	D:\LenovoSoftstore\Java\jdk-17.0.1\bin\dt_socket.dll
0x00007ffff81b0000 - 0x00007ffff81eb000 	C:\WINDOWS\SYSTEM32\IPHLPAPI.DLL
0x00007ffff84c0000 - 0x00007ffff852a000 	C:\WINDOWS\system32\mswsock.dll
0x00007ffff4eb0000 - 0x00007ffff4ec9000 	D:\LenovoSoftstore\Java\jdk-17.0.1\bin\net.dll
0x00007ffff4d60000 - 0x00007ffff4e6a000 	C:\WINDOWS\SYSTEM32\WINHTTP.dll
0x00007ffff2770000 - 0x00007ffff2785000 	D:\LenovoSoftstore\Java\jdk-17.0.1\bin\nio.dll
0x00007fffe56f0000 - 0x00007fffe573b000 	C:\Program Files (x86)\Sangfor\SSL\ClientComponent\SangforNspX64.dll
0x00007ffff9f80000 - 0x00007ffffa0ab000 	C:\WINDOWS\System32\ole32.dll
0x00007ffff9a20000 - 0x00007ffff9aed000 	C:\WINDOWS\System32\OLEAUT32.dll
0x00007ffff81f0000 - 0x00007ffff82ba000 	C:\WINDOWS\SYSTEM32\DNSAPI.dll
0x00007ffffa1a0000 - 0x00007ffffa1a8000 	C:\WINDOWS\System32\NSI.dll
0x00007ffff0340000 - 0x00007ffff034a000 	C:\Windows\System32\rasadhlp.dll
0x00007fffef400000 - 0x00007fffef480000 	C:\WINDOWS\System32\fwpuclnt.dll
0x00007ffff4fb0000 - 0x00007ffff4fb9000 	D:\LenovoSoftstore\Java\jdk-17.0.1\bin\management.dll
0x00007ffff4f40000 - 0x00007ffff4f4b000 	D:\LenovoSoftstore\Java\jdk-17.0.1\bin\management_ext.dll

dbghelp: loaded successfully - version: 4.0.5 - missing functions: none
symbol engine: initialized successfully - sym options: 0x614 - pdb path: .;D:\LenovoSoftstore\Java\jdk-17.0.1\bin;C:\WINDOWS\SYSTEM32;C:\WINDOWS\WinSxS\amd64_microsoft.windows.common-controls_6595b64144ccf1df_6.0.19041.3636_none_60b6a03d71f818d5;D:\LenovoSoftstore\Java\jdk-17.0.1\bin\server;C:\Program Files (x86)\Sangfor\SSL\ClientComponent

VM Arguments:
jvm_args: -agentlib:jdwp=transport=dt_socket,address=127.0.0.1:62841,suspend=y,server=n -Dvisualvm.id=261045141397500 -XX:TieredStopAtLevel=1 -Dspring.output.ansi.enabled=always -Dcom.sun.management.jmxremote -Dspring.jmx.enabled=true -Dspring.liveBeansView.mbeanDomain -Dspring.application.admin.enabled=true -javaagent:C:\Users\BaiYiChen\AppData\Local\JetBrains\IntelliJIdea2022.2\captureAgent\debugger-agent.jar=file:/C:/Users/BaiYiChen/AppData/Local/Temp/capture1.props -Dfile.encoding=UTF-8 
java_command: site.cilicili.App
java_class_path (initial): D:\Documents\JavaCode\Code\cilicili(‡Õ¡®‡Õ¡®)\build\classes\java\main;D:\Documents\JavaCode\Code\cilicili(‡Õ¡®‡Õ¡®)\build\resources\main;D:\LenovoSoftstore\gradle-8.4\caches\modules-2\files-2.1\io.jsonwebtoken\jjwt-api\0.11.4\534f9ece7be58858e0bf1275dd5326d9e702568a\jjwt-api-0.11.4.jar;D:\LenovoSoftstore\gradle-8.4\caches\modules-2\files-2.1\org.springframework.boot\spring-boot-starter-amqp\3.1.6\1ef77f1b93e1552cdec60b1059e631dfaecad708\spring-boot-starter-amqp-3.1.6.jar;D:\LenovoSoftstore\gradle-8.4\caches\modules-2\files-2.1\org.springframework.boot\spring-boot-starter-data-mongodb\3.1.6\13d3b13f5079fc9028b83a8e3c486d095efdf5ed\spring-boot-starter-data-mongodb-3.1.6.jar;D:\LenovoSoftstore\gradle-8.4\caches\modules-2\files-2.1\org.redisson\redisson-spring-boot-starter\3.25.2\13631ae691cae04c9177f9024d7a65c49ccf451d\redisson-spring-boot-starter-3.25.2.jar;D:\LenovoSoftstore\gradle-8.4\caches\modules-2\files-2.1\org.springframework.boot\spring-boot-starter-data-redis\3.1.6\30f02d82d1ee8110004b2f7eb641aab0d8756675\spring-boot-starter-data-redis-3.1.6.jar;D:\LenovoSoftstore\gradle-8.4\caches\modules-2\files-2.1\org.springframework.boot\spring-boot-starter-cache\3.1.6\4ad7bd6cce8b3bdde458606f2c0b4029e22447c1\spring-boot-starter-cache-3.1.6.jar;D:\LenovoSoftstore\gradle-8.4\caches\modules-2\files-2.1\org.apache.commons\commons-pool2\2.12.0\458563f69fbdaebf7daadfe10dc3a22e42a7de50\commons-pool2-2.12.0.jar;D:\LenovoSoftstore\gradle-8.4\caches\modules-2\files-2.1\org.springframework.boot\spring-boot-starter-security\3.1.6\dcb2408b16d7a4a66ef625ba2a23461edda2c2ed\spring-boot-starter-security-3.1.6.jar;D:\LenovoSoftstore\gradle-8.4\caches\modules-2\files-2.1\org.springframework.boot\spring-boot-starter-websocket\3.1.6\822e719ce84ade24266a9606733c99b38214ccc3\spring-boot-starter-websocket-3.1.6.jar;D:\LenovoSoftstore\gradle-8.4\caches\modules-2\files-2.1\cn.licoy\encrypt-body-spring-boot-starter\1.2.3\37c7e03a0e2e3b0f9b9c1d48c8959c194a8afe04\encryp
Launcher Type: SUN_STANDARD

[Global flags]
     intx CICompilerCount                          = 4                                         {product} {ergonomic}
     uint ConcGCThreads                            = 3                                         {product} {ergonomic}
     uint G1ConcRefinementThreads                  = 10                                        {product} {ergonomic}
   size_t G1HeapRegionSize                         = 2097152                                   {product} {ergonomic}
    uintx GCDrainStackTargetSize                   = 64                                        {product} {ergonomic}
   size_t InitialHeapSize                          = 257949696                                 {product} {ergonomic}
     bool ManagementServer                         = true                                      {product} {command line}
   size_t MarkStackSize                            = 4194304                                   {product} {ergonomic}
   size_t MaxHeapSize                              = 4127195136                                {product} {ergonomic}
   size_t MaxNewSize                               = 2474639360                                {product} {ergonomic}
   size_t MinHeapDeltaBytes                        = 2097152                                   {product} {ergonomic}
   size_t MinHeapSize                              = 8388608                                   {product} {ergonomic}
    uintx NonProfiledCodeHeapSize                  = 0                                      {pd product} {ergonomic}
     bool ProfileInterpreter                       = false                                  {pd product} {command line}
    uintx ProfiledCodeHeapSize                     = 0                                      {pd product} {ergonomic}
   size_t SoftMaxHeapSize                          = 4127195136                             {manageable} {ergonomic}
     intx TieredStopAtLevel                        = 1                                         {product} {command line}
     bool UseCompressedClassPointers               = true                           {product lp64_product} {ergonomic}
     bool UseCompressedOops                        = true                           {product lp64_product} {ergonomic}
     bool UseG1GC                                  = true                                      {product} {ergonomic}
     bool UseLargePagesIndividualAllocation        = false                                  {pd product} {ergonomic}

Logging:
Log output configuration:
 #0: stdout all=warning uptime,level,tags
 #1: stderr all=off uptime,level,tags

Environment Variables:
JAVA_HOME=D:\LenovoSoftstore\Java\jdk-17.0.1
CLASSPATH=.;D:\LenovoSoftstore\Java\jdk-17.0.1\lib;D:\LenovoSoftstore\Java\jdk-17.0.1\lib\dt.jar;D:\LenovoSoftstore\Java\jdk-17.0.1\lib\tools.jar;
PATH=D:\LenovoSoftstore\python3.11\Scripts\;D:\LenovoSoftstore\python3.11\;D:\LenovoSoftstore\Git\bin;D:\LenovoSoftstore\apache-tomcat-9.0.58\bin;D:\LenovoSoftstore\apache-tomcat-9.0.58\lib;D:\LenovoSoftstore\VMware\VMware Workstation\bin\;C:\Program Files\Common Files\Oracle\Java\javapath;C:\ProgramData\Oracle\Java\javapath;D:\LenovoSoftstore\bin;C:\Program Files\dotnet\;C:\WINDOWS\system32;C:\WINDOWS;C:\WINDOWS\System32\Wbem;C:\WINDOWS\System32\WindowsPowerShell\v1.0\;C:\WINDOWS\System32\OpenSSH\;C:\Program Files (x86)\dotnet\;D:\LenovoSoftstore\Graphviz\bin;C:\Program Files\Microsoft SQL Server\130\Tools\Binn\;D:\LenovoSoftstore\MySQL\MySQL Server 8.0\bin;D:\LenovoSoftstore\Xftp 7\;D:\LenovoSoftstore\Xshell 7\;D:\LenovoSoftstore\Redis-x64-3.2.100;C:\Program Files (x86)\Graphviz\bin;D:\LenovoSoftstore\apache-zookeeper-3.7.1\bin;C:\ProgramData\chocolatey\bin;D:\LenovoSoftstore\apache-maven-3.8.6\bin;D:\LenovoSoftstore\gradle-8.4;D:\LenovoSoftstore\apache-jmeter-5.5\bin;D:\LenovoSoftstore\Git\cmd;D:\LenovoSoftstore\gradle-8.4\bin;D:\LenovoSoftstore\nvm\npm;D:\LenovoSoftstore\nodejs;D:\LenovoSoftstore\nvm;D:\LenovoSoftstore\nodejs;C:\Users\BaiYiChen\AppData\Local\activestate\cache\bin;C:\Users\BaiYiChen\AppData\Local\ActiveState\StateTool\release\bin;D:\LenovoSoftstore\Java\jdk-17.0.1\bin;D:\LenovoSoftstore\gradle-8.4\bin;C:\Program Files\Azure Data Studio\bin;C:\Users\BaiYiChen\AppData\Local\Microsoft\WindowsApps;C:\Users\BaiYiChen\.dotnet\tools;D:\LenovoSoftstore\IntelliJ IDEA 2021.3.3\bin;D:\LenovoSoftstore\IntelliJ IDEA Community Edition 2021.1.2\bin;;D:\LenovoSoftstore\MySQL\MySQL Server 8.0\bin;D:\LenovoSoftstore\WebStorm 2021.3.3\bin;D:\LenovoSoftstore\PyCharm 2022.1\bin;D:\LenovoSoftstore\MASM611\BIN;D:\LenovoSoftstore\nginx-1.23.2\bin;D:\LenovoSoftstore\gradle-8.4;D:\LenovoSoftstore\AndroidSdk\SDK\platform-tools;D:\LenovoSoftstore\go1.20.windows-amd64\\bin;D:\LenovoSoftstore\python3.11.0;D:\LenovoSoftstore\CLion2023.1.4\bin;D:\LenovoSoftstore\CLion2023.1.4\bin\
USERNAME=BaiYiChen
LANG=zh_CN
OS=Windows_NT
PROCESSOR_IDENTIFIER=AMD64 Family 23 Model 96 Stepping 1, AuthenticAMD



---------------  S Y S T E M  ---------------

OS:
 Windows 10 , 64 bit Build 19041 (10.0.19041.3636)
OS uptime: 3 days 0:30 hours

CPU: total 12 (initial active 12) (12 cores per cpu, 2 threads per core) family 23 model 96 stepping 1 microcode 0x0, cx8, cmov, fxsr, ht, mmx, 3dnowpref, sse, sse2, sse3, ssse3, sse4a, sse4.1, sse4.2, popcnt, lzcnt, tsc, tscinvbit, avx, avx2, aes, clmul, bmi1, bmi2, adx, sha, fma, vzeroupper, clflush, clflushopt

Memory: 4k page, system-wide physical 15741M (3925M free)
TotalPageFile size 24124M (AvailPageFile size 0M)
current process WorkingSet (physical memory assigned to process): 58M, peak: 58M
current process commit charge ("private bytes"): 342M, peak: 342M

vm_info: Java HotSpot(TM) 64-Bit Server VM (17.0.1+12-LTS-39) for windows-amd64 JRE (17.0.1+12-LTS-39), built on Sep 27 2021 18:41:35 by "mach5one" with MS VC++ 16.8 (VS2019)

END.
