#
# There is insufficient memory for the Java Runtime Environment to continue.
# Native memory allocation (mmap) failed to map 65536 bytes for Failed to commit metaspace.
# Possible reasons:
#   The system is out of physical RAM or swap space
#   The process is running with CompressedOops enabled, and the Java Heap may be blocking the growth of the native heap
# Possible solutions:
#   Reduce memory load on the system
#   Increase physical memory or swap space
#   Check if swap backing store is full
#   Decrease Java heap size (-Xmx/-Xms)
#   Decrease number of Java threads
#   Decrease Java thread stack sizes (-Xss)
#   Set larger code cache with -XX:ReservedCodeCacheSize=
#   JVM is running with Zero Based Compressed Oops mode in which the Java heap is
#     placed in the first 32GB address space. The Java Heap base address is the
#     maximum limit for the native heap growth. Please use -XX:HeapBaseMinAddress
#     to set the Java Heap base and to place the Java Heap above 32GB virtual address.
# This output file may be truncated or incomplete.
#
#  Out of Memory Error (virtualSpaceNode.cpp:110), pid=20308, tid=3400
#
# JRE version: Java(TM) SE Runtime Environment (17.0.1+12) (build 17.0.1+12-LTS-39)
# Java VM: Java HotSpot(TM) 64-Bit Server VM (17.0.1+12-LTS-39, mixed mode, emulated-client, tiered, compressed oops, compressed class ptrs, g1 gc, windows-amd64)
# No core dump will be written. Minidumps are not enabled by default on client versions of Windows
#

---------------  S U M M A R Y ------------

Command Line: -agentlib:jdwp=transport=dt_socket,address=127.0.0.1:13596,suspend=y,server=n -Dvisualvm.id=103001741040600 -XX:TieredStopAtLevel=1 -Dspring.output.ansi.enabled=always -Dcom.sun.management.jmxremote -Dspring.jmx.enabled=true -Dspring.liveBeansView.mbeanDomain -Dspring.application.admin.enabled=true -javaagent:C:\Users\BaiYiChen\AppData\Local\JetBrains\IntelliJIdea2022.2\captureAgent\debugger-agent.jar=file:/C:/Users/BaiYiChen/AppData/Local/Temp/capture.props -Dfile.encoding=UTF-8 site.cilicili.App

Host: AMD Ryzen 5 4600U with Radeon Graphics         , 12 cores, 15G,  Windows 10 , 64 bit Build 19041 (10.0.19041.3636)
Time: Thu Jan  4 00:48:27 2024  Windows 10 , 64 bit Build 19041 (10.0.19041.3636) elapsed time: 27.475152 seconds (0d 0h 0m 27s)

---------------  T H R E A D  ---------------

Current thread (0x0000020ee083af80):  JavaThread "http-nio-8889-exec-6" daemon [_thread_in_vm, id=3400, stack(0x000000db1cf00000,0x000000db1d000000)]

Stack: [0x000000db1cf00000,0x000000db1d000000]
Native frames: (J=compiled Java code, j=interpreted, Vv=VM code, C=native code)
V  [jvm.dll+0x66fa1a]
V  [jvm.dll+0x7ce5a4]
V  [jvm.dll+0x7cfd4e]
V  [jvm.dll+0x7d03b3]
V  [jvm.dll+0x242b05]
V  [jvm.dll+0x7ca54b]
V  [jvm.dll+0x615b76]
V  [jvm.dll+0x1be19e]
V  [jvm.dll+0x6184b1]
V  [jvm.dll+0x616516]
V  [jvm.dll+0x237561]
V  [jvm.dll+0x1e7e80]
V  [jvm.dll+0x1e8305]
V  [jvm.dll+0x1e8d3f]
V  [jvm.dll+0x1de1f1]
V  [jvm.dll+0x537690]
V  [jvm.dll+0x7496c8]
V  [jvm.dll+0x7497b4]
V  [jvm.dll+0x408995]
V  [jvm.dll+0x40e9e8]
C  [java.dll+0x17ec]

Java frames: (J=compiled Java code, j=interpreted, Vv=VM code)
J 1247  java.lang.ClassLoader.defineClass1(Ljava/lang/ClassLoader;Ljava/lang/String;[BIILjava/security/ProtectionDomain;Ljava/lang/String;)Ljava/lang/Class; java.base@17.0.1 (0 bytes) @ 0x0000020ec9b2b0e3 [0x0000020ec9b2b020+0x00000000000000c3]
J 1273 c1 java.lang.ClassLoader.defineClass(Ljava/lang/String;[BIILjava/security/ProtectionDomain;)Ljava/lang/Class; java.base@17.0.1 (43 bytes) @ 0x0000020ec9b39ca4 [0x0000020ec9b39b60+0x0000000000000144]
J 1426 c1 jdk.internal.loader.BuiltinClassLoader.defineClass(Ljava/lang/String;Ljdk/internal/loader/Resource;)Ljava/lang/Class; java.base@17.0.1 (121 bytes) @ 0x0000020ec9b79f2c [0x0000020ec9b79a20+0x000000000000050c]
J 1265 c1 jdk.internal.loader.BuiltinClassLoader.findClassOnClassPathOrNull(Ljava/lang/String;)Ljava/lang/Class; java.base@17.0.1 (64 bytes) @ 0x0000020ec9b33a9c [0x0000020ec9b337a0+0x00000000000002fc]
J 1061 c1 jdk.internal.loader.BuiltinClassLoader.loadClassOrNull(Ljava/lang/String;Z)Ljava/lang/Class; java.base@17.0.1 (143 bytes) @ 0x0000020ec9addd5c [0x0000020ec9add880+0x00000000000004dc]
J 1190 c1 jdk.internal.loader.ClassLoaders$AppClassLoader.loadClass(Ljava/lang/String;Z)Ljava/lang/Class; java.base@17.0.1 (40 bytes) @ 0x0000020ec9b15cbc [0x0000020ec9b15b80+0x000000000000013c]
J 1171 c1 java.lang.ClassLoader.loadClass(Ljava/lang/String;)Ljava/lang/Class; java.base@17.0.1 (7 bytes) @ 0x0000020ec9b0d77c [0x0000020ec9b0d720+0x000000000000005c]
v  ~StubRoutines::call_stub
j  com.fasterxml.jackson.databind.introspect.BasicClassIntrospector.constructPropertyCollector(Lcom/fasterxml/jackson/databind/cfg/MapperConfig;Lcom/fasterxml/jackson/databind/introspect/AnnotatedClass;Lcom/fasterxml/jackson/databind/JavaType;ZLcom/fasterxml/jackson/databind/introspect/AccessorNamingStrategy;)Lcom/fasterxml/jackson/databind/introspect/POJOPropertiesCollector;+0
j  com.fasterxml.jackson.databind.introspect.BasicClassIntrospector.collectProperties(Lcom/fasterxml/jackson/databind/cfg/MapperConfig;Lcom/fasterxml/jackson/databind/JavaType;Lcom/fasterxml/jackson/databind/introspect/ClassIntrospector$MixInResolver;Z)Lcom/fasterxml/jackson/databind/introspect/POJOPropertiesCollector;+50
j  com.fasterxml.jackson.databind.introspect.BasicClassIntrospector.forDeserialization(Lcom/fasterxml/jackson/databind/DeserializationConfig;Lcom/fasterxml/jackson/databind/JavaType;Lcom/fasterxml/jackson/databind/introspect/ClassIntrospector$MixInResolver;)Lcom/fasterxml/jackson/databind/introspect/BasicBeanDescription;+31
j  com.fasterxml.jackson.databind.introspect.BasicClassIntrospector.forDeserialization(Lcom/fasterxml/jackson/databind/DeserializationConfig;Lcom/fasterxml/jackson/databind/JavaType;Lcom/fasterxml/jackson/databind/introspect/ClassIntrospector$MixInResolver;)Lcom/fasterxml/jackson/databind/BeanDescription;+4
j  com.fasterxml.jackson.databind.DeserializationConfig.introspect(Lcom/fasterxml/jackson/databind/JavaType;)Lcom/fasterxml/jackson/databind/BeanDescription;+7
j  com.fasterxml.jackson.databind.deser.DeserializerCache._createDeserializer(Lcom/fasterxml/jackson/databind/DeserializationContext;Lcom/fasterxml/jackson/databind/deser/DeserializerFactory;Lcom/fasterxml/jackson/databind/JavaType;)Lcom/fasterxml/jackson/databind/JsonDeserializer;+38
j  com.fasterxml.jackson.databind.deser.DeserializerCache._createAndCache2(Lcom/fasterxml/jackson/databind/DeserializationContext;Lcom/fasterxml/jackson/databind/deser/DeserializerFactory;Lcom/fasterxml/jackson/databind/JavaType;)Lcom/fasterxml/jackson/databind/JsonDeserializer;+4
j  com.fasterxml.jackson.databind.deser.DeserializerCache._createAndCacheValueDeserializer(Lcom/fasterxml/jackson/databind/DeserializationContext;Lcom/fasterxml/jackson/databind/deser/DeserializerFactory;Lcom/fasterxml/jackson/databind/JavaType;)Lcom/fasterxml/jackson/databind/JsonDeserializer;+68
j  com.fasterxml.jackson.databind.deser.DeserializerCache.findValueDeserializer(Lcom/fasterxml/jackson/databind/DeserializationContext;Lcom/fasterxml/jackson/databind/deser/DeserializerFactory;Lcom/fasterxml/jackson/databind/JavaType;)Lcom/fasterxml/jackson/databind/JsonDeserializer;+16
j  com.fasterxml.jackson.databind.DeserializationContext.findNonContextualValueDeserializer(Lcom/fasterxml/jackson/databind/JavaType;)Lcom/fasterxml/jackson/databind/JsonDeserializer;+10
j  com.fasterxml.jackson.databind.deser.std.UntypedObjectDeserializer._findCustomDeser(Lcom/fasterxml/jackson/databind/DeserializationContext;Lcom/fasterxml/jackson/databind/JavaType;)Lcom/fasterxml/jackson/databind/JsonDeserializer;+2
j  com.fasterxml.jackson.databind.deser.std.UntypedObjectDeserializer.resolve(Lcom/fasterxml/jackson/databind/DeserializationContext;)V+134
j  com.fasterxml.jackson.databind.deser.DeserializerCache._createAndCache2(Lcom/fasterxml/jackson/databind/DeserializationContext;Lcom/fasterxml/jackson/databind/deser/DeserializerFactory;Lcom/fasterxml/jackson/databind/JavaType;)Lcom/fasterxml/jackson/databind/JsonDeserializer;+83
j  com.fasterxml.jackson.databind.deser.DeserializerCache._createAndCacheValueDeserializer(Lcom/fasterxml/jackson/databind/DeserializationContext;Lcom/fasterxml/jackson/databind/deser/DeserializerFactory;Lcom/fasterxml/jackson/databind/JavaType;)Lcom/fasterxml/jackson/databind/JsonDeserializer;+68
j  com.fasterxml.jackson.databind.deser.DeserializerCache.findValueDeserializer(Lcom/fasterxml/jackson/databind/DeserializationContext;Lcom/fasterxml/jackson/databind/deser/DeserializerFactory;Lcom/fasterxml/jackson/databind/JavaType;)Lcom/fasterxml/jackson/databind/JsonDeserializer;+16
j  com.fasterxml.jackson.databind.DeserializationContext.findRootValueDeserializer(Lcom/fasterxml/jackson/databind/JavaType;)Lcom/fasterxml/jackson/databind/JsonDeserializer;+10
j  com.fasterxml.jackson.databind.ObjectMapper._findRootDeserializer(Lcom/fasterxml/jackson/databind/DeserializationContext;Lcom/fasterxml/jackson/databind/JavaType;)Lcom/fasterxml/jackson/databind/JsonDeserializer;+20
j  com.fasterxml.jackson.databind.ObjectMapper._readMapAndClose(Lcom/fasterxml/jackson/core/JsonParser;Lcom/fasterxml/jackson/databind/JavaType;)Ljava/lang/Object;+83
j  com.fasterxml.jackson.databind.ObjectMapper.readValue([BLjava/lang/Class;)Ljava/lang/Object;+24
j  io.jsonwebtoken.jackson.io.JacksonDeserializer.readValue([B)Ljava/lang/Object;+9
j  io.jsonwebtoken.jackson.io.JacksonDeserializer.deserialize([B)Ljava/lang/Object;+2
j  io.jsonwebtoken.impl.JwtDeserializer.deserialize([B)Ljava/lang/Object;+5
j  io.jsonwebtoken.impl.DefaultJwtParser.readValue(Ljava/lang/String;)Ljava/util/Map;+13
j  io.jsonwebtoken.impl.DefaultJwtParser.parse(Ljava/lang/String;)Lio/jsonwebtoken/Jwt;+271
j  io.jsonwebtoken.impl.DefaultJwtParser.parse(Ljava/lang/String;Lio/jsonwebtoken/JwtHandler;)Ljava/lang/Object;+14
j  io.jsonwebtoken.impl.DefaultJwtParser.parseClaimsJws(Ljava/lang/String;)Lio/jsonwebtoken/Jws;+10
j  io.jsonwebtoken.impl.ImmutableJwtParser.parseClaimsJws(Ljava/lang/String;)Lio/jsonwebtoken/Jws;+5
j  site.cilicili.common.util.JwtUtils.refreshToken(Ljava/lang/String;)Ljava/lang/String;+18
j  site.cilicili.common.util.JwtUtils.refreshJwt(Ljava/lang/String;Ljakarta/servlet/http/HttpServletResponse;)Ljava/lang/String;+2
j  site.cilicili.common.filter.JWTAuthFilter.lambda$doFilterInternal$1(Ljakarta/servlet/http/HttpServletResponse;Ljava/lang/String;)Ljava/lang/String;+14
j  site.cilicili.common.filter.JWTAuthFilter$$Lambda$1407+0x000000080099f758.apply(Ljava/lang/Object;)Ljava/lang/Object;+12
j  java.util.Optional.map(Ljava/util/function/Function;)Ljava/util/Optional;+21 java.base@17.0.1
j  site.cilicili.common.filter.JWTAuthFilter.doFilterInternal(Ljakarta/servlet/http/HttpServletRequest;Ljakarta/servlet/http/HttpServletResponse;Ljakarta/servlet/FilterChain;)V+26
j  org.springframework.web.filter.OncePerRequestFilter.doFilter(Ljakarta/servlet/ServletRequest;Ljakarta/servlet/ServletResponse;Ljakarta/servlet/FilterChain;)V+150
j  org.springframework.security.web.FilterChainProxy$VirtualFilterChain.doFilter(Ljakarta/servlet/ServletRequest;Ljakarta/servlet/ServletResponse;)V+105
j  org.springframework.security.web.authentication.logout.LogoutFilter.doFilter(Ljakarta/servlet/http/HttpServletRequest;Ljakarta/servlet/http/HttpServletResponse;Ljakarta/servlet/FilterChain;)V+83
j  org.springframework.security.web.authentication.logout.LogoutFilter.doFilter(Ljakarta/servlet/ServletRequest;Ljakarta/servlet/ServletResponse;Ljakarta/servlet/FilterChain;)V+10
j  org.springframework.security.web.FilterChainProxy$VirtualFilterChain.doFilter(Ljakarta/servlet/ServletRequest;Ljakarta/servlet/ServletResponse;)V+105
j  org.springframework.web.filter.CorsFilter.doFilterInternal(Ljakarta/servlet/http/HttpServletRequest;Ljakarta/servlet/http/HttpServletResponse;Ljakarta/servlet/FilterChain;)V+43
j  org.springframework.web.filter.OncePerRequestFilter.doFilter(Ljakarta/servlet/ServletRequest;Ljakarta/servlet/ServletResponse;Ljakarta/servlet/FilterChain;)V+150
j  org.springframework.security.web.FilterChainProxy$VirtualFilterChain.doFilter(Ljakarta/servlet/ServletRequest;Ljakarta/servlet/ServletResponse;)V+105
j  org.springframework.security.web.header.HeaderWriterFilter.doHeadersAfter(Ljakarta/servlet/http/HttpServletRequest;Ljakarta/servlet/http/HttpServletResponse;Ljakarta/servlet/FilterChain;)V+29
j  org.springframework.security.web.header.HeaderWriterFilter.doFilterInternal(Ljakarta/servlet/http/HttpServletRequest;Ljakarta/servlet/http/HttpServletResponse;Ljakarta/servlet/FilterChain;)V+21
j  org.springframework.web.filter.OncePerRequestFilter.doFilter(Ljakarta/servlet/ServletRequest;Ljakarta/servlet/ServletResponse;Ljakarta/servlet/FilterChain;)V+150
j  org.springframework.security.web.FilterChainProxy$VirtualFilterChain.doFilter(Ljakarta/servlet/ServletRequest;Ljakarta/servlet/ServletResponse;)V+105
j  org.springframework.security.web.context.SecurityContextHolderFilter.doFilter(Ljakarta/servlet/http/HttpServletRequest;Ljakarta/servlet/http/HttpServletResponse;Ljakarta/servlet/FilterChain;)V+59
j  org.springframework.security.web.context.SecurityContextHolderFilter.doFilter(Ljakarta/servlet/ServletRequest;Ljakarta/servlet/ServletResponse;Ljakarta/servlet/FilterChain;)V+10
j  org.springframework.security.web.FilterChainProxy$VirtualFilterChain.doFilter(Ljakarta/servlet/ServletRequest;Ljakarta/servlet/ServletResponse;)V+105
j  org.springframework.security.web.context.request.async.WebAsyncManagerIntegrationFilter.doFilterInternal(Ljakarta/servlet/http/HttpServletRequest;Ljakarta/servlet/http/HttpServletResponse;Ljakarta/servlet/FilterChain;)V+55
j  org.springframework.web.filter.OncePerRequestFilter.doFilter(Ljakarta/servlet/ServletRequest;Ljakarta/servlet/ServletResponse;Ljakarta/servlet/FilterChain;)V+150
j  org.springframework.security.web.FilterChainProxy$VirtualFilterChain.doFilter(Ljakarta/servlet/ServletRequest;Ljakarta/servlet/ServletResponse;)V+105
j  org.springframework.security.web.session.DisableEncodeUrlFilter.doFilterInternal(Ljakarta/servlet/http/HttpServletRequest;Ljakarta/servlet/http/HttpServletResponse;Ljakarta/servlet/FilterChain;)V+10
j  org.springframework.web.filter.OncePerRequestFilter.doFilter(Ljakarta/servlet/ServletRequest;Ljakarta/servlet/ServletResponse;Ljakarta/servlet/FilterChain;)V+150
j  org.springframework.security.web.FilterChainProxy$VirtualFilterChain.doFilter(Ljakarta/servlet/ServletRequest;Ljakarta/servlet/ServletResponse;)V+105
j  org.springframework.security.web.FilterChainProxy.doFilterInternal(Ljakarta/servlet/ServletRequest;Ljakarta/servlet/ServletResponse;Ljakarta/servlet/FilterChain;)V+163
j  org.springframework.security.web.FilterChainProxy.doFilter(Ljakarta/servlet/ServletRequest;Ljakarta/servlet/ServletResponse;Ljakarta/servlet/FilterChain;)V+48
j  org.springframework.web.filter.DelegatingFilterProxy.invokeDelegate(Ljakarta/servlet/Filter;Ljakarta/servlet/ServletRequest;Ljakarta/servlet/ServletResponse;Ljakarta/servlet/FilterChain;)V+5
j  org.springframework.web.filter.DelegatingFilterProxy.doFilter(Ljakarta/servlet/ServletRequest;Ljakarta/servlet/ServletResponse;Ljakarta/servlet/FilterChain;)V+85
j  org.apache.catalina.core.ApplicationFilterChain.internalDoFilter(Ljakarta/servlet/ServletRequest;Ljakarta/servlet/ServletResponse;)V+135
j  org.apache.catalina.core.ApplicationFilterChain.doFilter(Ljakarta/servlet/ServletRequest;Ljakarta/servlet/ServletResponse;)V+99
j  org.springframework.web.filter.RequestContextFilter.doFilterInternal(Ljakarta/servlet/http/HttpServletRequest;Ljakarta/servlet/http/HttpServletResponse;Ljakarta/servlet/FilterChain;)V+21
j  org.springframework.web.filter.OncePerRequestFilter.doFilter(Ljakarta/servlet/ServletRequest;Ljakarta/servlet/ServletResponse;Ljakarta/servlet/FilterChain;)V+150
j  org.apache.catalina.core.ApplicationFilterChain.internalDoFilter(Ljakarta/servlet/ServletRequest;Ljakarta/servlet/ServletResponse;)V+135
j  org.apache.catalina.core.ApplicationFilterChain.doFilter(Ljakarta/servlet/ServletRequest;Ljakarta/servlet/ServletResponse;)V+99
j  org.springframework.web.filter.FormContentFilter.doFilterInternal(Ljakarta/servlet/http/HttpServletRequest;Ljakarta/servlet/http/HttpServletResponse;Ljakarta/servlet/FilterChain;)V+38
j  org.springframework.web.filter.OncePerRequestFilter.doFilter(Ljakarta/servlet/ServletRequest;Ljakarta/servlet/ServletResponse;Ljakarta/servlet/FilterChain;)V+150
j  org.apache.catalina.core.ApplicationFilterChain.internalDoFilter(Ljakarta/servlet/ServletRequest;Ljakarta/servlet/ServletResponse;)V+135
j  org.apache.catalina.core.ApplicationFilterChain.doFilter(Ljakarta/servlet/ServletRequest;Ljakarta/servlet/ServletResponse;)V+99
j  org.springframework.web.filter.CharacterEncodingFilter.doFilterInternal(Ljakarta/servlet/http/HttpServletRequest;Ljakarta/servlet/http/HttpServletResponse;Ljakarta/servlet/FilterChain;)V+53
j  org.springframework.web.filter.OncePerRequestFilter.doFilter(Ljakarta/servlet/ServletRequest;Ljakarta/servlet/ServletResponse;Ljakarta/servlet/FilterChain;)V+150
j  org.apache.catalina.core.ApplicationFilterChain.internalDoFilter(Ljakarta/servlet/ServletRequest;Ljakarta/servlet/ServletResponse;)V+135
j  org.apache.catalina.core.ApplicationFilterChain.doFilter(Ljakarta/servlet/ServletRequest;Ljakarta/servlet/ServletResponse;)V+99
j  org.apache.catalina.core.StandardWrapperValve.invoke(Lorg/apache/catalina/connector/Request;Lorg/apache/catalina/connector/Response;)V+514
j  org.apache.catalina.core.StandardContextValve.invoke(Lorg/apache/catalina/connector/Request;Lorg/apache/catalina/connector/Response;)V+169
j  org.apache.catalina.authenticator.AuthenticatorBase.invoke(Lorg/apache/catalina/connector/Request;Lorg/apache/catalina/connector/Response;)V+221
j  org.apache.catalina.core.StandardHostValve.invoke(Lorg/apache/catalina/connector/Request;Lorg/apache/catalina/connector/Response;)V+131
j  org.apache.catalina.valves.ErrorReportValve.invoke(Lorg/apache/catalina/connector/Request;Lorg/apache/catalina/connector/Response;)V+6
j  org.apache.catalina.core.StandardEngineValve.invoke(Lorg/apache/catalina/connector/Request;Lorg/apache/catalina/connector/Response;)V+59
j  org.apache.catalina.connector.CoyoteAdapter.service(Lorg/apache/coyote/Request;Lorg/apache/coyote/Response;)V+188
j  org.apache.coyote.http11.Http11Processor.service(Lorg/apache/tomcat/util/net/SocketWrapperBase;)Lorg/apache/tomcat/util/net/AbstractEndpoint$Handler$SocketState;+795
j  org.apache.coyote.AbstractProcessorLight.process(Lorg/apache/tomcat/util/net/SocketWrapperBase;Lorg/apache/tomcat/util/net/SocketEvent;)Lorg/apache/tomcat/util/net/AbstractEndpoint$Handler$SocketState;+155
j  org.apache.coyote.AbstractProtocol$ConnectionHandler.process(Lorg/apache/tomcat/util/net/SocketWrapperBase;Lorg/apache/tomcat/util/net/SocketEvent;)Lorg/apache/tomcat/util/net/AbstractEndpoint$Handler$SocketState;+482
j  org.apache.tomcat.util.net.NioEndpoint$SocketProcessor.doRun()V+249
j  org.apache.tomcat.util.net.SocketProcessorBase.run()V+32
j  org.apache.tomcat.util.threads.ThreadPoolExecutor.runWorker(Lorg/apache/tomcat/util/threads/ThreadPoolExecutor$Worker;)V+92
j  org.apache.tomcat.util.threads.ThreadPoolExecutor$Worker.run()V+5
j  org.apache.tomcat.util.threads.TaskThread$WrappingRunnable.run()V+4
J 8040 c1 java.lang.Thread.run()V java.base@17.0.1 (17 bytes) @ 0x0000020eca8b7bf4 [0x0000020eca8b7ba0+0x0000000000000054]
v  ~StubRoutines::call_stub

---------------  P R O C E S S  ---------------

Threads class SMR info:
_java_thread_list=0x0000020ede7b06a0, length=47, elements={
0x0000020ed9c64260, 0x0000020ed9c43cd0, 0x0000020ed9c8f560, 0x0000020ed9c901d0,
0x0000020ed9cb6410, 0x0000020ed9cb91d0, 0x0000020ed9cb9b80, 0x0000020ed9cc5900,
0x0000020ed9ec8060, 0x0000020ed9f3a0d0, 0x0000020ed9f4e710, 0x0000020ed9f52c10,
0x0000020ed9eca210, 0x0000020ed9ec9870, 0x0000020ed9ec93a0, 0x0000020ed9ec71f0,
0x0000020ed9ec7b90, 0x0000020ed9ec8ed0, 0x0000020ed9ec9d40, 0x0000020ede1c6230,
0x0000020ede1c4080, 0x0000020ede1c7570, 0x0000020ede1c4550, 0x0000020ede1c3210,
0x0000020ede1c6700, 0x0000020ede1c7a40, 0x0000020ede1c1ed0, 0x0000020ee083dfa0,
0x0000020ee083ee10, 0x0000020ee0840fc0, 0x0000020ee0842300, 0x0000020ee083dad0,
0x0000020ee083af80, 0x0000020ee083b450, 0x0000020ee083fc80, 0x0000020ee083f2e0,
0x0000020ee0840af0, 0x0000020ee0841e30, 0x0000020ee0840150, 0x0000020ee0841960,
0x0000020ee083b920, 0x0000020ee0840620, 0x0000020ee083bdf0, 0x0000020ee083e470,
0x0000020ee083c2c0, 0x0000020ed9f0c020, 0x0000020eda452b40
}

Java Threads: ( => current thread )
  0x0000020ed9c64260 JavaThread "Reference Handler" daemon [_thread_blocked, id=30264, stack(0x000000db1a000000,0x000000db1a100000)]
  0x0000020ed9c43cd0 JavaThread "Finalizer" daemon [_thread_blocked, id=20144, stack(0x000000db1a100000,0x000000db1a200000)]
  0x0000020ed9c8f560 JavaThread "Signal Dispatcher" daemon [_thread_blocked, id=16352, stack(0x000000db1a200000,0x000000db1a300000)]
  0x0000020ed9c901d0 JavaThread "Attach Listener" daemon [_thread_blocked, id=29932, stack(0x000000db1a300000,0x000000db1a400000)]
  0x0000020ed9cb6410 JavaThread "Service Thread" daemon [_thread_blocked, id=1580, stack(0x000000db1a400000,0x000000db1a500000)]
  0x0000020ed9cb91d0 JavaThread "Monitor Deflation Thread" daemon [_thread_blocked, id=11188, stack(0x000000db1a500000,0x000000db1a600000)]
  0x0000020ed9cb9b80 JavaThread "C1 CompilerThread0" daemon [_thread_blocked, id=2156, stack(0x000000db1a600000,0x000000db1a700000)]
  0x0000020ed9cc5900 JavaThread "Sweeper thread" daemon [_thread_blocked, id=7172, stack(0x000000db1a700000,0x000000db1a800000)]
  0x0000020ed9ec8060 JavaThread "Common-Cleaner" daemon [_thread_blocked, id=21776, stack(0x000000db1a800000,0x000000db1a900000)]
  0x0000020ed9f3a0d0 JavaThread "JDWP Transport Listener: dt_socket" daemon [_thread_blocked, id=21860, stack(0x000000db1aa00000,0x000000db1ab00000)]
  0x0000020ed9f4e710 JavaThread "JDWP Event Helper Thread" daemon [_thread_blocked, id=11636, stack(0x000000db1ab00000,0x000000db1ac00000)]
  0x0000020ed9f52c10 JavaThread "JDWP Command Reader" daemon [_thread_in_native, id=19912, stack(0x000000db1ac00000,0x000000db1ad00000)]
  0x0000020ed9eca210 JavaThread "Notification Thread" daemon [_thread_blocked, id=22504, stack(0x000000db1ad00000,0x000000db1ae00000)]
  0x0000020ed9ec9870 JavaThread "RMI TCP Accept-0" daemon [_thread_in_native, id=21236, stack(0x000000db1ae00000,0x000000db1af00000)]
  0x0000020ed9ec93a0 JavaThread "RMI TCP Connection(2)-172.20.10.3" daemon [_thread_in_native, id=9808, stack(0x000000db1b900000,0x000000db1ba00000)]
  0x0000020ed9ec71f0 JavaThread "RMI Scheduler(0)" daemon [_thread_blocked, id=28716, stack(0x000000db1ba00000,0x000000db1bb00000)]
  0x0000020ed9ec7b90 JavaThread "RMI TCP Connection(4)-172.20.10.3" daemon [_thread_in_native, id=29536, stack(0x000000db1bd00000,0x000000db1be00000)]
  0x0000020ed9ec8ed0 JavaThread "RMI TCP Connection(6)-172.20.10.3" daemon [_thread_in_native, id=28964, stack(0x000000db1c100000,0x000000db1c200000)]
  0x0000020ed9ec9d40 JavaThread "mysql-cj-abandoned-connection-cleanup" daemon [_thread_blocked, id=10068, stack(0x000000db1c000000,0x000000db1c100000)]
  0x0000020ede1c6230 JavaThread "RMI TCP Connection(8)-172.20.10.3" daemon [_thread_in_native, id=27540, stack(0x000000db1c200000,0x000000db1c300000)]
  0x0000020ede1c4080 JavaThread "Catalina-utility-1" [_thread_blocked, id=29864, stack(0x000000db1c300000,0x000000db1c400000)]
  0x0000020ede1c7570 JavaThread "Catalina-utility-2" [_thread_blocked, id=4788, stack(0x000000db1c400000,0x000000db1c500000)]
  0x0000020ede1c4550 JavaThread "container-0" [_thread_blocked, id=26512, stack(0x000000db1c500000,0x000000db1c600000)]
  0x0000020ede1c3210 JavaThread "RMI TCP Connection(10)-172.20.10.3" daemon [_thread_in_native, id=25852, stack(0x000000db1c600000,0x000000db1c700000)]
  0x0000020ede1c6700 JavaThread "RMI TCP Connection(12)-172.20.10.3" daemon [_thread_in_native, id=26544, stack(0x000000db1c700000,0x000000db1c800000)]
  0x0000020ede1c7a40 JavaThread "RMI TCP Connection(14)-172.20.10.3" daemon [_thread_in_native, id=28796, stack(0x000000db1c800000,0x000000db1c900000)]
  0x0000020ede1c1ed0 JavaThread "RMI TCP Connection(18)-172.20.10.3" daemon [_thread_in_native, id=2080, stack(0x000000db1c900000,0x000000db1ca00000)]
  0x0000020ee083dfa0 JavaThread "http-nio-8889-exec-1" daemon [_thread_blocked, id=20112, stack(0x000000db1ca00000,0x000000db1cb00000)]
  0x0000020ee083ee10 JavaThread "http-nio-8889-exec-2" daemon [_thread_blocked, id=25328, stack(0x000000db1cb00000,0x000000db1cc00000)]
  0x0000020ee0840fc0 JavaThread "http-nio-8889-exec-3" daemon [_thread_blocked, id=30588, stack(0x000000db1cc00000,0x000000db1cd00000)]
  0x0000020ee0842300 JavaThread "http-nio-8889-exec-4" daemon [_thread_blocked, id=11592, stack(0x000000db1cd00000,0x000000db1ce00000)]
  0x0000020ee083dad0 JavaThread "http-nio-8889-exec-5" daemon [_thread_blocked, id=30500, stack(0x000000db1ce00000,0x000000db1cf00000)]
=>0x0000020ee083af80 JavaThread "http-nio-8889-exec-6" daemon [_thread_in_vm, id=3400, stack(0x000000db1cf00000,0x000000db1d000000)]
  0x0000020ee083b450 JavaThread "http-nio-8889-exec-7" daemon [_thread_blocked, id=25912, stack(0x000000db1d000000,0x000000db1d100000)]
  0x0000020ee083fc80 JavaThread "http-nio-8889-exec-8" daemon [_thread_blocked, id=29720, stack(0x000000db1d100000,0x000000db1d200000)]
  0x0000020ee083f2e0 JavaThread "http-nio-8889-exec-9" daemon [_thread_blocked, id=12100, stack(0x000000db1d200000,0x000000db1d300000)]
  0x0000020ee0840af0 JavaThread "http-nio-8889-exec-10" daemon [_thread_blocked, id=24416, stack(0x000000db1d300000,0x000000db1d400000)]
  0x0000020ee0841e30 JavaThread "http-nio-8889-Poller" daemon [_thread_in_native, id=29920, stack(0x000000db1d400000,0x000000db1d500000)]
  0x0000020ee0840150 JavaThread "http-nio-8889-Acceptor" daemon [_thread_in_native, id=29820, stack(0x000000db1d500000,0x000000db1d600000)]
  0x0000020ee0841960 JavaThread "Druid-ConnectionPool-Create-152177845" daemon [_thread_blocked, id=29296, stack(0x000000db1d600000,0x000000db1d700000)]
  0x0000020ee083b920 JavaThread "Druid-ConnectionPool-Destroy-152177845" daemon [_thread_blocked, id=25848, stack(0x000000db1d700000,0x000000db1d800000)]
  0x0000020ee0840620 JavaThread "DestroyJavaVM" [_thread_blocked, id=29020, stack(0x000000db19900000,0x000000db19a00000)]
  0x0000020ee083bdf0 JavaThread "RMI TCP Connection(idle)" daemon [_thread_blocked, id=19152, stack(0x000000db1d900000,0x000000db1da00000)]
  0x0000020ee083e470 JavaThread "RMI TCP Connection(idle)" daemon [_thread_blocked, id=10864, stack(0x000000db1da00000,0x000000db1db00000)]
  0x0000020ee083c2c0 JavaThread "WebSocket background processing" daemon [_thread_blocked, id=22512, stack(0x000000db1a900000,0x000000db1aa00000)]
  0x0000020ed9f0c020 JavaThread "C1 CompilerThread1" daemon [_thread_blocked, id=22872, stack(0x000000db1bb00000,0x000000db1bc00000)]
  0x0000020eda452b40 JavaThread "C1 CompilerThread2" daemon [_thread_blocked, id=29144, stack(0x000000db1bc00000,0x000000db1bd00000)]

Other Threads:
  0x0000020ed9c3dbb0 VMThread "VM Thread" [stack: 0x000000db19f00000,0x000000db1a000000] [id=22392]
  0x0000020ec0851510 WatcherThread [stack: 0x000000db1af00000,0x000000db1b000000] [id=26820]
  0x0000020ec082e510 GCTaskThread "GC Thread#0" [stack: 0x000000db19a00000,0x000000db19b00000] [id=2868]
  0x0000020edb829bd0 GCTaskThread "GC Thread#1" [stack: 0x000000db1b000000,0x000000db1b100000] [id=19632]
  0x0000020eda79dd00 GCTaskThread "GC Thread#2" [stack: 0x000000db1b100000,0x000000db1b200000] [id=27500]
  0x0000020eda79dfb0 GCTaskThread "GC Thread#3" [stack: 0x000000db1b200000,0x000000db1b300000] [id=25596]
  0x0000020eda79e260 GCTaskThread "GC Thread#4" [stack: 0x000000db1b300000,0x000000db1b400000] [id=4484]
  0x0000020edb830240 GCTaskThread "GC Thread#5" [stack: 0x000000db1b400000,0x000000db1b500000] [id=21160]
  0x0000020edb830900 GCTaskThread "GC Thread#6" [stack: 0x000000db1b500000,0x000000db1b600000] [id=8124]
  0x0000020edb832fe0 GCTaskThread "GC Thread#7" [stack: 0x000000db1b600000,0x000000db1b700000] [id=5712]
  0x0000020edb833290 GCTaskThread "GC Thread#8" [stack: 0x000000db1b700000,0x000000db1b800000] [id=10612]
  0x0000020edb833540 GCTaskThread "GC Thread#9" [stack: 0x000000db1b800000,0x000000db1b900000] [id=6000]
  0x0000020ec0840960 ConcurrentGCThread "G1 Main Marker" [stack: 0x000000db19b00000,0x000000db19c00000] [id=22552]
  0x0000020ec0841a10 ConcurrentGCThread "G1 Conc#0" [stack: 0x000000db19c00000,0x000000db19d00000] [id=12752]
  0x0000020edbe33020 ConcurrentGCThread "G1 Conc#1" [stack: 0x000000db1be00000,0x000000db1bf00000] [id=22924]
  0x0000020edbe00850 ConcurrentGCThread "G1 Conc#2" [stack: 0x000000db1bf00000,0x000000db1c000000] [id=19408]
  0x0000020ed9084130 ConcurrentGCThread "G1 Refine#0" [stack: 0x000000db19d00000,0x000000db19e00000] [id=21564]
  0x0000020ed9084b60 ConcurrentGCThread "G1 Service" [stack: 0x000000db19e00000,0x000000db19f00000] [id=3500]

Threads with active compile tasks:

VM state: not at safepoint (normal execution)

VM Mutex/Monitor currently owned by a thread:  ([mutex/lock_event])
[0x0000020ec07d9400] Metaspace_lock - owner thread: 0x0000020ee083af80

Heap address: 0x000000070a000000, size: 3936 MB, Compressed Oops mode: Zero based, Oop shift amount: 3

CDS archive(s) not mapped
Compressed class space mapped at: 0x0000000800000000-0x0000000840000000, reserved size: 1073741824
Narrow klass base: 0x0000000800000000, Narrow klass shift: 0, Narrow klass range: 0x40000000

GC Precious Log:
 CPUs: 12 total, 12 available
 Memory: 15741M
 Large Page Support: Disabled
 NUMA Support: Disabled
 Compressed Oops: Enabled (Zero based)
 Heap Region Size: 2M
 Heap Min Capacity: 8M
 Heap Initial Capacity: 246M
 Heap Max Capacity: 3936M
 Pre-touch: Disabled
 Parallel Workers: 10
 Concurrent Workers: 3
 Concurrent Refinement Workers: 10
 Periodic GC: Disabled

Heap:
 garbage-first heap   total 247808K, used 98279K [0x000000070a000000, 0x0000000800000000)
  region size 2048K, 15 young (30720K), 3 survivors (6144K)
 Metaspace       used 77338K, committed 77888K, reserved 1122304K
  class space    used 9754K, committed 10048K, reserved 1048576K

Heap Regions: E=young(eden), S=young(survivor), O=old, HS=humongous(starts), HC=humongous(continues), CS=collection set, F=free, OA=open archive, CA=closed archive, TAMS=top-at-mark-start (previous, next)
|   0|0x000000070a000000, 0x000000070a200000, 0x000000070a200000|100%| O|  |TAMS 0x000000070a200000, 0x000000070a000000| Untracked 
|   1|0x000000070a200000, 0x000000070a400000, 0x000000070a400000|100%| O|  |TAMS 0x000000070a400000, 0x000000070a200000| Untracked 
|   2|0x000000070a400000, 0x000000070a600000, 0x000000070a600000|100%| O|  |TAMS 0x000000070a600000, 0x000000070a400000| Untracked 
|   3|0x000000070a600000, 0x000000070a800000, 0x000000070a800000|100%| O|  |TAMS 0x000000070a800000, 0x000000070a600000| Untracked 
|   4|0x000000070a800000, 0x000000070a8a7c00, 0x000000070aa00000| 32%| O|  |TAMS 0x000000070a8a7c00, 0x000000070a800000| Untracked 
|   5|0x000000070aa00000, 0x000000070ac00000, 0x000000070ac00000|100%| O|  |TAMS 0x000000070ac00000, 0x000000070aa00000| Untracked 
|   6|0x000000070ac00000, 0x000000070ae00000, 0x000000070ae00000|100%| O|  |TAMS 0x000000070ae00000, 0x000000070ac00000| Untracked 
|   7|0x000000070ae00000, 0x000000070af51000, 0x000000070b000000| 65%| O|  |TAMS 0x000000070af51000, 0x000000070ae00000| Untracked 
|   8|0x000000070b000000, 0x000000070b200000, 0x000000070b200000|100%| O|  |TAMS 0x000000070b200000, 0x000000070b000000| Untracked 
|   9|0x000000070b200000, 0x000000070b400000, 0x000000070b400000|100%| O|  |TAMS 0x000000070b400000, 0x000000070b200000| Untracked 
|  10|0x000000070b400000, 0x000000070b600000, 0x000000070b600000|100%| O|  |TAMS 0x000000070b600000, 0x000000070b400000| Untracked 
|  11|0x000000070b600000, 0x000000070b800000, 0x000000070b800000|100%| O|  |TAMS 0x000000070b800000, 0x000000070b600000| Untracked 
|  12|0x000000070b800000, 0x000000070ba00000, 0x000000070ba00000|100%| O|  |TAMS 0x000000070ba00000, 0x000000070b800000| Untracked 
|  13|0x000000070ba00000, 0x000000070bc00000, 0x000000070bc00000|100%| O|  |TAMS 0x000000070bc00000, 0x000000070ba00000| Untracked 
|  14|0x000000070bc00000, 0x000000070be00000, 0x000000070be00000|100%| O|  |TAMS 0x000000070be00000, 0x000000070bc00000| Untracked 
|  15|0x000000070be00000, 0x000000070c000000, 0x000000070c000000|100%| O|  |TAMS 0x000000070c000000, 0x000000070be00000| Untracked 
|  16|0x000000070c000000, 0x000000070c200000, 0x000000070c200000|100%| O|  |TAMS 0x000000070c200000, 0x000000070c000000| Untracked 
|  17|0x000000070c200000, 0x000000070c400000, 0x000000070c400000|100%| O|  |TAMS 0x000000070c400000, 0x000000070c200000| Untracked 
|  18|0x000000070c400000, 0x000000070c600000, 0x000000070c600000|100%| O|  |TAMS 0x000000070c600000, 0x000000070c400000| Untracked 
|  19|0x000000070c600000, 0x000000070c800000, 0x000000070c800000|100%| O|  |TAMS 0x000000070c800000, 0x000000070c600000| Untracked 
|  20|0x000000070c800000, 0x000000070ca00000, 0x000000070ca00000|100%| O|  |TAMS 0x000000070ca00000, 0x000000070c800000| Untracked 
|  21|0x000000070ca00000, 0x000000070cc00000, 0x000000070cc00000|100%| O|  |TAMS 0x000000070cc00000, 0x000000070ca00000| Untracked 
|  22|0x000000070cc00000, 0x000000070cc00000, 0x000000070ce00000|  0%| F|  |TAMS 0x000000070cc00000, 0x000000070cc00000| Untracked 
|  23|0x000000070ce00000, 0x000000070ce00000, 0x000000070d000000|  0%| F|  |TAMS 0x000000070ce00000, 0x000000070ce00000| Untracked 
|  24|0x000000070d000000, 0x000000070d200000, 0x000000070d200000|100%| O|  |TAMS 0x000000070d000000, 0x000000070d000000| Untracked 
|  25|0x000000070d200000, 0x000000070d400000, 0x000000070d400000|100%| O|  |TAMS 0x000000070d200000, 0x000000070d200000| Untracked 
|  26|0x000000070d400000, 0x000000070d400000, 0x000000070d600000|  0%| F|  |TAMS 0x000000070d400000, 0x000000070d400000| Untracked 
|  27|0x000000070d600000, 0x000000070d600000, 0x000000070d800000|  0%| F|  |TAMS 0x000000070d600000, 0x000000070d600000| Untracked 
|  28|0x000000070d800000, 0x000000070d800000, 0x000000070da00000|  0%| F|  |TAMS 0x000000070d800000, 0x000000070d800000| Untracked 
|  29|0x000000070da00000, 0x000000070dc00000, 0x000000070dc00000|100%| O|  |TAMS 0x000000070dc00000, 0x000000070da00000| Untracked 
|  30|0x000000070dc00000, 0x000000070dc00000, 0x000000070de00000|  0%| F|  |TAMS 0x000000070dc00000, 0x000000070dc00000| Untracked 
|  31|0x000000070de00000, 0x000000070e000000, 0x000000070e000000|100%| O|  |TAMS 0x000000070df94e00, 0x000000070de00000| Untracked 
|  32|0x000000070e000000, 0x000000070e200000, 0x000000070e200000|100%| O|  |TAMS 0x000000070e000000, 0x000000070e000000| Untracked 
|  33|0x000000070e200000, 0x000000070e400000, 0x000000070e400000|100%| O|  |TAMS 0x000000070e200000, 0x000000070e200000| Untracked 
|  34|0x000000070e400000, 0x000000070e600000, 0x000000070e600000|100%| O|  |TAMS 0x000000070e400000, 0x000000070e400000| Untracked 
|  35|0x000000070e600000, 0x000000070e800000, 0x000000070e800000|100%| O|  |TAMS 0x000000070e600000, 0x000000070e600000| Untracked 
|  36|0x000000070e800000, 0x000000070ea00000, 0x000000070ea00000|100%| O|  |TAMS 0x000000070e800000, 0x000000070e800000| Untracked 
|  37|0x000000070ea00000, 0x000000070ec00000, 0x000000070ec00000|100%| O|  |TAMS 0x000000070ea00000, 0x000000070ea00000| Untracked 
|  38|0x000000070ec00000, 0x000000070ee00000, 0x000000070ee00000|100%| O|  |TAMS 0x000000070ec00000, 0x000000070ec00000| Untracked 
|  39|0x000000070ee00000, 0x000000070f000000, 0x000000070f000000|100%| O|  |TAMS 0x000000070ee00000, 0x000000070ee00000| Untracked 
|  40|0x000000070f000000, 0x000000070f200000, 0x000000070f200000|100%| O|  |TAMS 0x000000070f000000, 0x000000070f000000| Untracked 
|  41|0x000000070f200000, 0x000000070f267c00, 0x000000070f400000| 20%| O|  |TAMS 0x000000070f200000, 0x000000070f200000| Untracked 
|  42|0x000000070f400000, 0x000000070f400000, 0x000000070f600000|  0%| F|  |TAMS 0x000000070f400000, 0x000000070f400000| Untracked 
|  43|0x000000070f600000, 0x000000070f600000, 0x000000070f800000|  0%| F|  |TAMS 0x000000070f600000, 0x000000070f600000| Untracked 
|  44|0x000000070f800000, 0x000000070f800000, 0x000000070fa00000|  0%| F|  |TAMS 0x000000070f800000, 0x000000070f800000| Untracked 
|  45|0x000000070fa00000, 0x000000070fa00000, 0x000000070fc00000|  0%| F|  |TAMS 0x000000070fa00000, 0x000000070fa00000| Untracked 
|  46|0x000000070fc00000, 0x000000070fc00000, 0x000000070fe00000|  0%| F|  |TAMS 0x000000070fc00000, 0x000000070fc00000| Untracked 
|  47|0x000000070fe00000, 0x000000070fe00000, 0x0000000710000000|  0%| F|  |TAMS 0x000000070fe00000, 0x000000070fe00000| Untracked 
|  48|0x0000000710000000, 0x0000000710000000, 0x0000000710200000|  0%| F|  |TAMS 0x0000000710000000, 0x0000000710000000| Untracked 
|  49|0x0000000710200000, 0x0000000710200000, 0x0000000710400000|  0%| F|  |TAMS 0x0000000710200000, 0x0000000710200000| Untracked 
|  50|0x0000000710400000, 0x0000000710400000, 0x0000000710600000|  0%| F|  |TAMS 0x0000000710400000, 0x0000000710400000| Untracked 
|  51|0x0000000710600000, 0x0000000710600000, 0x0000000710800000|  0%| F|  |TAMS 0x0000000710600000, 0x0000000710600000| Untracked 
|  52|0x0000000710800000, 0x0000000710800000, 0x0000000710a00000|  0%| F|  |TAMS 0x0000000710800000, 0x0000000710800000| Untracked 
|  53|0x0000000710a00000, 0x0000000710a00000, 0x0000000710c00000|  0%| F|  |TAMS 0x0000000710a00000, 0x0000000710a00000| Untracked 
|  54|0x0000000710c00000, 0x0000000710c00000, 0x0000000710e00000|  0%| F|  |TAMS 0x0000000710c00000, 0x0000000710c00000| Untracked 
|  55|0x0000000710e00000, 0x0000000710e00000, 0x0000000711000000|  0%| F|  |TAMS 0x0000000710e00000, 0x0000000710e00000| Untracked 
|  56|0x0000000711000000, 0x0000000711000000, 0x0000000711200000|  0%| F|  |TAMS 0x0000000711000000, 0x0000000711000000| Untracked 
|  57|0x0000000711200000, 0x0000000711200000, 0x0000000711400000|  0%| F|  |TAMS 0x0000000711200000, 0x0000000711200000| Untracked 
|  58|0x0000000711400000, 0x0000000711400000, 0x0000000711600000|  0%| F|  |TAMS 0x0000000711400000, 0x0000000711400000| Untracked 
|  59|0x0000000711600000, 0x0000000711600000, 0x0000000711800000|  0%| F|  |TAMS 0x0000000711600000, 0x0000000711600000| Untracked 
|  60|0x0000000711800000, 0x0000000711800000, 0x0000000711a00000|  0%| F|  |TAMS 0x0000000711800000, 0x0000000711800000| Untracked 
|  61|0x0000000711a00000, 0x0000000711a00000, 0x0000000711c00000|  0%| F|  |TAMS 0x0000000711a00000, 0x0000000711a00000| Untracked 
|  62|0x0000000711c00000, 0x0000000711c00000, 0x0000000711e00000|  0%| F|  |TAMS 0x0000000711c00000, 0x0000000711c00000| Untracked 
|  63|0x0000000711e00000, 0x0000000711e00000, 0x0000000712000000|  0%| F|  |TAMS 0x0000000711e00000, 0x0000000711e00000| Untracked 
|  64|0x0000000712000000, 0x0000000712000000, 0x0000000712200000|  0%| F|  |TAMS 0x0000000712000000, 0x0000000712000000| Untracked 
|  65|0x0000000712200000, 0x0000000712200000, 0x0000000712400000|  0%| F|  |TAMS 0x0000000712200000, 0x0000000712200000| Untracked 
|  66|0x0000000712400000, 0x0000000712599488, 0x0000000712600000| 79%| S|CS|TAMS 0x0000000712400000, 0x0000000712400000| Complete 
|  67|0x0000000712600000, 0x0000000712800000, 0x0000000712800000|100%| S|CS|TAMS 0x0000000712600000, 0x0000000712600000| Complete 
|  68|0x0000000712800000, 0x0000000712a00000, 0x0000000712a00000|100%| S|CS|TAMS 0x0000000712800000, 0x0000000712800000| Complete 
|  69|0x0000000712a00000, 0x0000000712a00000, 0x0000000712c00000|  0%| F|  |TAMS 0x0000000712a00000, 0x0000000712a00000| Untracked 
|  70|0x0000000712c00000, 0x0000000712c00000, 0x0000000712e00000|  0%| F|  |TAMS 0x0000000712c00000, 0x0000000712c00000| Untracked 
|  71|0x0000000712e00000, 0x0000000712e00000, 0x0000000713000000|  0%| F|  |TAMS 0x0000000712e00000, 0x0000000712e00000| Untracked 
|  72|0x0000000713000000, 0x0000000713000000, 0x0000000713200000|  0%| F|  |TAMS 0x0000000713000000, 0x0000000713000000| Untracked 
|  73|0x0000000713200000, 0x0000000713200000, 0x0000000713400000|  0%| F|  |TAMS 0x0000000713200000, 0x0000000713200000| Untracked 
|  74|0x0000000713400000, 0x0000000713400000, 0x0000000713600000|  0%| F|  |TAMS 0x0000000713400000, 0x0000000713400000| Untracked 
|  75|0x0000000713600000, 0x0000000713600000, 0x0000000713800000|  0%| F|  |TAMS 0x0000000713600000, 0x0000000713600000| Untracked 
|  76|0x0000000713800000, 0x0000000713800000, 0x0000000713a00000|  0%| F|  |TAMS 0x0000000713800000, 0x0000000713800000| Untracked 
|  77|0x0000000713a00000, 0x0000000713a00000, 0x0000000713c00000|  0%| F|  |TAMS 0x0000000713a00000, 0x0000000713a00000| Untracked 
|  78|0x0000000713c00000, 0x0000000713c00000, 0x0000000713e00000|  0%| F|  |TAMS 0x0000000713c00000, 0x0000000713c00000| Untracked 
|  79|0x0000000713e00000, 0x0000000713e00000, 0x0000000714000000|  0%| F|  |TAMS 0x0000000713e00000, 0x0000000713e00000| Untracked 
|  80|0x0000000714000000, 0x0000000714000000, 0x0000000714200000|  0%| F|  |TAMS 0x0000000714000000, 0x0000000714000000| Untracked 
|  81|0x0000000714200000, 0x0000000714200000, 0x0000000714400000|  0%| F|  |TAMS 0x0000000714200000, 0x0000000714200000| Untracked 
|  82|0x0000000714400000, 0x0000000714400000, 0x0000000714600000|  0%| F|  |TAMS 0x0000000714400000, 0x0000000714400000| Untracked 
|  83|0x0000000714600000, 0x0000000714600000, 0x0000000714800000|  0%| F|  |TAMS 0x0000000714600000, 0x0000000714600000| Untracked 
|  84|0x0000000714800000, 0x0000000714800000, 0x0000000714a00000|  0%| F|  |TAMS 0x0000000714800000, 0x0000000714800000| Untracked 
|  85|0x0000000714a00000, 0x0000000714a00000, 0x0000000714c00000|  0%| F|  |TAMS 0x0000000714a00000, 0x0000000714a00000| Untracked 
|  86|0x0000000714c00000, 0x0000000714c00000, 0x0000000714e00000|  0%| F|  |TAMS 0x0000000714c00000, 0x0000000714c00000| Untracked 
|  87|0x0000000714e00000, 0x0000000714e00000, 0x0000000715000000|  0%| F|  |TAMS 0x0000000714e00000, 0x0000000714e00000| Untracked 
|  88|0x0000000715000000, 0x0000000715000000, 0x0000000715200000|  0%| F|  |TAMS 0x0000000715000000, 0x0000000715000000| Untracked 
|  89|0x0000000715200000, 0x0000000715200000, 0x0000000715400000|  0%| F|  |TAMS 0x0000000715200000, 0x0000000715200000| Untracked 
|  90|0x0000000715400000, 0x0000000715400000, 0x0000000715600000|  0%| F|  |TAMS 0x0000000715400000, 0x0000000715400000| Untracked 
|  91|0x0000000715600000, 0x0000000715600000, 0x0000000715800000|  0%| F|  |TAMS 0x0000000715600000, 0x0000000715600000| Untracked 
|  92|0x0000000715800000, 0x0000000715800000, 0x0000000715a00000|  0%| F|  |TAMS 0x0000000715800000, 0x0000000715800000| Untracked 
|  93|0x0000000715a00000, 0x0000000715a00000, 0x0000000715c00000|  0%| F|  |TAMS 0x0000000715a00000, 0x0000000715a00000| Untracked 
|  94|0x0000000715c00000, 0x0000000715c00000, 0x0000000715e00000|  0%| F|  |TAMS 0x0000000715c00000, 0x0000000715c00000| Untracked 
|  95|0x0000000715e00000, 0x0000000715e00000, 0x0000000716000000|  0%| F|  |TAMS 0x0000000715e00000, 0x0000000715e00000| Untracked 
|  96|0x0000000716000000, 0x0000000716000000, 0x0000000716200000|  0%| F|  |TAMS 0x0000000716000000, 0x0000000716000000| Untracked 
|  97|0x0000000716200000, 0x0000000716200000, 0x0000000716400000|  0%| F|  |TAMS 0x0000000716200000, 0x0000000716200000| Untracked 
|  98|0x0000000716400000, 0x0000000716400000, 0x0000000716600000|  0%| F|  |TAMS 0x0000000716400000, 0x0000000716400000| Untracked 
|  99|0x0000000716600000, 0x0000000716600000, 0x0000000716800000|  0%| F|  |TAMS 0x0000000716600000, 0x0000000716600000| Untracked 
| 100|0x0000000716800000, 0x0000000716800000, 0x0000000716a00000|  0%| F|  |TAMS 0x0000000716800000, 0x0000000716800000| Untracked 
| 101|0x0000000716a00000, 0x0000000716a00000, 0x0000000716c00000|  0%| F|  |TAMS 0x0000000716a00000, 0x0000000716a00000| Untracked 
| 102|0x0000000716c00000, 0x0000000716c00000, 0x0000000716e00000|  0%| F|  |TAMS 0x0000000716c00000, 0x0000000716c00000| Untracked 
| 103|0x0000000716e00000, 0x0000000716e00000, 0x0000000717000000|  0%| F|  |TAMS 0x0000000716e00000, 0x0000000716e00000| Untracked 
| 104|0x0000000717000000, 0x0000000717000000, 0x0000000717200000|  0%| F|  |TAMS 0x0000000717000000, 0x0000000717000000| Untracked 
| 105|0x0000000717200000, 0x0000000717200000, 0x0000000717400000|  0%| F|  |TAMS 0x0000000717200000, 0x0000000717200000| Untracked 
| 106|0x0000000717400000, 0x0000000717400000, 0x0000000717600000|  0%| F|  |TAMS 0x0000000717400000, 0x0000000717400000| Untracked 
| 107|0x0000000717600000, 0x0000000717600000, 0x0000000717800000|  0%| F|  |TAMS 0x0000000717600000, 0x0000000717600000| Untracked 
| 108|0x0000000717800000, 0x0000000717800000, 0x0000000717a00000|  0%| F|  |TAMS 0x0000000717800000, 0x0000000717800000| Untracked 
| 109|0x0000000717a00000, 0x0000000717af7f98, 0x0000000717c00000| 48%| E|  |TAMS 0x0000000717a00000, 0x0000000717a00000| Complete 
| 110|0x0000000717c00000, 0x0000000717e00000, 0x0000000717e00000|100%| E|CS|TAMS 0x0000000717c00000, 0x0000000717c00000| Complete 
| 111|0x0000000717e00000, 0x0000000718000000, 0x0000000718000000|100%| E|CS|TAMS 0x0000000717e00000, 0x0000000717e00000| Complete 
| 112|0x0000000718000000, 0x0000000718200000, 0x0000000718200000|100%| E|CS|TAMS 0x0000000718000000, 0x0000000718000000| Complete 
| 113|0x0000000718200000, 0x0000000718400000, 0x0000000718400000|100%| E|CS|TAMS 0x0000000718200000, 0x0000000718200000| Complete 
| 114|0x0000000718400000, 0x0000000718600000, 0x0000000718600000|100%| E|CS|TAMS 0x0000000718400000, 0x0000000718400000| Complete 
| 115|0x0000000718600000, 0x0000000718800000, 0x0000000718800000|100%| E|CS|TAMS 0x0000000718600000, 0x0000000718600000| Complete 
| 116|0x0000000718800000, 0x0000000718a00000, 0x0000000718a00000|100%| E|CS|TAMS 0x0000000718800000, 0x0000000718800000| Complete 
| 117|0x0000000718a00000, 0x0000000718c00000, 0x0000000718c00000|100%| E|CS|TAMS 0x0000000718a00000, 0x0000000718a00000| Complete 
| 118|0x0000000718c00000, 0x0000000718e00000, 0x0000000718e00000|100%| E|CS|TAMS 0x0000000718c00000, 0x0000000718c00000| Complete 
| 119|0x0000000718e00000, 0x0000000719000000, 0x0000000719000000|100%| E|CS|TAMS 0x0000000718e00000, 0x0000000718e00000| Complete 
| 122|0x0000000719400000, 0x0000000719600000, 0x0000000719600000|100%| E|CS|TAMS 0x0000000719400000, 0x0000000719400000| Complete 

Card table byte_map: [0x0000020ecda40000,0x0000020ece1f0000] _byte_map_base: 0x0000020eca1f0000

Marking Bits (Prev, Next): (CMBitMap*) 0x0000020ec0830a30, (CMBitMap*) 0x0000020ec0830a70
 Prev Bits: [0x0000020ece9a0000, 0x0000020ed2720000)
 Next Bits: [0x0000020ed2720000, 0x0000020ed64a0000)

Polling page: 0x0000020ec9770000

Metaspace:

Usage:
  Non-class:     66.00 MB used.
      Class:      9.53 MB used.
       Both:     75.53 MB used.

Virtual space:
  Non-class space:       72.00 MB reserved,      66.25 MB ( 92%) committed,  9 nodes.
      Class space:        1.00 GB reserved,       9.81 MB ( <1%) committed,  1 nodes.
             Both:        1.07 GB reserved,      76.06 MB (  7%) committed. 

Chunk freelists:
   Non-Class:  1008.00 KB
       Class:  2.22 MB
        Both:  3.20 MB

MaxMetaspaceSize: unlimited
CompressedClassSpaceSize: 1.00 GB
Initial GC threshold: 21.00 MB
Current GC threshold: 114.38 MB
CDS: off
MetaspaceReclaimPolicy: balanced
 - commit_granule_bytes: 65536.
 - commit_granule_words: 8192.
 - virtual_space_node_default_size: 1048576.
 - enlarge_chunks_in_place: 1.
 - new_chunks_are_fully_committed: 0.
 - uncommit_free_chunks: 1.
 - use_allocation_guard: 0.
 - handle_deallocations: 1.


Internal statistics:

num_allocs_failed_limit: 9.
num_arena_births: 890.
num_arena_deaths: 0.
num_vsnodes_births: 10.
num_vsnodes_deaths: 0.
num_space_committed: 1217.
num_space_uncommitted: 0.
num_chunks_returned_to_freelist: 9.
num_chunks_taken_from_freelist: 3340.
num_chunk_merges: 6.
num_chunk_splits: 2298.
num_chunks_enlarged: 1700.
num_purges: 0.
num_inconsistent_stats: 0.

CodeCache: size=49152Kb used=18362Kb max_used=18826Kb free=30789Kb
 bounds [0x0000020ec9790000, 0x0000020ecaa00000, 0x0000020ecc790000]
 total_blobs=9530 nmethods=8855 adapters=597
 compilation: enabled
              stopped_count=0, restarted_count=0
 full_count=0

Compilation events (20 events):
Event: 27.370 Thread 0x0000020ed9cb9b80 9006       1       org.apache.coyote.Response::isCommitted (5 bytes)
Event: 27.370 Thread 0x0000020eda452b40 nmethod 9001 0x0000020ec9c19990 code [0x0000020ec9c19b20, 0x0000020ec9c19bf8]
Event: 27.370 Thread 0x0000020ed9f0c020 nmethod 9004 0x0000020ec9c19c90 code [0x0000020ec9c19e60, 0x0000020ec9c1a288]
Event: 27.370 Thread 0x0000020ed9cb9b80 nmethod 9006 0x0000020ec9c19690 code [0x0000020ec9c19820, 0x0000020ec9c198f8]
Event: 27.398 Thread 0x0000020eda452b40 9009       1       java.io.InputStreamReader::read (11 bytes)
Event: 27.398 Thread 0x0000020ed9cb9b80 9010   !   1       sun.nio.cs.StreamDecoder::read (196 bytes)
Event: 27.398 Thread 0x0000020ed9f0c020 9011       1       sun.nio.cs.StreamDecoder::ensureOpen (18 bytes)
Event: 27.399 Thread 0x0000020eda452b40 nmethod 9009 0x0000020ec9c19310 code [0x0000020ec9c194a0, 0x0000020ec9c195a8]
Event: 27.399 Thread 0x0000020eda452b40 9012       1       sun.nio.cs.StreamDecoder::implRead (243 bytes)
Event: 27.399 Thread 0x0000020ed9f0c020 nmethod 9011 0x0000020ec9c18f10 code [0x0000020ec9c190c0, 0x0000020ec9c19248]
Event: 27.400 Thread 0x0000020ed9cb9b80 nmethod 9010 0x0000020ec9c17f90 code [0x0000020ec9c181c0, 0x0000020ec9c18a88]
Event: 27.400 Thread 0x0000020eda452b40 nmethod 9012 0x0000020ec9c17110 code [0x0000020ec9c17340, 0x0000020ec9c17a48]
Event: 27.402 Thread 0x0000020eda452b40 9013   !   1       sun.nio.cs.StreamDecoder::readBytes (271 bytes)
Event: 27.402 Thread 0x0000020ed9cb9b80 9014       1       java.nio.HeapByteBuffer::compact (85 bytes)
Event: 27.402 Thread 0x0000020ed9f0c020 9015       1       java.nio.Buffer::discardMark (6 bytes)
Event: 27.402 Thread 0x0000020ed9f0c020 nmethod 9015 0x0000020ec9c16e10 code [0x0000020ec9c16fa0, 0x0000020ec9c17078]
Event: 27.402 Thread 0x0000020ed9cb9b80 nmethod 9014 0x0000020ec9c16910 code [0x0000020ec9c16ac0, 0x0000020ec9c16cc8]
Event: 27.403 Thread 0x0000020eda452b40 nmethod 9013 0x0000020ec9c15890 code [0x0000020ec9c15b20, 0x0000020ec9c16288]
Event: 27.412 Thread 0x0000020eda452b40 9016   !   1       java.io.BufferedReader::readLine (327 bytes)
Event: 27.414 Thread 0x0000020eda452b40 nmethod 9016 0x0000020ec9c13d90 code [0x0000020ec9c14020, 0x0000020ec9c14e08]

GC Heap History (20 events):
Event: 11.137 GC heap before
{Heap before GC invocations=25 (full 0):
 garbage-first heap   total 143360K, used 118513K [0x000000070a000000, 0x0000000800000000)
  region size 2048K, 42 young (86016K), 3 survivors (6144K)
 Metaspace       used 67482K, committed 67968K, reserved 1114112K
  class space    used 8532K, committed 8768K, reserved 1048576K
}
Event: 11.141 GC heap after
{Heap after GC invocations=26 (full 0):
 garbage-first heap   total 143360K, used 40723K [0x000000070a000000, 0x0000000800000000)
  region size 2048K, 4 young (8192K), 4 survivors (8192K)
 Metaspace       used 67482K, committed 67968K, reserved 1114112K
  class space    used 8532K, committed 8768K, reserved 1048576K
}
Event: 11.743 GC heap before
{Heap before GC invocations=26 (full 0):
 garbage-first heap   total 143360K, used 114451K [0x000000070a000000, 0x0000000800000000)
  region size 2048K, 41 young (83968K), 4 survivors (8192K)
 Metaspace       used 69581K, committed 70080K, reserved 1114112K
  class space    used 8800K, committed 9024K, reserved 1048576K
}
Event: 11.750 GC heap after
{Heap after GC invocations=27 (full 0):
 garbage-first heap   total 143360K, used 47715K [0x000000070a000000, 0x0000000800000000)
  region size 2048K, 6 young (12288K), 6 survivors (12288K)
 Metaspace       used 69581K, committed 70080K, reserved 1114112K
  class space    used 8800K, committed 9024K, reserved 1048576K
}
Event: 12.093 GC heap before
{Heap before GC invocations=27 (full 0):
 garbage-first heap   total 143360K, used 111203K [0x000000070a000000, 0x0000000800000000)
  region size 2048K, 38 young (77824K), 6 survivors (12288K)
 Metaspace       used 69678K, committed 70208K, reserved 1114112K
  class space    used 8814K, committed 9088K, reserved 1048576K
}
Event: 12.104 GC heap after
{Heap after GC invocations=28 (full 0):
 garbage-first heap   total 143360K, used 60784K [0x000000070a000000, 0x0000000800000000)
  region size 2048K, 5 young (10240K), 5 survivors (10240K)
 Metaspace       used 69678K, committed 70208K, reserved 1114112K
  class space    used 8814K, committed 9088K, reserved 1048576K
}
Event: 12.399 GC heap before
{Heap before GC invocations=28 (full 0):
 garbage-first heap   total 143360K, used 107888K [0x000000070a000000, 0x0000000800000000)
  region size 2048K, 28 young (57344K), 5 survivors (10240K)
 Metaspace       used 69678K, committed 70208K, reserved 1114112K
  class space    used 8814K, committed 9088K, reserved 1048576K
}
Event: 12.402 GC heap after
{Heap after GC invocations=29 (full 0):
 garbage-first heap   total 143360K, used 58923K [0x000000070a000000, 0x0000000800000000)
  region size 2048K, 1 young (2048K), 1 survivors (2048K)
 Metaspace       used 69678K, committed 70208K, reserved 1114112K
  class space    used 8814K, committed 9088K, reserved 1048576K
}
Event: 12.536 GC heap before
{Heap before GC invocations=29 (full 0):
 garbage-first heap   total 143360K, used 108075K [0x000000070a000000, 0x0000000800000000)
  region size 2048K, 26 young (53248K), 1 survivors (2048K)
 Metaspace       used 69678K, committed 70208K, reserved 1114112K
  class space    used 8814K, committed 9088K, reserved 1048576K
}
Event: 12.543 GC heap after
{Heap after GC invocations=30 (full 0):
 garbage-first heap   total 143360K, used 71222K [0x000000070a000000, 0x0000000800000000)
  region size 2048K, 4 young (8192K), 4 survivors (8192K)
 Metaspace       used 69678K, committed 70208K, reserved 1114112K
  class space    used 8814K, committed 9088K, reserved 1048576K
}
Event: 12.799 GC heap before
{Heap before GC invocations=30 (full 0):
 garbage-first heap   total 143360K, used 106038K [0x000000070a000000, 0x0000000800000000)
  region size 2048K, 22 young (45056K), 4 survivors (8192K)
 Metaspace       used 69687K, committed 70272K, reserved 1114112K
  class space    used 8816K, committed 9088K, reserved 1048576K
}
Event: 12.805 GC heap after
{Heap after GC invocations=31 (full 0):
 garbage-first heap   total 143360K, used 78371K [0x000000070a000000, 0x0000000800000000)
  region size 2048K, 3 young (6144K), 3 survivors (6144K)
 Metaspace       used 69687K, committed 70272K, reserved 1114112K
  class space    used 8816K, committed 9088K, reserved 1048576K
}
Event: 13.211 GC heap before
{Heap before GC invocations=32 (full 0):
 garbage-first heap   total 157696K, used 102947K [0x000000070a000000, 0x0000000800000000)
  region size 2048K, 18 young (36864K), 3 survivors (6144K)
 Metaspace       used 69687K, committed 70272K, reserved 1114112K
  class space    used 8816K, committed 9088K, reserved 1048576K
}
Event: 13.219 GC heap after
{Heap after GC invocations=33 (full 0):
 garbage-first heap   total 157696K, used 83449K [0x000000070a000000, 0x0000000800000000)
  region size 2048K, 3 young (6144K), 3 survivors (6144K)
 Metaspace       used 69687K, committed 70272K, reserved 1114112K
  class space    used 8816K, committed 9088K, reserved 1048576K
}
Event: 13.257 GC heap before
{Heap before GC invocations=33 (full 0):
 garbage-first heap   total 157696K, used 85497K [0x000000070a000000, 0x0000000800000000)
  region size 2048K, 4 young (8192K), 3 survivors (6144K)
 Metaspace       used 69687K, committed 70272K, reserved 1114112K
  class space    used 8816K, committed 9088K, reserved 1048576K
}
Event: 13.260 GC heap after
{Heap after GC invocations=34 (full 0):
 garbage-first heap   total 247808K, used 71246K [0x000000070a000000, 0x0000000800000000)
  region size 2048K, 1 young (2048K), 1 survivors (2048K)
 Metaspace       used 69687K, committed 70272K, reserved 1114112K
  class space    used 8816K, committed 9088K, reserved 1048576K
}
Event: 13.809 GC heap before
{Heap before GC invocations=34 (full 0):
 garbage-first heap   total 247808K, used 163406K [0x000000070a000000, 0x0000000800000000)
  region size 2048K, 46 young (94208K), 1 survivors (2048K)
 Metaspace       used 71875K, committed 72448K, reserved 1114112K
  class space    used 9123K, committed 9408K, reserved 1048576K
}
Event: 13.812 GC heap after
{Heap after GC invocations=35 (full 0):
 garbage-first heap   total 247808K, used 73066K [0x000000070a000000, 0x0000000800000000)
  region size 2048K, 2 young (4096K), 2 survivors (4096K)
 Metaspace       used 71875K, committed 72448K, reserved 1114112K
  class space    used 9123K, committed 9408K, reserved 1048576K
}
Event: 14.415 GC heap before
{Heap before GC invocations=35 (full 0):
 garbage-first heap   total 247808K, used 173418K [0x000000070a000000, 0x0000000800000000)
  region size 2048K, 52 young (106496K), 2 survivors (4096K)
 Metaspace       used 74782K, committed 75392K, reserved 1122304K
  class space    used 9440K, committed 9728K, reserved 1048576K
}
Event: 14.420 GC heap after
{Heap after GC invocations=36 (full 0):
 garbage-first heap   total 247808K, used 75751K [0x000000070a000000, 0x0000000800000000)
  region size 2048K, 3 young (6144K), 3 survivors (6144K)
 Metaspace       used 74782K, committed 75392K, reserved 1122304K
  class space    used 9440K, committed 9728K, reserved 1048576K
}

Deoptimization events (20 events):
Event: 15.640 Thread 0x0000020ee083dfa0 DEOPT PACKING pc=0x0000020ec9ad5c5c sp=0x000000db1cafb270
Event: 15.640 Thread 0x0000020ee083dfa0 DEOPT UNPACKING pc=0x0000020ec97e2b43 sp=0x000000db1cafa760 mode 1
Event: 15.642 Thread 0x0000020ee083dfa0 DEOPT PACKING pc=0x0000020eca601594 sp=0x000000db1cafb520
Event: 15.642 Thread 0x0000020ee083dfa0 DEOPT UNPACKING pc=0x0000020ec97e2b43 sp=0x000000db1cafabd8 mode 1
Event: 15.643 Thread 0x0000020ee083dfa0 DEOPT PACKING pc=0x0000020ec9b15d64 sp=0x000000db1cafa890
Event: 15.643 Thread 0x0000020ee083dfa0 DEOPT UNPACKING pc=0x0000020ec97e2b43 sp=0x000000db1caf9d28 mode 1
Event: 15.643 Thread 0x0000020ee083dfa0 DEOPT PACKING pc=0x0000020ec9b0d77c sp=0x000000db1cafa960
Event: 15.643 Thread 0x0000020ee083dfa0 DEOPT UNPACKING pc=0x0000020ec97e2b43 sp=0x000000db1caf9e18 mode 1
Event: 15.643 Thread 0x0000020ee083dfa0 DEOPT PACKING pc=0x0000020ec9ad5c5c sp=0x000000db1cafb340
Event: 15.643 Thread 0x0000020ee083dfa0 DEOPT UNPACKING pc=0x0000020ec97e2b43 sp=0x000000db1cafa830 mode 1
Event: 15.644 Thread 0x0000020ee083dfa0 DEOPT PACKING pc=0x0000020eca601594 sp=0x000000db1cafb5f0
Event: 15.644 Thread 0x0000020ee083dfa0 DEOPT UNPACKING pc=0x0000020ec97e2b43 sp=0x000000db1cafaca8 mode 1
Event: 15.645 Thread 0x0000020ee083dfa0 DEOPT PACKING pc=0x0000020ec9b15d64 sp=0x000000db1cafa950
Event: 15.645 Thread 0x0000020ee083dfa0 DEOPT UNPACKING pc=0x0000020ec97e2b43 sp=0x000000db1caf9de8 mode 1
Event: 15.645 Thread 0x0000020ee083dfa0 DEOPT PACKING pc=0x0000020ec9b0d77c sp=0x000000db1cafaa20
Event: 15.645 Thread 0x0000020ee083dfa0 DEOPT UNPACKING pc=0x0000020ec97e2b43 sp=0x000000db1caf9ed8 mode 1
Event: 15.645 Thread 0x0000020ee083dfa0 DEOPT PACKING pc=0x0000020ec9ad5c5c sp=0x000000db1cafb400
Event: 15.645 Thread 0x0000020ee083dfa0 DEOPT UNPACKING pc=0x0000020ec97e2b43 sp=0x000000db1cafa8f0 mode 1
Event: 15.647 Thread 0x0000020ee083dfa0 DEOPT PACKING pc=0x0000020eca601594 sp=0x000000db1cafb6b0
Event: 15.647 Thread 0x0000020ee083dfa0 DEOPT UNPACKING pc=0x0000020ec97e2b43 sp=0x000000db1cafad68 mode 1

Classes unloaded (0 events):
No events

Classes redefined (0 events):
No events

Internal exceptions (20 events):
Event: 12.744 Thread 0x0000020ee083d130 Exception <a 'sun/nio/fs/WindowsException'{0x000000071203c248}> (0x000000071203c248) 
thrown [t:\workspace\open\src\hotspot\share\prims\jni.cpp, line 516]
Event: 12.745 Thread 0x0000020ee083e470 Exception <a 'sun/nio/fs/WindowsException'{0x0000000712044da0}> (0x0000000712044da0) 
thrown [t:\workspace\open\src\hotspot\share\prims\jni.cpp, line 516]
Event: 12.745 Thread 0x0000020ee083d130 Exception <a 'sun/nio/fs/WindowsException'{0x000000071203cd48}> (0x000000071203cd48) 
thrown [t:\workspace\open\src\hotspot\share\prims\jni.cpp, line 516]
Event: 12.745 Thread 0x0000020ee083e470 Exception <a 'sun/nio/fs/WindowsException'{0x00000007120458d8}> (0x00000007120458d8) 
thrown [t:\workspace\open\src\hotspot\share\prims\jni.cpp, line 516]
Event: 12.745 Thread 0x0000020ee083d130 Exception <a 'sun/nio/fs/WindowsException'{0x000000071203d248}> (0x000000071203d248) 
thrown [t:\workspace\open\src\hotspot\share\prims\jni.cpp, line 516]
Event: 12.746 Thread 0x0000020ee083e470 Exception <a 'sun/nio/fs/WindowsException'{0x0000000712045e10}> (0x0000000712045e10) 
thrown [t:\workspace\open\src\hotspot\share\prims\jni.cpp, line 516]
Event: 12.746 Thread 0x0000020ee083e470 Exception <a 'sun/nio/fs/WindowsException'{0x0000000712046940}> (0x0000000712046940) 
thrown [t:\workspace\open\src\hotspot\share\prims\jni.cpp, line 516]
Event: 12.746 Thread 0x0000020ee083e470 Exception <a 'sun/nio/fs/WindowsException'{0x0000000712046e70}> (0x0000000712046e70) 
thrown [t:\workspace\open\src\hotspot\share\prims\jni.cpp, line 516]
Event: 13.580 Thread 0x0000020ec07de490 Exception <a 'java/lang/IncompatibleClassChangeError'{0x000000071684b330}: Found class java.lang.Object, but interface was expected> (0x000000071684b330) 
thrown [t:\workspace\open\src\hotspot\share\interpreter\linkResolver.cpp, line 833]
Event: 13.581 Thread 0x0000020ec07de490 Exception <a 'java/lang/IncompatibleClassChangeError'{0x0000000716851a68}: Found class java.lang.Object, but interface was expected> (0x0000000716851a68) 
thrown [t:\workspace\open\src\hotspot\share\interpreter\linkResolver.cpp, line 833]
Event: 13.581 Thread 0x0000020ec07de490 Exception <a 'java/lang/IncompatibleClassChangeError'{0x0000000716857e30}: Found class java.lang.Object, but interface was expected> (0x0000000716857e30) 
thrown [t:\workspace\open\src\hotspot\share\interpreter\linkResolver.cpp, line 833]
Event: 13.598 Thread 0x0000020ec07de490 Exception <a 'java/lang/NoSuchMethodError'{0x00000007169569c8}: 'void java.lang.invoke.DirectMethodHandle$Holder.invokeVirtual(java.lang.Object, java.lang.Object, long)'> (0x00000007169569c8) 
thrown [t:\workspace\open\src\hotspot\share\interpreter\linkResolver.cpp, line 766]
Event: 14.025 Thread 0x0000020ec07de490 Exception <a 'java/lang/NoSuchMethodError'{0x00000007173d5f30}: 'java.lang.Object java.lang.invoke.DirectMethodHandle$Holder.newInvokeSpecial(java.lang.Object, java.lang.Object, int, java.lang.Object, java.lang.Object)'> (0x00000007173d5f30) 
thrown [t:\workspace\open\src\hotspot\share\interpreter\linkResolver.cpp, line 766]
Event: 14.026 Thread 0x0000020ec07de490 Exception <a 'java/lang/NoSuchMethodError'{0x00000007173e12d0}: 'java.lang.Object java.lang.invoke.DirectMethodHandle$Holder.invokeSpecial(java.lang.Object, java.lang.Object, int, java.lang.Object, int, java.lang.Object)'> (0x00000007173e12d0) 
thrown [t:\workspace\open\src\hotspot\share\interpreter\linkResolver.cpp, line 766]
Event: 14.026 Thread 0x0000020ec07de490 Exception <a 'java/lang/NoSuchMethodError'{0x00000007173e90d8}: 'java.lang.Object java.lang.invoke.DirectMethodHandle$Holder.newInvokeSpecial(java.lang.Object, java.lang.Object, int, java.lang.Object, int)'> (0x00000007173e90d8) 
thrown [t:\workspace\open\src\hotspot\share\interpreter\linkResolver.cpp, line 766]
Event: 14.027 Thread 0x0000020ec07de490 Exception <a 'java/lang/NoSuchMethodError'{0x00000007173ed1d8}: 'java.lang.Object java.lang.invoke.DirectMethodHandle$Holder.invokeSpecial(java.lang.Object, java.lang.Object, java.lang.Object, int, java.lang.Object, int)'> (0x00000007173ed1d8) 
thrown [t:\workspace\open\src\hotspot\share\interpreter\linkResolver.cpp, line 766]
Event: 14.123 Thread 0x0000020ec07de490 Exception <a 'java/lang/ClassNotFoundException'{0x0000000716a20928}: java/util/MapBeanInfo> (0x0000000716a20928) 
thrown [t:\workspace\open\src\hotspot\share\classfile\systemDictionary.cpp, line 256]
Event: 14.123 Thread 0x0000020ec07de490 Exception <a 'java/lang/ClassNotFoundException'{0x0000000716a232d8}: java/util/MapCustomizer> (0x0000000716a232d8) 
thrown [t:\workspace\open\src\hotspot\share\classfile\systemDictionary.cpp, line 256]
Event: 15.471 Thread 0x0000020ee083dfa0 Exception <a 'java/lang/NoSuchMethodError'{0x0000000718639ed0}: 'java.lang.Object java.lang.invoke.DirectMethodHandle$Holder.invokeSpecial(java.lang.Object, java.lang.Object, java.lang.Object, java.lang.Object, java.lang.Object, long)'> (0x0000000718639ed0) 
thrown [t:\workspace\open\src\hotspot\share\interpreter\linkResolver.cpp, line 766]
Event: 15.471 Thread 0x0000020ee083dfa0 Exception <a 'java/lang/NoSuchMethodError'{0x000000071863d910}: 'java.lang.Object java.lang.invoke.Invokers$Holder.linkToTargetMethod(java.lang.Object, java.lang.Object, java.lang.Object, long, java.lang.Object)'> (0x000000071863d910) 
thrown [t:\workspace\open\src\hotspot\share\interpreter\linkResolver.cpp, line 766]

VM Operations (20 events):
Event: 14.414 Executing VM operation: G1CollectForAllocation
Event: 14.420 Executing VM operation: G1CollectForAllocation done
Event: 14.422 Executing VM operation: Cleanup
Event: 14.423 Executing VM operation: Cleanup done
Event: 14.730 Executing VM operation: HandshakeAllThreads
Event: 14.730 Executing VM operation: HandshakeAllThreads done
Event: 15.486 Executing VM operation: HandshakeAllThreads
Event: 15.486 Executing VM operation: HandshakeAllThreads done
Event: 15.486 Executing VM operation: Cleanup
Event: 15.486 Executing VM operation: Cleanup done
Event: 15.498 Executing VM operation: HandshakeAllThreads
Event: 15.498 Executing VM operation: HandshakeAllThreads done
Event: 15.505 Executing VM operation: HandshakeAllThreads
Event: 15.506 Executing VM operation: HandshakeAllThreads done
Event: 15.588 Executing VM operation: HandshakeAllThreads
Event: 15.589 Executing VM operation: HandshakeAllThreads done
Event: 16.602 Executing VM operation: Cleanup
Event: 16.602 Executing VM operation: Cleanup done
Event: 17.612 Executing VM operation: Cleanup
Event: 17.612 Executing VM operation: Cleanup done

Events (20 events):
Event: 27.463 loading class com/fasterxml/jackson/databind/deser/impl/JDKValueInstantiators$HashMapInstantiator
Event: 27.463 loading class com/fasterxml/jackson/databind/deser/impl/JDKValueInstantiators$HashMapInstantiator done
Event: 27.464 loading class com/fasterxml/jackson/core/JsonLocation
Event: 27.464 loading class com/fasterxml/jackson/core/JsonLocation done
Event: 27.465 loading class com/fasterxml/jackson/databind/deser/impl/NullsConstantProvider
Event: 27.465 loading class com/fasterxml/jackson/databind/deser/impl/NullsConstantProvider done
Event: 27.465 loading class com/fasterxml/jackson/databind/util/AccessPattern
Event: 27.465 loading class com/fasterxml/jackson/databind/util/AccessPattern done
Event: 27.466 loading class com/fasterxml/jackson/databind/annotation/JacksonStdImpl
Event: 27.466 loading class com/fasterxml/jackson/databind/annotation/JacksonStdImpl done
Event: 27.468 loading class com/fasterxml/jackson/annotation/JsonIgnoreProperties$Value
Event: 27.468 loading class com/fasterxml/jackson/annotation/JsonIgnoreProperties$Value done
Event: 27.469 loading class com/fasterxml/jackson/databind/util/IgnorePropertiesUtil
Event: 27.469 loading class com/fasterxml/jackson/databind/util/IgnorePropertiesUtil done
Event: 27.469 loading class com/fasterxml/jackson/annotation/JsonIncludeProperties
Event: 27.469 loading class com/fasterxml/jackson/annotation/JsonIncludeProperties done
Event: 27.470 loading class com/fasterxml/jackson/annotation/JsonIncludeProperties$Value
Event: 27.470 loading class com/fasterxml/jackson/annotation/JsonIncludeProperties$Value done
Event: 27.470 loading class com/fasterxml/jackson/databind/introspect/POJOPropertiesCollector
Event: 27.470 loading class com/fasterxml/jackson/databind/introspect/POJOPropertiesCollector done


Dynamic libraries:
0x00007ff757450000 - 0x00007ff757460000 	D:\LenovoSoftstore\Java\jdk-17.0.1\bin\java.exe
0x00007ffece0f0000 - 0x00007ffece2e8000 	C:\WINDOWS\SYSTEM32\ntdll.dll
0x00007ffecde50000 - 0x00007ffecdf0d000 	C:\WINDOWS\System32\KERNEL32.DLL
0x00007ffecb850000 - 0x00007ffecbb46000 	C:\WINDOWS\System32\KERNELBASE.dll
0x00007ffecbb80000 - 0x00007ffecbc80000 	C:\WINDOWS\System32\ucrtbase.dll
0x00007ffeb2fb0000 - 0x00007ffeb2fc8000 	D:\LenovoSoftstore\Java\jdk-17.0.1\bin\jli.dll
0x00007ffeb2fd0000 - 0x00007ffeb2fea000 	D:\LenovoSoftstore\Java\jdk-17.0.1\bin\VCRUNTIME140.dll
0x00007ffecc3f0000 - 0x00007ffecc49f000 	C:\WINDOWS\System32\ADVAPI32.dll
0x00007ffecd350000 - 0x00007ffecd3ee000 	C:\WINDOWS\System32\msvcrt.dll
0x00007ffecd2b0000 - 0x00007ffecd34c000 	C:\WINDOWS\System32\sechost.dll
0x00007ffecdb70000 - 0x00007ffecdc96000 	C:\WINDOWS\System32\RPCRT4.dll
0x00007ffecdf10000 - 0x00007ffece0ae000 	C:\WINDOWS\System32\USER32.dll
0x00007ffecbb50000 - 0x00007ffecbb72000 	C:\WINDOWS\System32\win32u.dll
0x00007ffecc570000 - 0x00007ffecc59c000 	C:\WINDOWS\System32\GDI32.dll
0x00007ffebb060000 - 0x00007ffebb2fa000 	C:\WINDOWS\WinSxS\amd64_microsoft.windows.common-controls_6595b64144ccf1df_6.0.19041.3636_none_60b6a03d71f818d5\COMCTL32.dll
0x00007ffecbc80000 - 0x00007ffecbd9a000 	C:\WINDOWS\System32\gdi32full.dll
0x00007ffecbda0000 - 0x00007ffecbe3d000 	C:\WINDOWS\System32\msvcp_win.dll
0x00007ffec17b0000 - 0x00007ffec17ba000 	C:\WINDOWS\SYSTEM32\VERSION.dll
0x00007ffecc300000 - 0x00007ffecc330000 	C:\WINDOWS\System32\IMM32.DLL
0x00007ffec5d30000 - 0x00007ffec5d3c000 	D:\LenovoSoftstore\Java\jdk-17.0.1\bin\vcruntime140_1.dll
0x00007ffeb2f20000 - 0x00007ffeb2fad000 	D:\LenovoSoftstore\Java\jdk-17.0.1\bin\msvcp140.dll
0x00007ffe78cb0000 - 0x00007ffe7986e000 	D:\LenovoSoftstore\Java\jdk-17.0.1\bin\server\jvm.dll
0x00007ffeccaf0000 - 0x00007ffeccaf8000 	C:\WINDOWS\System32\PSAPI.DLL
0x00007ffec1760000 - 0x00007ffec1787000 	C:\WINDOWS\SYSTEM32\WINMM.dll
0x00007ffe8d180000 - 0x00007ffe8d189000 	C:\WINDOWS\SYSTEM32\WSOCK32.dll
0x00007ffecd3f0000 - 0x00007ffecd45b000 	C:\WINDOWS\System32\WS2_32.dll
0x00007ffeca020000 - 0x00007ffeca032000 	C:\WINDOWS\SYSTEM32\kernel.appcore.dll
0x00007ffebd980000 - 0x00007ffebd98a000 	D:\LenovoSoftstore\Java\jdk-17.0.1\bin\jimage.dll
0x00007ffec9b80000 - 0x00007ffec9d64000 	C:\WINDOWS\SYSTEM32\DBGHELP.DLL
0x00007ffeb9db0000 - 0x00007ffeb9de4000 	C:\WINDOWS\SYSTEM32\dbgcore.DLL
0x00007ffecbfa0000 - 0x00007ffecc022000 	C:\WINDOWS\System32\bcryptPrimitives.dll
0x00007ffeb3080000 - 0x00007ffeb30bb000 	D:\LenovoSoftstore\Java\jdk-17.0.1\bin\jdwp.dll
0x00007ffec83d0000 - 0x00007ffec83de000 	D:\LenovoSoftstore\Java\jdk-17.0.1\bin\instrument.dll
0x00007ffeb2ee0000 - 0x00007ffeb2f05000 	D:\LenovoSoftstore\Java\jdk-17.0.1\bin\java.dll
0x00007ffeb2ec0000 - 0x00007ffeb2ed8000 	D:\LenovoSoftstore\Java\jdk-17.0.1\bin\zip.dll
0x00007ffeaaa80000 - 0x00007ffeaab56000 	D:\LenovoSoftstore\Java\jdk-17.0.1\bin\svml.dll
0x00007ffeccb60000 - 0x00007ffecd2a5000 	C:\WINDOWS\System32\SHELL32.dll
0x00007ffec8a70000 - 0x00007ffec920b000 	C:\WINDOWS\SYSTEM32\windows.storage.dll
0x00007ffecd810000 - 0x00007ffecdb64000 	C:\WINDOWS\System32\combase.dll
0x00007ffecb1a0000 - 0x00007ffecb1cd000 	C:\WINDOWS\SYSTEM32\Wldp.dll
0x00007ffecd760000 - 0x00007ffecd80d000 	C:\WINDOWS\System32\SHCORE.dll
0x00007ffeccb00000 - 0x00007ffeccb55000 	C:\WINDOWS\System32\shlwapi.dll
0x00007ffecb700000 - 0x00007ffecb725000 	C:\WINDOWS\SYSTEM32\profapi.dll
0x00007ffeb9660000 - 0x00007ffeb966c000 	D:\LenovoSoftstore\Java\jdk-17.0.1\bin\dt_socket.dll
0x00007ffecabf0000 - 0x00007ffecac2b000 	C:\WINDOWS\SYSTEM32\IPHLPAPI.DLL
0x00007ffecaef0000 - 0x00007ffecaf5a000 	C:\WINDOWS\system32\mswsock.dll
0x00007ffeb2ea0000 - 0x00007ffeb2eb9000 	D:\LenovoSoftstore\Java\jdk-17.0.1\bin\net.dll
0x00007ffec6510000 - 0x00007ffec661a000 	C:\WINDOWS\SYSTEM32\WINHTTP.dll
0x00007ffeb2e80000 - 0x00007ffeb2e95000 	D:\LenovoSoftstore\Java\jdk-17.0.1\bin\nio.dll
0x00007ffeb5ef0000 - 0x00007ffeb5f3b000 	C:\Program Files (x86)\Sangfor\SSL\ClientComponent\SangforNspX64.dll
0x00007ffecd460000 - 0x00007ffecd58b000 	C:\WINDOWS\System32\ole32.dll
0x00007ffecc4a0000 - 0x00007ffecc56d000 	C:\WINDOWS\System32\OLEAUT32.dll
0x00007ffecac30000 - 0x00007ffecacfa000 	C:\WINDOWS\SYSTEM32\DNSAPI.dll
0x00007ffecd6a0000 - 0x00007ffecd6a8000 	C:\WINDOWS\System32\NSI.dll
0x00007ffec4110000 - 0x00007ffec411a000 	C:\Windows\System32\rasadhlp.dll
0x00007ffec1810000 - 0x00007ffec1890000 	C:\WINDOWS\System32\fwpuclnt.dll
0x00007ffecb820000 - 0x00007ffecb847000 	C:\WINDOWS\System32\bcrypt.dll
0x00007ffec35e0000 - 0x00007ffec35e9000 	D:\LenovoSoftstore\Java\jdk-17.0.1\bin\management.dll
0x00007ffec35d0000 - 0x00007ffec35db000 	D:\LenovoSoftstore\Java\jdk-17.0.1\bin\management_ext.dll
0x00007ffecb0f0000 - 0x00007ffecb108000 	C:\WINDOWS\SYSTEM32\CRYPTSP.dll
0x00007ffeca7d0000 - 0x00007ffeca804000 	C:\WINDOWS\system32\rsaenh.dll
0x00007ffecb6c0000 - 0x00007ffecb6ee000 	C:\WINDOWS\SYSTEM32\USERENV.dll
0x00007ffecb110000 - 0x00007ffecb11c000 	C:\WINDOWS\SYSTEM32\CRYPTBASE.dll
0x00007ffec4140000 - 0x00007ffec4157000 	C:\WINDOWS\SYSTEM32\dhcpcsvc6.DLL
0x00007ffec4120000 - 0x00007ffec413d000 	C:\WINDOWS\SYSTEM32\dhcpcsvc.DLL
0x00007ffeb5cc0000 - 0x00007ffeb5cd7000 	C:\WINDOWS\system32\napinsp.dll
0x00007ffeb5ab0000 - 0x00007ffeb5acb000 	C:\WINDOWS\system32\pnrpnsp.dll
0x00007ffeb7cc0000 - 0x00007ffeb7cd5000 	C:\WINDOWS\system32\wshbth.dll
0x00007ffec6cb0000 - 0x00007ffec6ccd000 	C:\WINDOWS\system32\NLAapi.dll
0x00007ffeb5c50000 - 0x00007ffeb5c62000 	C:\WINDOWS\System32\winrnr.dll
0x0000000180000000 - 0x000000018034a000 	D:\LenovoSoftstore\Java\jdk-17.0.1\bin\tcnative-1.dll
0x00007ffecbe40000 - 0x00007ffecbf9d000 	C:\WINDOWS\System32\CRYPT32.dll
0x00007ffeb3000000 - 0x00007ffeb300e000 	D:\LenovoSoftstore\Java\jdk-17.0.1\bin\sunmscapi.dll
0x00007ffecb210000 - 0x00007ffecb237000 	C:\WINDOWS\SYSTEM32\ncrypt.dll
0x00007ffecb1d0000 - 0x00007ffecb20b000 	C:\WINDOWS\SYSTEM32\NTASN1.dll
0x00007ffe8c880000 - 0x00007ffe8c887000 	C:\WINDOWS\system32\wshunix.dll

dbghelp: loaded successfully - version: 4.0.5 - missing functions: none
symbol engine: initialized successfully - sym options: 0x614 - pdb path: .;D:\LenovoSoftstore\Java\jdk-17.0.1\bin;C:\WINDOWS\SYSTEM32;C:\WINDOWS\WinSxS\amd64_microsoft.windows.common-controls_6595b64144ccf1df_6.0.19041.3636_none_60b6a03d71f818d5;D:\LenovoSoftstore\Java\jdk-17.0.1\bin\server;C:\Program Files (x86)\Sangfor\SSL\ClientComponent

VM Arguments:
jvm_args: -agentlib:jdwp=transport=dt_socket,address=127.0.0.1:13596,suspend=y,server=n -Dvisualvm.id=103001741040600 -XX:TieredStopAtLevel=1 -Dspring.output.ansi.enabled=always -Dcom.sun.management.jmxremote -Dspring.jmx.enabled=true -Dspring.liveBeansView.mbeanDomain -Dspring.application.admin.enabled=true -javaagent:C:\Users\BaiYiChen\AppData\Local\JetBrains\IntelliJIdea2022.2\captureAgent\debugger-agent.jar=file:/C:/Users/BaiYiChen/AppData/Local/Temp/capture.props -Dfile.encoding=UTF-8 
java_command: site.cilicili.App
java_class_path (initial): D:\Documents\JavaCode\Code\cilicili()\build\classes\java\main;D:\Documents\JavaCode\Code\cilicili()\build\resources\main;D:\LenovoSoftstore\gradle-8.4\caches\modules-2\files-2.1\io.jsonwebtoken\jjwt-api\0.11.4\534f9ece7be58858e0bf1275dd5326d9e702568a\jjwt-api-0.11.4.jar;D:\LenovoSoftstore\gradle-8.4\caches\modules-2\files-2.1\org.springframework.boot\spring-boot-starter-amqp\3.1.6\1ef77f1b93e1552cdec60b1059e631dfaecad708\spring-boot-starter-amqp-3.1.6.jar;D:\LenovoSoftstore\gradle-8.4\caches\modules-2\files-2.1\org.springframework.boot\spring-boot-starter-data-mongodb\3.1.6\13d3b13f5079fc9028b83a8e3c486d095efdf5ed\spring-boot-starter-data-mongodb-3.1.6.jar;D:\LenovoSoftstore\gradle-8.4\caches\modules-2\files-2.1\org.springframework.boot\spring-boot-starter-data-redis\3.1.6\30f02d82d1ee8110004b2f7eb641aab0d8756675\spring-boot-starter-data-redis-3.1.6.jar;D:\LenovoSoftstore\gradle-8.4\caches\modules-2\files-2.1\org.springframework.boot\spring-boot-starter-cache\3.1.6\4ad7bd6cce8b3bdde458606f2c0b4029e22447c1\spring-boot-starter-cache-3.1.6.jar;D:\LenovoSoftstore\gradle-8.4\caches\modules-2\files-2.1\org.springframework.boot\spring-boot-starter-security\3.1.6\dcb2408b16d7a4a66ef625ba2a23461edda2c2ed\spring-boot-starter-security-3.1.6.jar;D:\LenovoSoftstore\gradle-8.4\caches\modules-2\files-2.1\org.springframework.boot\spring-boot-starter-websocket\3.1.6\822e719ce84ade24266a9606733c99b38214ccc3\spring-boot-starter-websocket-3.1.6.jar;D:\LenovoSoftstore\gradle-8.4\caches\modules-2\files-2.1\cn.licoy\encrypt-body-spring-boot-starter\1.2.3\37c7e03a0e2e3b0f9b9c1d48c8959c194a8afe04\encrypt-body-spring-boot-starter-1.2.3.jar;D:\LenovoSoftstore\gradle-8.4\caches\modules-2\files-2.1\org.springframework.boot\spring-boot-starter-web\3.1.6\1556b1e19f80ab0c64f12910d4bd0945cc4cb96c\spring-boot-starter-web-3.1.6.jar;D:\LenovoSoftstore\gradle-8.4\caches\modules-2\files-2.1\com.github.gavlyukovskiy\p6spy-spring-boot-starter\1.9.0\b51740224ed4
Launcher Type: SUN_STANDARD

[Global flags]
     intx CICompilerCount                          = 4                                         {product} {ergonomic}
     uint ConcGCThreads                            = 3                                         {product} {ergonomic}
     uint G1ConcRefinementThreads                  = 10                                        {product} {ergonomic}
   size_t G1HeapRegionSize                         = 2097152                                   {product} {ergonomic}
    uintx GCDrainStackTargetSize                   = 64                                        {product} {ergonomic}
   size_t InitialHeapSize                          = 257949696                                 {product} {ergonomic}
     bool ManagementServer                         = true                                      {product} {command line}
   size_t MarkStackSize                            = 4194304                                   {product} {ergonomic}
   size_t MaxHeapSize                              = 4127195136                                {product} {ergonomic}
   size_t MaxNewSize                               = 2474639360                                {product} {ergonomic}
   size_t MinHeapDeltaBytes                        = 2097152                                   {product} {ergonomic}
   size_t MinHeapSize                              = 8388608                                   {product} {ergonomic}
    uintx NonProfiledCodeHeapSize                  = 0                                      {pd product} {ergonomic}
     bool ProfileInterpreter                       = false                                  {pd product} {command line}
    uintx ProfiledCodeHeapSize                     = 0                                      {pd product} {ergonomic}
   size_t SoftMaxHeapSize                          = 4127195136                             {manageable} {ergonomic}
     intx TieredStopAtLevel                        = 1                                         {product} {command line}
     bool UseCompressedClassPointers               = true                           {product lp64_product} {ergonomic}
     bool UseCompressedOops                        = true                           {product lp64_product} {ergonomic}
     bool UseG1GC                                  = true                                      {product} {ergonomic}
     bool UseLargePagesIndividualAllocation        = false                                  {pd product} {ergonomic}

Logging:
Log output configuration:
 #0: stdout all=warning uptime,level,tags
 #1: stderr all=off uptime,level,tags

Environment Variables:
JAVA_HOME=D:\LenovoSoftstore\Java\jdk-17.0.1
CLASSPATH=.;D:\LenovoSoftstore\Java\jdk-17.0.1\lib;D:\LenovoSoftstore\Java\jdk-17.0.1\lib\dt.jar;D:\LenovoSoftstore\Java\jdk-17.0.1\lib\tools.jar;
PATH=D:\LenovoSoftstore\python3.11\Scripts\;D:\LenovoSoftstore\python3.11\;D:\LenovoSoftstore\Git\bin;D:\LenovoSoftstore\apache-tomcat-9.0.58\bin;D:\LenovoSoftstore\apache-tomcat-9.0.58\lib;D:\LenovoSoftstore\VMware\VMware Workstation\bin\;C:\Program Files\Common Files\Oracle\Java\javapath;C:\ProgramData\Oracle\Java\javapath;D:\LenovoSoftstore\bin;C:\Program Files\dotnet\;C:\WINDOWS\system32;C:\WINDOWS;C:\WINDOWS\System32\Wbem;C:\WINDOWS\System32\WindowsPowerShell\v1.0\;C:\WINDOWS\System32\OpenSSH\;C:\Program Files (x86)\dotnet\;D:\LenovoSoftstore\Graphviz\bin;C:\Program Files\Microsoft SQL Server\130\Tools\Binn\;D:\LenovoSoftstore\MySQL\MySQL Server 8.0\bin;D:\LenovoSoftstore\Xftp 7\;D:\LenovoSoftstore\Xshell 7\;D:\LenovoSoftstore\Redis-x64-3.2.100;C:\Program Files (x86)\Graphviz\bin;D:\LenovoSoftstore\apache-zookeeper-3.7.1\bin;C:\ProgramData\chocolatey\bin;D:\LenovoSoftstore\apache-maven-3.8.6\bin;D:\LenovoSoftstore\gradle-8.4;D:\LenovoSoftstore\apache-jmeter-5.5\bin;D:\LenovoSoftstore\Git\cmd;D:\LenovoSoftstore\gradle-8.4\bin;D:\LenovoSoftstore\nvm\npm;D:\LenovoSoftstore\nodejs;D:\LenovoSoftstore\nvm;D:\LenovoSoftstore\nodejs;C:\Users\BaiYiChen\AppData\Local\activestate\cache\bin;C:\Users\BaiYiChen\AppData\Local\ActiveState\StateTool\release\bin;D:\LenovoSoftstore\Java\jdk-17.0.1\bin;D:\LenovoSoftstore\gradle-8.4\bin;C:\Program Files\Azure Data Studio\bin;C:\Users\BaiYiChen\AppData\Local\Microsoft\WindowsApps;C:\Users\BaiYiChen\.dotnet\tools;D:\LenovoSoftstore\IntelliJ IDEA 2021.3.3\bin;D:\LenovoSoftstore\IntelliJ IDEA Community Edition 2021.1.2\bin;;D:\LenovoSoftstore\MySQL\MySQL Server 8.0\bin;D:\LenovoSoftstore\WebStorm 2021.3.3\bin;D:\LenovoSoftstore\PyCharm 2022.1\bin;D:\LenovoSoftstore\MASM611\BIN;D:\LenovoSoftstore\nginx-1.23.2\bin;D:\LenovoSoftstore\gradle-8.4;D:\LenovoSoftstore\AndroidSdk\SDK\platform-tools;D:\LenovoSoftstore\go1.20.windows-amd64\\bin;D:\LenovoSoftstore\python3.11.0;D:\LenovoSoftstore\CLion2023.1.4\bin;D:\LenovoSoftstore\CLion2023.1.4\bin\
USERNAME=BaiYiChen
OS=Windows_NT
PROCESSOR_IDENTIFIER=AMD64 Family 23 Model 96 Stepping 1, AuthenticAMD



---------------  S Y S T E M  ---------------

OS:
 Windows 10 , 64 bit Build 19041 (10.0.19041.3636)
OS uptime: 1 days 4:37 hours

CPU: total 12 (initial active 12) (12 cores per cpu, 2 threads per core) family 23 model 96 stepping 1 microcode 0x0, cx8, cmov, fxsr, ht, mmx, 3dnowpref, sse, sse2, sse3, ssse3, sse4a, sse4.1, sse4.2, popcnt, lzcnt, tsc, tscinvbit, avx, avx2, aes, clmul, bmi1, bmi2, adx, sha, fma, vzeroupper, clflush, clflushopt

Memory: 4k page, system-wide physical 15741M (1320M free)
TotalPageFile size 24124M (AvailPageFile size 1M)
current process WorkingSet (physical memory assigned to process): 409M, peak: 414M
current process commit charge ("private bytes"): 462M, peak: 464M

vm_info: Java HotSpot(TM) 64-Bit Server VM (17.0.1+12-LTS-39) for windows-amd64 JRE (17.0.1+12-LTS-39), built on Sep 27 2021 18:41:35 by "mach5one" with MS VC++ 16.8 (VS2019)

END.
