#
# There is insufficient memory for the Java Runtime Environment to continue.
# Native memory allocation (mmap) failed to map 608174080 bytes for G1 virtual space
# Possible reasons:
#   The system is out of physical RAM or swap space
#   The process is running with CompressedOops enabled, and the Java Heap may be blocking the growth of the native heap
# Possible solutions:
#   Reduce memory load on the system
#   Increase physical memory or swap space
#   Check if swap backing store is full
#   Decrease Java heap size (-Xmx/-Xms)
#   Decrease number of Java threads
#   Decrease Java thread stack sizes (-Xss)
#   Set larger code cache with -XX:ReservedCodeCacheSize=
#   JVM is running with Zero Based Compressed Oops mode in which the Java heap is
#     placed in the first 32GB address space. The Java Heap base address is the
#     maximum limit for the native heap growth. Please use -XX:HeapBaseMinAddress
#     to set the Java Heap base and to place the Java Heap above 32GB virtual address.
# This output file may be truncated or incomplete.
#
#  Out of Memory Error (os_windows.cpp:3469), pid=20368, tid=24572
#
# JRE version: Java(TM) SE Runtime Environment (17.0.1+12) (build 17.0.1+12-LTS-39)
# Java VM: Java HotSpot(TM) 64-Bit Server VM (17.0.1+12-LTS-39, mixed mode, emulated-client, tiered, compressed oops, compressed class ptrs, g1 gc, windows-amd64)
# No core dump will be written. Minidumps are not enabled by default on client versions of Windows
#

---------------  S U M M A R Y ------------

Command Line: -agentlib:jdwp=transport=dt_socket,address=127.0.0.1:48204,suspend=y,server=n -Dvisualvm.id=128203072721600 -XX:TieredStopAtLevel=1 -Dspring.output.ansi.enabled=always -Dcom.sun.management.jmxremote -Dspring.jmx.enabled=true -Dspring.liveBeansView.mbeanDomain -Dspring.application.admin.enabled=true -javaagent:C:\Users\BaiYiChen\AppData\Local\JetBrains\IntelliJIdea2022.2\captureAgent\debugger-agent.jar=file:/C:/Users/BaiYiChen/AppData/Local/Temp/capture2.props -Dfile.encoding=UTF-8 site.cilicili.App

Host: AMD Ryzen 5 4600U with Radeon Graphics         , 12 cores, 15G,  Windows 10 , 64 bit Build 19041 (10.0.19041.3636)
Time: Sun Apr 14 20:48:18 2024  Windows 10 , 64 bit Build 19041 (10.0.19041.3636) elapsed time: 18.803848 seconds (0d 0h 0m 18s)

---------------  T H R E A D  ---------------

Current thread (0x00000134694595d0):  VMThread "VM Thread" [stack: 0x000000057dc00000,0x000000057dd00000] [id=24572]

Stack: [0x000000057dc00000,0x000000057dd00000]
Native frames: (J=compiled Java code, j=interpreted, Vv=VM code, C=native code)
V  [jvm.dll+0x66fa1a]
V  [jvm.dll+0x7ce5a4]
V  [jvm.dll+0x7cfd4e]
V  [jvm.dll+0x7d03b3]
V  [jvm.dll+0x242b05]
V  [jvm.dll+0x66ca39]
V  [jvm.dll+0x661502]
V  [jvm.dll+0x30081b]
V  [jvm.dll+0x307da6]
V  [jvm.dll+0x357a1e]
V  [jvm.dll+0x357c4f]
V  [jvm.dll+0x2d7ad8]
V  [jvm.dll+0x2d5da4]
V  [jvm.dll+0x2d53ac]
V  [jvm.dll+0x318d0b]
V  [jvm.dll+0x7d484b]
V  [jvm.dll+0x7d5584]
V  [jvm.dll+0x7d5a9c]
V  [jvm.dll+0x7d5e74]
V  [jvm.dll+0x7d5f40]
V  [jvm.dll+0x77e91a]
V  [jvm.dll+0x66e845]
C  [ucrtbase.dll+0x21bb2]
C  [KERNEL32.DLL+0x17344]
C  [ntdll.dll+0x526b1]

VM_Operation (0x00000005039fc920): G1CollectForAllocation, mode: safepoint, requested by thread 0x000001346ffffab0


---------------  P R O C E S S  ---------------

Threads class SMR info:
_java_thread_list=0x00000134702a9bb0, length=88, elements={
0x00000134500136c0, 0x000001346946f620, 0x0000013469472b80, 0x000001346949c550,
0x000001346949d0d0, 0x00000134694c1810, 0x00000134694c2870, 0x00000134694c4210,
0x00000134694c9040, 0x00000134695680f0, 0x00000134696d9350, 0x0000013469741f80,
0x00000134697557f0, 0x000001346975de70, 0x00000134696f2020, 0x000001346a28be40,
0x000001346a622c20, 0x000001346a6203e0, 0x000001346dd24830, 0x000001346ad232b0,
0x000001346ad22910, 0x000001346ad21aa0, 0x000001346ad22de0, 0x000001346ad215d0,
0x000001346ad22440, 0x000001346ad23780, 0x000001346ad23c50, 0x000001346ad21100,
0x000001346ad24120, 0x000001346ad20760, 0x000001346ffb8380, 0x000001346ffb5830,
0x000001346ffb8d20, 0x000001346ffb8850, 0x000001346ffb91f0, 0x000001346ffb96c0,
0x000001346ffba060, 0x000001346ffb4e90, 0x000001346ffb5d00, 0x000001346ffb3b50,
0x000001346ffb4020, 0x000001346ffb9b90, 0x000001346ffba530, 0x000001346ffbaa00,
0x000001346ffb79e0, 0x000001346ffb31b0, 0x000001346ffb44f0, 0x000001346ffb7eb0,
0x000001346ffb49c0, 0x000001346ffb5360, 0x000001346ffb3680, 0x000001346ffb7510,
0x000001346ffb61d0, 0x000001346ffb66a0, 0x000001346ffb6b70, 0x000001346ffb7040,
0x00000134700047b0, 0x00000134700012c0, 0x000001346ffff5e0, 0x0000013470002600,
0x00000134700042e0, 0x0000013470000920, 0x0000013470002130, 0x0000013470006490,
0x0000013470004c80, 0x0000013470000450, 0x0000013470006960, 0x0000013470001c60,
0x0000013470005150, 0x0000013470003e10, 0x0000013470000df0, 0x0000013470005620,
0x000001346ffff110, 0x0000013470005af0, 0x0000013470005fc0, 0x0000013470002ad0,
0x000001346ffffab0, 0x0000013470003470, 0x000001346fffff80, 0x0000013470001790,
0x0000013470002fa0, 0x0000013470003940, 0x000001347004ad30, 0x000001347004a390,
0x000001347004ebc0, 0x000001347004b6d0, 0x000001347004d3b0, 0x00000134700499f0
}

Java Threads: ( => current thread )
  0x00000134500136c0 JavaThread "main" [_thread_blocked, id=4760, stack(0x000000057d600000,0x000000057d700000)]
  0x000001346946f620 JavaThread "Reference Handler" daemon [_thread_blocked, id=19516, stack(0x000000057dd00000,0x000000057de00000)]
  0x0000013469472b80 JavaThread "Finalizer" daemon [_thread_blocked, id=22540, stack(0x000000057de00000,0x000000057df00000)]
  0x000001346949c550 JavaThread "Signal Dispatcher" daemon [_thread_blocked, id=19632, stack(0x000000057df00000,0x000000057e000000)]
  0x000001346949d0d0 JavaThread "Attach Listener" daemon [_thread_blocked, id=26308, stack(0x000000057e000000,0x000000057e100000)]
  0x00000134694c1810 JavaThread "Service Thread" daemon [_thread_blocked, id=9308, stack(0x000000057e100000,0x000000057e200000)]
  0x00000134694c2870 JavaThread "Monitor Deflation Thread" daemon [_thread_blocked, id=12652, stack(0x000000057e200000,0x000000057e300000)]
  0x00000134694c4210 JavaThread "C1 CompilerThread0" daemon [_thread_blocked, id=1320, stack(0x000000057e300000,0x000000057e400000)]
  0x00000134694c9040 JavaThread "Sweeper thread" daemon [_thread_blocked, id=20068, stack(0x000000057e400000,0x000000057e500000)]
  0x00000134695680f0 JavaThread "Common-Cleaner" daemon [_thread_blocked, id=8856, stack(0x000000057e500000,0x000000057e600000)]
  0x00000134696d9350 JavaThread "C1 CompilerThread1" daemon [_thread_blocked, id=6708, stack(0x000000057e600000,0x000000057e700000)]
  0x0000013469741f80 JavaThread "JDWP Transport Listener: dt_socket" daemon [_thread_blocked, id=19936, stack(0x000000057e800000,0x000000057e900000)]
  0x00000134697557f0 JavaThread "JDWP Event Helper Thread" daemon [_thread_blocked, id=7328, stack(0x000000057e900000,0x000000057ea00000)]
  0x000001346975de70 JavaThread "JDWP Command Reader" daemon [_thread_in_native, id=3752, stack(0x000000057ea00000,0x000000057eb00000)]
  0x00000134696f2020 JavaThread "Notification Thread" daemon [_thread_blocked, id=12976, stack(0x000000057e700000,0x000000057e800000)]
  0x000001346a28be40 JavaThread "RMI TCP Accept-0" daemon [_thread_in_native, id=11300, stack(0x000000057f100000,0x000000057f200000)]
  0x000001346a622c20 JavaThread "C1 CompilerThread2" daemon [_thread_blocked, id=24720, stack(0x000000057f600000,0x000000057f700000)]
  0x000001346a6203e0 JavaThread "C1 CompilerThread3" daemon [_thread_blocked, id=6000, stack(0x000000057f700000,0x000000057f800000)]
  0x000001346dd24830 JavaThread "mysql-cj-abandoned-connection-cleanup" daemon [_thread_blocked, id=10652, stack(0x000000057fa00000,0x000000057fb00000)]
  0x000001346ad232b0 JavaThread "Thread-1" daemon [_thread_in_native, id=12704, stack(0x000000057fb00000,0x000000057fc00000)]
  0x000001346ad22910 JavaThread "redisson-netty-1-1" [_thread_in_native, id=2292, stack(0x000000057fc00000,0x000000057fd00000)]
  0x000001346ad21aa0 JavaThread "redisson-netty-1-2" [_thread_in_native, id=25208, stack(0x000000057fd00000,0x000000057fe00000)]
  0x000001346ad22de0 JavaThread "redisson-netty-1-3" [_thread_in_native, id=20396, stack(0x000000057fe00000,0x000000057ff00000)]
  0x000001346ad215d0 JavaThread "redisson-timer-4-1" [_thread_blocked, id=15428, stack(0x0000000500000000,0x0000000500100000)]
  0x000001346ad22440 JavaThread "redisson-netty-1-4" [_thread_in_native, id=16984, stack(0x0000000500100000,0x0000000500200000)]
  0x000001346ad23780 JavaThread "redisson-netty-1-5" [_thread_in_native, id=8708, stack(0x0000000500200000,0x0000000500300000)]
  0x000001346ad23c50 JavaThread "redisson-netty-1-6" [_thread_in_native, id=3232, stack(0x0000000500300000,0x0000000500400000)]
  0x000001346ad21100 JavaThread "redisson-3-1" [_thread_blocked, id=25964, stack(0x0000000500400000,0x0000000500500000)]
  0x000001346ad24120 JavaThread "redisson-netty-1-7" [_thread_in_native, id=25012, stack(0x0000000500500000,0x0000000500600000)]
  0x000001346ad20760 JavaThread "redisson-netty-1-8" [_thread_in_native, id=6792, stack(0x0000000500600000,0x0000000500700000)]
  0x000001346ffb8380 JavaThread "redisson-3-2" [_thread_blocked, id=22684, stack(0x0000000500700000,0x0000000500800000)]
  0x000001346ffb5830 JavaThread "redisson-netty-1-9" [_thread_in_native, id=20996, stack(0x0000000500800000,0x0000000500900000)]
  0x000001346ffb8d20 JavaThread "redisson-netty-1-10" [_thread_in_native, id=25816, stack(0x0000000500900000,0x0000000500a00000)]
  0x000001346ffb8850 JavaThread "redisson-3-3" [_thread_blocked, id=13836, stack(0x0000000500a00000,0x0000000500b00000)]
  0x000001346ffb91f0 JavaThread "redisson-netty-1-11" [_thread_in_native, id=7936, stack(0x0000000500b00000,0x0000000500c00000)]
  0x000001346ffb96c0 JavaThread "redisson-netty-1-12" [_thread_in_native, id=11876, stack(0x0000000500c00000,0x0000000500d00000)]
  0x000001346ffba060 JavaThread "redisson-3-4" [_thread_blocked, id=1336, stack(0x0000000500d00000,0x0000000500e00000)]
  0x000001346ffb4e90 JavaThread "redisson-netty-1-13" [_thread_in_native, id=12136, stack(0x0000000500e00000,0x0000000500f00000)]
  0x000001346ffb5d00 JavaThread "redisson-netty-1-14" [_thread_in_native, id=344, stack(0x0000000500f00000,0x0000000501000000)]
  0x000001346ffb3b50 JavaThread "redisson-3-5" [_thread_blocked, id=24000, stack(0x0000000501000000,0x0000000501100000)]
  0x000001346ffb4020 JavaThread "redisson-netty-1-15" [_thread_in_native, id=22456, stack(0x0000000501100000,0x0000000501200000)]
  0x000001346ffb9b90 JavaThread "redisson-netty-1-16" [_thread_in_native, id=23420, stack(0x0000000501200000,0x0000000501300000)]
  0x000001346ffba530 JavaThread "redisson-3-6" [_thread_blocked, id=21992, stack(0x0000000501300000,0x0000000501400000)]
  0x000001346ffbaa00 JavaThread "redisson-netty-1-17" [_thread_in_native, id=4380, stack(0x0000000501400000,0x0000000501500000)]
  0x000001346ffb79e0 JavaThread "redisson-netty-1-18" [_thread_in_native, id=9620, stack(0x0000000501500000,0x0000000501600000)]
  0x000001346ffb31b0 JavaThread "redisson-3-7" [_thread_blocked, id=2352, stack(0x0000000501600000,0x0000000501700000)]
  0x000001346ffb44f0 JavaThread "redisson-netty-1-19" [_thread_in_native, id=13000, stack(0x0000000501700000,0x0000000501800000)]
  0x000001346ffb7eb0 JavaThread "redisson-netty-1-20" [_thread_in_native, id=24488, stack(0x0000000501800000,0x0000000501900000)]
  0x000001346ffb49c0 JavaThread "redisson-3-8" [_thread_blocked, id=16456, stack(0x0000000501900000,0x0000000501a00000)]
  0x000001346ffb5360 JavaThread "redisson-netty-1-21" [_thread_in_native, id=8756, stack(0x0000000501a00000,0x0000000501b00000)]
  0x000001346ffb3680 JavaThread "redisson-netty-1-22" [_thread_in_native, id=15052, stack(0x0000000501b00000,0x0000000501c00000)]
  0x000001346ffb7510 JavaThread "redisson-3-9" [_thread_blocked, id=13360, stack(0x0000000501c00000,0x0000000501d00000)]
  0x000001346ffb61d0 JavaThread "redisson-netty-1-23" [_thread_in_native, id=9920, stack(0x0000000501d00000,0x0000000501e00000)]
  0x000001346ffb66a0 JavaThread "redisson-netty-1-24" [_thread_in_native, id=23836, stack(0x0000000501e00000,0x0000000501f00000)]
  0x000001346ffb6b70 JavaThread "redisson-3-10" [_thread_blocked, id=12192, stack(0x0000000501f00000,0x0000000502000000)]
  0x000001346ffb7040 JavaThread "redisson-netty-1-25" [_thread_in_native, id=11376, stack(0x0000000502000000,0x0000000502100000)]
  0x00000134700047b0 JavaThread "redisson-netty-1-26" [_thread_in_native, id=26252, stack(0x0000000502100000,0x0000000502200000)]
  0x00000134700012c0 JavaThread "redisson-3-11" [_thread_blocked, id=24220, stack(0x0000000502200000,0x0000000502300000)]
  0x000001346ffff5e0 JavaThread "redisson-netty-1-27" [_thread_in_native, id=2624, stack(0x0000000502300000,0x0000000502400000)]
  0x0000013470002600 JavaThread "redisson-netty-1-28" [_thread_in_native, id=14208, stack(0x0000000502400000,0x0000000502500000)]
  0x00000134700042e0 JavaThread "redisson-3-12" [_thread_blocked, id=24480, stack(0x0000000502500000,0x0000000502600000)]
  0x0000013470000920 JavaThread "redisson-netty-1-29" [_thread_in_native, id=24672, stack(0x0000000502600000,0x0000000502700000)]
  0x0000013470002130 JavaThread "redisson-netty-1-30" [_thread_in_native, id=20620, stack(0x0000000502700000,0x0000000502800000)]
  0x0000013470006490 JavaThread "redisson-3-13" [_thread_blocked, id=24088, stack(0x0000000502800000,0x0000000502900000)]
  0x0000013470004c80 JavaThread "redisson-netty-1-31" [_thread_in_native, id=3544, stack(0x0000000502900000,0x0000000502a00000)]
  0x0000013470000450 JavaThread "redisson-3-14" [_thread_blocked, id=15248, stack(0x0000000502a00000,0x0000000502b00000)]
  0x0000013470006960 JavaThread "redisson-netty-1-32" [_thread_in_native, id=21284, stack(0x0000000502b00000,0x0000000502c00000)]
  0x0000013470001c60 JavaThread "redisson-3-15" [_thread_blocked, id=17972, stack(0x0000000502c00000,0x0000000502d00000)]
  0x0000013470005150 JavaThread "redisson-3-16" [_thread_blocked, id=20120, stack(0x0000000502d00000,0x0000000502e00000)]
  0x0000013470003e10 JavaThread "ClassGraph-worker-532" daemon [_thread_blocked, id=25840, stack(0x0000000503200000,0x0000000503300000)]
  0x0000013470000df0 JavaThread "ClassGraph-worker-533" daemon [_thread_blocked, id=26328, stack(0x0000000503300000,0x0000000503400000)]
  0x0000013470005620 JavaThread "ClassGraph-worker-534" daemon [_thread_blocked, id=20244, stack(0x0000000503400000,0x0000000503500000)]
  0x000001346ffff110 JavaThread "ClassGraph-worker-535" daemon [_thread_blocked, id=17600, stack(0x0000000503500000,0x0000000503600000)]
  0x0000013470005af0 JavaThread "ClassGraph-worker-536" daemon [_thread_blocked, id=19996, stack(0x0000000503600000,0x0000000503700000)]
  0x0000013470005fc0 JavaThread "ClassGraph-worker-537" daemon [_thread_blocked, id=22564, stack(0x0000000503700000,0x0000000503800000)]
  0x0000013470002ad0 JavaThread "ClassGraph-worker-538" daemon [_thread_blocked, id=9292, stack(0x0000000503800000,0x0000000503900000)]
  0x000001346ffffab0 JavaThread "ClassGraph-worker-539" daemon [_thread_blocked, id=9880, stack(0x0000000503900000,0x0000000503a00000)]
  0x0000013470003470 JavaThread "ClassGraph-worker-540" daemon [_thread_blocked, id=1456, stack(0x0000000503a00000,0x0000000503b00000)]
  0x000001346fffff80 JavaThread "ClassGraph-worker-541" daemon [_thread_blocked, id=16648, stack(0x0000000503b00000,0x0000000503c00000)]
  0x0000013470001790 JavaThread "ClassGraph-worker-542" daemon [_thread_blocked, id=19608, stack(0x0000000503c00000,0x0000000503d00000)]
  0x0000013470002fa0 JavaThread "ClassGraph-worker-543" daemon [_thread_blocked, id=548, stack(0x0000000503d00000,0x0000000503e00000)]
  0x0000013470003940 JavaThread "ClassGraph-worker-544" daemon [_thread_blocked, id=16212, stack(0x0000000503e00000,0x0000000503f00000)]
  0x000001347004ad30 JavaThread "ClassGraph-worker-545" daemon [_thread_blocked, id=17964, stack(0x0000000503f00000,0x0000000504000000)]
  0x000001347004a390 JavaThread "ClassGraph-worker-546" daemon [_thread_blocked, id=20604, stack(0x0000000504000000,0x0000000504100000)]
  0x000001347004ebc0 JavaThread "ClassGraph-worker-547" daemon [_thread_blocked, id=2256, stack(0x0000000504100000,0x0000000504200000)]
  0x000001347004b6d0 JavaThread "ClassGraph-worker-548" daemon [_thread_blocked, id=26476, stack(0x0000000504200000,0x0000000504300000)]
  0x000001347004d3b0 JavaThread "ClassGraph-worker-549" daemon [_thread_blocked, id=4728, stack(0x0000000504300000,0x0000000504400000)]
  0x00000134700499f0 JavaThread "ClassGraph-worker-550" daemon [_thread_blocked, id=23512, stack(0x0000000504400000,0x0000000504500000)]

Other Threads:
=>0x00000134694595d0 VMThread "VM Thread" [stack: 0x000000057dc00000,0x000000057dd00000] [id=24572]
  0x000001346a2748e0 WatcherThread [stack: 0x000000057f200000,0x000000057f300000] [id=18948]
  0x000001344fdfed10 GCTaskThread "GC Thread#0" [stack: 0x000000057d700000,0x000000057d800000] [id=25184]
  0x000001346a012dc0 GCTaskThread "GC Thread#1" [stack: 0x000000057eb00000,0x000000057ec00000] [id=15224]
  0x000001346a013070 GCTaskThread "GC Thread#2" [stack: 0x000000057ec00000,0x000000057ed00000] [id=12916]
  0x000001346a013320 GCTaskThread "GC Thread#3" [stack: 0x000000057ed00000,0x000000057ee00000] [id=2508]
  0x000001346a034fe0 GCTaskThread "GC Thread#4" [stack: 0x000000057ee00000,0x000000057ef00000] [id=24308]
  0x000001346a04d6a0 GCTaskThread "GC Thread#5" [stack: 0x000000057ef00000,0x000000057f000000] [id=21496]
  0x000001346a04d950 GCTaskThread "GC Thread#6" [stack: 0x000000057f000000,0x000000057f100000] [id=25200]
  0x000001346a5a75e0 GCTaskThread "GC Thread#7" [stack: 0x000000057f300000,0x000000057f400000] [id=21728]
  0x000001346a5a88a0 GCTaskThread "GC Thread#8" [stack: 0x000000057f400000,0x000000057f500000] [id=17188]
  0x000001346a5a9170 GCTaskThread "GC Thread#9" [stack: 0x000000057f500000,0x000000057f600000] [id=21388]
  0x0000013450070690 ConcurrentGCThread "G1 Main Marker" [stack: 0x000000057d800000,0x000000057d900000] [id=26472]
  0x0000013450071840 ConcurrentGCThread "G1 Conc#0" [stack: 0x000000057d900000,0x000000057da00000] [id=5380]
  0x000001346a5a25c0 ConcurrentGCThread "G1 Conc#1" [stack: 0x000000057f800000,0x000000057f900000] [id=23052]
  0x000001346a5a2060 ConcurrentGCThread "G1 Conc#2" [stack: 0x000000057f900000,0x000000057fa00000] [id=10624]
  0x00000134688b2570 ConcurrentGCThread "G1 Refine#0" [stack: 0x000000057da00000,0x000000057db00000] [id=1460]
  0x000001346dcf0070 ConcurrentGCThread "G1 Refine#1" [stack: 0x0000000502e00000,0x0000000502f00000] [id=17304]
  0x000001346dcefab0 ConcurrentGCThread "G1 Refine#2" [stack: 0x0000000502f00000,0x0000000503000000] [id=18536]
  0x000001346dcf11b0 ConcurrentGCThread "G1 Refine#3" [stack: 0x0000000503000000,0x0000000503100000] [id=23264]
  0x000001346dcf0630 ConcurrentGCThread "G1 Refine#4" [stack: 0x0000000503100000,0x0000000503200000] [id=25656]
  0x0000013470394ef0 ConcurrentGCThread "G1 Refine#5" [stack: 0x0000000504500000,0x0000000504600000] [id=3004]
  0x0000013470397a10 ConcurrentGCThread "G1 Refine#6" [stack: 0x0000000504600000,0x0000000504700000] [id=25088]
  0x0000013470396bb0 ConcurrentGCThread "G1 Refine#7" [stack: 0x0000000504700000,0x0000000504800000] [id=25048]
  0x00000134688b2e90 ConcurrentGCThread "G1 Service" [stack: 0x000000057db00000,0x000000057dc00000] [id=21940]

Threads with active compile tasks:

VM state: at safepoint (normal execution)

VM Mutex/Monitor currently owned by a thread:  ([mutex/lock_event])
[0x0000013450010c50] Threads_lock - owner thread: 0x00000134694595d0
[0x00000134500108f0] Heap_lock - owner thread: 0x000001346ffffab0

Heap address: 0x000000070a000000, size: 3936 MB, Compressed Oops mode: Zero based, Oop shift amount: 3

CDS archive(s) not mapped
Compressed class space mapped at: 0x0000000800000000-0x0000000840000000, reserved size: 1073741824
Narrow klass base: 0x0000000800000000, Narrow klass shift: 0, Narrow klass range: 0x40000000

GC Precious Log:
 CPUs: 12 total, 12 available
 Memory: 15741M
 Large Page Support: Disabled
 NUMA Support: Disabled
 Compressed Oops: Enabled (Zero based)
 Heap Region Size: 2M
 Heap Min Capacity: 8M
 Heap Initial Capacity: 246M
 Heap Max Capacity: 3936M
 Pre-touch: Disabled
 Parallel Workers: 10
 Concurrent Workers: 3
 Concurrent Refinement Workers: 10
 Periodic GC: Disabled

Heap:
 garbage-first heap   total 296960K, used 128942K [0x000000070a000000, 0x0000000800000000)
  region size 2048K, 1 young (2048K), 1 survivors (2048K)
 Metaspace       used 87095K, committed 87680K, reserved 1130496K
  class space    used 10995K, committed 11328K, reserved 1048576K

Heap Regions: E=young(eden), S=young(survivor), O=old, HS=humongous(starts), HC=humongous(continues), CS=collection set, F=free, OA=open archive, CA=closed archive, TAMS=top-at-mark-start (previous, next)
|   0|0x000000070a000000, 0x000000070a200000, 0x000000070a200000|100%|HS|  |TAMS 0x000000070a200000, 0x000000070a000000| Complete 
|   1|0x000000070a200000, 0x000000070a400000, 0x000000070a400000|100%|HC|  |TAMS 0x000000070a400000, 0x000000070a200000| Complete 
|   2|0x000000070a400000, 0x000000070a600000, 0x000000070a600000|100%| O|  |TAMS 0x000000070a600000, 0x000000070a400000| Untracked 
|   3|0x000000070a600000, 0x000000070a800000, 0x000000070a800000|100%| O|  |TAMS 0x000000070a800000, 0x000000070a600000| Untracked 
|   4|0x000000070a800000, 0x000000070aa00000, 0x000000070aa00000|100%| O|  |TAMS 0x000000070aa00000, 0x000000070a800000| Untracked 
|   5|0x000000070aa00000, 0x000000070ac00000, 0x000000070ac00000|100%| O|  |TAMS 0x000000070ac00000, 0x000000070aa00000| Untracked 
|   6|0x000000070ac00000, 0x000000070ae00000, 0x000000070ae00000|100%| O|  |TAMS 0x000000070ae00000, 0x000000070ac00000| Untracked 
|   7|0x000000070ae00000, 0x000000070b000000, 0x000000070b000000|100%| O|  |TAMS 0x000000070b000000, 0x000000070ae00000| Untracked 
|   8|0x000000070b000000, 0x000000070b200000, 0x000000070b200000|100%| O|  |TAMS 0x000000070b200000, 0x000000070b000000| Untracked 
|   9|0x000000070b200000, 0x000000070b400000, 0x000000070b400000|100%| O|  |TAMS 0x000000070b400000, 0x000000070b200000| Untracked 
|  10|0x000000070b400000, 0x000000070b600000, 0x000000070b600000|100%| O|  |TAMS 0x000000070b600000, 0x000000070b400000| Untracked 
|  11|0x000000070b600000, 0x000000070b7eba00, 0x000000070b800000| 96%| O|  |TAMS 0x000000070b7eba00, 0x000000070b600000| Untracked 
|  12|0x000000070b800000, 0x000000070ba00000, 0x000000070ba00000|100%| O|  |TAMS 0x000000070ba00000, 0x000000070b800000| Untracked 
|  13|0x000000070ba00000, 0x000000070bc00000, 0x000000070bc00000|100%| O|  |TAMS 0x000000070bc00000, 0x000000070ba00000| Untracked 
|  14|0x000000070bc00000, 0x000000070be00000, 0x000000070be00000|100%| O|  |TAMS 0x000000070be00000, 0x000000070bc00000| Untracked 
|  15|0x000000070be00000, 0x000000070c000000, 0x000000070c000000|100%| O|  |TAMS 0x000000070c000000, 0x000000070be00000| Untracked 
|  16|0x000000070c000000, 0x000000070c200000, 0x000000070c200000|100%| O|  |TAMS 0x000000070c200000, 0x000000070c000000| Untracked 
|  17|0x000000070c200000, 0x000000070c400000, 0x000000070c400000|100%| O|  |TAMS 0x000000070c400000, 0x000000070c200000| Untracked 
|  18|0x000000070c400000, 0x000000070c600000, 0x000000070c600000|100%| O|  |TAMS 0x000000070c600000, 0x000000070c400000| Untracked 
|  19|0x000000070c600000, 0x000000070c800000, 0x000000070c800000|100%| O|  |TAMS 0x000000070c800000, 0x000000070c600000| Untracked 
|  20|0x000000070c800000, 0x000000070ca00000, 0x000000070ca00000|100%| O|  |TAMS 0x000000070ca00000, 0x000000070c800000| Untracked 
|  21|0x000000070ca00000, 0x000000070cc00000, 0x000000070cc00000|100%| O|  |TAMS 0x000000070cc00000, 0x000000070ca00000| Untracked 
|  22|0x000000070cc00000, 0x000000070ce00000, 0x000000070ce00000|100%| O|  |TAMS 0x000000070ce00000, 0x000000070cc00000| Untracked 
|  23|0x000000070ce00000, 0x000000070d000000, 0x000000070d000000|100%| O|  |TAMS 0x000000070d000000, 0x000000070ce00000| Untracked 
|  24|0x000000070d000000, 0x000000070d200000, 0x000000070d200000|100%| O|  |TAMS 0x000000070d200000, 0x000000070d000000| Untracked 
|  25|0x000000070d200000, 0x000000070d400000, 0x000000070d400000|100%| O|  |TAMS 0x000000070d400000, 0x000000070d200000| Untracked 
|  26|0x000000070d400000, 0x000000070d600000, 0x000000070d600000|100%| O|  |TAMS 0x000000070d600000, 0x000000070d400000| Untracked 
|  27|0x000000070d600000, 0x000000070d800000, 0x000000070d800000|100%| O|  |TAMS 0x000000070d800000, 0x000000070d600000| Untracked 
|  28|0x000000070d800000, 0x000000070da00000, 0x000000070da00000|100%| O|  |TAMS 0x000000070da00000, 0x000000070d800000| Untracked 
|  29|0x000000070da00000, 0x000000070dc00000, 0x000000070dc00000|100%| O|  |TAMS 0x000000070dc00000, 0x000000070da00000| Untracked 
|  30|0x000000070dc00000, 0x000000070de00000, 0x000000070de00000|100%| O|  |TAMS 0x000000070de00000, 0x000000070dc00000| Untracked 
|  31|0x000000070de00000, 0x000000070e000000, 0x000000070e000000|100%| O|  |TAMS 0x000000070e000000, 0x000000070de00000| Untracked 
|  32|0x000000070e000000, 0x000000070e200000, 0x000000070e200000|100%| O|  |TAMS 0x000000070e200000, 0x000000070e000000| Untracked 
|  33|0x000000070e200000, 0x000000070e400000, 0x000000070e400000|100%| O|  |TAMS 0x000000070e200000, 0x000000070e200000| Untracked 
|  34|0x000000070e400000, 0x000000070e600000, 0x000000070e600000|100%| O|  |TAMS 0x000000070e400000, 0x000000070e400000| Untracked 
|  35|0x000000070e600000, 0x000000070e600000, 0x000000070e800000|  0%| F|  |TAMS 0x000000070e600000, 0x000000070e600000| Untracked 
|  36|0x000000070e800000, 0x000000070e800000, 0x000000070ea00000|  0%| F|  |TAMS 0x000000070e800000, 0x000000070e800000| Untracked 
|  37|0x000000070ea00000, 0x000000070ec00000, 0x000000070ec00000|100%| O|  |TAMS 0x000000070ec00000, 0x000000070ea00000| Untracked 
|  38|0x000000070ec00000, 0x000000070ee00000, 0x000000070ee00000|100%| O|  |TAMS 0x000000070ee00000, 0x000000070ec00000| Untracked 
|  39|0x000000070ee00000, 0x000000070f000000, 0x000000070f000000|100%| O|  |TAMS 0x000000070f000000, 0x000000070ee00000| Untracked 
|  40|0x000000070f000000, 0x000000070f200000, 0x000000070f200000|100%| O|  |TAMS 0x000000070f200000, 0x000000070f000000| Untracked 
|  41|0x000000070f200000, 0x000000070f400000, 0x000000070f400000|100%| O|  |TAMS 0x000000070f400000, 0x000000070f200000| Untracked 
|  42|0x000000070f400000, 0x000000070f600000, 0x000000070f600000|100%| O|  |TAMS 0x000000070f400000, 0x000000070f400000| Untracked 
|  43|0x000000070f600000, 0x000000070f800000, 0x000000070f800000|100%| O|  |TAMS 0x000000070f600000, 0x000000070f600000| Untracked 
|  44|0x000000070f800000, 0x000000070f800000, 0x000000070fa00000|  0%| F|  |TAMS 0x000000070f800000, 0x000000070f800000| Untracked 
|  45|0x000000070fa00000, 0x000000070fa00000, 0x000000070fc00000|  0%| F|  |TAMS 0x000000070fa00000, 0x000000070fa00000| Untracked 
|  46|0x000000070fc00000, 0x000000070fc00000, 0x000000070fe00000|  0%| F|  |TAMS 0x000000070fc00000, 0x000000070fc00000| Untracked 
|  47|0x000000070fe00000, 0x0000000710000000, 0x0000000710000000|100%| O|  |TAMS 0x000000070fe00000, 0x000000070fe00000| Untracked 
|  48|0x0000000710000000, 0x0000000710200000, 0x0000000710200000|100%| O|  |TAMS 0x0000000710000000, 0x0000000710000000| Untracked 
|  49|0x0000000710200000, 0x0000000710400000, 0x0000000710400000|100%| O|  |TAMS 0x0000000710200000, 0x0000000710200000| Untracked 
|  50|0x0000000710400000, 0x0000000710600000, 0x0000000710600000|100%| O|  |TAMS 0x0000000710400000, 0x0000000710400000| Untracked 
|  51|0x0000000710600000, 0x0000000710600000, 0x0000000710800000|  0%| F|  |TAMS 0x0000000710600000, 0x0000000710600000| Untracked 
|  52|0x0000000710800000, 0x0000000710800000, 0x0000000710a00000|  0%| F|  |TAMS 0x0000000710800000, 0x0000000710800000| Untracked 
|  53|0x0000000710a00000, 0x0000000710c00000, 0x0000000710c00000|100%| O|  |TAMS 0x0000000710a00000, 0x0000000710a00000| Untracked 
|  54|0x0000000710c00000, 0x0000000710e00000, 0x0000000710e00000|100%| O|  |TAMS 0x0000000710c00000, 0x0000000710c00000| Untracked 
|  55|0x0000000710e00000, 0x0000000711000000, 0x0000000711000000|100%| O|  |TAMS 0x0000000710e00000, 0x0000000710e00000| Untracked 
|  56|0x0000000711000000, 0x0000000711200000, 0x0000000711200000|100%| O|  |TAMS 0x0000000711000000, 0x0000000711000000| Untracked 
|  57|0x0000000711200000, 0x0000000711200000, 0x0000000711400000|  0%| F|  |TAMS 0x0000000711200000, 0x0000000711200000| Untracked 
|  58|0x0000000711400000, 0x0000000711600000, 0x0000000711600000|100%| O|  |TAMS 0x0000000711400000, 0x0000000711400000| Untracked 
|  59|0x0000000711600000, 0x0000000711800000, 0x0000000711800000|100%| O|  |TAMS 0x0000000711600000, 0x0000000711600000| Untracked 
|  60|0x0000000711800000, 0x0000000711a00000, 0x0000000711a00000|100%| O|  |TAMS 0x0000000711800000, 0x0000000711800000| Untracked 
|  61|0x0000000711a00000, 0x0000000711c00000, 0x0000000711c00000|100%| O|  |TAMS 0x0000000711a00000, 0x0000000711a00000| Untracked 
|  62|0x0000000711c00000, 0x0000000711e00000, 0x0000000711e00000|100%| O|  |TAMS 0x0000000711c00000, 0x0000000711c00000| Untracked 
|  63|0x0000000711e00000, 0x0000000711e00000, 0x0000000712000000|  0%| F|  |TAMS 0x0000000711e00000, 0x0000000711e00000| Untracked 
|  64|0x0000000712000000, 0x0000000712200000, 0x0000000712200000|100%| O|  |TAMS 0x0000000712200000, 0x0000000712000000| Untracked 
|  65|0x0000000712200000, 0x0000000712200000, 0x0000000712400000|  0%| F|  |TAMS 0x0000000712200000, 0x0000000712200000| Untracked 
|  66|0x0000000712400000, 0x0000000712600000, 0x0000000712600000|100%| O|  |TAMS 0x0000000712600000, 0x0000000712400000| Untracked 
|  67|0x0000000712600000, 0x0000000712800000, 0x0000000712800000|100%| O|  |TAMS 0x0000000712800000, 0x0000000712600000| Untracked 
|  68|0x0000000712800000, 0x0000000712800000, 0x0000000712a00000|  0%| F|  |TAMS 0x0000000712800000, 0x0000000712800000| Untracked 
|  69|0x0000000712a00000, 0x0000000712c00000, 0x0000000712c00000|100%| O|  |TAMS 0x0000000712c00000, 0x0000000712a00000| Untracked 
|  70|0x0000000712c00000, 0x0000000712c00000, 0x0000000712e00000|  0%| F|  |TAMS 0x0000000712c00000, 0x0000000712c00000| Untracked 
|  71|0x0000000712e00000, 0x0000000712e00000, 0x0000000713000000|  0%| F|  |TAMS 0x0000000712e00000, 0x0000000712e00000| Untracked 
|  72|0x0000000713000000, 0x0000000713000000, 0x0000000713200000|  0%| F|  |TAMS 0x0000000713000000, 0x0000000713000000| Untracked 
|  73|0x0000000713200000, 0x0000000713200000, 0x0000000713400000|  0%| F|  |TAMS 0x0000000713200000, 0x0000000713200000| Untracked 
|  74|0x0000000713400000, 0x0000000713400000, 0x0000000713600000|  0%| F|  |TAMS 0x0000000713400000, 0x0000000713400000| Untracked 
|  75|0x0000000713600000, 0x0000000713800000, 0x0000000713800000|100%| O|  |TAMS 0x0000000713600000, 0x0000000713600000| Untracked 
|  76|0x0000000713800000, 0x0000000713a00000, 0x0000000713a00000|100%| O|  |TAMS 0x0000000713800000, 0x0000000713800000| Untracked 
|  77|0x0000000713a00000, 0x0000000713c00000, 0x0000000713c00000|100%| O|  |TAMS 0x0000000713a00000, 0x0000000713a00000| Untracked 
|  78|0x0000000713c00000, 0x0000000713c00000, 0x0000000713e00000|  0%| F|  |TAMS 0x0000000713c00000, 0x0000000713c00000| Untracked 
|  79|0x0000000713e00000, 0x0000000713e00000, 0x0000000714000000|  0%| F|  |TAMS 0x0000000713e00000, 0x0000000713e00000| Untracked 
|  80|0x0000000714000000, 0x0000000714000000, 0x0000000714200000|  0%| F|  |TAMS 0x0000000714000000, 0x0000000714000000| Untracked 
|  81|0x0000000714200000, 0x0000000714200000, 0x0000000714400000|  0%| F|  |TAMS 0x0000000714200000, 0x0000000714200000| Untracked 
|  82|0x0000000714400000, 0x0000000714400000, 0x0000000714600000|  0%| F|  |TAMS 0x0000000714400000, 0x0000000714400000| Untracked 
|  83|0x0000000714600000, 0x0000000714600000, 0x0000000714800000|  0%| F|  |TAMS 0x0000000714600000, 0x0000000714600000| Untracked 
|  84|0x0000000714800000, 0x0000000714800000, 0x0000000714a00000|  0%| F|  |TAMS 0x0000000714800000, 0x0000000714800000| Untracked 
|  85|0x0000000714a00000, 0x0000000714a00000, 0x0000000714c00000|  0%| F|  |TAMS 0x0000000714a00000, 0x0000000714a00000| Untracked 
|  86|0x0000000714c00000, 0x0000000714c00000, 0x0000000714e00000|  0%| F|  |TAMS 0x0000000714c00000, 0x0000000714c00000| Untracked 
|  87|0x0000000714e00000, 0x0000000714e00000, 0x0000000715000000|  0%| F|  |TAMS 0x0000000714e00000, 0x0000000714e00000| Untracked 
|  88|0x0000000715000000, 0x0000000715000000, 0x0000000715200000|  0%| F|  |TAMS 0x0000000715000000, 0x0000000715000000| Untracked 
|  89|0x0000000715200000, 0x0000000715200000, 0x0000000715400000|  0%| F|  |TAMS 0x0000000715200000, 0x0000000715200000| Untracked 
|  90|0x0000000715400000, 0x0000000715400000, 0x0000000715600000|  0%| F|  |TAMS 0x0000000715400000, 0x0000000715400000| Untracked 
|  91|0x0000000715600000, 0x0000000715600000, 0x0000000715800000|  0%| F|  |TAMS 0x0000000715600000, 0x0000000715600000| Untracked 
|  92|0x0000000715800000, 0x0000000715800000, 0x0000000715a00000|  0%| F|  |TAMS 0x0000000715800000, 0x0000000715800000| Untracked 
|  93|0x0000000715a00000, 0x0000000715a00000, 0x0000000715c00000|  0%| F|  |TAMS 0x0000000715a00000, 0x0000000715a00000| Untracked 
|  94|0x0000000715c00000, 0x0000000715c00000, 0x0000000715e00000|  0%| F|  |TAMS 0x0000000715c00000, 0x0000000715c00000| Untracked 
|  95|0x0000000715e00000, 0x0000000715e00000, 0x0000000716000000|  0%| F|  |TAMS 0x0000000715e00000, 0x0000000715e00000| Untracked 
|  96|0x0000000716000000, 0x0000000716000000, 0x0000000716200000|  0%| F|  |TAMS 0x0000000716000000, 0x0000000716000000| Untracked 
|  97|0x0000000716200000, 0x0000000716200000, 0x0000000716400000|  0%| F|  |TAMS 0x0000000716200000, 0x0000000716200000| Untracked 
|  98|0x0000000716400000, 0x0000000716400000, 0x0000000716600000|  0%| F|  |TAMS 0x0000000716400000, 0x0000000716400000| Untracked 
|  99|0x0000000716600000, 0x0000000716600000, 0x0000000716800000|  0%| F|  |TAMS 0x0000000716600000, 0x0000000716600000| Untracked 
| 100|0x0000000716800000, 0x0000000716800000, 0x0000000716a00000|  0%| F|  |TAMS 0x0000000716800000, 0x0000000716800000| Untracked 
| 101|0x0000000716a00000, 0x0000000716a00000, 0x0000000716c00000|  0%| F|  |TAMS 0x0000000716a00000, 0x0000000716a00000| Untracked 
| 102|0x0000000716c00000, 0x0000000716c00000, 0x0000000716e00000|  0%| F|  |TAMS 0x0000000716c00000, 0x0000000716c00000| Untracked 
| 103|0x0000000716e00000, 0x0000000716e00000, 0x0000000717000000|  0%| F|  |TAMS 0x0000000716e00000, 0x0000000716e00000| Untracked 
| 104|0x0000000717000000, 0x0000000717000000, 0x0000000717200000|  0%| F|  |TAMS 0x0000000717000000, 0x0000000717000000| Untracked 
| 105|0x0000000717200000, 0x0000000717200000, 0x0000000717400000|  0%| F|  |TAMS 0x0000000717200000, 0x0000000717200000| Untracked 
| 106|0x0000000717400000, 0x0000000717400000, 0x0000000717600000|  0%| F|  |TAMS 0x0000000717400000, 0x0000000717400000| Untracked 
| 107|0x0000000717600000, 0x0000000717600000, 0x0000000717800000|  0%| F|  |TAMS 0x0000000717600000, 0x0000000717600000| Untracked 
| 108|0x0000000717800000, 0x0000000717800000, 0x0000000717a00000|  0%| F|  |TAMS 0x0000000717800000, 0x0000000717800000| Untracked 
| 109|0x0000000717a00000, 0x0000000717a00000, 0x0000000717c00000|  0%| F|  |TAMS 0x0000000717a00000, 0x0000000717a00000| Untracked 
| 110|0x0000000717c00000, 0x0000000717c00000, 0x0000000717e00000|  0%| F|  |TAMS 0x0000000717c00000, 0x0000000717c00000| Untracked 
| 111|0x0000000717e00000, 0x0000000717e00000, 0x0000000718000000|  0%| F|  |TAMS 0x0000000717e00000, 0x0000000717e00000| Untracked 
| 112|0x0000000718000000, 0x0000000718000000, 0x0000000718200000|  0%| F|  |TAMS 0x0000000718000000, 0x0000000718000000| Untracked 
| 113|0x0000000718200000, 0x0000000718200000, 0x0000000718400000|  0%| F|  |TAMS 0x0000000718200000, 0x0000000718200000| Untracked 
| 114|0x0000000718400000, 0x0000000718400000, 0x0000000718600000|  0%| F|  |TAMS 0x0000000718400000, 0x0000000718400000| Untracked 
| 115|0x0000000718600000, 0x0000000718600000, 0x0000000718800000|  0%| F|  |TAMS 0x0000000718600000, 0x0000000718600000| Untracked 
| 116|0x0000000718800000, 0x0000000718800000, 0x0000000718a00000|  0%| F|  |TAMS 0x0000000718800000, 0x0000000718800000| Untracked 
| 117|0x0000000718a00000, 0x0000000718a00000, 0x0000000718c00000|  0%| F|  |TAMS 0x0000000718a00000, 0x0000000718a00000| Untracked 
| 118|0x0000000718c00000, 0x0000000718c00000, 0x0000000718e00000|  0%| F|  |TAMS 0x0000000718c00000, 0x0000000718c00000| Untracked 
| 119|0x0000000718e00000, 0x0000000718e00000, 0x0000000719000000|  0%| F|  |TAMS 0x0000000718e00000, 0x0000000718e00000| Untracked 
| 120|0x0000000719000000, 0x0000000719000000, 0x0000000719200000|  0%| F|  |TAMS 0x0000000719000000, 0x0000000719000000| Untracked 
| 121|0x0000000719200000, 0x0000000719200000, 0x0000000719400000|  0%| F|  |TAMS 0x0000000719200000, 0x0000000719200000| Untracked 
| 122|0x0000000719400000, 0x0000000719400000, 0x0000000719600000|  0%| F|  |TAMS 0x0000000719400000, 0x0000000719400000| Untracked 
| 123|0x0000000719600000, 0x0000000719600000, 0x0000000719800000|  0%| F|  |TAMS 0x0000000719600000, 0x0000000719600000| Untracked 
| 124|0x0000000719800000, 0x0000000719800000, 0x0000000719a00000|  0%| F|  |TAMS 0x0000000719800000, 0x0000000719800000| Untracked 
| 125|0x0000000719a00000, 0x0000000719a00000, 0x0000000719c00000|  0%| F|  |TAMS 0x0000000719a00000, 0x0000000719a00000| Untracked 
| 126|0x0000000719c00000, 0x0000000719c00000, 0x0000000719e00000|  0%| F|  |TAMS 0x0000000719c00000, 0x0000000719c00000| Untracked 
| 127|0x0000000719e00000, 0x0000000719e00000, 0x000000071a000000|  0%| F|  |TAMS 0x0000000719e00000, 0x0000000719e00000| Untracked 
| 128|0x000000071a000000, 0x000000071a000000, 0x000000071a200000|  0%| F|  |TAMS 0x000000071a000000, 0x000000071a000000| Untracked 
| 129|0x000000071a200000, 0x000000071a200000, 0x000000071a400000|  0%| F|  |TAMS 0x000000071a200000, 0x000000071a200000| Untracked 
| 130|0x000000071a400000, 0x000000071a400000, 0x000000071a600000|  0%| F|  |TAMS 0x000000071a400000, 0x000000071a400000| Untracked 
| 131|0x000000071a600000, 0x000000071a600000, 0x000000071a800000|  0%| F|  |TAMS 0x000000071a600000, 0x000000071a600000| Untracked 
| 132|0x000000071a800000, 0x000000071a800000, 0x000000071aa00000|  0%| F|  |TAMS 0x000000071a800000, 0x000000071a800000| Untracked 
| 133|0x000000071aa00000, 0x000000071aa00000, 0x000000071ac00000|  0%| F|  |TAMS 0x000000071aa00000, 0x000000071aa00000| Untracked 
| 134|0x000000071ac00000, 0x000000071ac00000, 0x000000071ae00000|  0%| F|  |TAMS 0x000000071ac00000, 0x000000071ac00000| Untracked 
| 135|0x000000071ae00000, 0x000000071ae00000, 0x000000071b000000|  0%| F|  |TAMS 0x000000071ae00000, 0x000000071ae00000| Untracked 
| 136|0x000000071b000000, 0x000000071b000000, 0x000000071b200000|  0%| F|  |TAMS 0x000000071b000000, 0x000000071b000000| Untracked 
| 137|0x000000071b200000, 0x000000071b400000, 0x000000071b400000|100%| S|CS|TAMS 0x000000071b200000, 0x000000071b200000| Complete 
| 138|0x000000071b400000, 0x000000071b400000, 0x000000071b600000|  0%| F|  |TAMS 0x000000071b400000, 0x000000071b400000| Untracked 
| 139|0x000000071b600000, 0x000000071b600000, 0x000000071b800000|  0%| F|  |TAMS 0x000000071b600000, 0x000000071b600000| Untracked 
| 140|0x000000071b800000, 0x000000071b800000, 0x000000071ba00000|  0%| F|  |TAMS 0x000000071b800000, 0x000000071b800000| Untracked 
| 141|0x000000071ba00000, 0x000000071ba00000, 0x000000071bc00000|  0%| F|  |TAMS 0x000000071ba00000, 0x000000071ba00000| Untracked 
| 142|0x000000071bc00000, 0x000000071bc00000, 0x000000071be00000|  0%| F|  |TAMS 0x000000071bc00000, 0x000000071bc00000| Untracked 
| 143|0x000000071be00000, 0x000000071be00000, 0x000000071c000000|  0%| F|  |TAMS 0x000000071be00000, 0x000000071be00000| Untracked 
| 144|0x000000071c000000, 0x000000071c000000, 0x000000071c200000|  0%| F|  |TAMS 0x000000071c000000, 0x000000071c000000| Untracked 

Card table byte_map: [0x000001345d270000,0x000001345da20000] _byte_map_base: 0x0000013459a20000

Marking Bits (Prev, Next): (CMBitMap*) 0x00000134500607a0, (CMBitMap*) 0x0000013450060760
 Prev Bits: [0x0000013461f50000, 0x0000013465cd0000)
 Next Bits: [0x000001345e1d0000, 0x0000013461f50000)

Polling page: 0x000001344fcf0000

Metaspace:

Usage:
  Non-class:     74.32 MB used.
      Class:     10.74 MB used.
       Both:     85.05 MB used.

Virtual space:
  Non-class space:       80.00 MB reserved,      74.56 MB ( 93%) committed,  10 nodes.
      Class space:        1.00 GB reserved,      11.06 MB (  1%) committed,  1 nodes.
             Both:        1.08 GB reserved,      85.62 MB (  8%) committed. 

Chunk freelists:
   Non-Class:  1.13 MB
       Class:  1006.00 KB
        Both:  2.12 MB

MaxMetaspaceSize: unlimited
CompressedClassSpaceSize: 1.00 GB
Initial GC threshold: 21.00 MB
Current GC threshold: 142.75 MB
CDS: off
MetaspaceReclaimPolicy: balanced
 - commit_granule_bytes: 65536.
 - commit_granule_words: 8192.
 - virtual_space_node_default_size: 1048576.
 - enlarge_chunks_in_place: 1.
 - new_chunks_are_fully_committed: 0.
 - uncommit_free_chunks: 1.
 - use_allocation_guard: 0.
 - handle_deallocations: 1.


Internal statistics:

num_allocs_failed_limit: 9.
num_arena_births: 852.
num_arena_deaths: 0.
num_vsnodes_births: 11.
num_vsnodes_deaths: 0.
num_space_committed: 1370.
num_space_uncommitted: 0.
num_chunks_returned_to_freelist: 9.
num_chunks_taken_from_freelist: 3742.
num_chunk_merges: 6.
num_chunk_splits: 2570.
num_chunks_enlarged: 1922.
num_purges: 0.
num_inconsistent_stats: 0.

CodeCache: size=49152Kb used=19238Kb max_used=19238Kb free=29913Kb
 bounds [0x0000013458fa0000, 0x000001345a270000, 0x000001345bfa0000]
 total_blobs=9630 nmethods=8928 adapters=625
 compilation: enabled
              stopped_count=0, restarted_count=0
 full_count=0

Compilation events (20 events):
Event: 18.407 Thread 0x000001346a622c20 nmethod 9080 0x000001345a263010 code [0x000001345a263200, 0x000001345a263608]
Event: 18.407 Thread 0x00000134696d9350 nmethod 9081 0x000001345a263910 code [0x000001345a263b00, 0x000001345a263f08]
Event: 18.407 Thread 0x000001346a622c20 9084   !   1       jdk.internal.reflect.GeneratedMethodAccessor22::invoke (65 bytes)
Event: 18.407 Thread 0x00000134694c4210 nmethod 9083 0x000001345a264210 code [0x000001345a264420, 0x000001345a264948]
Event: 18.407 Thread 0x000001346a622c20 nmethod 9084 0x000001345a264c90 code [0x000001345a264ea0, 0x000001345a265318]
Event: 18.407 Thread 0x000001346a622c20 9085       1       io.github.classgraph.ModuleRef::hashCode (16 bytes)
Event: 18.407 Thread 0x00000134694c4210 9086       1       io.github.classgraph.ModuleRef::isSystemModule (73 bytes)
Event: 18.407 Thread 0x000001346a622c20 nmethod 9085 0x000001345a265690 code [0x000001345a265840, 0x000001345a265978]
Event: 18.407 Thread 0x000001346a622c20 9087   !   1       nonapi.io.github.classgraph.classloaderhandler.ClassLoaderHandlerRegistry$ClassLoaderHandlerRegistryEntry::canHandle (62 bytes)
Event: 18.407 Thread 0x00000134696d9350 9088       1       java.lang.WeakPairMap::get (17 bytes)
Event: 18.407 Thread 0x000001346a6203e0 nmethod 9082 0x000001345a265a10 code [0x000001345a265c40, 0x000001345a2662f8]
Event: 18.407 Thread 0x00000134694c4210 nmethod 9086 0x000001345a266790 code [0x000001345a266960, 0x000001345a266bf8]
Event: 18.408 Thread 0x00000134696d9350 nmethod 9088 0x000001345a266e10 code [0x000001345a267020, 0x000001345a267658]
Event: 18.408 Thread 0x000001346a622c20 nmethod 9087 0x000001345a267a10 code [0x000001345a267c60, 0x000001345a2684e8]
Event: 18.578 Thread 0x00000134696d9350 9089       1       sun.nio.fs.NativeBuffer$Deallocator::<init> (10 bytes)
Event: 18.579 Thread 0x00000134696d9350 nmethod 9089 0x000001345a268a90 code [0x000001345a268c20, 0x000001345a268cf8]
Event: 18.579 Thread 0x000001346a6203e0 9090       1       sun.nio.fs.NativeBuffer::<init> (44 bytes)
Event: 18.580 Thread 0x000001346a6203e0 nmethod 9090 0x000001345a268d90 code [0x000001345a268f40, 0x000001345a269238]
Event: 18.713 Thread 0x000001346a622c20 9091       1       java.util.ComparableTimSort::ensureCapacity (64 bytes)
Event: 18.713 Thread 0x000001346a622c20 nmethod 9091 0x000001345a269390 code [0x000001345a269540, 0x000001345a269788]

GC Heap History (20 events):
Event: 16.279 GC heap after
{Heap after GC invocations=34 (full 0):
 garbage-first heap   total 227328K, used 72264K [0x000000070a000000, 0x0000000800000000)
  region size 2048K, 4 young (8192K), 4 survivors (8192K)
 Metaspace       used 85679K, committed 86208K, reserved 1130496K
  class space    used 10824K, committed 11072K, reserved 1048576K
}
Event: 16.933 GC heap before
{Heap before GC invocations=34 (full 0):
 garbage-first heap   total 227328K, used 193096K [0x000000070a000000, 0x0000000800000000)
  region size 2048K, 62 young (126976K), 4 survivors (8192K)
 Metaspace       used 87000K, committed 87552K, reserved 1130496K
  class space    used 10980K, committed 11264K, reserved 1048576K
}
Event: 16.943 GC heap after
{Heap after GC invocations=35 (full 0):
 garbage-first heap   total 227328K, used 89373K [0x000000070a000000, 0x0000000800000000)
  region size 2048K, 8 young (16384K), 8 survivors (16384K)
 Metaspace       used 87000K, committed 87552K, reserved 1130496K
  class space    used 10980K, committed 11264K, reserved 1048576K
}
Event: 17.291 GC heap before
{Heap before GC invocations=35 (full 0):
 garbage-first heap   total 227328K, used 179485K [0x000000070a000000, 0x0000000800000000)
  region size 2048K, 51 young (104448K), 8 survivors (16384K)
 Metaspace       used 87086K, committed 87680K, reserved 1130496K
  class space    used 10993K, committed 11328K, reserved 1048576K
}
Event: 17.304 GC heap after
{Heap after GC invocations=36 (full 0):
 garbage-first heap   total 227328K, used 110268K [0x000000070a000000, 0x0000000800000000)
  region size 2048K, 7 young (14336K), 7 survivors (14336K)
 Metaspace       used 87086K, committed 87680K, reserved 1130496K
  class space    used 10993K, committed 11328K, reserved 1048576K
}
Event: 17.674 GC heap before
{Heap before GC invocations=36 (full 0):
 garbage-first heap   total 227328K, used 179900K [0x000000070a000000, 0x0000000800000000)
  region size 2048K, 40 young (81920K), 7 survivors (14336K)
 Metaspace       used 87086K, committed 87680K, reserved 1130496K
  class space    used 10993K, committed 11328K, reserved 1048576K
}
Event: 17.681 GC heap after
{Heap after GC invocations=37 (full 0):
 garbage-first heap   total 227328K, used 123631K [0x000000070a000000, 0x0000000800000000)
  region size 2048K, 5 young (10240K), 5 survivors (10240K)
 Metaspace       used 87086K, committed 87680K, reserved 1130496K
  class space    used 10993K, committed 11328K, reserved 1048576K
}
Event: 17.775 GC heap before
{Heap before GC invocations=37 (full 0):
 garbage-first heap   total 227328K, used 176879K [0x000000070a000000, 0x0000000800000000)
  region size 2048K, 32 young (65536K), 5 survivors (10240K)
 Metaspace       used 87086K, committed 87680K, reserved 1130496K
  class space    used 10993K, committed 11328K, reserved 1048576K
}
Event: 17.782 GC heap after
{Heap after GC invocations=38 (full 0):
 garbage-first heap   total 274432K, used 130990K [0x000000070a000000, 0x0000000800000000)
  region size 2048K, 4 young (8192K), 4 survivors (8192K)
 Metaspace       used 87086K, committed 87680K, reserved 1130496K
  class space    used 10993K, committed 11328K, reserved 1048576K
}
Event: 18.163 GC heap before
{Heap before GC invocations=39 (full 0):
 garbage-first heap   total 274432K, used 206766K [0x000000070a000000, 0x0000000800000000)
  region size 2048K, 42 young (86016K), 4 survivors (8192K)
 Metaspace       used 87095K, committed 87680K, reserved 1130496K
  class space    used 10995K, committed 11328K, reserved 1048576K
}
Event: 18.174 GC heap after
{Heap after GC invocations=40 (full 0):
 garbage-first heap   total 274432K, used 148074K [0x000000070a000000, 0x0000000800000000)
  region size 2048K, 6 young (12288K), 6 survivors (12288K)
 Metaspace       used 87095K, committed 87680K, reserved 1130496K
  class space    used 10995K, committed 11328K, reserved 1048576K
}
Event: 18.177 GC heap before
{Heap before GC invocations=40 (full 0):
 garbage-first heap   total 274432K, used 150122K [0x000000070a000000, 0x0000000800000000)
  region size 2048K, 7 young (14336K), 6 survivors (12288K)
 Metaspace       used 87095K, committed 87680K, reserved 1130496K
  class space    used 10995K, committed 11328K, reserved 1048576K
}
Event: 18.183 GC heap after
{Heap after GC invocations=41 (full 0):
 garbage-first heap   total 274432K, used 132625K [0x000000070a000000, 0x0000000800000000)
  region size 2048K, 1 young (2048K), 1 survivors (2048K)
 Metaspace       used 87095K, committed 87680K, reserved 1130496K
  class space    used 10995K, committed 11328K, reserved 1048576K
}
Event: 18.560 GC heap before
{Heap before GC invocations=41 (full 0):
 garbage-first heap   total 274432K, used 202257K [0x000000070a000000, 0x0000000800000000)
  region size 2048K, 36 young (73728K), 1 survivors (2048K)
 Metaspace       used 87095K, committed 87680K, reserved 1130496K
  class space    used 10995K, committed 11328K, reserved 1048576K
}
Event: 18.568 GC heap after
{Heap after GC invocations=42 (full 0):
 garbage-first heap   total 274432K, used 150365K [0x000000070a000000, 0x0000000800000000)
  region size 2048K, 5 young (10240K), 5 survivors (10240K)
 Metaspace       used 87095K, committed 87680K, reserved 1130496K
  class space    used 10995K, committed 11328K, reserved 1048576K
}
Event: 18.703 GC heap before
{Heap before GC invocations=43 (full 0):
 garbage-first heap   total 296960K, used 199517K [0x000000070a000000, 0x0000000800000000)
  region size 2048K, 33 young (67584K), 5 survivors (10240K)
 Metaspace       used 87095K, committed 87680K, reserved 1130496K
  class space    used 10995K, committed 11328K, reserved 1048576K
}
Event: 18.711 GC heap after
{Heap after GC invocations=44 (full 0):
 garbage-first heap   total 296960K, used 153282K [0x000000070a000000, 0x0000000800000000)
  region size 2048K, 5 young (10240K), 5 survivors (10240K)
 Metaspace       used 87095K, committed 87680K, reserved 1130496K
  class space    used 10995K, committed 11328K, reserved 1048576K
}
Event: 18.721 GC heap before
{Heap before GC invocations=44 (full 0):
 garbage-first heap   total 296960K, used 157378K [0x000000070a000000, 0x0000000800000000)
  region size 2048K, 7 young (14336K), 5 survivors (10240K)
 Metaspace       used 87095K, committed 87680K, reserved 1130496K
  class space    used 10995K, committed 11328K, reserved 1048576K
}
Event: 18.727 GC heap after
{Heap after GC invocations=45 (full 0):
 garbage-first heap   total 296960K, used 129397K [0x000000070a000000, 0x0000000800000000)
  region size 2048K, 1 young (2048K), 1 survivors (2048K)
 Metaspace       used 87095K, committed 87680K, reserved 1130496K
  class space    used 10995K, committed 11328K, reserved 1048576K
}
Event: 18.796 GC heap before
{Heap before GC invocations=45 (full 0):
 garbage-first heap   total 296960K, used 141685K [0x000000070a000000, 0x0000000800000000)
  region size 2048K, 7 young (14336K), 1 survivors (2048K)
 Metaspace       used 87095K, committed 87680K, reserved 1130496K
  class space    used 10995K, committed 11328K, reserved 1048576K
}

Deoptimization events (20 events):
Event: 18.584 Thread 0x0000013470000df0 DEOPT PACKING pc=0x000001345a1f770c sp=0x00000005033fe7c0
Event: 18.584 Thread 0x0000013470000df0 DEOPT UNPACKING pc=0x0000013458ff2b43 sp=0x00000005033fdd60 mode 1
Event: 18.584 Thread 0x0000013470000df0 DEOPT PACKING pc=0x000001345a1f90c4 sp=0x00000005033fe950
Event: 18.584 Thread 0x0000013470000df0 DEOPT UNPACKING pc=0x0000013458ff2b43 sp=0x00000005033fdde8 mode 1
Event: 18.586 Thread 0x0000013470000df0 DEOPT PACKING pc=0x000001345972ebc4 sp=0x00000005033fe480
Event: 18.586 Thread 0x0000013470000df0 DEOPT UNPACKING pc=0x0000013458ff2b43 sp=0x00000005033fd940 mode 1
Event: 18.586 Thread 0x0000013470000df0 DEOPT PACKING pc=0x000001345973304c sp=0x00000005033fe530
Event: 18.586 Thread 0x0000013470000df0 DEOPT UNPACKING pc=0x0000013458ff2b43 sp=0x00000005033fda18 mode 1
Event: 18.586 Thread 0x0000013470000df0 DEOPT PACKING pc=0x000001345972e44c sp=0x00000005033fe620
Event: 18.586 Thread 0x0000013470000df0 DEOPT UNPACKING pc=0x0000013458ff2b43 sp=0x00000005033fdb40 mode 1
Event: 18.586 Thread 0x0000013470000df0 DEOPT PACKING pc=0x000001345a1f671c sp=0x00000005033fe710
Event: 18.586 Thread 0x0000013470000df0 DEOPT UNPACKING pc=0x0000013458ff2b43 sp=0x00000005033fdc08 mode 1
Event: 18.587 Thread 0x0000013470000df0 DEOPT PACKING pc=0x0000013459925bec sp=0x00000005033fe550
Event: 18.587 Thread 0x0000013470000df0 DEOPT UNPACKING pc=0x0000013458ff2b43 sp=0x00000005033fda00 mode 1
Event: 18.587 Thread 0x0000013470000df0 DEOPT PACKING pc=0x000001345992799c sp=0x00000005033fe5c0
Event: 18.587 Thread 0x0000013470000df0 DEOPT UNPACKING pc=0x0000013458ff2b43 sp=0x00000005033fdb70 mode 1
Event: 18.587 Thread 0x0000013470000df0 DEOPT PACKING pc=0x000001345a1f770c sp=0x00000005033fe7c0
Event: 18.587 Thread 0x0000013470000df0 DEOPT UNPACKING pc=0x0000013458ff2b43 sp=0x00000005033fdd60 mode 1
Event: 18.587 Thread 0x0000013470000df0 DEOPT PACKING pc=0x000001345a1f90c4 sp=0x00000005033fe950
Event: 18.587 Thread 0x0000013470000df0 DEOPT UNPACKING pc=0x0000013458ff2b43 sp=0x00000005033fdde8 mode 1

Classes unloaded (0 events):
No events

Classes redefined (0 events):
No events

Internal exceptions (20 events):
Event: 18.579 Thread 0x0000013470005620 Exception <a 'sun/nio/fs/WindowsException'{0x000000071aac3180}> (0x000000071aac3180) 
thrown [t:\workspace\open\src\hotspot\share\prims\jni.cpp, line 516]
Event: 18.580 Thread 0x0000013470005620 Exception <a 'sun/nio/fs/WindowsException'{0x000000071aac3608}> (0x000000071aac3608) 
thrown [t:\workspace\open\src\hotspot\share\prims\jni.cpp, line 516]
Event: 18.580 Thread 0x0000013470000df0 Exception <a 'sun/nio/fs/WindowsException'{0x000000071aadcee0}> (0x000000071aadcee0) 
thrown [t:\workspace\open\src\hotspot\share\prims\jni.cpp, line 516]
Event: 18.580 Thread 0x0000013470005620 Exception <a 'sun/nio/fs/WindowsException'{0x000000071aac40d0}> (0x000000071aac40d0) 
thrown [t:\workspace\open\src\hotspot\share\prims\jni.cpp, line 516]
Event: 18.581 Thread 0x0000013470000df0 Exception <a 'sun/nio/fs/WindowsException'{0x000000071aadd380}> (0x000000071aadd380) 
thrown [t:\workspace\open\src\hotspot\share\prims\jni.cpp, line 516]
Event: 18.581 Thread 0x0000013470005620 Exception <a 'sun/nio/fs/WindowsException'{0x000000071aac4570}> (0x000000071aac4570) 
thrown [t:\workspace\open\src\hotspot\share\prims\jni.cpp, line 516]
Event: 18.581 Thread 0x0000013470000df0 Exception <a 'sun/nio/fs/WindowsException'{0x000000071aadde78}> (0x000000071aadde78) 
thrown [t:\workspace\open\src\hotspot\share\prims\jni.cpp, line 516]
Event: 18.581 Thread 0x0000013470005620 Exception <a 'sun/nio/fs/WindowsException'{0x000000071aac5060}> (0x000000071aac5060) 
thrown [t:\workspace\open\src\hotspot\share\prims\jni.cpp, line 516]
Event: 18.582 Thread 0x0000013470000df0 Exception <a 'sun/nio/fs/WindowsException'{0x000000071aade348}> (0x000000071aade348) 
thrown [t:\workspace\open\src\hotspot\share\prims\jni.cpp, line 516]
Event: 18.582 Thread 0x0000013470005620 Exception <a 'sun/nio/fs/WindowsException'{0x000000071aac5548}> (0x000000071aac5548) 
thrown [t:\workspace\open\src\hotspot\share\prims\jni.cpp, line 516]
Event: 18.582 Thread 0x0000013470000df0 Exception <a 'sun/nio/fs/WindowsException'{0x000000071aadee60}> (0x000000071aadee60) 
thrown [t:\workspace\open\src\hotspot\share\prims\jni.cpp, line 516]
Event: 18.582 Thread 0x0000013470005620 Exception <a 'sun/nio/fs/WindowsException'{0x000000071aac6050}> (0x000000071aac6050) 
thrown [t:\workspace\open\src\hotspot\share\prims\jni.cpp, line 516]
Event: 18.583 Thread 0x0000013470000df0 Exception <a 'sun/nio/fs/WindowsException'{0x000000071aadf360}> (0x000000071aadf360) 
thrown [t:\workspace\open\src\hotspot\share\prims\jni.cpp, line 516]
Event: 18.583 Thread 0x0000013470005620 Exception <a 'sun/nio/fs/WindowsException'{0x000000071aac6568}> (0x000000071aac6568) 
thrown [t:\workspace\open\src\hotspot\share\prims\jni.cpp, line 516]
Event: 18.584 Thread 0x0000013470005620 Exception <a 'sun/nio/fs/WindowsException'{0x000000071aac7068}> (0x000000071aac7068) 
thrown [t:\workspace\open\src\hotspot\share\prims\jni.cpp, line 516]
Event: 18.584 Thread 0x0000013470000df0 Exception <a 'sun/nio/fs/WindowsException'{0x000000071aadfe98}> (0x000000071aadfe98) 
thrown [t:\workspace\open\src\hotspot\share\prims\jni.cpp, line 516]
Event: 18.584 Thread 0x0000013470005620 Exception <a 'sun/nio/fs/WindowsException'{0x000000071aac7568}> (0x000000071aac7568) 
thrown [t:\workspace\open\src\hotspot\share\prims\jni.cpp, line 516]
Event: 18.584 Thread 0x0000013470000df0 Exception <a 'sun/nio/fs/WindowsException'{0x000000071aae03d0}> (0x000000071aae03d0) 
thrown [t:\workspace\open\src\hotspot\share\prims\jni.cpp, line 516]
Event: 18.586 Thread 0x0000013470000df0 Exception <a 'sun/nio/fs/WindowsException'{0x000000071aae0f00}> (0x000000071aae0f00) 
thrown [t:\workspace\open\src\hotspot\share\prims\jni.cpp, line 516]
Event: 18.587 Thread 0x0000013470000df0 Exception <a 'sun/nio/fs/WindowsException'{0x000000071aae1430}> (0x000000071aae1430) 
thrown [t:\workspace\open\src\hotspot\share\prims\jni.cpp, line 516]

VM Operations (20 events):
Event: 18.789 Executing VM operation: ICBufferFull done
Event: 18.790 Executing VM operation: ICBufferFull
Event: 18.790 Executing VM operation: ICBufferFull done
Event: 18.790 Executing VM operation: ICBufferFull
Event: 18.790 Executing VM operation: ICBufferFull done
Event: 18.790 Executing VM operation: ICBufferFull
Event: 18.790 Executing VM operation: ICBufferFull done
Event: 18.791 Executing VM operation: ICBufferFull
Event: 18.791 Executing VM operation: ICBufferFull done
Event: 18.793 Executing VM operation: ICBufferFull
Event: 18.793 Executing VM operation: ICBufferFull done
Event: 18.794 Executing VM operation: ICBufferFull
Event: 18.794 Executing VM operation: ICBufferFull done
Event: 18.794 Executing VM operation: ICBufferFull
Event: 18.794 Executing VM operation: ICBufferFull done
Event: 18.794 Executing VM operation: ICBufferFull
Event: 18.795 Executing VM operation: ICBufferFull done
Event: 18.795 Executing VM operation: ICBufferFull
Event: 18.795 Executing VM operation: ICBufferFull done
Event: 18.796 Executing VM operation: G1CollectForAllocation

Events (20 events):
Event: 18.401 Thread 0x0000013470005af0 Thread exited: 0x0000013470005af0
Event: 18.559 Thread 0x0000013470003e10 Thread added: 0x0000013470003e10
Event: 18.559 Thread 0x0000013470000df0 Thread added: 0x0000013470000df0
Event: 18.560 Thread 0x0000013470005620 Thread added: 0x0000013470005620
Event: 18.560 Thread 0x000001346ffff110 Thread added: 0x000001346ffff110
Event: 18.560 Thread 0x0000013470005af0 Thread added: 0x0000013470005af0
Event: 18.560 Thread 0x0000013470005fc0 Thread added: 0x0000013470005fc0
Event: 18.560 Thread 0x0000013470002ad0 Thread added: 0x0000013470002ad0
Event: 18.560 Thread 0x000001346ffffab0 Thread added: 0x000001346ffffab0
Event: 18.568 Thread 0x0000013470003470 Thread added: 0x0000013470003470
Event: 18.569 Thread 0x000001346fffff80 Thread added: 0x000001346fffff80
Event: 18.569 Thread 0x0000013470001790 Thread added: 0x0000013470001790
Event: 18.569 Thread 0x0000013470002fa0 Thread added: 0x0000013470002fa0
Event: 18.569 Thread 0x0000013470003940 Thread added: 0x0000013470003940
Event: 18.569 Thread 0x000001347004ad30 Thread added: 0x000001347004ad30
Event: 18.569 Thread 0x000001347004a390 Thread added: 0x000001347004a390
Event: 18.569 Thread 0x000001347004ebc0 Thread added: 0x000001347004ebc0
Event: 18.569 Thread 0x000001347004b6d0 Thread added: 0x000001347004b6d0
Event: 18.569 Thread 0x000001347004d3b0 Thread added: 0x000001347004d3b0
Event: 18.569 Thread 0x00000134700499f0 Thread added: 0x00000134700499f0


Dynamic libraries:
0x00007ff745c50000 - 0x00007ff745c60000 	D:\LenovoSoftstore\Java\jdk-17.0.1\bin\java.exe
0x00007ffe106f0000 - 0x00007ffe108e8000 	C:\WINDOWS\SYSTEM32\ntdll.dll
0x00007ffe0f030000 - 0x00007ffe0f0ed000 	C:\WINDOWS\System32\KERNEL32.DLL
0x00007ffe0e020000 - 0x00007ffe0e316000 	C:\WINDOWS\System32\KERNELBASE.dll
0x00007ffe0df20000 - 0x00007ffe0e020000 	C:\WINDOWS\System32\ucrtbase.dll
0x00007ffe0ae40000 - 0x00007ffe0ae58000 	D:\LenovoSoftstore\Java\jdk-17.0.1\bin\jli.dll
0x00007ffe0ae20000 - 0x00007ffe0ae3a000 	D:\LenovoSoftstore\Java\jdk-17.0.1\bin\VCRUNTIME140.dll
0x00007ffe0f2d0000 - 0x00007ffe0f380000 	C:\WINDOWS\System32\ADVAPI32.dll
0x00007ffe10610000 - 0x00007ffe106ae000 	C:\WINDOWS\System32\msvcrt.dll
0x00007ffe0e9f0000 - 0x00007ffe0ea90000 	C:\WINDOWS\System32\sechost.dll
0x00007ffe0ef00000 - 0x00007ffe0f025000 	C:\WINDOWS\System32\RPCRT4.dll
0x00007ffe0e6f0000 - 0x00007ffe0e717000 	C:\WINDOWS\System32\bcrypt.dll
0x00007ffe0e850000 - 0x00007ffe0e9ee000 	C:\WINDOWS\System32\USER32.dll
0x00007ffe0de50000 - 0x00007ffe0de72000 	C:\WINDOWS\System32\win32u.dll
0x00007ffe0f0f0000 - 0x00007ffe0f11b000 	C:\WINDOWS\System32\GDI32.dll
0x00007ffe0e320000 - 0x00007ffe0e437000 	C:\WINDOWS\System32\gdi32full.dll
0x00007ffe0de80000 - 0x00007ffe0df1d000 	C:\WINDOWS\System32\msvcp_win.dll
0x00007ffdfe080000 - 0x00007ffdfe31a000 	C:\WINDOWS\WinSxS\amd64_microsoft.windows.common-controls_6595b64144ccf1df_6.0.19041.3636_none_60b6a03d71f818d5\COMCTL32.dll
0x00007ffe076d0000 - 0x00007ffe076da000 	C:\WINDOWS\SYSTEM32\VERSION.dll
0x00007ffe0f990000 - 0x00007ffe0f9c2000 	C:\WINDOWS\System32\IMM32.DLL
0x00007ffe0ae10000 - 0x00007ffe0ae1c000 	D:\LenovoSoftstore\Java\jdk-17.0.1\bin\vcruntime140_1.dll
0x00007ffde5ee0000 - 0x00007ffde5f6d000 	D:\LenovoSoftstore\Java\jdk-17.0.1\bin\msvcp140.dll
0x00007ffdd1de0000 - 0x00007ffdd299e000 	D:\LenovoSoftstore\Java\jdk-17.0.1\bin\server\jvm.dll
0x00007ffe103d0000 - 0x00007ffe103d8000 	C:\WINDOWS\System32\PSAPI.DLL
0x00007ffde3fc0000 - 0x00007ffde3fc9000 	C:\WINDOWS\SYSTEM32\WSOCK32.dll
0x00007ffe05010000 - 0x00007ffe05037000 	C:\WINDOWS\SYSTEM32\WINMM.dll
0x00007ffe0f5c0000 - 0x00007ffe0f62b000 	C:\WINDOWS\System32\WS2_32.dll
0x00007ffe0c5e0000 - 0x00007ffe0c5f2000 	C:\WINDOWS\SYSTEM32\kernel.appcore.dll
0x00007ffe0ae00000 - 0x00007ffe0ae0a000 	D:\LenovoSoftstore\Java\jdk-17.0.1\bin\jimage.dll
0x00007ffe0c140000 - 0x00007ffe0c324000 	C:\WINDOWS\SYSTEM32\DBGHELP.DLL
0x00007ffdfd4b0000 - 0x00007ffdfd4e4000 	C:\WINDOWS\SYSTEM32\dbgcore.DLL
0x00007ffe0e440000 - 0x00007ffe0e4c2000 	C:\WINDOWS\System32\bcryptPrimitives.dll
0x00007ffdf31e0000 - 0x00007ffdf321b000 	D:\LenovoSoftstore\Java\jdk-17.0.1\bin\jdwp.dll
0x00007ffe08f50000 - 0x00007ffe08f5e000 	D:\LenovoSoftstore\Java\jdk-17.0.1\bin\instrument.dll
0x00007ffe006d0000 - 0x00007ffe006f5000 	D:\LenovoSoftstore\Java\jdk-17.0.1\bin\java.dll
0x00007ffe03330000 - 0x00007ffe03348000 	D:\LenovoSoftstore\Java\jdk-17.0.1\bin\zip.dll
0x00007ffddd3b0000 - 0x00007ffddd486000 	D:\LenovoSoftstore\Java\jdk-17.0.1\bin\svml.dll
0x00007ffe0fa90000 - 0x00007ffe101fb000 	C:\WINDOWS\System32\SHELL32.dll
0x00007ffe0b030000 - 0x00007ffe0b7ce000 	C:\WINDOWS\SYSTEM32\windows.storage.dll
0x00007ffe0f630000 - 0x00007ffe0f983000 	C:\WINDOWS\System32\combase.dll
0x00007ffe0d700000 - 0x00007ffe0d72e000 	C:\WINDOWS\SYSTEM32\Wldp.dll
0x00007ffe0f3e0000 - 0x00007ffe0f4ad000 	C:\WINDOWS\System32\OLEAUT32.dll
0x00007ffe0f4b0000 - 0x00007ffe0f55d000 	C:\WINDOWS\System32\SHCORE.dll
0x00007ffe0f380000 - 0x00007ffe0f3d5000 	C:\WINDOWS\System32\shlwapi.dll
0x00007ffe0dcd0000 - 0x00007ffe0dcf5000 	C:\WINDOWS\SYSTEM32\profapi.dll
0x00007ffe03a50000 - 0x00007ffe03a5c000 	D:\LenovoSoftstore\Java\jdk-17.0.1\bin\dt_socket.dll
0x00007ffe0d150000 - 0x00007ffe0d18b000 	C:\WINDOWS\SYSTEM32\IPHLPAPI.DLL
0x00007ffe0d460000 - 0x00007ffe0d4ca000 	C:\WINDOWS\system32\mswsock.dll
0x00007ffe0ade0000 - 0x00007ffe0adf9000 	D:\LenovoSoftstore\Java\jdk-17.0.1\bin\net.dll
0x00007ffe08590000 - 0x00007ffe0869a000 	C:\WINDOWS\SYSTEM32\WINHTTP.dll
0x00007ffe03e90000 - 0x00007ffe03ea5000 	D:\LenovoSoftstore\Java\jdk-17.0.1\bin\nio.dll
0x00007ffdf8a80000 - 0x00007ffdf8acb000 	C:\Program Files (x86)\Sangfor\SSL\ClientComponent\SangforNspX64.dll
0x00007ffe0e720000 - 0x00007ffe0e84b000 	C:\WINDOWS\System32\ole32.dll
0x00007ffe0d190000 - 0x00007ffe0d25b000 	C:\WINDOWS\SYSTEM32\DNSAPI.dll
0x00007ffe103e0000 - 0x00007ffe103e8000 	C:\WINDOWS\System32\NSI.dll
0x00007ffe05d80000 - 0x00007ffe05d8a000 	C:\Windows\System32\rasadhlp.dll
0x00007ffe042d0000 - 0x00007ffe04350000 	C:\WINDOWS\System32\fwpuclnt.dll
0x00007ffdf6f40000 - 0x00007ffdf6f49000 	D:\LenovoSoftstore\Java\jdk-17.0.1\bin\management.dll
0x00007ffdf6bd0000 - 0x00007ffdf6bdb000 	D:\LenovoSoftstore\Java\jdk-17.0.1\bin\management_ext.dll
0x00007ffe0d650000 - 0x00007ffe0d668000 	C:\WINDOWS\SYSTEM32\CRYPTSP.dll
0x00007ffe0cd90000 - 0x00007ffe0cdc4000 	C:\WINDOWS\system32\rsaenh.dll
0x00007ffe0dc50000 - 0x00007ffe0dc7e000 	C:\WINDOWS\SYSTEM32\USERENV.dll
0x00007ffe0d670000 - 0x00007ffe0d67c000 	C:\WINDOWS\SYSTEM32\CRYPTBASE.dll
0x00007ffe05d90000 - 0x00007ffe05da7000 	C:\WINDOWS\SYSTEM32\dhcpcsvc6.DLL
0x00007ffe052a0000 - 0x00007ffe052bd000 	C:\WINDOWS\SYSTEM32\dhcpcsvc.DLL
0x00007ffdf71a0000 - 0x00007ffdf71b7000 	C:\WINDOWS\system32\napinsp.dll
0x00007ffdf6af0000 - 0x00007ffdf6b0b000 	C:\WINDOWS\system32\pnrpnsp.dll
0x00007ffdf69d0000 - 0x00007ffdf69e5000 	C:\WINDOWS\system32\wshbth.dll
0x00007ffe08df0000 - 0x00007ffe08e0d000 	C:\WINDOWS\system32\NLAapi.dll
0x00007ffdfe620000 - 0x00007ffdfe632000 	C:\WINDOWS\System32\winrnr.dll
0x00007ffe0ad90000 - 0x00007ffe0ada0000 	D:\LenovoSoftstore\Java\jdk-17.0.1\bin\verify.dll
0x00007ffdf31c0000 - 0x00007ffdf31ce000 	D:\LenovoSoftstore\Java\jdk-17.0.1\bin\sunmscapi.dll
0x00007ffe0e4d0000 - 0x00007ffe0e62d000 	C:\WINDOWS\System32\CRYPT32.dll
0x00007ffe0d770000 - 0x00007ffe0d798000 	C:\WINDOWS\SYSTEM32\ncrypt.dll
0x00007ffe0d730000 - 0x00007ffe0d76b000 	C:\WINDOWS\SYSTEM32\NTASN1.dll
0x00007ffde4010000 - 0x00007ffde4017000 	C:\WINDOWS\system32\wshunix.dll

dbghelp: loaded successfully - version: 4.0.5 - missing functions: none
symbol engine: initialized successfully - sym options: 0x614 - pdb path: .;D:\LenovoSoftstore\Java\jdk-17.0.1\bin;C:\WINDOWS\SYSTEM32;C:\WINDOWS\WinSxS\amd64_microsoft.windows.common-controls_6595b64144ccf1df_6.0.19041.3636_none_60b6a03d71f818d5;D:\LenovoSoftstore\Java\jdk-17.0.1\bin\server;C:\Program Files (x86)\Sangfor\SSL\ClientComponent

VM Arguments:
jvm_args: -agentlib:jdwp=transport=dt_socket,address=127.0.0.1:48204,suspend=y,server=n -Dvisualvm.id=128203072721600 -XX:TieredStopAtLevel=1 -Dspring.output.ansi.enabled=always -Dcom.sun.management.jmxremote -Dspring.jmx.enabled=true -Dspring.liveBeansView.mbeanDomain -Dspring.application.admin.enabled=true -javaagent:C:\Users\BaiYiChen\AppData\Local\JetBrains\IntelliJIdea2022.2\captureAgent\debugger-agent.jar=file:/C:/Users/BaiYiChen/AppData/Local/Temp/capture2.props -Dfile.encoding=UTF-8 
java_command: site.cilicili.App
java_class_path (initial): D:\Documents\JavaCode\Code\cilicili()\build\classes\java\main;D:\Documents\JavaCode\Code\cilicili()\build\resources\main;D:\LenovoSoftstore\gradle-8.4\caches\modules-2\files-2.1\io.jsonwebtoken\jjwt-api\0.11.4\534f9ece7be58858e0bf1275dd5326d9e702568a\jjwt-api-0.11.4.jar;D:\LenovoSoftstore\gradle-8.4\caches\modules-2\files-2.1\com.alipay.sdk\alipay-sdk-java\4.39.40.ALL\a884dcee3ff0ad994e28d6f26528dec595415c16\alipay-sdk-java-4.39.40.ALL.jar;D:\LenovoSoftstore\gradle-8.4\caches\modules-2\files-2.1\org.springframework.boot\spring-boot-starter-amqp\3.1.6\1ef77f1b93e1552cdec60b1059e631dfaecad708\spring-boot-starter-amqp-3.1.6.jar;D:\LenovoSoftstore\gradle-8.4\caches\modules-2\files-2.1\org.springframework.boot\spring-boot-starter-data-mongodb\3.1.6\13d3b13f5079fc9028b83a8e3c486d095efdf5ed\spring-boot-starter-data-mongodb-3.1.6.jar;D:\LenovoSoftstore\gradle-8.4\caches\modules-2\files-2.1\org.redisson\redisson-spring-boot-starter\3.25.2\13631ae691cae04c9177f9024d7a65c49ccf451d\redisson-spring-boot-starter-3.25.2.jar;D:\LenovoSoftstore\gradle-8.4\caches\modules-2\files-2.1\org.springframework.boot\spring-boot-starter-data-redis\3.1.6\30f02d82d1ee8110004b2f7eb641aab0d8756675\spring-boot-starter-data-redis-3.1.6.jar;D:\LenovoSoftstore\gradle-8.4\caches\modules-2\files-2.1\org.springframework.boot\spring-boot-starter-cache\3.1.6\4ad7bd6cce8b3bdde458606f2c0b4029e22447c1\spring-boot-starter-cache-3.1.6.jar;D:\LenovoSoftstore\gradle-8.4\caches\modules-2\files-2.1\org.springframework.boot\spring-boot-starter-thymeleaf\3.1.6\eed311b1ea44cd45c657282a92ccdc7391793a87\spring-boot-starter-thymeleaf-3.1.6.jar;D:\LenovoSoftstore\gradle-8.4\caches\modules-2\files-2.1\org.springframework.boot\spring-boot-starter-mail\3.1.6\b207f7d3d752965a5a4c4b417b63f2b5bed75d69\spring-boot-starter-mail-3.1.6.jar;D:\LenovoSoftstore\gradle-8.4\caches\modules-2\files-2.1\org.apache.commons\commons-pool2\2.12.0\458563f69fbdaebf7daadfe10dc3a22e42a7de50\commons-pool
Launcher Type: SUN_STANDARD

[Global flags]
     intx CICompilerCount                          = 4                                         {product} {ergonomic}
     uint ConcGCThreads                            = 3                                         {product} {ergonomic}
     uint G1ConcRefinementThreads                  = 10                                        {product} {ergonomic}
   size_t G1HeapRegionSize                         = 2097152                                   {product} {ergonomic}
    uintx GCDrainStackTargetSize                   = 64                                        {product} {ergonomic}
   size_t InitialHeapSize                          = 257949696                                 {product} {ergonomic}
     bool ManagementServer                         = true                                      {product} {command line}
   size_t MarkStackSize                            = 4194304                                   {product} {ergonomic}
   size_t MaxHeapSize                              = 4127195136                                {product} {ergonomic}
   size_t MaxNewSize                               = 2474639360                                {product} {ergonomic}
   size_t MinHeapDeltaBytes                        = 2097152                                   {product} {ergonomic}
   size_t MinHeapSize                              = 8388608                                   {product} {ergonomic}
    uintx NonProfiledCodeHeapSize                  = 0                                      {pd product} {ergonomic}
     bool ProfileInterpreter                       = false                                  {pd product} {command line}
    uintx ProfiledCodeHeapSize                     = 0                                      {pd product} {ergonomic}
   size_t SoftMaxHeapSize                          = 4127195136                             {manageable} {ergonomic}
     intx TieredStopAtLevel                        = 1                                         {product} {command line}
     bool UseCompressedClassPointers               = true                           {product lp64_product} {ergonomic}
     bool UseCompressedOops                        = true                           {product lp64_product} {ergonomic}
     bool UseG1GC                                  = true                                      {product} {ergonomic}
     bool UseLargePagesIndividualAllocation        = false                                  {pd product} {ergonomic}

Logging:
Log output configuration:
 #0: stdout all=warning uptime,level,tags
 #1: stderr all=off uptime,level,tags

Environment Variables:
JAVA_HOME=D:\LenovoSoftstore\Java\jdk-17.0.1
CLASSPATH=.;D:\LenovoSoftstore\Java\jdk-17.0.1\lib;D:\LenovoSoftstore\Java\jdk-17.0.1\lib\dt.jar;D:\LenovoSoftstore\Java\jdk-17.0.1\lib\tools.jar;
PATH=D:\LenovoSoftstore\python3.11\Scripts\;D:\LenovoSoftstore\python3.11\;D:\LenovoSoftstore\Git\bin;D:\LenovoSoftstore\apache-tomcat-9.0.58\bin;D:\LenovoSoftstore\apache-tomcat-9.0.58\lib;D:\LenovoSoftstore\VMware\VMware Workstation\bin\;C:\Program Files\Common Files\Oracle\Java\javapath;C:\ProgramData\Oracle\Java\javapath;D:\LenovoSoftstore\bin;C:\Program Files\dotnet\;C:\WINDOWS\system32;C:\WINDOWS;C:\WINDOWS\System32\Wbem;C:\WINDOWS\System32\WindowsPowerShell\v1.0\;C:\WINDOWS\System32\OpenSSH\;C:\Program Files (x86)\dotnet\;D:\LenovoSoftstore\Graphviz\bin;C:\Program Files\Microsoft SQL Server\130\Tools\Binn\;D:\LenovoSoftstore\MySQL\MySQL Server 8.0\bin;D:\LenovoSoftstore\Xftp 7\;D:\LenovoSoftstore\Xshell 7\;D:\LenovoSoftstore\Redis-x64-3.2.100;C:\Program Files (x86)\Graphviz\bin;D:\LenovoSoftstore\apache-zookeeper-3.7.1\bin;C:\ProgramData\chocolatey\bin;D:\LenovoSoftstore\apache-maven-3.8.6\bin;D:\LenovoSoftstore\gradle-8.4;D:\LenovoSoftstore\apache-jmeter-5.5\bin;D:\LenovoSoftstore\Git\cmd;D:\LenovoSoftstore\gradle-8.4\bin;D:\LenovoSoftstore\nvm\npm;D:\LenovoSoftstore\nodejs;D:\LenovoSoftstore\nvm;D:\LenovoSoftstore\nodejs;C:\Users\BaiYiChen\AppData\Local\activestate\cache\bin;C:\Users\BaiYiChen\AppData\Local\ActiveState\StateTool\release\bin;D:\LenovoSoftstore\Java\jdk-17.0.1\bin;D:\LenovoSoftstore\gradle-8.4\bin;C:\Program Files\Azure Data Studio\bin;C:\Users\BaiYiChen\AppData\Local\Microsoft\WindowsApps;C:\Users\BaiYiChen\.dotnet\tools;D:\LenovoSoftstore\IntelliJ IDEA 2021.3.3\bin;D:\LenovoSoftstore\IntelliJ IDEA Community Edition 2021.1.2\bin;;D:\LenovoSoftstore\MySQL\MySQL Server 8.0\bin;D:\LenovoSoftstore\WebStorm 2021.3.3\bin;D:\LenovoSoftstore\PyCharm 2022.1\bin;D:\LenovoSoftstore\MASM611\BIN;D:\LenovoSoftstore\nginx-1.23.2\bin;D:\LenovoSoftstore\gradle-8.4;D:\LenovoSoftstore\AndroidSdk\SDK\platform-tools;D:\LenovoSoftstore\go1.20.windows-amd64\\bin;D:\LenovoSoftstore\python3.11.0;D:\LenovoSoftstore\CLion2023.1.4\bin;D:\LenovoSoftstore\CLion2023.1.4\bin\
USERNAME=BaiYiChen
OS=Windows_NT
PROCESSOR_IDENTIFIER=AMD64 Family 23 Model 96 Stepping 1, AuthenticAMD



---------------  S Y S T E M  ---------------

OS:
 Windows 10 , 64 bit Build 19041 (10.0.19041.3636)
OS uptime: 1 days 11:37 hours

CPU: total 12 (initial active 12) (12 cores per cpu, 2 threads per core) family 23 model 96 stepping 1 microcode 0x0, cx8, cmov, fxsr, ht, mmx, 3dnowpref, sse, sse2, sse3, ssse3, sse4a, sse4.1, sse4.2, popcnt, lzcnt, tsc, tscinvbit, avx, avx2, aes, clmul, bmi1, bmi2, adx, sha, fma, vzeroupper, clflush, clflushopt

Memory: 4k page, system-wide physical 15741M (641M free)
TotalPageFile size 24124M (AvailPageFile size 19M)
current process WorkingSet (physical memory assigned to process): 556M, peak: 556M
current process commit charge ("private bytes"): 606M, peak: 1186M

vm_info: Java HotSpot(TM) 64-Bit Server VM (17.0.1+12-LTS-39) for windows-amd64 JRE (17.0.1+12-LTS-39), built on Sep 27 2021 18:41:35 by "mach5one" with MS VC++ 16.8 (VS2019)

END.
