#
# There is insufficient memory for the Java Runtime Environment to continue.
# Native memory allocation (mmap) failed to map 423624704 bytes for G1 virtual space
# Possible reasons:
#   The system is out of physical RAM or swap space
#   The process is running with CompressedOops enabled, and the Java Heap may be blocking the growth of the native heap
# Possible solutions:
#   Reduce memory load on the system
#   Increase physical memory or swap space
#   Check if swap backing store is full
#   Decrease Java heap size (-Xmx/-Xms)
#   Decrease number of Java threads
#   Decrease Java thread stack sizes (-Xss)
#   Set larger code cache with -XX:ReservedCodeCacheSize=
#   JVM is running with Zero Based Compressed Oops mode in which the Java heap is
#     placed in the first 32GB address space. The Java Heap base address is the
#     maximum limit for the native heap growth. Please use -XX:HeapBaseMinAddress
#     to set the Java Heap base and to place the Java Heap above 32GB virtual address.
# This output file may be truncated or incomplete.
#
#  Out of Memory Error (os_windows.cpp:3469), pid=27820, tid=24868
#
# JRE version: Java(TM) SE Runtime Environment (17.0.1+12) (build 17.0.1+12-LTS-39)
# Java VM: Java HotSpot(TM) 64-Bit Server VM (17.0.1+12-LTS-39, mixed mode, emulated-client, tiered, compressed oops, compressed class ptrs, g1 gc, windows-amd64)
# No core dump will be written. Minidumps are not enabled by default on client versions of Windows
#

---------------  S U M M A R Y ------------

Command Line: -agentlib:jdwp=transport=dt_socket,address=127.0.0.1:64698,suspend=y,server=n -Dvisualvm.id=93937353317100 -XX:TieredStopAtLevel=1 -Dspring.output.ansi.enabled=always -Dcom.sun.management.jmxremote -Dspring.jmx.enabled=true -Dspring.liveBeansView.mbeanDomain -Dspring.application.admin.enabled=true -javaagent:C:\Users\BaiYiChen\AppData\Local\JetBrains\IntelliJIdea2022.2\captureAgent\debugger-agent.jar=file:/C:/Users/BaiYiChen/AppData/Local/Temp/capture2.props -Dfile.encoding=UTF-8 site.cilicili.App

Host: AMD Ryzen 5 4600U with Radeon Graphics         , 12 cores, 15G,  Windows 10 , 64 bit Build 19041 (10.0.19041.3636)
Time: Fri Apr 19 23:17:47 2024  Windows 10 , 64 bit Build 19041 (10.0.19041.3636) elapsed time: 22.634832 seconds (0d 0h 0m 22s)

---------------  T H R E A D  ---------------

Current thread (0x000002c4442548d0):  VMThread "VM Thread" [stack: 0x000000de92e00000,0x000000de92f00000] [id=24868]

Stack: [0x000000de92e00000,0x000000de92f00000]
Native frames: (J=compiled Java code, j=interpreted, Vv=VM code, C=native code)
V  [jvm.dll+0x66fa1a]
V  [jvm.dll+0x7ce5a4]
V  [jvm.dll+0x7cfd4e]
V  [jvm.dll+0x7d03b3]
V  [jvm.dll+0x242b05]
V  [jvm.dll+0x66ca39]
V  [jvm.dll+0x661502]
V  [jvm.dll+0x30081b]
V  [jvm.dll+0x307da6]
V  [jvm.dll+0x357a1e]
V  [jvm.dll+0x357c4f]
V  [jvm.dll+0x2d7ad8]
V  [jvm.dll+0x2d5da4]
V  [jvm.dll+0x2d53ac]
V  [jvm.dll+0x318d0b]
V  [jvm.dll+0x7d484b]
V  [jvm.dll+0x7d5584]
V  [jvm.dll+0x7d5a9c]
V  [jvm.dll+0x7d5e74]
V  [jvm.dll+0x7d5f40]
V  [jvm.dll+0x77e91a]
V  [jvm.dll+0x66e845]
C  [ucrtbase.dll+0x21bb2]
C  [KERNEL32.DLL+0x17344]
C  [ntdll.dll+0x526b1]

VM_Operation (0x000000de997fccc0): G1CollectForAllocation, mode: safepoint, requested by thread 0x000002c4525061e0


---------------  P R O C E S S  ---------------

Threads class SMR info:
_java_thread_list=0x000002c44bbd9d00, length=95, elements={
0x000002c42d81ed70, 0x000002c444c6e260, 0x000002c444c6eed0, 0x000002c444ca2530,
0x000002c444ca30b0, 0x000002c444c42f50, 0x000002c444c43810, 0x000002c444c441c0,
0x000002c444c44bb0, 0x000002c444d59fe0, 0x000002c444ef5410, 0x000002c444f4b040,
0x000002c444f68070, 0x000002c444f6b2c0, 0x000002c444fa72e0, 0x000002c4459d52d0,
0x000002c445a39970, 0x000002c445d9f240, 0x000002c445dbac10, 0x000002c445f8ff30,
0x000002c446259590, 0x000002c446258bf0, 0x000002c44625a8d0, 0x000002c4462573e0,
0x000002c446258250, 0x000002c446258720, 0x000002c44b798880, 0x000002c44b79bd70,
0x000002c44b79cbe0, 0x000002c44b79e3f0, 0x000002c44b79d0b0, 0x000002c44b79b3d0,
0x000002c44b79e8c0, 0x000002c44b797070, 0x000002c44b797540, 0x000002c44b79c710,
0x000002c44b79d580, 0x000002c44b797a10, 0x000002c44b797ee0, 0x000002c44b79da50,
0x000002c44b79df20, 0x000002c44b7983b0, 0x000002c44b798d50, 0x000002c44b79c240,
0x000002c44b79b8a0, 0x000002c44b799220, 0x000002c44b7996f0, 0x000002c44b799bc0,
0x000002c44b79a090, 0x000002c44b79a560, 0x000002c44b79aa30, 0x000002c44b79af00,
0x000002c444e1d3f0, 0x000002c444e1fa70, 0x000002c444e20db0, 0x000002c444e21c20,
0x000002c444e225c0, 0x000002c444e24770, 0x000002c444e1d8c0, 0x000002c444e22a90,
0x000002c444e1f5a0, 0x000002c444e1dd90, 0x000002c444e1e260, 0x000002c444e220f0,
0x000002c444e1ff40, 0x000002c444e21750, 0x000002c444e23dd0, 0x000002c444e1e730,
0x000002c444e242a0, 0x000002c444e21280, 0x000002c444e1ec00, 0x000002c444e20410,
0x000002c444e1f0d0, 0x000002c444e23430, 0x000002c444e208e0, 0x000002c444e23900,
0x000002c444e1cf20, 0x000002c452507050, 0x000002c452502820, 0x000002c452500b40,
0x000002c452507520, 0x000002c452504ea0, 0x000002c452501e80, 0x000002c4525049d0,
0x000002c452502cf0, 0x000002c452503690, 0x000002c4525019b0, 0x000002c452501010,
0x000002c452503b60, 0x000002c452505840, 0x000002c452504030, 0x000002c452505370,
0x000002c4525061e0, 0x000002c4525014e0, 0x000002c452505d10
}

Java Threads: ( => current thread )
  0x000002c42d81ed70 JavaThread "main" [_thread_blocked, id=7484, stack(0x000000de92800000,0x000000de92900000)]
  0x000002c444c6e260 JavaThread "Reference Handler" daemon [_thread_blocked, id=16732, stack(0x000000de92f00000,0x000000de93000000)]
  0x000002c444c6eed0 JavaThread "Finalizer" daemon [_thread_blocked, id=13204, stack(0x000000de93000000,0x000000de93100000)]
  0x000002c444ca2530 JavaThread "Signal Dispatcher" daemon [_thread_blocked, id=11320, stack(0x000000de93100000,0x000000de93200000)]
  0x000002c444ca30b0 JavaThread "Attach Listener" daemon [_thread_blocked, id=6488, stack(0x000000de93200000,0x000000de93300000)]
  0x000002c444c42f50 JavaThread "Service Thread" daemon [_thread_blocked, id=21928, stack(0x000000de93300000,0x000000de93400000)]
  0x000002c444c43810 JavaThread "Monitor Deflation Thread" daemon [_thread_blocked, id=26708, stack(0x000000de93400000,0x000000de93500000)]
  0x000002c444c441c0 JavaThread "C1 CompilerThread0" daemon [_thread_blocked, id=27244, stack(0x000000de93500000,0x000000de93600000)]
  0x000002c444c44bb0 JavaThread "Sweeper thread" daemon [_thread_blocked, id=4348, stack(0x000000de93600000,0x000000de93700000)]
  0x000002c444d59fe0 JavaThread "C1 CompilerThread1" daemon [_thread_blocked, id=17800, stack(0x000000de93700000,0x000000de93800000)]
  0x000002c444ef5410 JavaThread "Common-Cleaner" daemon [_thread_blocked, id=21748, stack(0x000000de93800000,0x000000de93900000)]
  0x000002c444f4b040 JavaThread "JDWP Transport Listener: dt_socket" daemon [_thread_blocked, id=7564, stack(0x000000de93900000,0x000000de93a00000)]
  0x000002c444f68070 JavaThread "JDWP Event Helper Thread" daemon [_thread_blocked, id=26256, stack(0x000000de93a00000,0x000000de93b00000)]
  0x000002c444f6b2c0 JavaThread "JDWP Command Reader" daemon [_thread_in_native, id=10152, stack(0x000000de93b00000,0x000000de93c00000)]
  0x000002c444fa72e0 JavaThread "Notification Thread" daemon [_thread_blocked, id=3156, stack(0x000000de93c00000,0x000000de93d00000)]
  0x000002c4459d52d0 JavaThread "C1 CompilerThread2" daemon [_thread_blocked, id=28244, stack(0x000000de94300000,0x000000de94400000)]
  0x000002c445a39970 JavaThread "RMI TCP Accept-0" daemon [_thread_in_native, id=27744, stack(0x000000de94400000,0x000000de94500000)]
  0x000002c445d9f240 JavaThread "RMI TCP Connection(2)-172.20.10.3" daemon [_thread_in_native, id=27032, stack(0x000000de94900000,0x000000de94a00000)]
  0x000002c445dbac10 JavaThread "RMI Scheduler(0)" daemon [_thread_blocked, id=11572, stack(0x000000de94a00000,0x000000de94b00000)]
  0x000002c445f8ff30 JavaThread "RMI TCP Connection(4)-172.20.10.3" daemon [_thread_in_native, id=21524, stack(0x000000de94c00000,0x000000de94d00000)]
  0x000002c446259590 JavaThread "RMI TCP Connection(6)-172.20.10.3" daemon [_thread_in_native, id=21356, stack(0x000000de95000000,0x000000de95100000)]
  0x000002c446258bf0 JavaThread "mysql-cj-abandoned-connection-cleanup" daemon [_thread_blocked, id=22880, stack(0x000000de94f00000,0x000000de95000000)]
  0x000002c44625a8d0 JavaThread "RMI TCP Connection(8)-172.20.10.3" daemon [_thread_in_native, id=24692, stack(0x000000de95100000,0x000000de95200000)]
  0x000002c4462573e0 JavaThread "Thread-1" daemon [_thread_in_native, id=4244, stack(0x000000de95200000,0x000000de95300000)]
  0x000002c446258250 JavaThread "redisson-netty-1-1" [_thread_in_native, id=3508, stack(0x000000de95300000,0x000000de95400000)]
  0x000002c446258720 JavaThread "redisson-netty-1-2" [_thread_in_native, id=9968, stack(0x000000de95400000,0x000000de95500000)]
  0x000002c44b798880 JavaThread "redisson-netty-1-3" [_thread_in_native, id=25856, stack(0x000000de95500000,0x000000de95600000)]
  0x000002c44b79bd70 JavaThread "redisson-timer-4-1" [_thread_blocked, id=23292, stack(0x000000de95700000,0x000000de95800000)]
  0x000002c44b79cbe0 JavaThread "redisson-netty-1-4" [_thread_in_native, id=24708, stack(0x000000de95800000,0x000000de95900000)]
  0x000002c44b79e3f0 JavaThread "redisson-netty-1-5" [_thread_in_native, id=19028, stack(0x000000de95900000,0x000000de95a00000)]
  0x000002c44b79d0b0 JavaThread "redisson-netty-1-6" [_thread_in_native, id=24344, stack(0x000000de95a00000,0x000000de95b00000)]
  0x000002c44b79b3d0 JavaThread "redisson-3-1" [_thread_blocked, id=25072, stack(0x000000de95b00000,0x000000de95c00000)]
  0x000002c44b79e8c0 JavaThread "redisson-netty-1-7" [_thread_in_native, id=4080, stack(0x000000de95c00000,0x000000de95d00000)]
  0x000002c44b797070 JavaThread "redisson-netty-1-8" [_thread_in_native, id=17796, stack(0x000000de95d00000,0x000000de95e00000)]
  0x000002c44b797540 JavaThread "redisson-3-2" [_thread_blocked, id=22752, stack(0x000000de95e00000,0x000000de95f00000)]
  0x000002c44b79c710 JavaThread "redisson-netty-1-9" [_thread_in_native, id=25736, stack(0x000000de95f00000,0x000000de96000000)]
  0x000002c44b79d580 JavaThread "redisson-netty-1-10" [_thread_in_native, id=19496, stack(0x000000de96000000,0x000000de96100000)]
  0x000002c44b797a10 JavaThread "redisson-3-3" [_thread_blocked, id=23104, stack(0x000000de96100000,0x000000de96200000)]
  0x000002c44b797ee0 JavaThread "redisson-netty-1-11" [_thread_in_native, id=23436, stack(0x000000de96200000,0x000000de96300000)]
  0x000002c44b79da50 JavaThread "redisson-netty-1-12" [_thread_in_native, id=24720, stack(0x000000de96300000,0x000000de96400000)]
  0x000002c44b79df20 JavaThread "redisson-3-4" [_thread_blocked, id=13832, stack(0x000000de96400000,0x000000de96500000)]
  0x000002c44b7983b0 JavaThread "redisson-netty-1-13" [_thread_in_native, id=13392, stack(0x000000de96500000,0x000000de96600000)]
  0x000002c44b798d50 JavaThread "redisson-netty-1-14" [_thread_in_native, id=8164, stack(0x000000de96600000,0x000000de96700000)]
  0x000002c44b79c240 JavaThread "redisson-3-5" [_thread_blocked, id=21644, stack(0x000000de96700000,0x000000de96800000)]
  0x000002c44b79b8a0 JavaThread "redisson-netty-1-15" [_thread_in_native, id=24252, stack(0x000000de96800000,0x000000de96900000)]
  0x000002c44b799220 JavaThread "redisson-netty-1-16" [_thread_in_native, id=8468, stack(0x000000de96900000,0x000000de96a00000)]
  0x000002c44b7996f0 JavaThread "redisson-3-6" [_thread_blocked, id=23920, stack(0x000000de96a00000,0x000000de96b00000)]
  0x000002c44b799bc0 JavaThread "redisson-netty-1-17" [_thread_in_native, id=23640, stack(0x000000de96b00000,0x000000de96c00000)]
  0x000002c44b79a090 JavaThread "redisson-netty-1-18" [_thread_in_native, id=23080, stack(0x000000de96c00000,0x000000de96d00000)]
  0x000002c44b79a560 JavaThread "redisson-3-7" [_thread_blocked, id=28100, stack(0x000000de96d00000,0x000000de96e00000)]
  0x000002c44b79aa30 JavaThread "redisson-netty-1-19" [_thread_in_native, id=26652, stack(0x000000de96e00000,0x000000de96f00000)]
  0x000002c44b79af00 JavaThread "redisson-netty-1-20" [_thread_in_native, id=27848, stack(0x000000de96f00000,0x000000de97000000)]
  0x000002c444e1d3f0 JavaThread "redisson-3-8" [_thread_blocked, id=27240, stack(0x000000de97000000,0x000000de97100000)]
  0x000002c444e1fa70 JavaThread "redisson-netty-1-21" [_thread_in_native, id=28160, stack(0x000000de97100000,0x000000de97200000)]
  0x000002c444e20db0 JavaThread "redisson-netty-1-22" [_thread_in_native, id=19040, stack(0x000000de97200000,0x000000de97300000)]
  0x000002c444e21c20 JavaThread "redisson-3-9" [_thread_blocked, id=20972, stack(0x000000de97300000,0x000000de97400000)]
  0x000002c444e225c0 JavaThread "redisson-netty-1-23" [_thread_in_native, id=18908, stack(0x000000de97400000,0x000000de97500000)]
  0x000002c444e24770 JavaThread "redisson-netty-1-24" [_thread_in_native, id=27444, stack(0x000000de97500000,0x000000de97600000)]
  0x000002c444e1d8c0 JavaThread "redisson-3-10" [_thread_blocked, id=27776, stack(0x000000de97600000,0x000000de97700000)]
  0x000002c444e22a90 JavaThread "redisson-netty-1-25" [_thread_in_native, id=16684, stack(0x000000de97700000,0x000000de97800000)]
  0x000002c444e1f5a0 JavaThread "redisson-netty-1-26" [_thread_in_native, id=25792, stack(0x000000de97800000,0x000000de97900000)]
  0x000002c444e1dd90 JavaThread "redisson-3-11" [_thread_blocked, id=9040, stack(0x000000de97900000,0x000000de97a00000)]
  0x000002c444e1e260 JavaThread "redisson-netty-1-27" [_thread_in_native, id=20868, stack(0x000000de97a00000,0x000000de97b00000)]
  0x000002c444e220f0 JavaThread "redisson-netty-1-28" [_thread_in_native, id=6324, stack(0x000000de97b00000,0x000000de97c00000)]
  0x000002c444e1ff40 JavaThread "redisson-3-12" [_thread_blocked, id=27140, stack(0x000000de97c00000,0x000000de97d00000)]
  0x000002c444e21750 JavaThread "redisson-netty-1-29" [_thread_in_native, id=26036, stack(0x000000de97d00000,0x000000de97e00000)]
  0x000002c444e23dd0 JavaThread "redisson-netty-1-30" [_thread_in_native, id=23584, stack(0x000000de97e00000,0x000000de97f00000)]
  0x000002c444e1e730 JavaThread "redisson-3-13" [_thread_blocked, id=28476, stack(0x000000de97f00000,0x000000de98000000)]
  0x000002c444e242a0 JavaThread "redisson-netty-1-31" [_thread_in_native, id=26664, stack(0x000000de98000000,0x000000de98100000)]
  0x000002c444e21280 JavaThread "redisson-3-14" [_thread_blocked, id=3216, stack(0x000000de98100000,0x000000de98200000)]
  0x000002c444e1ec00 JavaThread "redisson-netty-1-32" [_thread_in_native, id=25052, stack(0x000000de98200000,0x000000de98300000)]
  0x000002c444e20410 JavaThread "redisson-3-15" [_thread_blocked, id=13544, stack(0x000000de98300000,0x000000de98400000)]
  0x000002c444e1f0d0 JavaThread "redisson-3-16" [_thread_blocked, id=11004, stack(0x000000de98400000,0x000000de98500000)]
  0x000002c444e23430 JavaThread "RMI TCP Connection(10)-172.20.10.3" daemon [_thread_in_native, id=25668, stack(0x000000de98500000,0x000000de98600000)]
  0x000002c444e208e0 JavaThread "RMI TCP Connection(12)-172.20.10.3" daemon [_thread_in_native, id=27932, stack(0x000000de98600000,0x000000de98700000)]
  0x000002c444e23900 JavaThread "RMI TCP Connection(13)-172.20.10.3" daemon [_thread_in_native, id=8028, stack(0x000000de98700000,0x000000de98800000)]
  0x000002c444e1cf20 JavaThread "ClassGraph-worker-1064" daemon [_thread_blocked, id=328, stack(0x000000de94b00000,0x000000de94c00000)]
  0x000002c452507050 JavaThread "ClassGraph-worker-1065" daemon [_thread_blocked, id=19648, stack(0x000000de98800000,0x000000de98900000)]
  0x000002c452502820 JavaThread "ClassGraph-worker-1066" daemon [_thread_blocked, id=22384, stack(0x000000de98900000,0x000000de98a00000)]
  0x000002c452500b40 JavaThread "ClassGraph-worker-1067" daemon [_thread_blocked, id=4636, stack(0x000000de98a00000,0x000000de98b00000)]
  0x000002c452507520 JavaThread "ClassGraph-worker-1068" daemon [_thread_blocked, id=19208, stack(0x000000de98b00000,0x000000de98c00000)]
  0x000002c452504ea0 JavaThread "ClassGraph-worker-1069" daemon [_thread_blocked, id=6184, stack(0x000000de98c00000,0x000000de98d00000)]
  0x000002c452501e80 JavaThread "ClassGraph-worker-1070" daemon [_thread_blocked, id=14756, stack(0x000000de98d00000,0x000000de98e00000)]
  0x000002c4525049d0 JavaThread "ClassGraph-worker-1071" daemon [_thread_blocked, id=14860, stack(0x000000de98e00000,0x000000de98f00000)]
  0x000002c452502cf0 JavaThread "ClassGraph-worker-1072" daemon [_thread_blocked, id=17860, stack(0x000000de98f00000,0x000000de99000000)]
  0x000002c452503690 JavaThread "ClassGraph-worker-1073" daemon [_thread_blocked, id=16264, stack(0x000000de99000000,0x000000de99100000)]
  0x000002c4525019b0 JavaThread "ClassGraph-worker-1074" daemon [_thread_blocked, id=21832, stack(0x000000de99100000,0x000000de99200000)]
  0x000002c452501010 JavaThread "ClassGraph-worker-1075" daemon [_thread_blocked, id=24420, stack(0x000000de99200000,0x000000de99300000)]
  0x000002c452503b60 JavaThread "ClassGraph-worker-1076" daemon [_thread_blocked, id=14408, stack(0x000000de99300000,0x000000de99400000)]
  0x000002c452505840 JavaThread "ClassGraph-worker-1077" daemon [_thread_blocked, id=12712, stack(0x000000de99400000,0x000000de99500000)]
  0x000002c452504030 JavaThread "ClassGraph-worker-1078" daemon [_thread_blocked, id=23360, stack(0x000000de99500000,0x000000de99600000)]
  0x000002c452505370 JavaThread "ClassGraph-worker-1079" daemon [_thread_blocked, id=12372, stack(0x000000de99600000,0x000000de99700000)]
  0x000002c4525061e0 JavaThread "ClassGraph-worker-1080" daemon [_thread_blocked, id=13524, stack(0x000000de99700000,0x000000de99800000)]
  0x000002c4525014e0 JavaThread "ClassGraph-worker-1081" daemon [_thread_blocked, id=18996, stack(0x000000de99800000,0x000000de99900000)]
  0x000002c452505d10 JavaThread "ClassGraph-worker-1082" daemon [_thread_blocked, id=10564, stack(0x000000de99b00000,0x000000de99c00000)]

Other Threads:
=>0x000002c4442548d0 VMThread "VM Thread" [stack: 0x000000de92e00000,0x000000de92f00000] [id=24868]
  0x000002c42d891de0 WatcherThread [stack: 0x000000de94500000,0x000000de94600000] [id=17416]
  0x000002c42d86e7d0 GCTaskThread "GC Thread#0" [stack: 0x000000de92900000,0x000000de92a00000] [id=27728]
  0x000002c44582b990 GCTaskThread "GC Thread#1" [stack: 0x000000de93d00000,0x000000de93e00000] [id=22020]
  0x000002c445828e50 GCTaskThread "GC Thread#2" [stack: 0x000000de93e00000,0x000000de93f00000] [id=28548]
  0x000002c4458364a0 GCTaskThread "GC Thread#3" [stack: 0x000000de93f00000,0x000000de94000000] [id=13848]
  0x000002c445836750 GCTaskThread "GC Thread#4" [stack: 0x000000de94000000,0x000000de94100000] [id=1680]
  0x000002c445859de0 GCTaskThread "GC Thread#5" [stack: 0x000000de94100000,0x000000de94200000] [id=21236]
  0x000002c44585a090 GCTaskThread "GC Thread#6" [stack: 0x000000de94200000,0x000000de94300000] [id=6040]
  0x000002c445d38650 GCTaskThread "GC Thread#7" [stack: 0x000000de94600000,0x000000de94700000] [id=25904]
  0x000002c445d38d10 GCTaskThread "GC Thread#8" [stack: 0x000000de94700000,0x000000de94800000] [id=26268]
  0x000002c445d3f3e0 GCTaskThread "GC Thread#9" [stack: 0x000000de94800000,0x000000de94900000] [id=7904]
  0x000002c42d87ed10 ConcurrentGCThread "G1 Main Marker" [stack: 0x000000de92a00000,0x000000de92b00000] [id=25468]
  0x000002c42d87fec0 ConcurrentGCThread "G1 Conc#0" [stack: 0x000000de92b00000,0x000000de92c00000] [id=20696]
  0x000002c445f18060 ConcurrentGCThread "G1 Conc#1" [stack: 0x000000de94d00000,0x000000de94e00000] [id=26104]
  0x000002c445fc8550 ConcurrentGCThread "G1 Conc#2" [stack: 0x000000de94e00000,0x000000de94f00000] [id=25632]
  0x000002c42d8be410 ConcurrentGCThread "G1 Refine#0" [stack: 0x000000de92c00000,0x000000de92d00000] [id=28228]
  0x000002c44bc83cc0 ConcurrentGCThread "G1 Refine#1" [stack: 0x000000de99900000,0x000000de99a00000] [id=19792]
  0x000002c44bc81760 ConcurrentGCThread "G1 Refine#2" [stack: 0x000000de99a00000,0x000000de99b00000] [id=26360]
  0x000002c444102170 ConcurrentGCThread "G1 Service" [stack: 0x000000de92d00000,0x000000de92e00000] [id=26288]

Threads with active compile tasks:

VM state: at safepoint (normal execution)

VM Mutex/Monitor currently owned by a thread:  ([mutex/lock_event])
[0x000002c42d81b340] Threads_lock - owner thread: 0x000002c4442548d0
[0x000002c42d81b2b0] Heap_lock - owner thread: 0x000002c4525061e0

Heap address: 0x000000070a000000, size: 3936 MB, Compressed Oops mode: Zero based, Oop shift amount: 3

CDS archive(s) not mapped
Compressed class space mapped at: 0x0000000800000000-0x0000000840000000, reserved size: 1073741824
Narrow klass base: 0x0000000800000000, Narrow klass shift: 0, Narrow klass range: 0x40000000

GC Precious Log:
 CPUs: 12 total, 12 available
 Memory: 15741M
 Large Page Support: Disabled
 NUMA Support: Disabled
 Compressed Oops: Enabled (Zero based)
 Heap Region Size: 2M
 Heap Min Capacity: 8M
 Heap Initial Capacity: 246M
 Heap Max Capacity: 3936M
 Pre-touch: Disabled
 Parallel Workers: 10
 Concurrent Workers: 3
 Concurrent Refinement Workers: 10
 Periodic GC: Disabled

Heap:
 garbage-first heap   total 413696K, used 163155K [0x000000070a000000, 0x0000000800000000)
  region size 2048K, 7 young (14336K), 7 survivors (14336K)
 Metaspace       used 87917K, committed 88512K, reserved 1130496K
  class space    used 11096K, committed 11392K, reserved 1048576K

Heap Regions: E=young(eden), S=young(survivor), O=old, HS=humongous(starts), HC=humongous(continues), CS=collection set, F=free, OA=open archive, CA=closed archive, TAMS=top-at-mark-start (previous, next)
|   0|0x000000070a000000, 0x000000070a200000, 0x000000070a200000|100%|HS|  |TAMS 0x000000070a200000, 0x000000070a000000| Complete 
|   1|0x000000070a200000, 0x000000070a400000, 0x000000070a400000|100%|HC|  |TAMS 0x000000070a400000, 0x000000070a200000| Complete 
|   2|0x000000070a400000, 0x000000070a600000, 0x000000070a600000|100%| O|  |TAMS 0x000000070a600000, 0x000000070a400000| Untracked 
|   3|0x000000070a600000, 0x000000070a800000, 0x000000070a800000|100%| O|  |TAMS 0x000000070a800000, 0x000000070a600000| Untracked 
|   4|0x000000070a800000, 0x000000070aa00000, 0x000000070aa00000|100%| O|  |TAMS 0x000000070aa00000, 0x000000070a800000| Untracked 
|   5|0x000000070aa00000, 0x000000070ac00000, 0x000000070ac00000|100%| O|  |TAMS 0x000000070ac00000, 0x000000070aa00000| Untracked 
|   6|0x000000070ac00000, 0x000000070ae00000, 0x000000070ae00000|100%| O|  |TAMS 0x000000070ae00000, 0x000000070ac00000| Untracked 
|   7|0x000000070ae00000, 0x000000070b000000, 0x000000070b000000|100%| O|  |TAMS 0x000000070b000000, 0x000000070ae00000| Untracked 
|   8|0x000000070b000000, 0x000000070b200000, 0x000000070b200000|100%| O|  |TAMS 0x000000070b200000, 0x000000070b000000| Untracked 
|   9|0x000000070b200000, 0x000000070b400000, 0x000000070b400000|100%| O|  |TAMS 0x000000070b400000, 0x000000070b200000| Untracked 
|  10|0x000000070b400000, 0x000000070b600000, 0x000000070b600000|100%| O|  |TAMS 0x000000070b600000, 0x000000070b400000| Untracked 
|  11|0x000000070b600000, 0x000000070b800000, 0x000000070b800000|100%| O|  |TAMS 0x000000070b800000, 0x000000070b600000| Untracked 
|  12|0x000000070b800000, 0x000000070ba00000, 0x000000070ba00000|100%| O|  |TAMS 0x000000070ba00000, 0x000000070b800000| Untracked 
|  13|0x000000070ba00000, 0x000000070bc00000, 0x000000070bc00000|100%| O|  |TAMS 0x000000070bc00000, 0x000000070ba00000| Untracked 
|  14|0x000000070bc00000, 0x000000070be00000, 0x000000070be00000|100%| O|  |TAMS 0x000000070be00000, 0x000000070bc00000| Untracked 
|  15|0x000000070be00000, 0x000000070c000000, 0x000000070c000000|100%| O|  |TAMS 0x000000070c000000, 0x000000070be00000| Untracked 
|  16|0x000000070c000000, 0x000000070c200000, 0x000000070c200000|100%| O|  |TAMS 0x000000070c200000, 0x000000070c000000| Untracked 
|  17|0x000000070c200000, 0x000000070c400000, 0x000000070c400000|100%| O|  |TAMS 0x000000070c400000, 0x000000070c200000| Untracked 
|  18|0x000000070c400000, 0x000000070c600000, 0x000000070c600000|100%| O|  |TAMS 0x000000070c600000, 0x000000070c400000| Untracked 
|  19|0x000000070c600000, 0x000000070c800000, 0x000000070c800000|100%| O|  |TAMS 0x000000070c800000, 0x000000070c600000| Untracked 
|  20|0x000000070c800000, 0x000000070ca00000, 0x000000070ca00000|100%| O|  |TAMS 0x000000070ca00000, 0x000000070c800000| Untracked 
|  21|0x000000070ca00000, 0x000000070cc00000, 0x000000070cc00000|100%| O|  |TAMS 0x000000070cc00000, 0x000000070ca00000| Untracked 
|  22|0x000000070cc00000, 0x000000070ce00000, 0x000000070ce00000|100%| O|  |TAMS 0x000000070ce00000, 0x000000070cc00000| Untracked 
|  23|0x000000070ce00000, 0x000000070d000000, 0x000000070d000000|100%| O|  |TAMS 0x000000070d000000, 0x000000070ce00000| Untracked 
|  24|0x000000070d000000, 0x000000070d200000, 0x000000070d200000|100%| O|  |TAMS 0x000000070d200000, 0x000000070d000000| Untracked 
|  25|0x000000070d200000, 0x000000070d400000, 0x000000070d400000|100%| O|  |TAMS 0x000000070d400000, 0x000000070d200000| Untracked 
|  26|0x000000070d400000, 0x000000070d600000, 0x000000070d600000|100%| O|  |TAMS 0x000000070d600000, 0x000000070d400000| Untracked 
|  27|0x000000070d600000, 0x000000070d800000, 0x000000070d800000|100%| O|  |TAMS 0x000000070d800000, 0x000000070d600000| Untracked 
|  28|0x000000070d800000, 0x000000070da00000, 0x000000070da00000|100%| O|  |TAMS 0x000000070da00000, 0x000000070d800000| Untracked 
|  29|0x000000070da00000, 0x000000070dc00000, 0x000000070dc00000|100%| O|  |TAMS 0x000000070dc00000, 0x000000070da00000| Untracked 
|  30|0x000000070dc00000, 0x000000070de00000, 0x000000070de00000|100%| O|  |TAMS 0x000000070de00000, 0x000000070dc00000| Untracked 
|  31|0x000000070de00000, 0x000000070e000000, 0x000000070e000000|100%| O|  |TAMS 0x000000070e000000, 0x000000070de00000| Untracked 
|  32|0x000000070e000000, 0x000000070e200000, 0x000000070e200000|100%| O|  |TAMS 0x000000070e200000, 0x000000070e000000| Untracked 
|  33|0x000000070e200000, 0x000000070e200000, 0x000000070e400000|  0%| F|  |TAMS 0x000000070e200000, 0x000000070e200000| Untracked 
|  34|0x000000070e400000, 0x000000070e400000, 0x000000070e600000|  0%| F|  |TAMS 0x000000070e400000, 0x000000070e400000| Untracked 
|  35|0x000000070e600000, 0x000000070e800000, 0x000000070e800000|100%| O|  |TAMS 0x000000070e800000, 0x000000070e600000| Untracked 
|  36|0x000000070e800000, 0x000000070ea00000, 0x000000070ea00000|100%| O|  |TAMS 0x000000070ea00000, 0x000000070e800000| Untracked 
|  37|0x000000070ea00000, 0x000000070ec00000, 0x000000070ec00000|100%| O|  |TAMS 0x000000070ec00000, 0x000000070ea00000| Untracked 
|  38|0x000000070ec00000, 0x000000070ee00000, 0x000000070ee00000|100%| O|  |TAMS 0x000000070ee00000, 0x000000070ec00000| Untracked 
|  39|0x000000070ee00000, 0x000000070f000000, 0x000000070f000000|100%| O|  |TAMS 0x000000070f000000, 0x000000070ee00000| Untracked 
|  40|0x000000070f000000, 0x000000070f200000, 0x000000070f200000|100%| O|  |TAMS 0x000000070f200000, 0x000000070f000000| Untracked 
|  41|0x000000070f200000, 0x000000070f400000, 0x000000070f400000|100%| O|  |TAMS 0x000000070f400000, 0x000000070f200000| Untracked 
|  42|0x000000070f400000, 0x000000070f600000, 0x000000070f600000|100%| O|  |TAMS 0x000000070f400000, 0x000000070f400000| Untracked 
|  43|0x000000070f600000, 0x000000070f800000, 0x000000070f800000|100%| O|  |TAMS 0x000000070f600000, 0x000000070f600000| Untracked 
|  44|0x000000070f800000, 0x000000070fa00000, 0x000000070fa00000|100%| O|  |TAMS 0x000000070fa00000, 0x000000070f800000| Untracked 
|  45|0x000000070fa00000, 0x000000070fc00000, 0x000000070fc00000|100%| O|  |TAMS 0x000000070fa00000, 0x000000070fa00000| Untracked 
|  46|0x000000070fc00000, 0x000000070fc00000, 0x000000070fe00000|  0%| F|  |TAMS 0x000000070fc00000, 0x000000070fc00000| Untracked 
|  47|0x000000070fe00000, 0x0000000710000000, 0x0000000710000000|100%| O|  |TAMS 0x0000000710000000, 0x000000070fe00000| Untracked 
|  48|0x0000000710000000, 0x0000000710200000, 0x0000000710200000|100%| O|  |TAMS 0x0000000710000000, 0x0000000710000000| Untracked 
|  49|0x0000000710200000, 0x0000000710200000, 0x0000000710400000|  0%| F|  |TAMS 0x0000000710200000, 0x0000000710200000| Untracked 
|  50|0x0000000710400000, 0x0000000710600000, 0x0000000710600000|100%| O|  |TAMS 0x0000000710400000, 0x0000000710400000| Untracked 
|  51|0x0000000710600000, 0x0000000710600000, 0x0000000710800000|  0%| F|  |TAMS 0x0000000710600000, 0x0000000710600000| Untracked 
|  52|0x0000000710800000, 0x0000000710800000, 0x0000000710a00000|  0%| F|  |TAMS 0x0000000710800000, 0x0000000710800000| Untracked 
|  53|0x0000000710a00000, 0x0000000710a00000, 0x0000000710c00000|  0%| F|  |TAMS 0x0000000710a00000, 0x0000000710a00000| Untracked 
|  54|0x0000000710c00000, 0x0000000710c00000, 0x0000000710e00000|  0%| F|  |TAMS 0x0000000710c00000, 0x0000000710c00000| Untracked 
|  55|0x0000000710e00000, 0x0000000711000000, 0x0000000711000000|100%| O|  |TAMS 0x0000000710e00000, 0x0000000710e00000| Untracked 
|  56|0x0000000711000000, 0x0000000711200000, 0x0000000711200000|100%| O|  |TAMS 0x0000000711000000, 0x0000000711000000| Untracked 
|  57|0x0000000711200000, 0x0000000711400000, 0x0000000711400000|100%| O|  |TAMS 0x0000000711200000, 0x0000000711200000| Untracked 
|  58|0x0000000711400000, 0x0000000711400000, 0x0000000711600000|  0%| F|  |TAMS 0x0000000711400000, 0x0000000711400000| Untracked 
|  59|0x0000000711600000, 0x0000000711600000, 0x0000000711800000|  0%| F|  |TAMS 0x0000000711600000, 0x0000000711600000| Untracked 
|  60|0x0000000711800000, 0x0000000711800000, 0x0000000711a00000|  0%| F|  |TAMS 0x0000000711800000, 0x0000000711800000| Untracked 
|  61|0x0000000711a00000, 0x0000000711a00000, 0x0000000711c00000|  0%| F|  |TAMS 0x0000000711a00000, 0x0000000711a00000| Untracked 
|  62|0x0000000711c00000, 0x0000000711e00000, 0x0000000711e00000|100%| O|  |TAMS 0x0000000711e00000, 0x0000000711c00000| Untracked 
|  63|0x0000000711e00000, 0x0000000712000000, 0x0000000712000000|100%| O|  |TAMS 0x0000000712000000, 0x0000000711e00000| Untracked 
|  64|0x0000000712000000, 0x0000000712000000, 0x0000000712200000|  0%| F|  |TAMS 0x0000000712000000, 0x0000000712000000| Untracked 
|  65|0x0000000712200000, 0x0000000712200000, 0x0000000712400000|  0%| F|  |TAMS 0x0000000712200000, 0x0000000712200000| Untracked 
|  66|0x0000000712400000, 0x0000000712400000, 0x0000000712600000|  0%| F|  |TAMS 0x0000000712400000, 0x0000000712400000| Untracked 
|  67|0x0000000712600000, 0x0000000712790e00, 0x0000000712800000| 78%| O|  |TAMS 0x0000000712600000, 0x0000000712600000| Untracked 
|  68|0x0000000712800000, 0x0000000712800000, 0x0000000712a00000|  0%| F|  |TAMS 0x0000000712800000, 0x0000000712800000| Untracked 
|  69|0x0000000712a00000, 0x0000000712a00000, 0x0000000712c00000|  0%| F|  |TAMS 0x0000000712a00000, 0x0000000712a00000| Untracked 
|  70|0x0000000712c00000, 0x0000000712e00000, 0x0000000712e00000|100%| O|  |TAMS 0x0000000712e00000, 0x0000000712c00000| Untracked 
|  71|0x0000000712e00000, 0x0000000712e00000, 0x0000000713000000|  0%| F|  |TAMS 0x0000000712e00000, 0x0000000712e00000| Untracked 
|  72|0x0000000713000000, 0x0000000713000000, 0x0000000713200000|  0%| F|  |TAMS 0x0000000713000000, 0x0000000713000000| Untracked 
|  73|0x0000000713200000, 0x0000000713200000, 0x0000000713400000|  0%| F|  |TAMS 0x0000000713200000, 0x0000000713200000| Untracked 
|  74|0x0000000713400000, 0x0000000713400000, 0x0000000713600000|  0%| F|  |TAMS 0x0000000713400000, 0x0000000713400000| Untracked 
|  75|0x0000000713600000, 0x0000000713600000, 0x0000000713800000|  0%| F|  |TAMS 0x0000000713600000, 0x0000000713600000| Untracked 
|  76|0x0000000713800000, 0x0000000713800000, 0x0000000713a00000|  0%| F|  |TAMS 0x0000000713800000, 0x0000000713800000| Untracked 
|  77|0x0000000713a00000, 0x0000000713c00000, 0x0000000713c00000|100%| O|  |TAMS 0x0000000713c00000, 0x0000000713a00000| Untracked 
|  78|0x0000000713c00000, 0x0000000713e00000, 0x0000000713e00000|100%| O|  |TAMS 0x0000000713e00000, 0x0000000713c00000| Untracked 
|  79|0x0000000713e00000, 0x0000000714000000, 0x0000000714000000|100%| O|  |TAMS 0x0000000714000000, 0x0000000713e00000| Untracked 
|  80|0x0000000714000000, 0x0000000714200000, 0x0000000714200000|100%| O|  |TAMS 0x0000000714200000, 0x0000000714000000| Untracked 
|  81|0x0000000714200000, 0x0000000714200000, 0x0000000714400000|  0%| F|  |TAMS 0x0000000714200000, 0x0000000714200000| Untracked 
|  82|0x0000000714400000, 0x0000000714400000, 0x0000000714600000|  0%| F|  |TAMS 0x0000000714400000, 0x0000000714400000| Untracked 
|  83|0x0000000714600000, 0x0000000714800000, 0x0000000714800000|100%| O|  |TAMS 0x0000000714800000, 0x0000000714600000| Untracked 
|  84|0x0000000714800000, 0x0000000714a00000, 0x0000000714a00000|100%| O|  |TAMS 0x0000000714a00000, 0x0000000714800000| Untracked 
|  85|0x0000000714a00000, 0x0000000714c00000, 0x0000000714c00000|100%| O|  |TAMS 0x0000000714c00000, 0x0000000714a00000| Untracked 
|  86|0x0000000714c00000, 0x0000000714e00000, 0x0000000714e00000|100%| O|  |TAMS 0x0000000714c00000, 0x0000000714c00000| Untracked 
|  87|0x0000000714e00000, 0x0000000715000000, 0x0000000715000000|100%| O|  |TAMS 0x0000000714e00000, 0x0000000714e00000| Untracked 
|  88|0x0000000715000000, 0x0000000715200000, 0x0000000715200000|100%| O|  |TAMS 0x0000000715200000, 0x0000000715000000| Untracked 
|  89|0x0000000715200000, 0x0000000715400000, 0x0000000715400000|100%| O|  |TAMS 0x0000000715400000, 0x0000000715200000| Untracked 
|  90|0x0000000715400000, 0x0000000715600000, 0x0000000715600000|100%| O|  |TAMS 0x0000000715600000, 0x0000000715400000| Untracked 
|  91|0x0000000715600000, 0x0000000715600000, 0x0000000715800000|  0%| F|  |TAMS 0x0000000715600000, 0x0000000715600000| Untracked 
|  92|0x0000000715800000, 0x0000000715a00000, 0x0000000715a00000|100%| O|  |TAMS 0x0000000715800000, 0x0000000715800000| Untracked 
|  93|0x0000000715a00000, 0x0000000715c00000, 0x0000000715c00000|100%| O|  |TAMS 0x0000000715a00000, 0x0000000715a00000| Untracked 
|  94|0x0000000715c00000, 0x0000000715e00000, 0x0000000715e00000|100%| O|  |TAMS 0x0000000715c00000, 0x0000000715c00000| Untracked 
|  95|0x0000000715e00000, 0x0000000716000000, 0x0000000716000000|100%| O|  |TAMS 0x0000000715e00000, 0x0000000715e00000| Untracked 
|  96|0x0000000716000000, 0x0000000716200000, 0x0000000716200000|100%| O|  |TAMS 0x0000000716000000, 0x0000000716000000| Untracked 
|  97|0x0000000716200000, 0x0000000716400000, 0x0000000716400000|100%| O|  |TAMS 0x0000000716200000, 0x0000000716200000| Untracked 
|  98|0x0000000716400000, 0x0000000716600000, 0x0000000716600000|100%| O|  |TAMS 0x0000000716400000, 0x0000000716400000| Untracked 
|  99|0x0000000716600000, 0x0000000716600000, 0x0000000716800000|  0%| F|  |TAMS 0x0000000716600000, 0x0000000716600000| Untracked 
| 100|0x0000000716800000, 0x0000000716800000, 0x0000000716a00000|  0%| F|  |TAMS 0x0000000716800000, 0x0000000716800000| Untracked 
| 101|0x0000000716a00000, 0x0000000716a00000, 0x0000000716c00000|  0%| F|  |TAMS 0x0000000716a00000, 0x0000000716a00000| Untracked 
| 102|0x0000000716c00000, 0x0000000716c00000, 0x0000000716e00000|  0%| F|  |TAMS 0x0000000716c00000, 0x0000000716c00000| Untracked 
| 103|0x0000000716e00000, 0x0000000716e00000, 0x0000000717000000|  0%| F|  |TAMS 0x0000000716e00000, 0x0000000716e00000| Untracked 
| 104|0x0000000717000000, 0x0000000717000000, 0x0000000717200000|  0%| F|  |TAMS 0x0000000717000000, 0x0000000717000000| Untracked 
| 105|0x0000000717200000, 0x0000000717200000, 0x0000000717400000|  0%| F|  |TAMS 0x0000000717200000, 0x0000000717200000| Untracked 
| 106|0x0000000717400000, 0x0000000717400000, 0x0000000717600000|  0%| F|  |TAMS 0x0000000717400000, 0x0000000717400000| Untracked 
| 107|0x0000000717600000, 0x0000000717600000, 0x0000000717800000|  0%| F|  |TAMS 0x0000000717600000, 0x0000000717600000| Untracked 
| 108|0x0000000717800000, 0x0000000717800000, 0x0000000717a00000|  0%| F|  |TAMS 0x0000000717800000, 0x0000000717800000| Untracked 
| 109|0x0000000717a00000, 0x0000000717a00000, 0x0000000717c00000|  0%| F|  |TAMS 0x0000000717a00000, 0x0000000717a00000| Untracked 
| 110|0x0000000717c00000, 0x0000000717c00000, 0x0000000717e00000|  0%| F|  |TAMS 0x0000000717c00000, 0x0000000717c00000| Untracked 
| 111|0x0000000717e00000, 0x0000000717e00000, 0x0000000718000000|  0%| F|  |TAMS 0x0000000717e00000, 0x0000000717e00000| Untracked 
| 112|0x0000000718000000, 0x0000000718000000, 0x0000000718200000|  0%| F|  |TAMS 0x0000000718000000, 0x0000000718000000| Untracked 
| 113|0x0000000718200000, 0x0000000718200000, 0x0000000718400000|  0%| F|  |TAMS 0x0000000718200000, 0x0000000718200000| Untracked 
| 114|0x0000000718400000, 0x0000000718400000, 0x0000000718600000|  0%| F|  |TAMS 0x0000000718400000, 0x0000000718400000| Untracked 
| 115|0x0000000718600000, 0x0000000718600000, 0x0000000718800000|  0%| F|  |TAMS 0x0000000718600000, 0x0000000718600000| Untracked 
| 116|0x0000000718800000, 0x0000000718800000, 0x0000000718a00000|  0%| F|  |TAMS 0x0000000718800000, 0x0000000718800000| Untracked 
| 117|0x0000000718a00000, 0x0000000718a00000, 0x0000000718c00000|  0%| F|  |TAMS 0x0000000718a00000, 0x0000000718a00000| Untracked 
| 118|0x0000000718c00000, 0x0000000718c00000, 0x0000000718e00000|  0%| F|  |TAMS 0x0000000718c00000, 0x0000000718c00000| Untracked 
| 119|0x0000000718e00000, 0x0000000718e00000, 0x0000000719000000|  0%| F|  |TAMS 0x0000000718e00000, 0x0000000718e00000| Untracked 
| 120|0x0000000719000000, 0x0000000719000000, 0x0000000719200000|  0%| F|  |TAMS 0x0000000719000000, 0x0000000719000000| Untracked 
| 121|0x0000000719200000, 0x0000000719200000, 0x0000000719400000|  0%| F|  |TAMS 0x0000000719200000, 0x0000000719200000| Untracked 
| 122|0x0000000719400000, 0x0000000719400000, 0x0000000719600000|  0%| F|  |TAMS 0x0000000719400000, 0x0000000719400000| Untracked 
| 123|0x0000000719600000, 0x0000000719600000, 0x0000000719800000|  0%| F|  |TAMS 0x0000000719600000, 0x0000000719600000| Untracked 
| 124|0x0000000719800000, 0x00000007199c3e78, 0x0000000719a00000| 88%| S|CS|TAMS 0x0000000719800000, 0x0000000719800000| Complete 
| 125|0x0000000719a00000, 0x0000000719c00000, 0x0000000719c00000|100%| S|CS|TAMS 0x0000000719a00000, 0x0000000719a00000| Complete 
| 126|0x0000000719c00000, 0x0000000719e00000, 0x0000000719e00000|100%| S|CS|TAMS 0x0000000719c00000, 0x0000000719c00000| Complete 
| 127|0x0000000719e00000, 0x000000071a000000, 0x000000071a000000|100%| S|CS|TAMS 0x0000000719e00000, 0x0000000719e00000| Complete 
| 128|0x000000071a000000, 0x000000071a200000, 0x000000071a200000|100%| S|CS|TAMS 0x000000071a000000, 0x000000071a000000| Complete 
| 129|0x000000071a200000, 0x000000071a400000, 0x000000071a400000|100%| S|CS|TAMS 0x000000071a200000, 0x000000071a200000| Complete 
| 130|0x000000071a400000, 0x000000071a600000, 0x000000071a600000|100%| S|CS|TAMS 0x000000071a400000, 0x000000071a400000| Complete 
| 131|0x000000071a600000, 0x000000071a600000, 0x000000071a800000|  0%| F|  |TAMS 0x000000071a600000, 0x000000071a600000| Untracked 
| 132|0x000000071a800000, 0x000000071a800000, 0x000000071aa00000|  0%| F|  |TAMS 0x000000071a800000, 0x000000071a800000| Untracked 
| 133|0x000000071aa00000, 0x000000071aa00000, 0x000000071ac00000|  0%| F|  |TAMS 0x000000071aa00000, 0x000000071aa00000| Untracked 
| 134|0x000000071ac00000, 0x000000071ac00000, 0x000000071ae00000|  0%| F|  |TAMS 0x000000071ac00000, 0x000000071ac00000| Untracked 
| 135|0x000000071ae00000, 0x000000071ae00000, 0x000000071b000000|  0%| F|  |TAMS 0x000000071ae00000, 0x000000071ae00000| Untracked 
| 136|0x000000071b000000, 0x000000071b000000, 0x000000071b200000|  0%| F|  |TAMS 0x000000071b000000, 0x000000071b000000| Untracked 
| 137|0x000000071b200000, 0x000000071b200000, 0x000000071b400000|  0%| F|  |TAMS 0x000000071b200000, 0x000000071b200000| Untracked 
| 138|0x000000071b400000, 0x000000071b400000, 0x000000071b600000|  0%| F|  |TAMS 0x000000071b400000, 0x000000071b400000| Untracked 
| 139|0x000000071b600000, 0x000000071b600000, 0x000000071b800000|  0%| F|  |TAMS 0x000000071b600000, 0x000000071b600000| Untracked 
| 140|0x000000071b800000, 0x000000071b800000, 0x000000071ba00000|  0%| F|  |TAMS 0x000000071b800000, 0x000000071b800000| Untracked 
| 141|0x000000071ba00000, 0x000000071ba00000, 0x000000071bc00000|  0%| F|  |TAMS 0x000000071ba00000, 0x000000071ba00000| Untracked 
| 142|0x000000071bc00000, 0x000000071bc00000, 0x000000071be00000|  0%| F|  |TAMS 0x000000071bc00000, 0x000000071bc00000| Untracked 
| 143|0x000000071be00000, 0x000000071be00000, 0x000000071c000000|  0%| F|  |TAMS 0x000000071be00000, 0x000000071be00000| Untracked 
| 144|0x000000071c000000, 0x000000071c000000, 0x000000071c200000|  0%| F|  |TAMS 0x000000071c000000, 0x000000071c000000| Untracked 
| 145|0x000000071c200000, 0x000000071c200000, 0x000000071c400000|  0%| F|  |TAMS 0x000000071c200000, 0x000000071c200000| Untracked 
| 146|0x000000071c400000, 0x000000071c400000, 0x000000071c600000|  0%| F|  |TAMS 0x000000071c400000, 0x000000071c400000| Untracked 
| 147|0x000000071c600000, 0x000000071c600000, 0x000000071c800000|  0%| F|  |TAMS 0x000000071c600000, 0x000000071c600000| Untracked 
| 148|0x000000071c800000, 0x000000071c800000, 0x000000071ca00000|  0%| F|  |TAMS 0x000000071c800000, 0x000000071c800000| Untracked 
| 149|0x000000071ca00000, 0x000000071ca00000, 0x000000071cc00000|  0%| F|  |TAMS 0x000000071ca00000, 0x000000071ca00000| Untracked 
| 150|0x000000071cc00000, 0x000000071cc00000, 0x000000071ce00000|  0%| F|  |TAMS 0x000000071cc00000, 0x000000071cc00000| Untracked 
| 151|0x000000071ce00000, 0x000000071ce00000, 0x000000071d000000|  0%| F|  |TAMS 0x000000071ce00000, 0x000000071ce00000| Untracked 
| 152|0x000000071d000000, 0x000000071d000000, 0x000000071d200000|  0%| F|  |TAMS 0x000000071d000000, 0x000000071d000000| Untracked 
| 153|0x000000071d200000, 0x000000071d200000, 0x000000071d400000|  0%| F|  |TAMS 0x000000071d200000, 0x000000071d200000| Untracked 
| 154|0x000000071d400000, 0x000000071d400000, 0x000000071d600000|  0%| F|  |TAMS 0x000000071d400000, 0x000000071d400000| Untracked 
| 155|0x000000071d600000, 0x000000071d600000, 0x000000071d800000|  0%| F|  |TAMS 0x000000071d600000, 0x000000071d600000| Untracked 
| 156|0x000000071d800000, 0x000000071d800000, 0x000000071da00000|  0%| F|  |TAMS 0x000000071d800000, 0x000000071d800000| Untracked 
| 157|0x000000071da00000, 0x000000071da00000, 0x000000071dc00000|  0%| F|  |TAMS 0x000000071da00000, 0x000000071da00000| Untracked 
| 158|0x000000071dc00000, 0x000000071dc00000, 0x000000071de00000|  0%| F|  |TAMS 0x000000071dc00000, 0x000000071dc00000| Untracked 
| 159|0x000000071de00000, 0x000000071de00000, 0x000000071e000000|  0%| F|  |TAMS 0x000000071de00000, 0x000000071de00000| Untracked 
| 160|0x000000071e000000, 0x000000071e000000, 0x000000071e200000|  0%| F|  |TAMS 0x000000071e000000, 0x000000071e000000| Untracked 
| 161|0x000000071e200000, 0x000000071e200000, 0x000000071e400000|  0%| F|  |TAMS 0x000000071e200000, 0x000000071e200000| Untracked 
| 162|0x000000071e400000, 0x000000071e400000, 0x000000071e600000|  0%| F|  |TAMS 0x000000071e400000, 0x000000071e400000| Untracked 
| 163|0x000000071e600000, 0x000000071e600000, 0x000000071e800000|  0%| F|  |TAMS 0x000000071e600000, 0x000000071e600000| Untracked 
| 164|0x000000071e800000, 0x000000071e800000, 0x000000071ea00000|  0%| F|  |TAMS 0x000000071e800000, 0x000000071e800000| Untracked 
| 165|0x000000071ea00000, 0x000000071ea00000, 0x000000071ec00000|  0%| F|  |TAMS 0x000000071ea00000, 0x000000071ea00000| Untracked 
| 166|0x000000071ec00000, 0x000000071ec00000, 0x000000071ee00000|  0%| F|  |TAMS 0x000000071ec00000, 0x000000071ec00000| Untracked 
| 167|0x000000071ee00000, 0x000000071ee00000, 0x000000071f000000|  0%| F|  |TAMS 0x000000071ee00000, 0x000000071ee00000| Untracked 
| 168|0x000000071f000000, 0x000000071f000000, 0x000000071f200000|  0%| F|  |TAMS 0x000000071f000000, 0x000000071f000000| Untracked 
| 169|0x000000071f200000, 0x000000071f200000, 0x000000071f400000|  0%| F|  |TAMS 0x000000071f200000, 0x000000071f200000| Untracked 
| 170|0x000000071f400000, 0x000000071f400000, 0x000000071f600000|  0%| F|  |TAMS 0x000000071f400000, 0x000000071f400000| Untracked 
| 171|0x000000071f600000, 0x000000071f600000, 0x000000071f800000|  0%| F|  |TAMS 0x000000071f600000, 0x000000071f600000| Untracked 
| 172|0x000000071f800000, 0x000000071f800000, 0x000000071fa00000|  0%| F|  |TAMS 0x000000071f800000, 0x000000071f800000| Untracked 
| 173|0x000000071fa00000, 0x000000071fa00000, 0x000000071fc00000|  0%| F|  |TAMS 0x000000071fa00000, 0x000000071fa00000| Untracked 
| 174|0x000000071fc00000, 0x000000071fc00000, 0x000000071fe00000|  0%| F|  |TAMS 0x000000071fc00000, 0x000000071fc00000| Untracked 
| 175|0x000000071fe00000, 0x000000071fe00000, 0x0000000720000000|  0%| F|  |TAMS 0x000000071fe00000, 0x000000071fe00000| Untracked 
| 176|0x0000000720000000, 0x0000000720000000, 0x0000000720200000|  0%| F|  |TAMS 0x0000000720000000, 0x0000000720000000| Untracked 
| 177|0x0000000720200000, 0x0000000720200000, 0x0000000720400000|  0%| F|  |TAMS 0x0000000720200000, 0x0000000720200000| Untracked 
| 178|0x0000000720400000, 0x0000000720400000, 0x0000000720600000|  0%| F|  |TAMS 0x0000000720400000, 0x0000000720400000| Untracked 
| 179|0x0000000720600000, 0x0000000720600000, 0x0000000720800000|  0%| F|  |TAMS 0x0000000720600000, 0x0000000720600000| Untracked 
| 180|0x0000000720800000, 0x0000000720800000, 0x0000000720a00000|  0%| F|  |TAMS 0x0000000720800000, 0x0000000720800000| Untracked 
| 181|0x0000000720a00000, 0x0000000720a00000, 0x0000000720c00000|  0%| F|  |TAMS 0x0000000720a00000, 0x0000000720a00000| Untracked 
| 182|0x0000000720c00000, 0x0000000720c00000, 0x0000000720e00000|  0%| F|  |TAMS 0x0000000720c00000, 0x0000000720c00000| Untracked 
| 183|0x0000000720e00000, 0x0000000720e00000, 0x0000000721000000|  0%| F|  |TAMS 0x0000000720e00000, 0x0000000720e00000| Untracked 
| 184|0x0000000721000000, 0x0000000721000000, 0x0000000721200000|  0%| F|  |TAMS 0x0000000721000000, 0x0000000721000000| Untracked 
| 185|0x0000000721200000, 0x0000000721200000, 0x0000000721400000|  0%| F|  |TAMS 0x0000000721200000, 0x0000000721200000| Untracked 
| 186|0x0000000721400000, 0x0000000721400000, 0x0000000721600000|  0%| F|  |TAMS 0x0000000721400000, 0x0000000721400000| Untracked 
| 187|0x0000000721600000, 0x0000000721600000, 0x0000000721800000|  0%| F|  |TAMS 0x0000000721600000, 0x0000000721600000| Untracked 
| 188|0x0000000721800000, 0x0000000721800000, 0x0000000721a00000|  0%| F|  |TAMS 0x0000000721800000, 0x0000000721800000| Untracked 
| 189|0x0000000721a00000, 0x0000000721a00000, 0x0000000721c00000|  0%| F|  |TAMS 0x0000000721a00000, 0x0000000721a00000| Untracked 
| 190|0x0000000721c00000, 0x0000000721c00000, 0x0000000721e00000|  0%| F|  |TAMS 0x0000000721c00000, 0x0000000721c00000| Untracked 
| 191|0x0000000721e00000, 0x0000000721e00000, 0x0000000722000000|  0%| F|  |TAMS 0x0000000721e00000, 0x0000000721e00000| Untracked 
| 192|0x0000000722000000, 0x0000000722000000, 0x0000000722200000|  0%| F|  |TAMS 0x0000000722000000, 0x0000000722000000| Untracked 
| 193|0x0000000722200000, 0x0000000722200000, 0x0000000722400000|  0%| F|  |TAMS 0x0000000722200000, 0x0000000722200000| Untracked 
| 194|0x0000000722400000, 0x0000000722400000, 0x0000000722600000|  0%| F|  |TAMS 0x0000000722400000, 0x0000000722400000| Untracked 
| 195|0x0000000722600000, 0x0000000722600000, 0x0000000722800000|  0%| F|  |TAMS 0x0000000722600000, 0x0000000722600000| Untracked 
| 196|0x0000000722800000, 0x0000000722800000, 0x0000000722a00000|  0%| F|  |TAMS 0x0000000722800000, 0x0000000722800000| Untracked 
| 197|0x0000000722a00000, 0x0000000722a00000, 0x0000000722c00000|  0%| F|  |TAMS 0x0000000722a00000, 0x0000000722a00000| Untracked 
| 198|0x0000000722c00000, 0x0000000722c00000, 0x0000000722e00000|  0%| F|  |TAMS 0x0000000722c00000, 0x0000000722c00000| Untracked 
| 199|0x0000000722e00000, 0x0000000722e00000, 0x0000000723000000|  0%| F|  |TAMS 0x0000000722e00000, 0x0000000722e00000| Untracked 
| 200|0x0000000723000000, 0x0000000723000000, 0x0000000723200000|  0%| F|  |TAMS 0x0000000723000000, 0x0000000723000000| Untracked 
| 201|0x0000000723200000, 0x0000000723200000, 0x0000000723400000|  0%| F|  |TAMS 0x0000000723200000, 0x0000000723200000| Untracked 

Card table byte_map: [0x000002c438ae0000,0x000002c439290000] _byte_map_base: 0x000002c435290000

Marking Bits (Prev, Next): (CMBitMap*) 0x000002c42d86ee20, (CMBitMap*) 0x000002c42d86ede0
 Prev Bits: [0x000002c43d7c0000, 0x000002c441540000)
 Next Bits: [0x000002c439a40000, 0x000002c43d7c0000)

Polling page: 0x000002c42cfc0000

Metaspace:

Usage:
  Non-class:     75.02 MB used.
      Class:     10.84 MB used.
       Both:     85.86 MB used.

Virtual space:
  Non-class space:       80.00 MB reserved,      75.31 MB ( 94%) committed,  10 nodes.
      Class space:        1.00 GB reserved,      11.12 MB (  1%) committed,  1 nodes.
             Both:        1.08 GB reserved,      86.44 MB (  8%) committed. 

Chunk freelists:
   Non-Class:  3.76 MB
       Class:  862.00 KB
        Both:  4.60 MB

MaxMetaspaceSize: unlimited
CompressedClassSpaceSize: 1.00 GB
Initial GC threshold: 21.00 MB
Current GC threshold: 143.88 MB
CDS: off
MetaspaceReclaimPolicy: balanced
 - commit_granule_bytes: 65536.
 - commit_granule_words: 8192.
 - virtual_space_node_default_size: 1048576.
 - enlarge_chunks_in_place: 1.
 - new_chunks_are_fully_committed: 0.
 - uncommit_free_chunks: 1.
 - use_allocation_guard: 0.
 - handle_deallocations: 1.


Internal statistics:

num_allocs_failed_limit: 9.
num_arena_births: 960.
num_arena_deaths: 0.
num_vsnodes_births: 11.
num_vsnodes_deaths: 0.
num_space_committed: 1383.
num_space_uncommitted: 0.
num_chunks_returned_to_freelist: 9.
num_chunks_taken_from_freelist: 3915.
num_chunk_merges: 6.
num_chunk_splits: 2651.
num_chunks_enlarged: 1946.
num_purges: 0.
num_inconsistent_stats: 0.

CodeCache: size=49152Kb used=19352Kb max_used=19820Kb free=29799Kb
 bounds [0x000002c434ff0000, 0x000002c436350000, 0x000002c437ff0000]
 total_blobs=10037 nmethods=9333 adapters=628
 compilation: enabled
              stopped_count=0, restarted_count=0
 full_count=0

Compilation events (20 events):
Event: 21.800 Thread 0x000002c444c441c0 9488       1       java.io.ObjectInputStream$BlockDataInputStream::read (9 bytes)
Event: 21.800 Thread 0x000002c444c441c0 nmethod 9488 0x000002c435507590 code [0x000002c435507720, 0x000002c435507828]
Event: 21.800 Thread 0x000002c444d59fe0 9489   !   1       java.io.ObjectInputStream$ValidationList::doCallbacks (58 bytes)
Event: 21.800 Thread 0x000002c444c441c0 9490       1       java.io.ObjectStreamClass::getVariantFor (51 bytes)
Event: 21.800 Thread 0x000002c4459d52d0 9491       1       java.io.ObjectStreamClass$ClassDataSlot::<init> (15 bytes)
Event: 21.801 Thread 0x000002c4459d52d0 nmethod 9491 0x000002c435507290 code [0x000002c435507420, 0x000002c435507538]
Event: 21.801 Thread 0x000002c444c441c0 nmethod 9490 0x000002c435506e10 code [0x000002c435506fc0, 0x000002c4355071d8]
Event: 21.801 Thread 0x000002c444d59fe0 nmethod 9489 0x000002c435506090 code [0x000002c4355062c0, 0x000002c4355068d8]
Event: 21.802 Thread 0x000002c444d59fe0 9492       1       java.util.Collections::reverse (125 bytes)
Event: 21.802 Thread 0x000002c444d59fe0 nmethod 9492 0x000002c435505810 code [0x000002c435505a40, 0x000002c435505de8]
Event: 21.889 Thread 0x000002c444d59fe0 9493       1       java.util.IdentityHashMap::keySet (25 bytes)
Event: 21.890 Thread 0x000002c444d59fe0 nmethod 9493 0x000002c435505390 code [0x000002c435505520, 0x000002c435505718]
Event: 21.890 Thread 0x000002c444d59fe0 9494       1       java.util.IdentityHashMap::isEmpty (13 bytes)
Event: 21.891 Thread 0x000002c444d59fe0 nmethod 9494 0x000002c435505090 code [0x000002c435505220, 0x000002c4355052f8]
Event: 22.174 Thread 0x000002c444d59fe0 9495       1       java.util.TimSort::gallopLeft (335 bytes)
Event: 22.175 Thread 0x000002c4459d52d0 9496       1       nonapi.io.github.classgraph.concurrency.WorkQueue::addWorkUnits (32 bytes)
Event: 22.175 Thread 0x000002c444d59fe0 nmethod 9495 0x000002c435504710 code [0x000002c4355048e0, 0x000002c435504cf8]
Event: 22.175 Thread 0x000002c4459d52d0 nmethod 9496 0x000002c435504290 code [0x000002c435504460, 0x000002c4355045f8]
Event: 22.246 Thread 0x000002c444d59fe0 9497       1       nonapi.io.github.classgraph.concurrency.SingletonMap::clear (10 bytes)
Event: 22.246 Thread 0x000002c444d59fe0 nmethod 9497 0x000002c435503f90 code [0x000002c435504120, 0x000002c435504208]

GC Heap History (20 events):
Event: 18.664 GC heap after
{Heap after GC invocations=37 (full 0):
 garbage-first heap   total 249856K, used 101844K [0x000000070a000000, 0x0000000800000000)
  region size 2048K, 6 young (12288K), 6 survivors (12288K)
 Metaspace       used 87839K, committed 88384K, reserved 1130496K
  class space    used 11082K, committed 11328K, reserved 1048576K
}
Event: 19.046 GC heap before
{Heap before GC invocations=37 (full 0):
 garbage-first heap   total 249856K, used 191956K [0x000000070a000000, 0x0000000800000000)
  region size 2048K, 49 young (100352K), 6 survivors (12288K)
 Metaspace       used 87839K, committed 88384K, reserved 1130496K
  class space    used 11082K, committed 11328K, reserved 1048576K
}
Event: 19.060 GC heap after
{Heap after GC invocations=38 (full 0):
 garbage-first heap   total 249856K, used 122346K [0x000000070a000000, 0x0000000800000000)
  region size 2048K, 7 young (14336K), 7 survivors (14336K)
 Metaspace       used 87839K, committed 88384K, reserved 1130496K
  class space    used 11082K, committed 11328K, reserved 1048576K
}
Event: 19.425 GC heap before
{Heap before GC invocations=38 (full 0):
 garbage-first heap   total 249856K, used 165354K [0x000000070a000000, 0x0000000800000000)
  region size 2048K, 30 young (61440K), 7 survivors (14336K)
 Metaspace       used 87847K, committed 88384K, reserved 1130496K
  class space    used 11083K, committed 11328K, reserved 1048576K
}
Event: 19.436 GC heap after
{Heap after GC invocations=39 (full 0):
 garbage-first heap   total 249856K, used 135613K [0x000000070a000000, 0x0000000800000000)
  region size 2048K, 6 young (12288K), 6 survivors (12288K)
 Metaspace       used 87847K, committed 88384K, reserved 1130496K
  class space    used 11083K, committed 11328K, reserved 1048576K
}
Event: 19.571 GC heap before
{Heap before GC invocations=39 (full 0):
 garbage-first heap   total 315392K, used 192957K [0x000000070a000000, 0x0000000800000000)
  region size 2048K, 33 young (67584K), 6 survivors (12288K)
 Metaspace       used 87847K, committed 88384K, reserved 1130496K
  class space    used 11083K, committed 11328K, reserved 1048576K
}
Event: 19.581 GC heap after
{Heap after GC invocations=40 (full 0):
 garbage-first heap   total 315392K, used 146676K [0x000000070a000000, 0x0000000800000000)
  region size 2048K, 5 young (10240K), 5 survivors (10240K)
 Metaspace       used 87847K, committed 88384K, reserved 1130496K
  class space    used 11083K, committed 11328K, reserved 1048576K
}
Event: 20.013 GC heap before
{Heap before GC invocations=41 (full 0):
 garbage-first heap   total 315392K, used 238836K [0x000000070a000000, 0x0000000800000000)
  region size 2048K, 48 young (98304K), 5 survivors (10240K)
 Metaspace       used 87847K, committed 88384K, reserved 1130496K
  class space    used 11083K, committed 11328K, reserved 1048576K
}
Event: 20.028 GC heap after
{Heap after GC invocations=42 (full 0):
 garbage-first heap   total 413696K, used 170125K [0x000000070a000000, 0x0000000800000000)
  region size 2048K, 6 young (12288K), 6 survivors (12288K)
 Metaspace       used 87847K, committed 88384K, reserved 1130496K
  class space    used 11083K, committed 11328K, reserved 1048576K
}
Event: 20.046 GC heap before
{Heap before GC invocations=42 (full 0):
 garbage-first heap   total 413696K, used 178317K [0x000000070a000000, 0x0000000800000000)
  region size 2048K, 10 young (20480K), 6 survivors (12288K)
 Metaspace       used 87847K, committed 88384K, reserved 1130496K
  class space    used 11083K, committed 11328K, reserved 1048576K
}
Event: 20.054 GC heap after
{Heap after GC invocations=43 (full 0):
 garbage-first heap   total 413696K, used 171434K [0x000000070a000000, 0x0000000800000000)
  region size 2048K, 2 young (4096K), 2 survivors (4096K)
 Metaspace       used 87847K, committed 88384K, reserved 1130496K
  class space    used 11083K, committed 11328K, reserved 1048576K
}
Event: 20.620 GC heap before
{Heap before GC invocations=43 (full 0):
 garbage-first heap   total 413696K, used 298410K [0x000000070a000000, 0x0000000800000000)
  region size 2048K, 63 young (129024K), 2 survivors (4096K)
 Metaspace       used 87904K, committed 88512K, reserved 1130496K
  class space    used 11092K, committed 11392K, reserved 1048576K
}
Event: 20.636 GC heap after
{Heap after GC invocations=44 (full 0):
 garbage-first heap   total 413696K, used 200704K [0x000000070a000000, 0x0000000800000000)
  region size 2048K, 8 young (16384K), 8 survivors (16384K)
 Metaspace       used 87904K, committed 88512K, reserved 1130496K
  class space    used 11092K, committed 11392K, reserved 1048576K
}
Event: 21.161 GC heap before
{Heap before GC invocations=44 (full 0):
 garbage-first heap   total 413696K, used 264192K [0x000000070a000000, 0x0000000800000000)
  region size 2048K, 41 young (83968K), 8 survivors (16384K)
 Metaspace       used 87904K, committed 88512K, reserved 1130496K
  class space    used 11092K, committed 11392K, reserved 1048576K
}
Event: 21.178 GC heap after
{Heap after GC invocations=45 (full 0):
 garbage-first heap   total 413696K, used 218769K [0x000000070a000000, 0x0000000800000000)
  region size 2048K, 8 young (16384K), 8 survivors (16384K)
 Metaspace       used 87904K, committed 88512K, reserved 1130496K
  class space    used 11092K, committed 11392K, reserved 1048576K
}
Event: 21.877 GC heap before
{Heap before GC invocations=46 (full 0):
 garbage-first heap   total 413696K, used 282257K [0x000000070a000000, 0x0000000800000000)
  region size 2048K, 53 young (108544K), 8 survivors (16384K)
 Metaspace       used 87917K, committed 88512K, reserved 1130496K
  class space    used 11096K, committed 11392K, reserved 1048576K
}
Event: 21.882 GC heap after
{Heap after GC invocations=47 (full 0):
 garbage-first heap   total 413696K, used 188871K [0x000000070a000000, 0x0000000800000000)
  region size 2048K, 2 young (4096K), 2 survivors (4096K)
 Metaspace       used 87917K, committed 88512K, reserved 1130496K
  class space    used 11096K, committed 11392K, reserved 1048576K
}
Event: 21.929 GC heap before
{Heap before GC invocations=47 (full 0):
 garbage-first heap   total 413696K, used 209351K [0x000000070a000000, 0x0000000800000000)
  region size 2048K, 10 young (20480K), 2 survivors (4096K)
 Metaspace       used 87917K, committed 88512K, reserved 1130496K
  class space    used 11096K, committed 11392K, reserved 1048576K
}
Event: 21.936 GC heap after
{Heap after GC invocations=48 (full 0):
 garbage-first heap   total 413696K, used 157251K [0x000000070a000000, 0x0000000800000000)
  region size 2048K, 2 young (4096K), 2 survivors (4096K)
 Metaspace       used 87917K, committed 88512K, reserved 1130496K
  class space    used 11096K, committed 11392K, reserved 1048576K
}
Event: 22.621 GC heap before
{Heap before GC invocations=48 (full 0):
 garbage-first heap   total 413696K, used 300611K [0x000000070a000000, 0x0000000800000000)
  region size 2048K, 71 young (145408K), 2 survivors (4096K)
 Metaspace       used 87917K, committed 88512K, reserved 1130496K
  class space    used 11096K, committed 11392K, reserved 1048576K
}

Deoptimization events (20 events):
Event: 22.523 Thread 0x000002c452502820 DEOPT PACKING pc=0x000002c4357abc4c sp=0x000000de989fe6e0
Event: 22.523 Thread 0x000002c452502820 DEOPT UNPACKING pc=0x000002c435042b43 sp=0x000000de989fdc00 mode 1
Event: 22.523 Thread 0x000002c452502820 DEOPT PACKING pc=0x000002c4362d8d9c sp=0x000000de989fe7d0
Event: 22.523 Thread 0x000002c452502820 DEOPT UNPACKING pc=0x000002c435042b43 sp=0x000000de989fdcc8 mode 1
Event: 22.524 Thread 0x000002c452502820 DEOPT PACKING pc=0x000002c4359a42ec sp=0x000000de989fe610
Event: 22.524 Thread 0x000002c452502820 DEOPT UNPACKING pc=0x000002c435042b43 sp=0x000000de989fdac0 mode 1
Event: 22.524 Thread 0x000002c452502820 DEOPT PACKING pc=0x000002c4359a711c sp=0x000000de989fe680
Event: 22.524 Thread 0x000002c452502820 DEOPT UNPACKING pc=0x000002c435042b43 sp=0x000000de989fdc30 mode 1
Event: 22.524 Thread 0x000002c452502820 DEOPT PACKING pc=0x000002c4355161e5 sp=0x000000de989fe690
Event: 22.524 Thread 0x000002c452502820 DEOPT UNPACKING pc=0x000002c435042b43 sp=0x000000de989fdb38 mode 1
Event: 22.524 Thread 0x000002c452502820 DEOPT PACKING pc=0x000002c4355165f4 sp=0x000000de989fe700
Event: 22.524 Thread 0x000002c452502820 DEOPT UNPACKING pc=0x000002c435042b43 sp=0x000000de989fdbb8 mode 1
Event: 22.524 Thread 0x000002c452502820 DEOPT PACKING pc=0x000002c4355161e5 sp=0x000000de989fe730
Event: 22.524 Thread 0x000002c452502820 DEOPT UNPACKING pc=0x000002c435042b43 sp=0x000000de989fdbd8 mode 1
Event: 22.524 Thread 0x000002c452502820 DEOPT PACKING pc=0x000002c4355165f4 sp=0x000000de989fe7a0
Event: 22.524 Thread 0x000002c452502820 DEOPT UNPACKING pc=0x000002c435042b43 sp=0x000000de989fdc58 mode 1
Event: 22.524 Thread 0x000002c452502820 DEOPT PACKING pc=0x000002c4362d9d8c sp=0x000000de989fe880
Event: 22.524 Thread 0x000002c452502820 DEOPT UNPACKING pc=0x000002c435042b43 sp=0x000000de989fde20 mode 1
Event: 22.524 Thread 0x000002c452502820 DEOPT PACKING pc=0x000002c4362db744 sp=0x000000de989fea10
Event: 22.524 Thread 0x000002c452502820 DEOPT UNPACKING pc=0x000002c435042b43 sp=0x000000de989fdea8 mode 1

Classes unloaded (0 events):
No events

Classes redefined (0 events):
No events

Internal exceptions (20 events):
Event: 22.517 Thread 0x000002c452507050 Exception <a 'sun/nio/fs/WindowsException'{0x000000071ced6fc0}> (0x000000071ced6fc0) 
thrown [t:\workspace\open\src\hotspot\share\prims\jni.cpp, line 516]
Event: 22.517 Thread 0x000002c452502820 Exception <a 'sun/nio/fs/WindowsException'{0x000000071cf01b58}> (0x000000071cf01b58) 
thrown [t:\workspace\open\src\hotspot\share\prims\jni.cpp, line 516]
Event: 22.518 Thread 0x000002c452507050 Exception <a 'sun/nio/fs/WindowsException'{0x000000071ced7ab8}> (0x000000071ced7ab8) 
thrown [t:\workspace\open\src\hotspot\share\prims\jni.cpp, line 516]
Event: 22.518 Thread 0x000002c452502820 Exception <a 'sun/nio/fs/WindowsException'{0x000000071cf02610}> (0x000000071cf02610) 
thrown [t:\workspace\open\src\hotspot\share\prims\jni.cpp, line 516]
Event: 22.518 Thread 0x000002c452507050 Exception <a 'sun/nio/fs/WindowsException'{0x000000071ced7f88}> (0x000000071ced7f88) 
thrown [t:\workspace\open\src\hotspot\share\prims\jni.cpp, line 516]
Event: 22.518 Thread 0x000002c452502820 Exception <a 'sun/nio/fs/WindowsException'{0x000000071cf02a98}> (0x000000071cf02a98) 
thrown [t:\workspace\open\src\hotspot\share\prims\jni.cpp, line 516]
Event: 22.519 Thread 0x000002c452507050 Exception <a 'sun/nio/fs/WindowsException'{0x000000071ced8aa0}> (0x000000071ced8aa0) 
thrown [t:\workspace\open\src\hotspot\share\prims\jni.cpp, line 516]
Event: 22.519 Thread 0x000002c452502820 Exception <a 'sun/nio/fs/WindowsException'{0x000000071cf03560}> (0x000000071cf03560) 
thrown [t:\workspace\open\src\hotspot\share\prims\jni.cpp, line 516]
Event: 22.520 Thread 0x000002c452507050 Exception <a 'sun/nio/fs/WindowsException'{0x000000071ced8fa0}> (0x000000071ced8fa0) 
thrown [t:\workspace\open\src\hotspot\share\prims\jni.cpp, line 516]
Event: 22.520 Thread 0x000002c452502820 Exception <a 'sun/nio/fs/WindowsException'{0x000000071cf03a00}> (0x000000071cf03a00) 
thrown [t:\workspace\open\src\hotspot\share\prims\jni.cpp, line 516]
Event: 22.521 Thread 0x000002c452507050 Exception <a 'sun/nio/fs/WindowsException'{0x000000071ced9ad8}> (0x000000071ced9ad8) 
thrown [t:\workspace\open\src\hotspot\share\prims\jni.cpp, line 516]
Event: 22.521 Thread 0x000002c452502820 Exception <a 'sun/nio/fs/WindowsException'{0x000000071cf044f0}> (0x000000071cf044f0) 
thrown [t:\workspace\open\src\hotspot\share\prims\jni.cpp, line 516]
Event: 22.521 Thread 0x000002c452507050 Exception <a 'sun/nio/fs/WindowsException'{0x000000071ceda010}> (0x000000071ceda010) 
thrown [t:\workspace\open\src\hotspot\share\prims\jni.cpp, line 516]
Event: 22.521 Thread 0x000002c452502820 Exception <a 'sun/nio/fs/WindowsException'{0x000000071cf049d8}> (0x000000071cf049d8) 
thrown [t:\workspace\open\src\hotspot\share\prims\jni.cpp, line 516]
Event: 22.522 Thread 0x000002c452507050 Exception <a 'sun/nio/fs/WindowsException'{0x000000071cedab40}> (0x000000071cedab40) 
thrown [t:\workspace\open\src\hotspot\share\prims\jni.cpp, line 516]
Event: 22.522 Thread 0x000002c452502820 Exception <a 'sun/nio/fs/WindowsException'{0x000000071cf054e0}> (0x000000071cf054e0) 
thrown [t:\workspace\open\src\hotspot\share\prims\jni.cpp, line 516]
Event: 22.522 Thread 0x000002c452507050 Exception <a 'sun/nio/fs/WindowsException'{0x000000071cedb070}> (0x000000071cedb070) 
thrown [t:\workspace\open\src\hotspot\share\prims\jni.cpp, line 516]
Event: 22.523 Thread 0x000002c452502820 Exception <a 'sun/nio/fs/WindowsException'{0x000000071cf059f8}> (0x000000071cf059f8) 
thrown [t:\workspace\open\src\hotspot\share\prims\jni.cpp, line 516]
Event: 22.523 Thread 0x000002c452502820 Exception <a 'sun/nio/fs/WindowsException'{0x000000071cf064f8}> (0x000000071cf064f8) 
thrown [t:\workspace\open\src\hotspot\share\prims\jni.cpp, line 516]
Event: 22.524 Thread 0x000002c452502820 Exception <a 'sun/nio/fs/WindowsException'{0x000000071cf069f8}> (0x000000071cf069f8) 
thrown [t:\workspace\open\src\hotspot\share\prims\jni.cpp, line 516]

VM Operations (20 events):
Event: 22.610 Executing VM operation: ICBufferFull done
Event: 22.611 Executing VM operation: ICBufferFull
Event: 22.611 Executing VM operation: ICBufferFull done
Event: 22.613 Executing VM operation: ICBufferFull
Event: 22.613 Executing VM operation: ICBufferFull done
Event: 22.615 Executing VM operation: ICBufferFull
Event: 22.615 Executing VM operation: ICBufferFull done
Event: 22.616 Executing VM operation: ICBufferFull
Event: 22.617 Executing VM operation: ICBufferFull done
Event: 22.617 Executing VM operation: ICBufferFull
Event: 22.617 Executing VM operation: ICBufferFull done
Event: 22.617 Executing VM operation: ICBufferFull
Event: 22.618 Executing VM operation: ICBufferFull done
Event: 22.618 Executing VM operation: ICBufferFull
Event: 22.618 Executing VM operation: ICBufferFull done
Event: 22.620 Executing VM operation: ICBufferFull
Event: 22.620 Executing VM operation: ICBufferFull done
Event: 22.620 Executing VM operation: ICBufferFull
Event: 22.621 Executing VM operation: ICBufferFull done
Event: 22.621 Executing VM operation: G1CollectForAllocation

Events (20 events):
Event: 22.311 Thread 0x000002c444e1cf20 Thread exited: 0x000002c444e1cf20
Event: 22.498 Thread 0x000002c444e1cf20 Thread added: 0x000002c444e1cf20
Event: 22.499 Thread 0x000002c452507050 Thread added: 0x000002c452507050
Event: 22.499 Thread 0x000002c452502820 Thread added: 0x000002c452502820
Event: 22.499 Thread 0x000002c452500b40 Thread added: 0x000002c452500b40
Event: 22.499 Thread 0x000002c452507520 Thread added: 0x000002c452507520
Event: 22.499 Thread 0x000002c452504ea0 Thread added: 0x000002c452504ea0
Event: 22.499 Thread 0x000002c452501e80 Thread added: 0x000002c452501e80
Event: 22.500 Thread 0x000002c4525049d0 Thread added: 0x000002c4525049d0
Event: 22.500 Thread 0x000002c452502cf0 Thread added: 0x000002c452502cf0
Event: 22.500 Thread 0x000002c452503690 Thread added: 0x000002c452503690
Event: 22.500 Thread 0x000002c4525019b0 Thread added: 0x000002c4525019b0
Event: 22.501 Thread 0x000002c452501010 Thread added: 0x000002c452501010
Event: 22.501 Thread 0x000002c452503b60 Thread added: 0x000002c452503b60
Event: 22.502 Thread 0x000002c452505840 Thread added: 0x000002c452505840
Event: 22.502 Thread 0x000002c452504030 Thread added: 0x000002c452504030
Event: 22.502 Thread 0x000002c452505370 Thread added: 0x000002c452505370
Event: 22.502 Thread 0x000002c4525061e0 Thread added: 0x000002c4525061e0
Event: 22.502 Thread 0x000002c4525014e0 Thread added: 0x000002c4525014e0
Event: 22.502 Thread 0x000002c452505d10 Thread added: 0x000002c452505d10


Dynamic libraries:
0x00007ff7abc30000 - 0x00007ff7abc40000 	D:\LenovoSoftstore\Java\jdk-17.0.1\bin\java.exe
0x00007ff9ad070000 - 0x00007ff9ad268000 	C:\WINDOWS\SYSTEM32\ntdll.dll
0x00007ff9abd40000 - 0x00007ff9abdfd000 	C:\WINDOWS\System32\KERNEL32.DLL
0x00007ff9aa720000 - 0x00007ff9aaa16000 	C:\WINDOWS\System32\KERNELBASE.dll
0x00007ff9aadf0000 - 0x00007ff9aaef0000 	C:\WINDOWS\System32\ucrtbase.dll
0x00007ff989d70000 - 0x00007ff989d8a000 	D:\LenovoSoftstore\Java\jdk-17.0.1\bin\VCRUNTIME140.dll
0x00007ff9a5a50000 - 0x00007ff9a5a68000 	D:\LenovoSoftstore\Java\jdk-17.0.1\bin\jli.dll
0x00007ff9ab9c0000 - 0x00007ff9aba70000 	C:\WINDOWS\System32\ADVAPI32.dll
0x00007ff9ab8c0000 - 0x00007ff9ab95e000 	C:\WINDOWS\System32\msvcrt.dll
0x00007ff9ab0b0000 - 0x00007ff9ab150000 	C:\WINDOWS\System32\sechost.dll
0x00007ff9aca70000 - 0x00007ff9acb93000 	C:\WINDOWS\System32\RPCRT4.dll
0x00007ff9aaef0000 - 0x00007ff9aaf17000 	C:\WINDOWS\System32\bcrypt.dll
0x00007ff9acbd0000 - 0x00007ff9acd6f000 	C:\WINDOWS\System32\USER32.dll
0x00007ff9aaa20000 - 0x00007ff9aaa42000 	C:\WINDOWS\System32\win32u.dll
0x00007ff9acba0000 - 0x00007ff9acbcb000 	C:\WINDOWS\System32\GDI32.dll
0x00007ff99a750000 - 0x00007ff99a9ea000 	C:\WINDOWS\WinSxS\amd64_microsoft.windows.common-controls_6595b64144ccf1df_6.0.19041.3636_none_60b6a03d71f818d5\COMCTL32.dll
0x00007ff9aaa50000 - 0x00007ff9aab67000 	C:\WINDOWS\System32\gdi32full.dll
0x00007ff9aaf20000 - 0x00007ff9aafbd000 	C:\WINDOWS\System32\msvcp_win.dll
0x00007ff9a0ff0000 - 0x00007ff9a0ffa000 	C:\WINDOWS\SYSTEM32\VERSION.dll
0x00007ff9acde0000 - 0x00007ff9ace12000 	C:\WINDOWS\System32\IMM32.DLL
0x00007ff9a7300000 - 0x00007ff9a730c000 	D:\LenovoSoftstore\Java\jdk-17.0.1\bin\vcruntime140_1.dll
0x00007ff984790000 - 0x00007ff98481d000 	D:\LenovoSoftstore\Java\jdk-17.0.1\bin\msvcp140.dll
0x00007ff94e820000 - 0x00007ff94f3de000 	D:\LenovoSoftstore\Java\jdk-17.0.1\bin\server\jvm.dll
0x00007ff9aca60000 - 0x00007ff9aca68000 	C:\WINDOWS\System32\PSAPI.DLL
0x00007ff9a3790000 - 0x00007ff9a3799000 	C:\WINDOWS\SYSTEM32\WSOCK32.dll
0x00007ff9a0760000 - 0x00007ff9a0787000 	C:\WINDOWS\SYSTEM32\WINMM.dll
0x00007ff9acd70000 - 0x00007ff9acddb000 	C:\WINDOWS\System32\WS2_32.dll
0x00007ff9a8f40000 - 0x00007ff9a8f52000 	C:\WINDOWS\SYSTEM32\kernel.appcore.dll
0x00007ff98dd40000 - 0x00007ff98dd4a000 	D:\LenovoSoftstore\Java\jdk-17.0.1\bin\jimage.dll
0x00007ff9a8a90000 - 0x00007ff9a8c74000 	C:\WINDOWS\SYSTEM32\DBGHELP.DLL
0x00007ff9972f0000 - 0x00007ff997324000 	C:\WINDOWS\SYSTEM32\dbgcore.DLL
0x00007ff9aafc0000 - 0x00007ff9ab042000 	C:\WINDOWS\System32\bcryptPrimitives.dll
0x00007ff9a72a0000 - 0x00007ff9a72db000 	D:\LenovoSoftstore\Java\jdk-17.0.1\bin\jdwp.dll
0x00007ff9a6f50000 - 0x00007ff9a6f5e000 	D:\LenovoSoftstore\Java\jdk-17.0.1\bin\instrument.dll
0x00007ff989d40000 - 0x00007ff989d65000 	D:\LenovoSoftstore\Java\jdk-17.0.1\bin\java.dll
0x00007ff989780000 - 0x00007ff989798000 	D:\LenovoSoftstore\Java\jdk-17.0.1\bin\zip.dll
0x00007ff972170000 - 0x00007ff972246000 	D:\LenovoSoftstore\Java\jdk-17.0.1\bin\svml.dll
0x00007ff9ab150000 - 0x00007ff9ab8bb000 	C:\WINDOWS\System32\SHELL32.dll
0x00007ff9a82f0000 - 0x00007ff9a8a8e000 	C:\WINDOWS\SYSTEM32\windows.storage.dll
0x00007ff9ac410000 - 0x00007ff9ac763000 	C:\WINDOWS\System32\combase.dll
0x00007ff9aa080000 - 0x00007ff9aa0ae000 	C:\WINDOWS\SYSTEM32\Wldp.dll
0x00007ff9acf60000 - 0x00007ff9ad02d000 	C:\WINDOWS\System32\OLEAUT32.dll
0x00007ff9abe30000 - 0x00007ff9abedd000 	C:\WINDOWS\System32\SHCORE.dll
0x00007ff9ace20000 - 0x00007ff9ace75000 	C:\WINDOWS\System32\shlwapi.dll
0x00007ff9aa650000 - 0x00007ff9aa673000 	C:\WINDOWS\SYSTEM32\profapi.dll
0x00007ff9a5ac0000 - 0x00007ff9a5acc000 	D:\LenovoSoftstore\Java\jdk-17.0.1\bin\dt_socket.dll
0x00007ff9a9ac0000 - 0x00007ff9a9afb000 	C:\WINDOWS\SYSTEM32\IPHLPAPI.DLL
0x00007ff9a9de0000 - 0x00007ff9a9e4a000 	C:\WINDOWS\system32\mswsock.dll
0x00007ff989d20000 - 0x00007ff989d39000 	D:\LenovoSoftstore\Java\jdk-17.0.1\bin\net.dll
0x00007ff9a5350000 - 0x00007ff9a545a000 	C:\WINDOWS\SYSTEM32\WINHTTP.dll
0x00007ff9897a0000 - 0x00007ff9897b5000 	D:\LenovoSoftstore\Java\jdk-17.0.1\bin\nio.dll
0x00007ff996460000 - 0x00007ff9964ab000 	C:\Program Files (x86)\Sangfor\SSL\ClientComponent\SangforNspX64.dll
0x00007ff9abc10000 - 0x00007ff9abd3b000 	C:\WINDOWS\System32\ole32.dll
0x00007ff9a9b00000 - 0x00007ff9a9bcb000 	C:\WINDOWS\SYSTEM32\DNSAPI.dll
0x00007ff9ab0a0000 - 0x00007ff9ab0a8000 	C:\WINDOWS\System32\NSI.dll
0x00007ff9a32c0000 - 0x00007ff9a32ca000 	C:\Windows\System32\rasadhlp.dll
0x00007ff99e5b0000 - 0x00007ff99e630000 	C:\WINDOWS\System32\fwpuclnt.dll
0x00007ff9a3860000 - 0x00007ff9a3869000 	D:\LenovoSoftstore\Java\jdk-17.0.1\bin\management.dll
0x00007ff9a0630000 - 0x00007ff9a063b000 	D:\LenovoSoftstore\Java\jdk-17.0.1\bin\management_ext.dll
0x00007ff9a9fe0000 - 0x00007ff9a9ff8000 	C:\WINDOWS\SYSTEM32\CRYPTSP.dll
0x00007ff9a9700000 - 0x00007ff9a9734000 	C:\WINDOWS\system32\rsaenh.dll
0x00007ff9aa5d0000 - 0x00007ff9aa5fe000 	C:\WINDOWS\SYSTEM32\USERENV.dll
0x00007ff9a9fd0000 - 0x00007ff9a9fdc000 	C:\WINDOWS\SYSTEM32\CRYPTBASE.dll
0x00007ff9a32d0000 - 0x00007ff9a32e7000 	C:\WINDOWS\SYSTEM32\dhcpcsvc6.DLL
0x00007ff9a2310000 - 0x00007ff9a232d000 	C:\WINDOWS\SYSTEM32\dhcpcsvc.DLL
0x00007ff994b20000 - 0x00007ff994b37000 	C:\WINDOWS\system32\napinsp.dll
0x00007ff993070000 - 0x00007ff99308b000 	C:\WINDOWS\system32\pnrpnsp.dll
0x00007ff993050000 - 0x00007ff993065000 	C:\WINDOWS\system32\wshbth.dll
0x00007ff9a57e0000 - 0x00007ff9a57fd000 	C:\WINDOWS\system32\NLAapi.dll
0x00007ff992f00000 - 0x00007ff992f12000 	C:\WINDOWS\System32\winrnr.dll
0x00007ff9a0620000 - 0x00007ff9a062e000 	D:\LenovoSoftstore\Java\jdk-17.0.1\bin\sunmscapi.dll
0x00007ff9aac90000 - 0x00007ff9aadee000 	C:\WINDOWS\System32\CRYPT32.dll
0x00007ff9aa0f0000 - 0x00007ff9aa118000 	C:\WINDOWS\SYSTEM32\ncrypt.dll
0x00007ff9aa0b0000 - 0x00007ff9aa0eb000 	C:\WINDOWS\SYSTEM32\NTASN1.dll
0x00007ff983cf0000 - 0x00007ff983cf7000 	C:\WINDOWS\system32\wshunix.dll

dbghelp: loaded successfully - version: 4.0.5 - missing functions: none
symbol engine: initialized successfully - sym options: 0x614 - pdb path: .;D:\LenovoSoftstore\Java\jdk-17.0.1\bin;C:\WINDOWS\SYSTEM32;C:\WINDOWS\WinSxS\amd64_microsoft.windows.common-controls_6595b64144ccf1df_6.0.19041.3636_none_60b6a03d71f818d5;D:\LenovoSoftstore\Java\jdk-17.0.1\bin\server;C:\Program Files (x86)\Sangfor\SSL\ClientComponent

VM Arguments:
jvm_args: -agentlib:jdwp=transport=dt_socket,address=127.0.0.1:64698,suspend=y,server=n -Dvisualvm.id=93937353317100 -XX:TieredStopAtLevel=1 -Dspring.output.ansi.enabled=always -Dcom.sun.management.jmxremote -Dspring.jmx.enabled=true -Dspring.liveBeansView.mbeanDomain -Dspring.application.admin.enabled=true -javaagent:C:\Users\BaiYiChen\AppData\Local\JetBrains\IntelliJIdea2022.2\captureAgent\debugger-agent.jar=file:/C:/Users/BaiYiChen/AppData/Local/Temp/capture2.props -Dfile.encoding=UTF-8 
java_command: site.cilicili.App
java_class_path (initial): D:\Documents\JavaCode\Code\cilicili()\build\classes\java\main;D:\Documents\JavaCode\Code\cilicili()\build\resources\main;D:\LenovoSoftstore\gradle-8.4\caches\modules-2\files-2.1\io.jsonwebtoken\jjwt-api\0.11.4\534f9ece7be58858e0bf1275dd5326d9e702568a\jjwt-api-0.11.4.jar;D:\LenovoSoftstore\gradle-8.4\caches\modules-2\files-2.1\com.alipay.sdk\alipay-sdk-java\4.39.40.ALL\a884dcee3ff0ad994e28d6f26528dec595415c16\alipay-sdk-java-4.39.40.ALL.jar;D:\LenovoSoftstore\gradle-8.4\caches\modules-2\files-2.1\org.springframework.boot\spring-boot-starter-amqp\3.1.6\1ef77f1b93e1552cdec60b1059e631dfaecad708\spring-boot-starter-amqp-3.1.6.jar;D:\LenovoSoftstore\gradle-8.4\caches\modules-2\files-2.1\org.springframework.boot\spring-boot-starter-data-mongodb\3.1.6\13d3b13f5079fc9028b83a8e3c486d095efdf5ed\spring-boot-starter-data-mongodb-3.1.6.jar;D:\LenovoSoftstore\gradle-8.4\caches\modules-2\files-2.1\org.redisson\redisson-spring-boot-starter\3.25.2\13631ae691cae04c9177f9024d7a65c49ccf451d\redisson-spring-boot-starter-3.25.2.jar;D:\LenovoSoftstore\gradle-8.4\caches\modules-2\files-2.1\org.springframework.boot\spring-boot-starter-data-redis\3.1.6\30f02d82d1ee8110004b2f7eb641aab0d8756675\spring-boot-starter-data-redis-3.1.6.jar;D:\LenovoSoftstore\gradle-8.4\caches\modules-2\files-2.1\org.springframework.boot\spring-boot-starter-cache\3.1.6\4ad7bd6cce8b3bdde458606f2c0b4029e22447c1\spring-boot-starter-cache-3.1.6.jar;D:\LenovoSoftstore\gradle-8.4\caches\modules-2\files-2.1\org.springframework.boot\spring-boot-starter-thymeleaf\3.1.6\eed311b1ea44cd45c657282a92ccdc7391793a87\spring-boot-starter-thymeleaf-3.1.6.jar;D:\LenovoSoftstore\gradle-8.4\caches\modules-2\files-2.1\org.springframework.boot\spring-boot-starter-mail\3.1.6\b207f7d3d752965a5a4c4b417b63f2b5bed75d69\spring-boot-starter-mail-3.1.6.jar;D:\LenovoSoftstore\gradle-8.4\caches\modules-2\files-2.1\org.apache.commons\commons-pool2\2.12.0\458563f69fbdaebf7daadfe10dc3a22e42a7de50\commons-pool
Launcher Type: SUN_STANDARD

[Global flags]
     intx CICompilerCount                          = 4                                         {product} {ergonomic}
     uint ConcGCThreads                            = 3                                         {product} {ergonomic}
     uint G1ConcRefinementThreads                  = 10                                        {product} {ergonomic}
   size_t G1HeapRegionSize                         = 2097152                                   {product} {ergonomic}
    uintx GCDrainStackTargetSize                   = 64                                        {product} {ergonomic}
   size_t InitialHeapSize                          = 257949696                                 {product} {ergonomic}
     bool ManagementServer                         = true                                      {product} {command line}
   size_t MarkStackSize                            = 4194304                                   {product} {ergonomic}
   size_t MaxHeapSize                              = 4127195136                                {product} {ergonomic}
   size_t MaxNewSize                               = 2474639360                                {product} {ergonomic}
   size_t MinHeapDeltaBytes                        = 2097152                                   {product} {ergonomic}
   size_t MinHeapSize                              = 8388608                                   {product} {ergonomic}
    uintx NonProfiledCodeHeapSize                  = 0                                      {pd product} {ergonomic}
     bool ProfileInterpreter                       = false                                  {pd product} {command line}
    uintx ProfiledCodeHeapSize                     = 0                                      {pd product} {ergonomic}
   size_t SoftMaxHeapSize                          = 4127195136                             {manageable} {ergonomic}
     intx TieredStopAtLevel                        = 1                                         {product} {command line}
     bool UseCompressedClassPointers               = true                           {product lp64_product} {ergonomic}
     bool UseCompressedOops                        = true                           {product lp64_product} {ergonomic}
     bool UseG1GC                                  = true                                      {product} {ergonomic}
     bool UseLargePagesIndividualAllocation        = false                                  {pd product} {ergonomic}

Logging:
Log output configuration:
 #0: stdout all=warning uptime,level,tags
 #1: stderr all=off uptime,level,tags

Environment Variables:
JAVA_HOME=D:\LenovoSoftstore\Java\jdk-17.0.1
CLASSPATH=.;D:\LenovoSoftstore\Java\jdk-17.0.1\lib;D:\LenovoSoftstore\Java\jdk-17.0.1\lib\dt.jar;D:\LenovoSoftstore\Java\jdk-17.0.1\lib\tools.jar;
PATH=D:\LenovoSoftstore\python3.11\Scripts\;D:\LenovoSoftstore\python3.11\;D:\LenovoSoftstore\Git\bin;D:\LenovoSoftstore\apache-tomcat-9.0.58\bin;D:\LenovoSoftstore\apache-tomcat-9.0.58\lib;D:\LenovoSoftstore\VMware\VMware Workstation\bin\;C:\Program Files\Common Files\Oracle\Java\javapath;C:\ProgramData\Oracle\Java\javapath;D:\LenovoSoftstore\bin;C:\Program Files\dotnet\;C:\WINDOWS\system32;C:\WINDOWS;C:\WINDOWS\System32\Wbem;C:\WINDOWS\System32\WindowsPowerShell\v1.0\;C:\WINDOWS\System32\OpenSSH\;C:\Program Files (x86)\dotnet\;D:\LenovoSoftstore\Graphviz\bin;C:\Program Files\Microsoft SQL Server\130\Tools\Binn\;D:\LenovoSoftstore\MySQL\MySQL Server 8.0\bin;D:\LenovoSoftstore\Xftp 7\;D:\LenovoSoftstore\Xshell 7\;D:\LenovoSoftstore\Redis-x64-3.2.100;C:\Program Files (x86)\Graphviz\bin;D:\LenovoSoftstore\apache-zookeeper-3.7.1\bin;C:\ProgramData\chocolatey\bin;D:\LenovoSoftstore\apache-maven-3.8.6\bin;D:\LenovoSoftstore\gradle-8.4;D:\LenovoSoftstore\apache-jmeter-5.5\bin;D:\LenovoSoftstore\Git\cmd;D:\LenovoSoftstore\gradle-8.4\bin;D:\LenovoSoftstore\nvm\npm;D:\LenovoSoftstore\nodejs;D:\LenovoSoftstore\nvm;D:\LenovoSoftstore\nodejs;C:\Users\BaiYiChen\AppData\Local\activestate\cache\bin;C:\Users\BaiYiChen\AppData\Local\ActiveState\StateTool\release\bin;D:\LenovoSoftstore\Java\jdk-17.0.1\bin;D:\LenovoSoftstore\gradle-8.4\bin;C:\Program Files\Azure Data Studio\bin;C:\Users\BaiYiChen\AppData\Local\Microsoft\WindowsApps;C:\Users\BaiYiChen\.dotnet\tools;D:\LenovoSoftstore\IntelliJ IDEA 2021.3.3\bin;D:\LenovoSoftstore\IntelliJ IDEA Community Edition 2021.1.2\bin;;D:\LenovoSoftstore\MySQL\MySQL Server 8.0\bin;D:\LenovoSoftstore\WebStorm 2021.3.3\bin;D:\LenovoSoftstore\PyCharm 2022.1\bin;D:\LenovoSoftstore\MASM611\BIN;D:\LenovoSoftstore\nginx-1.23.2\bin;D:\LenovoSoftstore\gradle-8.4;D:\LenovoSoftstore\AndroidSdk\SDK\platform-tools;D:\LenovoSoftstore\go1.20.windows-amd64\\bin;D:\LenovoSoftstore\python3.11.0;D:\LenovoSoftstore\CLion2023.1.4\bin;D:\LenovoSoftstore\CLion2023.1.4\bin\
USERNAME=BaiYiChen
OS=Windows_NT
PROCESSOR_IDENTIFIER=AMD64 Family 23 Model 96 Stepping 1, AuthenticAMD



---------------  S Y S T E M  ---------------

OS:
 Windows 10 , 64 bit Build 19041 (10.0.19041.3636)
OS uptime: 1 days 2:06 hours

CPU: total 12 (initial active 12) (12 cores per cpu, 2 threads per core) family 23 model 96 stepping 1 microcode 0x0, cx8, cmov, fxsr, ht, mmx, 3dnowpref, sse, sse2, sse3, ssse3, sse4a, sse4.1, sse4.2, popcnt, lzcnt, tsc, tscinvbit, avx, avx2, aes, clmul, bmi1, bmi2, adx, sha, fma, vzeroupper, clflush, clflushopt

Memory: 4k page, system-wide physical 15741M (1607M free)
TotalPageFile size 24124M (AvailPageFile size 358M)
current process WorkingSet (physical memory assigned to process): 675M, peak: 675M
current process commit charge ("private bytes"): 728M, peak: 1132M

vm_info: Java HotSpot(TM) 64-Bit Server VM (17.0.1+12-LTS-39) for windows-amd64 JRE (17.0.1+12-LTS-39), built on Sep 27 2021 18:41:35 by "mach5one" with MS VC++ 16.8 (VS2019)

END.
