#
# There is insufficient memory for the Java Runtime Environment to continue.
# Native memory allocation (mmap) failed to map 553648128 bytes for G1 virtual space
# Possible reasons:
#   The system is out of physical RAM or swap space
#   The process is running with CompressedOops enabled, and the Java Heap may be blocking the growth of the native heap
# Possible solutions:
#   Reduce memory load on the system
#   Increase physical memory or swap space
#   Check if swap backing store is full
#   Decrease Java heap size (-Xmx/-Xms)
#   Decrease number of Java threads
#   Decrease Java thread stack sizes (-Xss)
#   Set larger code cache with -XX:ReservedCodeCacheSize=
#   JVM is running with Zero Based Compressed Oops mode in which the Java heap is
#     placed in the first 32GB address space. The Java Heap base address is the
#     maximum limit for the native heap growth. Please use -XX:HeapBaseMinAddress
#     to set the Java Heap base and to place the Java Heap above 32GB virtual address.
# This output file may be truncated or incomplete.
#
#  Out of Memory Error (os_windows.cpp:3469), pid=25392, tid=26144
#
# JRE version: Java(TM) SE Runtime Environment (17.0.1+12) (build 17.0.1+12-LTS-39)
# Java VM: Java HotSpot(TM) 64-Bit Server VM (17.0.1+12-LTS-39, mixed mode, emulated-client, tiered, compressed oops, compressed class ptrs, g1 gc, windows-amd64)
# No core dump will be written. Minidumps are not enabled by default on client versions of Windows
#

---------------  S U M M A R Y ------------

Command Line: -agentlib:jdwp=transport=dt_socket,address=127.0.0.1:33546,suspend=y,server=n -Dvisualvm.id=99344315707900 -XX:TieredStopAtLevel=1 -Dspring.output.ansi.enabled=always -Dcom.sun.management.jmxremote -Dspring.jmx.enabled=true -Dspring.liveBeansView.mbeanDomain -Dspring.application.admin.enabled=true -javaagent:C:\Users\BaiYiChen\AppData\Local\JetBrains\IntelliJIdea2022.2\captureAgent\debugger-agent.jar=file:/C:/Users/BaiYiChen/AppData/Local/Temp/capture2.props -Dfile.encoding=UTF-8 site.cilicili.App

Host: AMD Ryzen 5 4600U with Radeon Graphics         , 12 cores, 15G,  Windows 10 , 64 bit Build 19041 (10.0.19041.3636)
Time: Sat Apr 20 00:47:50 2024  Windows 10 , 64 bit Build 19041 (10.0.19041.3636) elapsed time: 18.685404 seconds (0d 0h 0m 18s)

---------------  T H R E A D  ---------------

Current thread (0x0000017b6085f820):  VMThread "VM Thread" [stack: 0x0000000ffeb00000,0x0000000ffec00000] [id=26144]

Stack: [0x0000000ffeb00000,0x0000000ffec00000]
Native frames: (J=compiled Java code, j=interpreted, Vv=VM code, C=native code)
V  [jvm.dll+0x66fa1a]
V  [jvm.dll+0x7ce5a4]
V  [jvm.dll+0x7cfd4e]
V  [jvm.dll+0x7d03b3]
V  [jvm.dll+0x242b05]
V  [jvm.dll+0x66ca39]
V  [jvm.dll+0x661502]
V  [jvm.dll+0x30081b]
V  [jvm.dll+0x307da6]
V  [jvm.dll+0x357a1e]
V  [jvm.dll+0x357c4f]
V  [jvm.dll+0x2d7ad8]
V  [jvm.dll+0x2d5da4]
V  [jvm.dll+0x2d53ac]
V  [jvm.dll+0x318d0b]
V  [jvm.dll+0x7d484b]
V  [jvm.dll+0x7d5584]
V  [jvm.dll+0x7d5a9c]
V  [jvm.dll+0x7d5e74]
V  [jvm.dll+0x7d5f40]
V  [jvm.dll+0x77e91a]
V  [jvm.dll+0x66e845]
C  [ucrtbase.dll+0x21bb2]
C  [KERNEL32.DLL+0x17344]
C  [ntdll.dll+0x526b1]

VM_Operation (0x0000000f844fcd50): G1CollectForAllocation, mode: safepoint, requested by thread 0x0000017b67592ee0


---------------  P R O C E S S  ---------------

Threads class SMR info:
_java_thread_list=0x0000017b673a14f0, length=92, elements={
0x0000017b4723f280, 0x0000017b60864670, 0x0000017b60865990, 0x0000017b608c6070,
0x0000017b608c6a90, 0x0000017b608e4da0, 0x0000017b608e5e00, 0x0000017b608e6e60,
0x0000017b608eb400, 0x0000017b60991c50, 0x0000017b5f5cc800, 0x0000017b60b0f060,
0x0000017b60b51410, 0x0000017b60b6f360, 0x0000017b60b759d0, 0x0000017b60bbb920,
0x0000017b6161f280, 0x0000017b619e59e0, 0x0000017b61a51e80, 0x0000017b61ac6820,
0x0000017b640e6b70, 0x0000017b62160280, 0x0000017b6215dc00, 0x0000017b66f6a5e0,
0x0000017b66f69770, 0x0000017b66f6af80, 0x0000017b66f6aab0, 0x0000017b66f6b450,
0x0000017b66f6bdf0, 0x0000017b66f6b920, 0x0000017b66f6a110, 0x0000017b66f6c2c0,
0x0000017b66f68900, 0x0000017b66f68dd0, 0x0000017b66f692a0, 0x0000017b66f69c40,
0x0000017b670d8fa0, 0x0000017b670df4b0, 0x0000017b670d8130, 0x0000017b670d9470,
0x0000017b670dd7d0, 0x0000017b670db620, 0x0000017b670dac80, 0x0000017b670dce30,
0x0000017b670dd300, 0x0000017b670ddca0, 0x0000017b670df980, 0x0000017b670d9e10,
0x0000017b670d8ad0, 0x0000017b670de170, 0x0000017b670deb10, 0x0000017b670d9940,
0x0000017b670da2e0, 0x0000017b670dbfc0, 0x0000017b670de640, 0x0000017b670defe0,
0x0000017b670d8600, 0x0000017b670da7b0, 0x0000017b670dc490, 0x0000017b670db150,
0x0000017b670dbaf0, 0x0000017b670dc960, 0x0000017b615bd610, 0x0000017b615c0fd0,
0x0000017b615bfc90, 0x0000017b615c1970, 0x0000017b615bdfb0, 0x0000017b615c2310,
0x0000017b615bf7c0, 0x0000017b615c27e0, 0x0000017b615bdae0, 0x0000017b615c0160,
0x0000017b67598f20, 0x0000017b675963d0, 0x0000017b67593880, 0x0000017b67595a30,
0x0000017b67592ee0, 0x0000017b67598580, 0x0000017b67594220, 0x0000017b675946f0,
0x0000017b67595f00, 0x0000017b67596d70, 0x0000017b675933b0, 0x0000017b67592a10,
0x0000017b67597710, 0x0000017b675968a0, 0x0000017b67597be0, 0x0000017b67598a50,
0x0000017b67593d50, 0x0000017b67594bc0, 0x0000017b675993f0, 0x0000017b67595560
}

Java Threads: ( => current thread )
  0x0000017b4723f280 JavaThread "main" [_thread_blocked, id=27680, stack(0x0000000ffe500000,0x0000000ffe600000)]
  0x0000017b60864670 JavaThread "Reference Handler" daemon [_thread_blocked, id=21588, stack(0x0000000ffec00000,0x0000000ffed00000)]
  0x0000017b60865990 JavaThread "Finalizer" daemon [_thread_blocked, id=24856, stack(0x0000000ffed00000,0x0000000ffee00000)]
  0x0000017b608c6070 JavaThread "Signal Dispatcher" daemon [_thread_blocked, id=25528, stack(0x0000000ffee00000,0x0000000ffef00000)]
  0x0000017b608c6a90 JavaThread "Attach Listener" daemon [_thread_blocked, id=22352, stack(0x0000000ffef00000,0x0000000fff000000)]
  0x0000017b608e4da0 JavaThread "Service Thread" daemon [_thread_blocked, id=12140, stack(0x0000000fff000000,0x0000000fff100000)]
  0x0000017b608e5e00 JavaThread "Monitor Deflation Thread" daemon [_thread_blocked, id=17944, stack(0x0000000fff100000,0x0000000fff200000)]
  0x0000017b608e6e60 JavaThread "C1 CompilerThread0" daemon [_thread_blocked, id=26864, stack(0x0000000fff200000,0x0000000fff300000)]
  0x0000017b608eb400 JavaThread "Sweeper thread" daemon [_thread_blocked, id=13564, stack(0x0000000fff300000,0x0000000fff400000)]
  0x0000017b60991c50 JavaThread "Common-Cleaner" daemon [_thread_blocked, id=22500, stack(0x0000000fff400000,0x0000000fff500000)]
  0x0000017b5f5cc800 JavaThread "C1 CompilerThread1" daemon [_thread_blocked, id=27364, stack(0x0000000fff500000,0x0000000fff600000)]
  0x0000017b60b0f060 JavaThread "C1 CompilerThread2" daemon [_thread_blocked, id=21272, stack(0x0000000fff600000,0x0000000fff700000)]
  0x0000017b60b51410 JavaThread "JDWP Transport Listener: dt_socket" daemon [_thread_blocked, id=23724, stack(0x0000000fff700000,0x0000000fff800000)]
  0x0000017b60b6f360 JavaThread "JDWP Event Helper Thread" daemon [_thread_blocked, id=20476, stack(0x0000000fff800000,0x0000000fff900000)]
  0x0000017b60b759d0 JavaThread "JDWP Command Reader" daemon [_thread_in_native, id=28584, stack(0x0000000fff900000,0x0000000fffa00000)]
  0x0000017b60bbb920 JavaThread "Notification Thread" daemon [_thread_blocked, id=13884, stack(0x0000000fffa00000,0x0000000fffb00000)]
  0x0000017b6161f280 JavaThread "RMI TCP Accept-0" daemon [_thread_in_native, id=4844, stack(0x0000000f80100000,0x0000000f80200000)]
  0x0000017b619e59e0 JavaThread "C1 CompilerThread3" daemon [_thread_blocked, id=16276, stack(0x0000000f80600000,0x0000000f80700000)]
  0x0000017b61a51e80 JavaThread "RMI TCP Connection(2)-172.20.10.3" daemon [_thread_in_native, id=23336, stack(0x0000000f80700000,0x0000000f80800000)]
  0x0000017b61ac6820 JavaThread "RMI Scheduler(0)" daemon [_thread_blocked, id=26104, stack(0x0000000f80800000,0x0000000f80900000)]
  0x0000017b640e6b70 JavaThread "RMI TCP Connection(4)-172.20.10.3" daemon [_thread_in_native, id=3632, stack(0x0000000f80b00000,0x0000000f80c00000)]
  0x0000017b62160280 JavaThread "mysql-cj-abandoned-connection-cleanup" daemon [_thread_blocked, id=21864, stack(0x0000000f80c00000,0x0000000f80d00000)]
  0x0000017b6215dc00 JavaThread "Thread-1" daemon [_thread_in_native, id=9616, stack(0x0000000f80d00000,0x0000000f80e00000)]
  0x0000017b66f6a5e0 JavaThread "redisson-netty-1-1" [_thread_in_native, id=1492, stack(0x0000000f80e00000,0x0000000f80f00000)]
  0x0000017b66f69770 JavaThread "redisson-netty-1-2" [_thread_in_native, id=19772, stack(0x0000000f80f00000,0x0000000f81000000)]
  0x0000017b66f6af80 JavaThread "redisson-netty-1-3" [_thread_in_native, id=22580, stack(0x0000000f81000000,0x0000000f81100000)]
  0x0000017b66f6aab0 JavaThread "redisson-timer-4-1" [_thread_blocked, id=24420, stack(0x0000000f81200000,0x0000000f81300000)]
  0x0000017b66f6b450 JavaThread "redisson-netty-1-4" [_thread_in_native, id=25480, stack(0x0000000f81300000,0x0000000f81400000)]
  0x0000017b66f6bdf0 JavaThread "redisson-netty-1-5" [_thread_in_native, id=20504, stack(0x0000000f81400000,0x0000000f81500000)]
  0x0000017b66f6b920 JavaThread "redisson-netty-1-6" [_thread_in_native, id=28632, stack(0x0000000f81500000,0x0000000f81600000)]
  0x0000017b66f6a110 JavaThread "redisson-3-1" [_thread_blocked, id=24536, stack(0x0000000f81600000,0x0000000f81700000)]
  0x0000017b66f6c2c0 JavaThread "redisson-netty-1-7" [_thread_in_native, id=18828, stack(0x0000000f81700000,0x0000000f81800000)]
  0x0000017b66f68900 JavaThread "redisson-netty-1-8" [_thread_in_native, id=3896, stack(0x0000000f81800000,0x0000000f81900000)]
  0x0000017b66f68dd0 JavaThread "redisson-3-2" [_thread_blocked, id=12116, stack(0x0000000f81900000,0x0000000f81a00000)]
  0x0000017b66f692a0 JavaThread "redisson-netty-1-9" [_thread_in_native, id=8324, stack(0x0000000f81a00000,0x0000000f81b00000)]
  0x0000017b66f69c40 JavaThread "redisson-netty-1-10" [_thread_in_native, id=1940, stack(0x0000000f81b00000,0x0000000f81c00000)]
  0x0000017b670d8fa0 JavaThread "redisson-3-3" [_thread_blocked, id=14988, stack(0x0000000f81c00000,0x0000000f81d00000)]
  0x0000017b670df4b0 JavaThread "redisson-netty-1-11" [_thread_in_native, id=5176, stack(0x0000000f81d00000,0x0000000f81e00000)]
  0x0000017b670d8130 JavaThread "redisson-netty-1-12" [_thread_in_native, id=26288, stack(0x0000000f81e00000,0x0000000f81f00000)]
  0x0000017b670d9470 JavaThread "redisson-3-4" [_thread_blocked, id=23624, stack(0x0000000f81f00000,0x0000000f82000000)]
  0x0000017b670dd7d0 JavaThread "redisson-netty-1-13" [_thread_in_native, id=23652, stack(0x0000000f82000000,0x0000000f82100000)]
  0x0000017b670db620 JavaThread "redisson-netty-1-14" [_thread_in_native, id=24080, stack(0x0000000f82100000,0x0000000f82200000)]
  0x0000017b670dac80 JavaThread "redisson-3-5" [_thread_blocked, id=25752, stack(0x0000000f82200000,0x0000000f82300000)]
  0x0000017b670dce30 JavaThread "redisson-netty-1-15" [_thread_in_native, id=25828, stack(0x0000000f82300000,0x0000000f82400000)]
  0x0000017b670dd300 JavaThread "redisson-netty-1-16" [_thread_in_native, id=27984, stack(0x0000000f82400000,0x0000000f82500000)]
  0x0000017b670ddca0 JavaThread "redisson-3-6" [_thread_blocked, id=25656, stack(0x0000000f82500000,0x0000000f82600000)]
  0x0000017b670df980 JavaThread "redisson-netty-1-17" [_thread_in_native, id=10828, stack(0x0000000f82600000,0x0000000f82700000)]
  0x0000017b670d9e10 JavaThread "redisson-netty-1-18" [_thread_in_native, id=18796, stack(0x0000000f82700000,0x0000000f82800000)]
  0x0000017b670d8ad0 JavaThread "redisson-3-7" [_thread_blocked, id=22296, stack(0x0000000f82800000,0x0000000f82900000)]
  0x0000017b670de170 JavaThread "redisson-netty-1-19" [_thread_in_native, id=4200, stack(0x0000000f82900000,0x0000000f82a00000)]
  0x0000017b670deb10 JavaThread "redisson-netty-1-20" [_thread_in_native, id=5244, stack(0x0000000f82a00000,0x0000000f82b00000)]
  0x0000017b670d9940 JavaThread "redisson-3-8" [_thread_blocked, id=27604, stack(0x0000000f82b00000,0x0000000f82c00000)]
  0x0000017b670da2e0 JavaThread "redisson-netty-1-21" [_thread_in_native, id=2040, stack(0x0000000f82c00000,0x0000000f82d00000)]
  0x0000017b670dbfc0 JavaThread "redisson-netty-1-22" [_thread_in_native, id=27052, stack(0x0000000f82d00000,0x0000000f82e00000)]
  0x0000017b670de640 JavaThread "redisson-3-9" [_thread_blocked, id=21468, stack(0x0000000f82e00000,0x0000000f82f00000)]
  0x0000017b670defe0 JavaThread "redisson-netty-1-23" [_thread_in_native, id=28376, stack(0x0000000f82f00000,0x0000000f83000000)]
  0x0000017b670d8600 JavaThread "redisson-netty-1-24" [_thread_in_native, id=18140, stack(0x0000000f83000000,0x0000000f83100000)]
  0x0000017b670da7b0 JavaThread "redisson-3-10" [_thread_blocked, id=21448, stack(0x0000000f83100000,0x0000000f83200000)]
  0x0000017b670dc490 JavaThread "redisson-netty-1-25" [_thread_in_native, id=19840, stack(0x0000000f83200000,0x0000000f83300000)]
  0x0000017b670db150 JavaThread "redisson-netty-1-26" [_thread_in_native, id=20024, stack(0x0000000f83300000,0x0000000f83400000)]
  0x0000017b670dbaf0 JavaThread "redisson-3-11" [_thread_blocked, id=26272, stack(0x0000000f83400000,0x0000000f83500000)]
  0x0000017b670dc960 JavaThread "redisson-netty-1-27" [_thread_in_native, id=3672, stack(0x0000000f83500000,0x0000000f83600000)]
  0x0000017b615bd610 JavaThread "redisson-netty-1-28" [_thread_in_native, id=10292, stack(0x0000000f83600000,0x0000000f83700000)]
  0x0000017b615c0fd0 JavaThread "redisson-3-12" [_thread_blocked, id=22928, stack(0x0000000f83700000,0x0000000f83800000)]
  0x0000017b615bfc90 JavaThread "redisson-netty-1-29" [_thread_in_native, id=10496, stack(0x0000000f83800000,0x0000000f83900000)]
  0x0000017b615c1970 JavaThread "redisson-netty-1-30" [_thread_in_native, id=26052, stack(0x0000000f83900000,0x0000000f83a00000)]
  0x0000017b615bdfb0 JavaThread "redisson-3-13" [_thread_blocked, id=1116, stack(0x0000000f83a00000,0x0000000f83b00000)]
  0x0000017b615c2310 JavaThread "redisson-netty-1-31" [_thread_in_native, id=13808, stack(0x0000000f83b00000,0x0000000f83c00000)]
  0x0000017b615bf7c0 JavaThread "redisson-3-14" [_thread_blocked, id=25864, stack(0x0000000f83c00000,0x0000000f83d00000)]
  0x0000017b615c27e0 JavaThread "redisson-netty-1-32" [_thread_in_native, id=28668, stack(0x0000000f83d00000,0x0000000f83e00000)]
  0x0000017b615bdae0 JavaThread "redisson-3-15" [_thread_blocked, id=23900, stack(0x0000000f83e00000,0x0000000f83f00000)]
  0x0000017b615c0160 JavaThread "redisson-3-16" [_thread_blocked, id=26508, stack(0x0000000f83f00000,0x0000000f84000000)]
  0x0000017b67598f20 JavaThread "RMI TCP Connection(5)-172.20.10.3" daemon [_thread_in_native, id=20592, stack(0x0000000f85600000,0x0000000f85700000)]
  0x0000017b675963d0 JavaThread "ClassGraph-worker-532" daemon [_thread_blocked, id=19140, stack(0x0000000f84100000,0x0000000f84200000)]
  0x0000017b67593880 JavaThread "ClassGraph-worker-533" daemon [_thread_blocked, id=25012, stack(0x0000000f84200000,0x0000000f84300000)]
  0x0000017b67595a30 JavaThread "ClassGraph-worker-534" daemon [_thread_blocked, id=15672, stack(0x0000000f84300000,0x0000000f84400000)]
  0x0000017b67592ee0 JavaThread "ClassGraph-worker-535" daemon [_thread_blocked, id=28188, stack(0x0000000f84400000,0x0000000f84500000)]
  0x0000017b67598580 JavaThread "ClassGraph-worker-536" daemon [_thread_blocked, id=26752, stack(0x0000000f84500000,0x0000000f84600000)]
  0x0000017b67594220 JavaThread "ClassGraph-worker-537" daemon [_thread_blocked, id=22268, stack(0x0000000f84600000,0x0000000f84700000)]
  0x0000017b675946f0 JavaThread "ClassGraph-worker-538" daemon [_thread_blocked, id=27620, stack(0x0000000f84700000,0x0000000f84800000)]
  0x0000017b67595f00 JavaThread "ClassGraph-worker-539" daemon [_thread_blocked, id=4172, stack(0x0000000f84800000,0x0000000f84900000)]
  0x0000017b67596d70 JavaThread "ClassGraph-worker-540" daemon [_thread_blocked, id=24060, stack(0x0000000f84900000,0x0000000f84a00000)]
  0x0000017b675933b0 JavaThread "ClassGraph-worker-541" daemon [_thread_blocked, id=7256, stack(0x0000000f84a00000,0x0000000f84b00000)]
  0x0000017b67592a10 JavaThread "ClassGraph-worker-542" daemon [_thread_blocked, id=27952, stack(0x0000000f84b00000,0x0000000f84c00000)]
  0x0000017b67597710 JavaThread "ClassGraph-worker-543" daemon [_thread_blocked, id=26520, stack(0x0000000f84c00000,0x0000000f84d00000)]
  0x0000017b675968a0 JavaThread "ClassGraph-worker-544" daemon [_thread_blocked, id=3328, stack(0x0000000f84d00000,0x0000000f84e00000)]
  0x0000017b67597be0 JavaThread "ClassGraph-worker-545" daemon [_thread_blocked, id=26744, stack(0x0000000f84e00000,0x0000000f84f00000)]
  0x0000017b67598a50 JavaThread "ClassGraph-worker-546" daemon [_thread_blocked, id=24328, stack(0x0000000f84f00000,0x0000000f85000000)]
  0x0000017b67593d50 JavaThread "ClassGraph-worker-547" daemon [_thread_blocked, id=21148, stack(0x0000000f85000000,0x0000000f85100000)]
  0x0000017b67594bc0 JavaThread "ClassGraph-worker-548" daemon [_thread_blocked, id=27800, stack(0x0000000f85100000,0x0000000f85200000)]
  0x0000017b675993f0 JavaThread "ClassGraph-worker-549" daemon [_thread_blocked, id=27484, stack(0x0000000f85200000,0x0000000f85300000)]
  0x0000017b67595560 JavaThread "ClassGraph-worker-550" daemon [_thread_blocked, id=21684, stack(0x0000000f85300000,0x0000000f85400000)]

Other Threads:
=>0x0000017b6085f820 VMThread "VM Thread" [stack: 0x0000000ffeb00000,0x0000000ffec00000] [id=26144]
  0x0000017b6161f750 WatcherThread [stack: 0x0000000f80200000,0x0000000f80300000] [id=22840]
  0x0000017b4728ed90 GCTaskThread "GC Thread#0" [stack: 0x0000000ffe600000,0x0000000ffe700000] [id=2012]
  0x0000017b613e3860 GCTaskThread "GC Thread#1" [stack: 0x0000000fffb00000,0x0000000fffc00000] [id=19040]
  0x0000017b613e3b10 GCTaskThread "GC Thread#2" [stack: 0x0000000fffc00000,0x0000000fffd00000] [id=18648]
  0x0000017b613e43d0 GCTaskThread "GC Thread#3" [stack: 0x0000000fffd00000,0x0000000fffe00000] [id=21528]
  0x0000017b613e4890 GCTaskThread "GC Thread#4" [stack: 0x0000000fffe00000,0x0000000ffff00000] [id=4792]
  0x0000017b614098f0 GCTaskThread "GC Thread#5" [stack: 0x0000000ffff00000,0x0000001000000000] [id=8600]
  0x0000017b613fe690 GCTaskThread "GC Thread#6" [stack: 0x0000000f80000000,0x0000000f80100000] [id=28612]
  0x0000017b6192cd20 GCTaskThread "GC Thread#7" [stack: 0x0000000f80300000,0x0000000f80400000] [id=15292]
  0x0000017b6192e3f0 GCTaskThread "GC Thread#8" [stack: 0x0000000f80400000,0x0000000f80500000] [id=23800]
  0x0000017b619306b0 GCTaskThread "GC Thread#9" [stack: 0x0000000f80500000,0x0000000f80600000] [id=28544]
  0x0000017b472a01f0 ConcurrentGCThread "G1 Main Marker" [stack: 0x0000000ffe700000,0x0000000ffe800000] [id=15952]
  0x0000017b472a12b0 ConcurrentGCThread "G1 Conc#0" [stack: 0x0000000ffe800000,0x0000000ffe900000] [id=25240]
  0x0000017b61b01740 ConcurrentGCThread "G1 Conc#1" [stack: 0x0000000f80900000,0x0000000f80a00000] [id=28076]
  0x0000017b61b01ca0 ConcurrentGCThread "G1 Conc#2" [stack: 0x0000000f80a00000,0x0000000f80b00000] [id=25396]
  0x0000017b5f4978e0 ConcurrentGCThread "G1 Refine#0" [stack: 0x0000000ffe900000,0x0000000ffea00000] [id=27848]
  0x0000017b674628c0 ConcurrentGCThread "G1 Refine#1" [stack: 0x0000000f84000000,0x0000000f84100000] [id=16380]
  0x0000017b67268720 ConcurrentGCThread "G1 Refine#2" [stack: 0x0000000f85400000,0x0000000f85500000] [id=10124]
  0x0000017b67478070 ConcurrentGCThread "G1 Refine#3" [stack: 0x0000000f85500000,0x0000000f85600000] [id=22000]
  0x0000017b67427f50 ConcurrentGCThread "G1 Refine#4" [stack: 0x0000000f85700000,0x0000000f85800000] [id=28232]
  0x0000017b5f498110 ConcurrentGCThread "G1 Service" [stack: 0x0000000ffea00000,0x0000000ffeb00000] [id=23008]

Threads with active compile tasks:

VM state: at safepoint (normal execution)

VM Mutex/Monitor currently owned by a thread:  ([mutex/lock_event])
[0x0000017b4723d080] Threads_lock - owner thread: 0x0000017b6085f820
[0x0000017b4723d1a0] Heap_lock - owner thread: 0x0000017b67592ee0

Heap address: 0x000000070a000000, size: 3936 MB, Compressed Oops mode: Zero based, Oop shift amount: 3

CDS archive(s) not mapped
Compressed class space mapped at: 0x0000000800000000-0x0000000840000000, reserved size: 1073741824
Narrow klass base: 0x0000000800000000, Narrow klass shift: 0, Narrow klass range: 0x40000000

GC Precious Log:
 CPUs: 12 total, 12 available
 Memory: 15741M
 Large Page Support: Disabled
 NUMA Support: Disabled
 Compressed Oops: Enabled (Zero based)
 Heap Region Size: 2M
 Heap Min Capacity: 8M
 Heap Initial Capacity: 246M
 Heap Max Capacity: 3936M
 Pre-touch: Disabled
 Parallel Workers: 10
 Concurrent Workers: 3
 Concurrent Refinement Workers: 10
 Periodic GC: Disabled

Heap:
 garbage-first heap   total 286720K, used 148304K [0x000000070a000000, 0x0000000800000000)
  region size 2048K, 6 young (12288K), 6 survivors (12288K)
 Metaspace       used 87852K, committed 88448K, reserved 1130496K
  class space    used 11082K, committed 11392K, reserved 1048576K

Heap Regions: E=young(eden), S=young(survivor), O=old, HS=humongous(starts), HC=humongous(continues), CS=collection set, F=free, OA=open archive, CA=closed archive, TAMS=top-at-mark-start (previous, next)
|   0|0x000000070a000000, 0x000000070a200000, 0x000000070a200000|100%|HS|  |TAMS 0x000000070a200000, 0x000000070a000000| Complete 
|   1|0x000000070a200000, 0x000000070a400000, 0x000000070a400000|100%|HC|  |TAMS 0x000000070a400000, 0x000000070a200000| Complete 
|   2|0x000000070a400000, 0x000000070a600000, 0x000000070a600000|100%| O|  |TAMS 0x000000070a600000, 0x000000070a400000| Untracked 
|   3|0x000000070a600000, 0x000000070a800000, 0x000000070a800000|100%| O|  |TAMS 0x000000070a800000, 0x000000070a600000| Untracked 
|   4|0x000000070a800000, 0x000000070aa00000, 0x000000070aa00000|100%| O|  |TAMS 0x000000070aa00000, 0x000000070a800000| Untracked 
|   5|0x000000070aa00000, 0x000000070ac00000, 0x000000070ac00000|100%| O|  |TAMS 0x000000070ac00000, 0x000000070aa00000| Untracked 
|   6|0x000000070ac00000, 0x000000070ae00000, 0x000000070ae00000|100%| O|  |TAMS 0x000000070ae00000, 0x000000070ac00000| Untracked 
|   7|0x000000070ae00000, 0x000000070b000000, 0x000000070b000000|100%| O|  |TAMS 0x000000070b000000, 0x000000070ae00000| Untracked 
|   8|0x000000070b000000, 0x000000070b200000, 0x000000070b200000|100%| O|  |TAMS 0x000000070b200000, 0x000000070b000000| Untracked 
|   9|0x000000070b200000, 0x000000070b400000, 0x000000070b400000|100%| O|  |TAMS 0x000000070b400000, 0x000000070b200000| Untracked 
|  10|0x000000070b400000, 0x000000070b600000, 0x000000070b600000|100%| O|  |TAMS 0x000000070b600000, 0x000000070b400000| Untracked 
|  11|0x000000070b600000, 0x000000070b7c1400, 0x000000070b800000| 87%| O|  |TAMS 0x000000070b7c1400, 0x000000070b600000| Untracked 
|  12|0x000000070b800000, 0x000000070ba00000, 0x000000070ba00000|100%| O|  |TAMS 0x000000070ba00000, 0x000000070b800000| Untracked 
|  13|0x000000070ba00000, 0x000000070bc00000, 0x000000070bc00000|100%| O|  |TAMS 0x000000070bc00000, 0x000000070ba00000| Untracked 
|  14|0x000000070bc00000, 0x000000070be00000, 0x000000070be00000|100%| O|  |TAMS 0x000000070be00000, 0x000000070bc00000| Untracked 
|  15|0x000000070be00000, 0x000000070c000000, 0x000000070c000000|100%| O|  |TAMS 0x000000070c000000, 0x000000070be00000| Untracked 
|  16|0x000000070c000000, 0x000000070c200000, 0x000000070c200000|100%| O|  |TAMS 0x000000070c200000, 0x000000070c000000| Untracked 
|  17|0x000000070c200000, 0x000000070c400000, 0x000000070c400000|100%| O|  |TAMS 0x000000070c400000, 0x000000070c200000| Untracked 
|  18|0x000000070c400000, 0x000000070c600000, 0x000000070c600000|100%| O|  |TAMS 0x000000070c600000, 0x000000070c400000| Untracked 
|  19|0x000000070c600000, 0x000000070c800000, 0x000000070c800000|100%| O|  |TAMS 0x000000070c800000, 0x000000070c600000| Untracked 
|  20|0x000000070c800000, 0x000000070ca00000, 0x000000070ca00000|100%| O|  |TAMS 0x000000070ca00000, 0x000000070c800000| Untracked 
|  21|0x000000070ca00000, 0x000000070cc00000, 0x000000070cc00000|100%| O|  |TAMS 0x000000070cc00000, 0x000000070ca00000| Untracked 
|  22|0x000000070cc00000, 0x000000070ce00000, 0x000000070ce00000|100%| O|  |TAMS 0x000000070ce00000, 0x000000070cc00000| Untracked 
|  23|0x000000070ce00000, 0x000000070d000000, 0x000000070d000000|100%| O|  |TAMS 0x000000070d000000, 0x000000070ce00000| Untracked 
|  24|0x000000070d000000, 0x000000070d200000, 0x000000070d200000|100%| O|  |TAMS 0x000000070d200000, 0x000000070d000000| Untracked 
|  25|0x000000070d200000, 0x000000070d400000, 0x000000070d400000|100%| O|  |TAMS 0x000000070d400000, 0x000000070d200000| Untracked 
|  26|0x000000070d400000, 0x000000070d600000, 0x000000070d600000|100%| O|  |TAMS 0x000000070d600000, 0x000000070d400000| Untracked 
|  27|0x000000070d600000, 0x000000070d800000, 0x000000070d800000|100%| O|  |TAMS 0x000000070d800000, 0x000000070d600000| Untracked 
|  28|0x000000070d800000, 0x000000070da00000, 0x000000070da00000|100%| O|  |TAMS 0x000000070da00000, 0x000000070d800000| Untracked 
|  29|0x000000070da00000, 0x000000070dc00000, 0x000000070dc00000|100%| O|  |TAMS 0x000000070dc00000, 0x000000070da00000| Untracked 
|  30|0x000000070dc00000, 0x000000070de00000, 0x000000070de00000|100%| O|  |TAMS 0x000000070de00000, 0x000000070dc00000| Untracked 
|  31|0x000000070de00000, 0x000000070e000000, 0x000000070e000000|100%|HS|  |TAMS 0x000000070de00000, 0x000000070de00000| Complete 
|  32|0x000000070e000000, 0x000000070e200000, 0x000000070e200000|100%|HC|  |TAMS 0x000000070e000000, 0x000000070e000000| Complete 
|  33|0x000000070e200000, 0x000000070e400000, 0x000000070e400000|100%| O|  |TAMS 0x000000070e400000, 0x000000070e200000| Untracked 
|  34|0x000000070e400000, 0x000000070e600000, 0x000000070e600000|100%| O|  |TAMS 0x000000070e400000, 0x000000070e400000| Untracked 
|  35|0x000000070e600000, 0x000000070e800000, 0x000000070e800000|100%| O|  |TAMS 0x000000070e600000, 0x000000070e600000| Untracked 
|  36|0x000000070e800000, 0x000000070ea00000, 0x000000070ea00000|100%| O|  |TAMS 0x000000070e800000, 0x000000070e800000| Untracked 
|  37|0x000000070ea00000, 0x000000070ec00000, 0x000000070ec00000|100%| O|  |TAMS 0x000000070ea00000, 0x000000070ea00000| Untracked 
|  38|0x000000070ec00000, 0x000000070ee00000, 0x000000070ee00000|100%| O|  |TAMS 0x000000070ec00000, 0x000000070ec00000| Untracked 
|  39|0x000000070ee00000, 0x000000070f000000, 0x000000070f000000|100%| O|  |TAMS 0x000000070f000000, 0x000000070ee00000| Untracked 
|  40|0x000000070f000000, 0x000000070f200000, 0x000000070f200000|100%| O|  |TAMS 0x000000070f000000, 0x000000070f000000| Untracked 
|  41|0x000000070f200000, 0x000000070f400000, 0x000000070f400000|100%| O|  |TAMS 0x000000070f200000, 0x000000070f200000| Untracked 
|  42|0x000000070f400000, 0x000000070f600000, 0x000000070f600000|100%| O|  |TAMS 0x000000070f400000, 0x000000070f400000| Untracked 
|  43|0x000000070f600000, 0x000000070f800000, 0x000000070f800000|100%| O|  |TAMS 0x000000070f800000, 0x000000070f600000| Untracked 
|  44|0x000000070f800000, 0x000000070fa00000, 0x000000070fa00000|100%| O|  |TAMS 0x000000070fa00000, 0x000000070f800000| Untracked 
|  45|0x000000070fa00000, 0x000000070fc00000, 0x000000070fc00000|100%| O|  |TAMS 0x000000070fc00000, 0x000000070fa00000| Untracked 
|  46|0x000000070fc00000, 0x000000070fe00000, 0x000000070fe00000|100%| O|  |TAMS 0x000000070fc00000, 0x000000070fc00000| Untracked 
|  47|0x000000070fe00000, 0x0000000710000000, 0x0000000710000000|100%| O|  |TAMS 0x000000070fe00000, 0x000000070fe00000| Untracked 
|  48|0x0000000710000000, 0x0000000710200000, 0x0000000710200000|100%| O|  |TAMS 0x0000000710000000, 0x0000000710000000| Untracked 
|  49|0x0000000710200000, 0x0000000710400000, 0x0000000710400000|100%| O|  |TAMS 0x0000000710200000, 0x0000000710200000| Untracked 
|  50|0x0000000710400000, 0x0000000710600000, 0x0000000710600000|100%| O|  |TAMS 0x0000000710600000, 0x0000000710400000| Untracked 
|  51|0x0000000710600000, 0x0000000710800000, 0x0000000710800000|100%| O|  |TAMS 0x0000000710800000, 0x0000000710600000| Untracked 
|  52|0x0000000710800000, 0x0000000710a00000, 0x0000000710a00000|100%| O|  |TAMS 0x0000000710a00000, 0x0000000710800000| Untracked 
|  53|0x0000000710a00000, 0x0000000710b12e00, 0x0000000710c00000| 53%| O|  |TAMS 0x0000000710a00000, 0x0000000710a00000| Untracked 
|  54|0x0000000710c00000, 0x0000000710c00000, 0x0000000710e00000|  0%| F|  |TAMS 0x0000000710c00000, 0x0000000710c00000| Untracked 
|  55|0x0000000710e00000, 0x0000000710e00000, 0x0000000711000000|  0%| F|  |TAMS 0x0000000710e00000, 0x0000000710e00000| Untracked 
|  56|0x0000000711000000, 0x0000000711200000, 0x0000000711200000|100%| O|  |TAMS 0x0000000711000000, 0x0000000711000000| Untracked 
|  57|0x0000000711200000, 0x0000000711200000, 0x0000000711400000|  0%| F|  |TAMS 0x0000000711200000, 0x0000000711200000| Untracked 
|  58|0x0000000711400000, 0x0000000711600000, 0x0000000711600000|100%| O|  |TAMS 0x0000000711600000, 0x0000000711400000| Untracked 
|  59|0x0000000711600000, 0x0000000711800000, 0x0000000711800000|100%| O|  |TAMS 0x0000000711800000, 0x0000000711600000| Untracked 
|  60|0x0000000711800000, 0x0000000711800000, 0x0000000711a00000|  0%| F|  |TAMS 0x0000000711800000, 0x0000000711800000| Untracked 
|  61|0x0000000711a00000, 0x0000000711c00000, 0x0000000711c00000|100%| O|  |TAMS 0x0000000711a00000, 0x0000000711a00000| Untracked 
|  62|0x0000000711c00000, 0x0000000711c00000, 0x0000000711e00000|  0%| F|  |TAMS 0x0000000711c00000, 0x0000000711c00000| Untracked 
|  63|0x0000000711e00000, 0x0000000711e00000, 0x0000000712000000|  0%| F|  |TAMS 0x0000000711e00000, 0x0000000711e00000| Untracked 
|  64|0x0000000712000000, 0x0000000712200000, 0x0000000712200000|100%| O|  |TAMS 0x0000000712200000, 0x0000000712000000| Untracked 
|  65|0x0000000712200000, 0x0000000712400000, 0x0000000712400000|100%| O|  |TAMS 0x0000000712400000, 0x0000000712200000| Untracked 
|  66|0x0000000712400000, 0x0000000712400000, 0x0000000712600000|  0%| F|  |TAMS 0x0000000712400000, 0x0000000712400000| Untracked 
|  67|0x0000000712600000, 0x0000000712800000, 0x0000000712800000|100%| O|  |TAMS 0x0000000712800000, 0x0000000712600000| Untracked 
|  68|0x0000000712800000, 0x0000000712a00000, 0x0000000712a00000|100%| O|  |TAMS 0x0000000712a00000, 0x0000000712800000| Untracked 
|  69|0x0000000712a00000, 0x0000000712c00000, 0x0000000712c00000|100%| O|  |TAMS 0x0000000712c00000, 0x0000000712a00000| Untracked 
|  70|0x0000000712c00000, 0x0000000712e00000, 0x0000000712e00000|100%| O|  |TAMS 0x0000000712e00000, 0x0000000712c00000| Untracked 
|  71|0x0000000712e00000, 0x0000000713000000, 0x0000000713000000|100%| O|  |TAMS 0x0000000712e48a00, 0x0000000712e00000| Untracked 
|  72|0x0000000713000000, 0x0000000713200000, 0x0000000713200000|100%| O|  |TAMS 0x0000000713000000, 0x0000000713000000| Untracked 
|  73|0x0000000713200000, 0x0000000713400000, 0x0000000713400000|100%| O|  |TAMS 0x0000000713200000, 0x0000000713200000| Untracked 
|  74|0x0000000713400000, 0x0000000713400000, 0x0000000713600000|  0%| F|  |TAMS 0x0000000713400000, 0x0000000713400000| Untracked 
|  75|0x0000000713600000, 0x0000000713600000, 0x0000000713800000|  0%| F|  |TAMS 0x0000000713600000, 0x0000000713600000| Untracked 
|  76|0x0000000713800000, 0x0000000713800000, 0x0000000713a00000|  0%| F|  |TAMS 0x0000000713800000, 0x0000000713800000| Untracked 
|  77|0x0000000713a00000, 0x0000000713a00000, 0x0000000713c00000|  0%| F|  |TAMS 0x0000000713a00000, 0x0000000713a00000| Untracked 
|  78|0x0000000713c00000, 0x0000000713c00000, 0x0000000713e00000|  0%| F|  |TAMS 0x0000000713c00000, 0x0000000713c00000| Untracked 
|  79|0x0000000713e00000, 0x0000000713e00000, 0x0000000714000000|  0%| F|  |TAMS 0x0000000713e00000, 0x0000000713e00000| Untracked 
|  80|0x0000000714000000, 0x0000000714000000, 0x0000000714200000|  0%| F|  |TAMS 0x0000000714000000, 0x0000000714000000| Untracked 
|  81|0x0000000714200000, 0x0000000714200000, 0x0000000714400000|  0%| F|  |TAMS 0x0000000714200000, 0x0000000714200000| Untracked 
|  82|0x0000000714400000, 0x0000000714400000, 0x0000000714600000|  0%| F|  |TAMS 0x0000000714400000, 0x0000000714400000| Untracked 
|  83|0x0000000714600000, 0x0000000714600000, 0x0000000714800000|  0%| F|  |TAMS 0x0000000714600000, 0x0000000714600000| Untracked 
|  84|0x0000000714800000, 0x0000000714800000, 0x0000000714a00000|  0%| F|  |TAMS 0x0000000714800000, 0x0000000714800000| Untracked 
|  85|0x0000000714a00000, 0x0000000714a00000, 0x0000000714c00000|  0%| F|  |TAMS 0x0000000714a00000, 0x0000000714a00000| Untracked 
|  86|0x0000000714c00000, 0x0000000714c00000, 0x0000000714e00000|  0%| F|  |TAMS 0x0000000714c00000, 0x0000000714c00000| Untracked 
|  87|0x0000000714e00000, 0x0000000714e00000, 0x0000000715000000|  0%| F|  |TAMS 0x0000000714e00000, 0x0000000714e00000| Untracked 
|  88|0x0000000715000000, 0x0000000715000000, 0x0000000715200000|  0%| F|  |TAMS 0x0000000715000000, 0x0000000715000000| Untracked 
|  89|0x0000000715200000, 0x0000000715200000, 0x0000000715400000|  0%| F|  |TAMS 0x0000000715200000, 0x0000000715200000| Untracked 
|  90|0x0000000715400000, 0x0000000715400000, 0x0000000715600000|  0%| F|  |TAMS 0x0000000715400000, 0x0000000715400000| Untracked 
|  91|0x0000000715600000, 0x0000000715600000, 0x0000000715800000|  0%| F|  |TAMS 0x0000000715600000, 0x0000000715600000| Untracked 
|  92|0x0000000715800000, 0x0000000715800000, 0x0000000715a00000|  0%| F|  |TAMS 0x0000000715800000, 0x0000000715800000| Untracked 
|  93|0x0000000715a00000, 0x0000000715c00000, 0x0000000715c00000|100%| S|CS|TAMS 0x0000000715a00000, 0x0000000715a00000| Complete 
|  94|0x0000000715c00000, 0x0000000715e00000, 0x0000000715e00000|100%| S|CS|TAMS 0x0000000715c00000, 0x0000000715c00000| Complete 
|  95|0x0000000715e00000, 0x0000000716000000, 0x0000000716000000|100%| S|CS|TAMS 0x0000000715e00000, 0x0000000715e00000| Complete 
|  96|0x0000000716000000, 0x0000000716200000, 0x0000000716200000|100%| S|CS|TAMS 0x0000000716000000, 0x0000000716000000| Complete 
|  97|0x0000000716200000, 0x0000000716400000, 0x0000000716400000|100%| S|CS|TAMS 0x0000000716200000, 0x0000000716200000| Complete 
|  98|0x0000000716400000, 0x0000000716600000, 0x0000000716600000|100%| S|CS|TAMS 0x0000000716400000, 0x0000000716400000| Complete 
|  99|0x0000000716600000, 0x0000000716600000, 0x0000000716800000|  0%| F|  |TAMS 0x0000000716600000, 0x0000000716600000| Untracked 
| 100|0x0000000716800000, 0x0000000716800000, 0x0000000716a00000|  0%| F|  |TAMS 0x0000000716800000, 0x0000000716800000| Untracked 
| 101|0x0000000716a00000, 0x0000000716a00000, 0x0000000716c00000|  0%| F|  |TAMS 0x0000000716a00000, 0x0000000716a00000| Untracked 
| 102|0x0000000716c00000, 0x0000000716c00000, 0x0000000716e00000|  0%| F|  |TAMS 0x0000000716c00000, 0x0000000716c00000| Untracked 
| 103|0x0000000716e00000, 0x0000000716e00000, 0x0000000717000000|  0%| F|  |TAMS 0x0000000716e00000, 0x0000000716e00000| Untracked 
| 104|0x0000000717000000, 0x0000000717000000, 0x0000000717200000|  0%| F|  |TAMS 0x0000000717000000, 0x0000000717000000| Untracked 
| 105|0x0000000717200000, 0x0000000717200000, 0x0000000717400000|  0%| F|  |TAMS 0x0000000717200000, 0x0000000717200000| Untracked 
| 106|0x0000000717400000, 0x0000000717400000, 0x0000000717600000|  0%| F|  |TAMS 0x0000000717400000, 0x0000000717400000| Untracked 
| 107|0x0000000717600000, 0x0000000717600000, 0x0000000717800000|  0%| F|  |TAMS 0x0000000717600000, 0x0000000717600000| Untracked 
| 108|0x0000000717800000, 0x0000000717800000, 0x0000000717a00000|  0%| F|  |TAMS 0x0000000717800000, 0x0000000717800000| Untracked 
| 109|0x0000000717a00000, 0x0000000717a00000, 0x0000000717c00000|  0%| F|  |TAMS 0x0000000717a00000, 0x0000000717a00000| Untracked 
| 110|0x0000000717c00000, 0x0000000717c00000, 0x0000000717e00000|  0%| F|  |TAMS 0x0000000717c00000, 0x0000000717c00000| Untracked 
| 111|0x0000000717e00000, 0x0000000717e00000, 0x0000000718000000|  0%| F|  |TAMS 0x0000000717e00000, 0x0000000717e00000| Untracked 
| 112|0x0000000718000000, 0x0000000718000000, 0x0000000718200000|  0%| F|  |TAMS 0x0000000718000000, 0x0000000718000000| Untracked 
| 113|0x0000000718200000, 0x0000000718200000, 0x0000000718400000|  0%| F|  |TAMS 0x0000000718200000, 0x0000000718200000| Untracked 
| 114|0x0000000718400000, 0x0000000718400000, 0x0000000718600000|  0%| F|  |TAMS 0x0000000718400000, 0x0000000718400000| Untracked 
| 115|0x0000000718600000, 0x0000000718600000, 0x0000000718800000|  0%| F|  |TAMS 0x0000000718600000, 0x0000000718600000| Untracked 
| 116|0x0000000718800000, 0x0000000718800000, 0x0000000718a00000|  0%| F|  |TAMS 0x0000000718800000, 0x0000000718800000| Untracked 
| 117|0x0000000718a00000, 0x0000000718a00000, 0x0000000718c00000|  0%| F|  |TAMS 0x0000000718a00000, 0x0000000718a00000| Untracked 
| 118|0x0000000718c00000, 0x0000000718c00000, 0x0000000718e00000|  0%| F|  |TAMS 0x0000000718c00000, 0x0000000718c00000| Untracked 
| 119|0x0000000718e00000, 0x0000000718e00000, 0x0000000719000000|  0%| F|  |TAMS 0x0000000718e00000, 0x0000000718e00000| Untracked 
| 120|0x0000000719000000, 0x0000000719000000, 0x0000000719200000|  0%| F|  |TAMS 0x0000000719000000, 0x0000000719000000| Untracked 
| 121|0x0000000719200000, 0x0000000719200000, 0x0000000719400000|  0%| F|  |TAMS 0x0000000719200000, 0x0000000719200000| Untracked 
| 122|0x0000000719400000, 0x0000000719400000, 0x0000000719600000|  0%| F|  |TAMS 0x0000000719400000, 0x0000000719400000| Untracked 
| 123|0x0000000719600000, 0x0000000719600000, 0x0000000719800000|  0%| F|  |TAMS 0x0000000719600000, 0x0000000719600000| Untracked 
| 124|0x0000000719800000, 0x0000000719800000, 0x0000000719a00000|  0%| F|  |TAMS 0x0000000719800000, 0x0000000719800000| Untracked 
| 125|0x0000000719a00000, 0x0000000719a00000, 0x0000000719c00000|  0%| F|  |TAMS 0x0000000719a00000, 0x0000000719a00000| Untracked 
| 126|0x0000000719c00000, 0x0000000719c00000, 0x0000000719e00000|  0%| F|  |TAMS 0x0000000719c00000, 0x0000000719c00000| Untracked 
| 127|0x0000000719e00000, 0x0000000719e00000, 0x000000071a000000|  0%| F|  |TAMS 0x0000000719e00000, 0x0000000719e00000| Untracked 
| 128|0x000000071a000000, 0x000000071a000000, 0x000000071a200000|  0%| F|  |TAMS 0x000000071a000000, 0x000000071a000000| Untracked 
| 129|0x000000071a200000, 0x000000071a200000, 0x000000071a400000|  0%| F|  |TAMS 0x000000071a200000, 0x000000071a200000| Untracked 
| 130|0x000000071a400000, 0x000000071a400000, 0x000000071a600000|  0%| F|  |TAMS 0x000000071a400000, 0x000000071a400000| Untracked 
| 131|0x000000071a600000, 0x000000071a600000, 0x000000071a800000|  0%| F|  |TAMS 0x000000071a600000, 0x000000071a600000| Untracked 
| 132|0x000000071a800000, 0x000000071a800000, 0x000000071aa00000|  0%| F|  |TAMS 0x000000071a800000, 0x000000071a800000| Untracked 
| 133|0x000000071aa00000, 0x000000071aa00000, 0x000000071ac00000|  0%| F|  |TAMS 0x000000071aa00000, 0x000000071aa00000| Untracked 
| 134|0x000000071ac00000, 0x000000071ac00000, 0x000000071ae00000|  0%| F|  |TAMS 0x000000071ac00000, 0x000000071ac00000| Untracked 
| 135|0x000000071ae00000, 0x000000071ae00000, 0x000000071b000000|  0%| F|  |TAMS 0x000000071ae00000, 0x000000071ae00000| Untracked 
| 136|0x000000071b000000, 0x000000071b000000, 0x000000071b200000|  0%| F|  |TAMS 0x000000071b000000, 0x000000071b000000| Untracked 
| 137|0x000000071b200000, 0x000000071b200000, 0x000000071b400000|  0%| F|  |TAMS 0x000000071b200000, 0x000000071b200000| Untracked 
| 138|0x000000071b400000, 0x000000071b400000, 0x000000071b600000|  0%| F|  |TAMS 0x000000071b400000, 0x000000071b400000| Untracked 
| 139|0x000000071b600000, 0x000000071b600000, 0x000000071b800000|  0%| F|  |TAMS 0x000000071b600000, 0x000000071b600000| Untracked 

Card table byte_map: [0x0000017b544a0000,0x0000017b54c50000] _byte_map_base: 0x0000017b50c50000

Marking Bits (Prev, Next): (CMBitMap*) 0x0000017b47290300, (CMBitMap*) 0x0000017b472902c0
 Prev Bits: [0x0000017b59180000, 0x0000017b5cf00000)
 Next Bits: [0x0000017b55400000, 0x0000017b59180000)

Polling page: 0x0000017b472e0000

Metaspace:

Usage:
  Non-class:     74.97 MB used.
      Class:     10.82 MB used.
       Both:     85.79 MB used.

Virtual space:
  Non-class space:       80.00 MB reserved,      75.25 MB ( 94%) committed,  10 nodes.
      Class space:        1.00 GB reserved,      11.12 MB (  1%) committed,  1 nodes.
             Both:        1.08 GB reserved,      86.38 MB (  8%) committed. 

Chunk freelists:
   Non-Class:  3.91 MB
       Class:  813.00 KB
        Both:  4.71 MB

MaxMetaspaceSize: unlimited
CompressedClassSpaceSize: 1.00 GB
Initial GC threshold: 21.00 MB
Current GC threshold: 144.00 MB
CDS: off
MetaspaceReclaimPolicy: balanced
 - commit_granule_bytes: 65536.
 - commit_granule_words: 8192.
 - virtual_space_node_default_size: 1048576.
 - enlarge_chunks_in_place: 1.
 - new_chunks_are_fully_committed: 0.
 - uncommit_free_chunks: 1.
 - use_allocation_guard: 0.
 - handle_deallocations: 1.


Internal statistics:

num_allocs_failed_limit: 9.
num_arena_births: 916.
num_arena_deaths: 0.
num_vsnodes_births: 11.
num_vsnodes_deaths: 0.
num_space_committed: 1382.
num_space_uncommitted: 0.
num_chunks_returned_to_freelist: 9.
num_chunks_taken_from_freelist: 3870.
num_chunk_merges: 6.
num_chunk_splits: 2641.
num_chunks_enlarged: 1946.
num_purges: 0.
num_inconsistent_stats: 0.

CodeCache: size=49152Kb used=19767Kb max_used=19767Kb free=29384Kb
 bounds [0x0000017b501e0000, 0x0000017b51530000, 0x0000017b531e0000]
 total_blobs=9951 nmethods=9246 adapters=628
 compilation: enabled
              stopped_count=0, restarted_count=0
 full_count=0

Compilation events (20 events):
Event: 18.344 Thread 0x0000017b60b0f060 nmethod 9397 0x0000017b51527e90 code [0x0000017b51528080, 0x0000017b51528488]
Event: 18.344 Thread 0x0000017b5f5cc800 nmethod 9395 0x0000017b51528790 code [0x0000017b51528980, 0x0000017b51528d88]
Event: 18.344 Thread 0x0000017b619e59e0 9399   !   1       jdk.internal.reflect.GeneratedMethodAccessor26::invoke (61 bytes)
Event: 18.344 Thread 0x0000017b608e6e60 9400   !   1       jdk.internal.reflect.GeneratedMethodAccessor27::invoke (61 bytes)
Event: 18.344 Thread 0x0000017b608e6e60 nmethod 9400 0x0000017b51529090 code [0x0000017b515292a0, 0x0000017b515297c8]
Event: 18.344 Thread 0x0000017b619e59e0 nmethod 9399 0x0000017b51529b10 code [0x0000017b51529d40, 0x0000017b5152a3f8]
Event: 18.345 Thread 0x0000017b619e59e0 9401       1       io.github.classgraph.ModuleRef::hashCode (16 bytes)
Event: 18.346 Thread 0x0000017b5f5cc800 9402       1       io.github.classgraph.ModuleRef::isSystemModule (73 bytes)
Event: 18.346 Thread 0x0000017b60b0f060 9403   !   1       nonapi.io.github.classgraph.classloaderhandler.ClassLoaderHandlerRegistry$ClassLoaderHandlerRegistryEntry::canHandle (62 bytes)
Event: 18.346 Thread 0x0000017b619e59e0 nmethod 9401 0x0000017b5152a890 code [0x0000017b5152aa40, 0x0000017b5152ab78]
Event: 18.346 Thread 0x0000017b608e6e60 9404       1       java.lang.WeakPairMap::get (17 bytes)
Event: 18.346 Thread 0x0000017b5f5cc800 nmethod 9402 0x0000017b5152ac10 code [0x0000017b5152ade0, 0x0000017b5152b078]
Event: 18.347 Thread 0x0000017b608e6e60 nmethod 9404 0x0000017b5152b290 code [0x0000017b5152b4a0, 0x0000017b5152bad8]
Event: 18.347 Thread 0x0000017b60b0f060 nmethod 9403 0x0000017b5152be90 code [0x0000017b5152c0e0, 0x0000017b5152c968]
Event: 18.367 Thread 0x0000017b60b0f060 9405       1       java.lang.invoke.LambdaForm$MH/0x0000000800204c00::invoke (27 bytes)
Event: 18.368 Thread 0x0000017b60b0f060 nmethod 9405 0x0000017b5152cf10 code [0x0000017b5152d0c0, 0x0000017b5152d238]
Event: 18.619 Thread 0x0000017b608e6e60 9406       1       sun.nio.fs.NativeBuffer::<init> (44 bytes)
Event: 18.619 Thread 0x0000017b60b0f060 9407       1       sun.nio.fs.NativeBuffer$Deallocator::<init> (10 bytes)
Event: 18.619 Thread 0x0000017b60b0f060 nmethod 9407 0x0000017b5152d390 code [0x0000017b5152d520, 0x0000017b5152d5f8]
Event: 18.620 Thread 0x0000017b608e6e60 nmethod 9406 0x0000017b5152d690 code [0x0000017b5152d840, 0x0000017b5152db38]

GC Heap History (20 events):
Event: 15.503 GC heap after
{Heap after GC invocations=34 (full 0):
 garbage-first heap   total 215040K, used 71029K [0x000000070a000000, 0x0000000800000000)
  region size 2048K, 6 young (12288K), 6 survivors (12288K)
 Metaspace       used 85716K, committed 86272K, reserved 1130496K
  class space    used 10805K, committed 11072K, reserved 1048576K
}
Event: 15.974 GC heap before
{Heap before GC invocations=34 (full 0):
 garbage-first heap   total 215040K, used 177525K [0x000000070a000000, 0x0000000800000000)
  region size 2048K, 58 young (118784K), 6 survivors (12288K)
 Metaspace       used 86825K, committed 87424K, reserved 1130496K
  class space    used 10960K, committed 11264K, reserved 1048576K
}
Event: 15.982 GC heap after
{Heap after GC invocations=35 (full 0):
 garbage-first heap   total 215040K, used 73692K [0x000000070a000000, 0x0000000800000000)
  region size 2048K, 6 young (12288K), 6 survivors (12288K)
 Metaspace       used 86825K, committed 87424K, reserved 1130496K
  class space    used 10960K, committed 11264K, reserved 1048576K
}
Event: 16.499 GC heap before
{Heap before GC invocations=35 (full 0):
 garbage-first heap   total 215040K, used 180188K [0x000000070a000000, 0x0000000800000000)
  region size 2048K, 57 young (116736K), 6 survivors (12288K)
 Metaspace       used 87770K, committed 88320K, reserved 1130496K
  class space    used 11070K, committed 11328K, reserved 1048576K
}
Event: 16.511 GC heap after
{Heap after GC invocations=36 (full 0):
 garbage-first heap   total 215040K, used 90858K [0x000000070a000000, 0x0000000800000000)
  region size 2048K, 8 young (16384K), 8 survivors (16384K)
 Metaspace       used 87770K, committed 88320K, reserved 1130496K
  class space    used 11070K, committed 11328K, reserved 1048576K
}
Event: 16.833 GC heap before
{Heap before GC invocations=36 (full 0):
 garbage-first heap   total 215040K, used 168682K [0x000000070a000000, 0x0000000800000000)
  region size 2048K, 45 young (92160K), 8 survivors (16384K)
 Metaspace       used 87844K, committed 88448K, reserved 1130496K
  class space    used 11081K, committed 11392K, reserved 1048576K
}
Event: 16.847 GC heap after
{Heap after GC invocations=37 (full 0):
 garbage-first heap   total 215040K, used 109582K [0x000000070a000000, 0x0000000800000000)
  region size 2048K, 6 young (12288K), 6 survivors (12288K)
 Metaspace       used 87844K, committed 88448K, reserved 1130496K
  class space    used 11081K, committed 11392K, reserved 1048576K
}
Event: 17.037 GC heap before
{Heap before GC invocations=37 (full 0):
 garbage-first heap   total 215040K, used 168974K [0x000000070a000000, 0x0000000800000000)
  region size 2048K, 35 young (71680K), 6 survivors (12288K)
 Metaspace       used 87844K, committed 88448K, reserved 1130496K
  class space    used 11081K, committed 11392K, reserved 1048576K
}
Event: 17.049 GC heap after
{Heap after GC invocations=38 (full 0):
 garbage-first heap   total 258048K, used 127852K [0x000000070a000000, 0x0000000800000000)
  region size 2048K, 5 young (10240K), 5 survivors (10240K)
 Metaspace       used 87844K, committed 88448K, reserved 1130496K
  class space    used 11081K, committed 11392K, reserved 1048576K
}
Event: 17.362 GC heap before
{Heap before GC invocations=39 (full 0):
 garbage-first heap   total 258048K, used 195436K [0x000000070a000000, 0x0000000800000000)
  region size 2048K, 37 young (75776K), 5 survivors (10240K)
 Metaspace       used 87844K, committed 88448K, reserved 1130496K
  class space    used 11081K, committed 11392K, reserved 1048576K
}
Event: 17.370 GC heap after
{Heap after GC invocations=40 (full 0):
 garbage-first heap   total 258048K, used 142908K [0x000000070a000000, 0x0000000800000000)
  region size 2048K, 5 young (10240K), 5 survivors (10240K)
 Metaspace       used 87844K, committed 88448K, reserved 1130496K
  class space    used 11081K, committed 11392K, reserved 1048576K
}
Event: 17.374 GC heap before
{Heap before GC invocations=40 (full 0):
 garbage-first heap   total 258048K, used 144956K [0x000000070a000000, 0x0000000800000000)
  region size 2048K, 6 young (12288K), 5 survivors (10240K)
 Metaspace       used 87844K, committed 88448K, reserved 1130496K
  class space    used 11081K, committed 11392K, reserved 1048576K
}
Event: 17.378 GC heap after
{Heap after GC invocations=41 (full 0):
 garbage-first heap   total 258048K, used 145447K [0x000000070a000000, 0x0000000800000000)
  region size 2048K, 1 young (2048K), 1 survivors (2048K)
 Metaspace       used 87844K, committed 88448K, reserved 1130496K
  class space    used 11081K, committed 11392K, reserved 1048576K
}
Event: 17.719 GC heap before
{Heap before GC invocations=41 (full 0):
 garbage-first heap   total 258048K, used 186407K [0x000000070a000000, 0x0000000800000000)
  region size 2048K, 23 young (47104K), 1 survivors (2048K)
 Metaspace       used 87852K, committed 88448K, reserved 1130496K
  class space    used 11082K, committed 11392K, reserved 1048576K
}
Event: 17.733 GC heap after
{Heap after GC invocations=42 (full 0):
 garbage-first heap   total 258048K, used 157445K [0x000000070a000000, 0x0000000800000000)
  region size 2048K, 4 young (8192K), 4 survivors (8192K)
 Metaspace       used 87852K, committed 88448K, reserved 1130496K
  class space    used 11082K, committed 11392K, reserved 1048576K
}
Event: 17.916 GC heap before
{Heap before GC invocations=43 (full 0):
 garbage-first heap   total 286720K, used 184069K [0x000000070a000000, 0x0000000800000000)
  region size 2048K, 25 young (51200K), 4 survivors (8192K)
 Metaspace       used 87852K, committed 88448K, reserved 1130496K
  class space    used 11082K, committed 11392K, reserved 1048576K
}
Event: 17.929 GC heap after
{Heap after GC invocations=44 (full 0):
 garbage-first heap   total 286720K, used 148262K [0x000000070a000000, 0x0000000800000000)
  region size 2048K, 4 young (8192K), 4 survivors (8192K)
 Metaspace       used 87852K, committed 88448K, reserved 1130496K
  class space    used 11082K, committed 11392K, reserved 1048576K
}
Event: 17.945 GC heap before
{Heap before GC invocations=44 (full 0):
 garbage-first heap   total 286720K, used 154406K [0x000000070a000000, 0x0000000800000000)
  region size 2048K, 7 young (14336K), 4 survivors (8192K)
 Metaspace       used 87852K, committed 88448K, reserved 1130496K
  class space    used 11082K, committed 11392K, reserved 1048576K
}
Event: 17.951 GC heap after
{Heap after GC invocations=45 (full 0):
 garbage-first heap   total 286720K, used 123786K [0x000000070a000000, 0x0000000800000000)
  region size 2048K, 1 young (2048K), 1 survivors (2048K)
 Metaspace       used 87852K, committed 88448K, reserved 1130496K
  class space    used 11082K, committed 11392K, reserved 1048576K
}
Event: 18.667 GC heap before
{Heap before GC invocations=45 (full 0):
 garbage-first heap   total 286720K, used 207754K [0x000000070a000000, 0x0000000800000000)
  region size 2048K, 41 young (83968K), 1 survivors (2048K)
 Metaspace       used 87852K, committed 88448K, reserved 1130496K
  class space    used 11082K, committed 11392K, reserved 1048576K
}

Deoptimization events (20 events):
Event: 18.635 Thread 0x0000017b67595a30 DEOPT PACKING pc=0x0000017b514a538c sp=0x0000000f843fe320
Event: 18.635 Thread 0x0000017b67595a30 DEOPT UNPACKING pc=0x0000017b50232b43 sp=0x0000000f843fd8c0 mode 1
Event: 18.635 Thread 0x0000017b67595a30 DEOPT PACKING pc=0x0000017b514a6d44 sp=0x0000000f843fe4b0
Event: 18.635 Thread 0x0000017b67595a30 DEOPT UNPACKING pc=0x0000017b50232b43 sp=0x0000000f843fd948 mode 1
Event: 18.635 Thread 0x0000017b67595a30 DEOPT PACKING pc=0x0000017b5098e344 sp=0x0000000f843fdfe0
Event: 18.635 Thread 0x0000017b67595a30 DEOPT UNPACKING pc=0x0000017b50232b43 sp=0x0000000f843fd4a0 mode 1
Event: 18.635 Thread 0x0000017b67595a30 DEOPT PACKING pc=0x0000017b509916cc sp=0x0000000f843fe090
Event: 18.635 Thread 0x0000017b67595a30 DEOPT UNPACKING pc=0x0000017b50232b43 sp=0x0000000f843fd578 mode 1
Event: 18.635 Thread 0x0000017b67595a30 DEOPT PACKING pc=0x0000017b5098d7cc sp=0x0000000f843fe180
Event: 18.635 Thread 0x0000017b67595a30 DEOPT UNPACKING pc=0x0000017b50232b43 sp=0x0000000f843fd6a0 mode 1
Event: 18.635 Thread 0x0000017b67595a30 DEOPT PACKING pc=0x0000017b514a439c sp=0x0000000f843fe270
Event: 18.635 Thread 0x0000017b67595a30 DEOPT UNPACKING pc=0x0000017b50232b43 sp=0x0000000f843fd768 mode 1
Event: 18.635 Thread 0x0000017b67595a30 DEOPT PACKING pc=0x0000017b50b8536c sp=0x0000000f843fe0b0
Event: 18.635 Thread 0x0000017b67595a30 DEOPT UNPACKING pc=0x0000017b50232b43 sp=0x0000000f843fd560 mode 1
Event: 18.635 Thread 0x0000017b67595a30 DEOPT PACKING pc=0x0000017b50b8861c sp=0x0000000f843fe120
Event: 18.635 Thread 0x0000017b67595a30 DEOPT UNPACKING pc=0x0000017b50232b43 sp=0x0000000f843fd6d0 mode 1
Event: 18.636 Thread 0x0000017b67595a30 DEOPT PACKING pc=0x0000017b514a538c sp=0x0000000f843fe320
Event: 18.636 Thread 0x0000017b67595a30 DEOPT UNPACKING pc=0x0000017b50232b43 sp=0x0000000f843fd8c0 mode 1
Event: 18.636 Thread 0x0000017b67595a30 DEOPT PACKING pc=0x0000017b514a6d44 sp=0x0000000f843fe4b0
Event: 18.636 Thread 0x0000017b67595a30 DEOPT UNPACKING pc=0x0000017b50232b43 sp=0x0000000f843fd948 mode 1

Classes unloaded (0 events):
No events

Classes redefined (0 events):
No events

Internal exceptions (20 events):
Event: 18.629 Thread 0x0000017b67595a30 Exception <a 'sun/nio/fs/WindowsException'{0x0000000717c74fd0}> (0x0000000717c74fd0) 
thrown [t:\workspace\open\src\hotspot\share\prims\jni.cpp, line 516]
Event: 18.630 Thread 0x0000017b67595a30 Exception <a 'sun/nio/fs/WindowsException'{0x0000000717c75470}> (0x0000000717c75470) 
thrown [t:\workspace\open\src\hotspot\share\prims\jni.cpp, line 516]
Event: 18.630 Thread 0x0000017b67593880 Exception <a 'sun/nio/fs/WindowsException'{0x0000000717c62eb0}> (0x0000000717c62eb0) 
thrown [t:\workspace\open\src\hotspot\share\prims\jni.cpp, line 516]
Event: 18.631 Thread 0x0000017b67593880 Exception <a 'sun/nio/fs/WindowsException'{0x0000000717c63380}> (0x0000000717c63380) 
thrown [t:\workspace\open\src\hotspot\share\prims\jni.cpp, line 516]
Event: 18.631 Thread 0x0000017b67595a30 Exception <a 'sun/nio/fs/WindowsException'{0x0000000717c75f28}> (0x0000000717c75f28) 
thrown [t:\workspace\open\src\hotspot\share\prims\jni.cpp, line 516]
Event: 18.631 Thread 0x0000017b67595a30 Exception <a 'sun/nio/fs/WindowsException'{0x0000000717c763b0}> (0x0000000717c763b0) 
thrown [t:\workspace\open\src\hotspot\share\prims\jni.cpp, line 516]
Event: 18.632 Thread 0x0000017b67593880 Exception <a 'sun/nio/fs/WindowsException'{0x0000000717c63e98}> (0x0000000717c63e98) 
thrown [t:\workspace\open\src\hotspot\share\prims\jni.cpp, line 516]
Event: 18.632 Thread 0x0000017b67593880 Exception <a 'sun/nio/fs/WindowsException'{0x0000000717c64398}> (0x0000000717c64398) 
thrown [t:\workspace\open\src\hotspot\share\prims\jni.cpp, line 516]
Event: 18.632 Thread 0x0000017b67595a30 Exception <a 'sun/nio/fs/WindowsException'{0x0000000717c76e78}> (0x0000000717c76e78) 
thrown [t:\workspace\open\src\hotspot\share\prims\jni.cpp, line 516]
Event: 18.633 Thread 0x0000017b67595a30 Exception <a 'sun/nio/fs/WindowsException'{0x0000000717c77318}> (0x0000000717c77318) 
thrown [t:\workspace\open\src\hotspot\share\prims\jni.cpp, line 516]
Event: 18.633 Thread 0x0000017b67593880 Exception <a 'sun/nio/fs/WindowsException'{0x0000000717c64ed0}> (0x0000000717c64ed0) 
thrown [t:\workspace\open\src\hotspot\share\prims\jni.cpp, line 516]
Event: 18.634 Thread 0x0000017b67595a30 Exception <a 'sun/nio/fs/WindowsException'{0x0000000717c77e08}> (0x0000000717c77e08) 
thrown [t:\workspace\open\src\hotspot\share\prims\jni.cpp, line 516]
Event: 18.634 Thread 0x0000017b67593880 Exception <a 'sun/nio/fs/WindowsException'{0x0000000717c65408}> (0x0000000717c65408) 
thrown [t:\workspace\open\src\hotspot\share\prims\jni.cpp, line 516]
Event: 18.634 Thread 0x0000017b67595a30 Exception <a 'sun/nio/fs/WindowsException'{0x0000000717c782f0}> (0x0000000717c782f0) 
thrown [t:\workspace\open\src\hotspot\share\prims\jni.cpp, line 516]
Event: 18.634 Thread 0x0000017b67593880 Exception <a 'sun/nio/fs/WindowsException'{0x0000000717c65f38}> (0x0000000717c65f38) 
thrown [t:\workspace\open\src\hotspot\share\prims\jni.cpp, line 516]
Event: 18.634 Thread 0x0000017b67595a30 Exception <a 'sun/nio/fs/WindowsException'{0x0000000717c78df8}> (0x0000000717c78df8) 
thrown [t:\workspace\open\src\hotspot\share\prims\jni.cpp, line 516]
Event: 18.635 Thread 0x0000017b67593880 Exception <a 'sun/nio/fs/WindowsException'{0x0000000717c66468}> (0x0000000717c66468) 
thrown [t:\workspace\open\src\hotspot\share\prims\jni.cpp, line 516]
Event: 18.635 Thread 0x0000017b67595a30 Exception <a 'sun/nio/fs/WindowsException'{0x0000000717c79310}> (0x0000000717c79310) 
thrown [t:\workspace\open\src\hotspot\share\prims\jni.cpp, line 516]
Event: 18.635 Thread 0x0000017b67595a30 Exception <a 'sun/nio/fs/WindowsException'{0x0000000717c79e10}> (0x0000000717c79e10) 
thrown [t:\workspace\open\src\hotspot\share\prims\jni.cpp, line 516]
Event: 18.635 Thread 0x0000017b67595a30 Exception <a 'sun/nio/fs/WindowsException'{0x0000000717c7a310}> (0x0000000717c7a310) 
thrown [t:\workspace\open\src\hotspot\share\prims\jni.cpp, line 516]

VM Operations (20 events):
Event: 18.650 Executing VM operation: ICBufferFull done
Event: 18.651 Executing VM operation: ICBufferFull
Event: 18.651 Executing VM operation: ICBufferFull done
Event: 18.654 Executing VM operation: ICBufferFull
Event: 18.654 Executing VM operation: ICBufferFull done
Event: 18.656 Executing VM operation: ICBufferFull
Event: 18.657 Executing VM operation: ICBufferFull done
Event: 18.659 Executing VM operation: ICBufferFull
Event: 18.659 Executing VM operation: ICBufferFull done
Event: 18.659 Executing VM operation: ICBufferFull
Event: 18.659 Executing VM operation: ICBufferFull done
Event: 18.660 Executing VM operation: ICBufferFull
Event: 18.666 Executing VM operation: ICBufferFull done
Event: 18.666 Executing VM operation: ICBufferFull
Event: 18.666 Executing VM operation: ICBufferFull done
Event: 18.666 Executing VM operation: ICBufferFull
Event: 18.666 Executing VM operation: ICBufferFull done
Event: 18.666 Executing VM operation: ICBufferFull
Event: 18.667 Executing VM operation: ICBufferFull done
Event: 18.667 Executing VM operation: G1CollectForAllocation

Events (20 events):
Event: 18.368 Thread 0x0000017b675968a0 Thread exited: 0x0000017b675968a0
Event: 18.610 Thread 0x0000017b675963d0 Thread added: 0x0000017b675963d0
Event: 18.611 Thread 0x0000017b67593880 Thread added: 0x0000017b67593880
Event: 18.611 Thread 0x0000017b67595a30 Thread added: 0x0000017b67595a30
Event: 18.611 Thread 0x0000017b67592ee0 Thread added: 0x0000017b67592ee0
Event: 18.611 Thread 0x0000017b67598580 Thread added: 0x0000017b67598580
Event: 18.611 Thread 0x0000017b67594220 Thread added: 0x0000017b67594220
Event: 18.611 Thread 0x0000017b675946f0 Thread added: 0x0000017b675946f0
Event: 18.611 Thread 0x0000017b67595f00 Thread added: 0x0000017b67595f00
Event: 18.612 Thread 0x0000017b67596d70 Thread added: 0x0000017b67596d70
Event: 18.612 Thread 0x0000017b675933b0 Thread added: 0x0000017b675933b0
Event: 18.612 Thread 0x0000017b67592a10 Thread added: 0x0000017b67592a10
Event: 18.613 Thread 0x0000017b67597710 Thread added: 0x0000017b67597710
Event: 18.613 Thread 0x0000017b675968a0 Thread added: 0x0000017b675968a0
Event: 18.613 Thread 0x0000017b67597be0 Thread added: 0x0000017b67597be0
Event: 18.613 Thread 0x0000017b67598a50 Thread added: 0x0000017b67598a50
Event: 18.613 Thread 0x0000017b67593d50 Thread added: 0x0000017b67593d50
Event: 18.613 Thread 0x0000017b67594bc0 Thread added: 0x0000017b67594bc0
Event: 18.613 Thread 0x0000017b675993f0 Thread added: 0x0000017b675993f0
Event: 18.614 Thread 0x0000017b67595560 Thread added: 0x0000017b67595560


Dynamic libraries:
0x00007ff7abc30000 - 0x00007ff7abc40000 	D:\LenovoSoftstore\Java\jdk-17.0.1\bin\java.exe
0x00007ff9ad070000 - 0x00007ff9ad268000 	C:\WINDOWS\SYSTEM32\ntdll.dll
0x00007ff9abd40000 - 0x00007ff9abdfd000 	C:\WINDOWS\System32\KERNEL32.DLL
0x00007ff9aa720000 - 0x00007ff9aaa16000 	C:\WINDOWS\System32\KERNELBASE.dll
0x00007ff9aadf0000 - 0x00007ff9aaef0000 	C:\WINDOWS\System32\ucrtbase.dll
0x00007ff9a5a50000 - 0x00007ff9a5a68000 	D:\LenovoSoftstore\Java\jdk-17.0.1\bin\jli.dll
0x00007ff989d70000 - 0x00007ff989d8a000 	D:\LenovoSoftstore\Java\jdk-17.0.1\bin\VCRUNTIME140.dll
0x00007ff9ab9c0000 - 0x00007ff9aba70000 	C:\WINDOWS\System32\ADVAPI32.dll
0x00007ff9ab8c0000 - 0x00007ff9ab95e000 	C:\WINDOWS\System32\msvcrt.dll
0x00007ff9ab0b0000 - 0x00007ff9ab150000 	C:\WINDOWS\System32\sechost.dll
0x00007ff9aca70000 - 0x00007ff9acb93000 	C:\WINDOWS\System32\RPCRT4.dll
0x00007ff9aaef0000 - 0x00007ff9aaf17000 	C:\WINDOWS\System32\bcrypt.dll
0x00007ff9acbd0000 - 0x00007ff9acd6f000 	C:\WINDOWS\System32\USER32.dll
0x00007ff9aaa20000 - 0x00007ff9aaa42000 	C:\WINDOWS\System32\win32u.dll
0x00007ff9acba0000 - 0x00007ff9acbcb000 	C:\WINDOWS\System32\GDI32.dll
0x00007ff9aaa50000 - 0x00007ff9aab67000 	C:\WINDOWS\System32\gdi32full.dll
0x00007ff9aaf20000 - 0x00007ff9aafbd000 	C:\WINDOWS\System32\msvcp_win.dll
0x00007ff99a750000 - 0x00007ff99a9ea000 	C:\WINDOWS\WinSxS\amd64_microsoft.windows.common-controls_6595b64144ccf1df_6.0.19041.3636_none_60b6a03d71f818d5\COMCTL32.dll
0x00007ff9a0ff0000 - 0x00007ff9a0ffa000 	C:\WINDOWS\SYSTEM32\VERSION.dll
0x00007ff9acde0000 - 0x00007ff9ace12000 	C:\WINDOWS\System32\IMM32.DLL
0x00007ff9a7300000 - 0x00007ff9a730c000 	D:\LenovoSoftstore\Java\jdk-17.0.1\bin\vcruntime140_1.dll
0x00007ff984790000 - 0x00007ff98481d000 	D:\LenovoSoftstore\Java\jdk-17.0.1\bin\msvcp140.dll
0x00007ff94e820000 - 0x00007ff94f3de000 	D:\LenovoSoftstore\Java\jdk-17.0.1\bin\server\jvm.dll
0x00007ff9aca60000 - 0x00007ff9aca68000 	C:\WINDOWS\System32\PSAPI.DLL
0x00007ff9a0760000 - 0x00007ff9a0787000 	C:\WINDOWS\SYSTEM32\WINMM.dll
0x00007ff9a3790000 - 0x00007ff9a3799000 	C:\WINDOWS\SYSTEM32\WSOCK32.dll
0x00007ff9acd70000 - 0x00007ff9acddb000 	C:\WINDOWS\System32\WS2_32.dll
0x00007ff9a8f40000 - 0x00007ff9a8f52000 	C:\WINDOWS\SYSTEM32\kernel.appcore.dll
0x00007ff98dd40000 - 0x00007ff98dd4a000 	D:\LenovoSoftstore\Java\jdk-17.0.1\bin\jimage.dll
0x00007ff9a8a90000 - 0x00007ff9a8c74000 	C:\WINDOWS\SYSTEM32\DBGHELP.DLL
0x00007ff9972f0000 - 0x00007ff997324000 	C:\WINDOWS\SYSTEM32\dbgcore.DLL
0x00007ff9aafc0000 - 0x00007ff9ab042000 	C:\WINDOWS\System32\bcryptPrimitives.dll
0x00007ff9a72a0000 - 0x00007ff9a72db000 	D:\LenovoSoftstore\Java\jdk-17.0.1\bin\jdwp.dll
0x00007ff9a6f50000 - 0x00007ff9a6f5e000 	D:\LenovoSoftstore\Java\jdk-17.0.1\bin\instrument.dll
0x00007ff989d40000 - 0x00007ff989d65000 	D:\LenovoSoftstore\Java\jdk-17.0.1\bin\java.dll
0x00007ff989780000 - 0x00007ff989798000 	D:\LenovoSoftstore\Java\jdk-17.0.1\bin\zip.dll
0x00007ff972170000 - 0x00007ff972246000 	D:\LenovoSoftstore\Java\jdk-17.0.1\bin\svml.dll
0x00007ff9ab150000 - 0x00007ff9ab8bb000 	C:\WINDOWS\System32\SHELL32.dll
0x00007ff9a82f0000 - 0x00007ff9a8a8e000 	C:\WINDOWS\SYSTEM32\windows.storage.dll
0x00007ff9ac410000 - 0x00007ff9ac763000 	C:\WINDOWS\System32\combase.dll
0x00007ff9aa080000 - 0x00007ff9aa0ae000 	C:\WINDOWS\SYSTEM32\Wldp.dll
0x00007ff9acf60000 - 0x00007ff9ad02d000 	C:\WINDOWS\System32\OLEAUT32.dll
0x00007ff9abe30000 - 0x00007ff9abedd000 	C:\WINDOWS\System32\SHCORE.dll
0x00007ff9ace20000 - 0x00007ff9ace75000 	C:\WINDOWS\System32\shlwapi.dll
0x00007ff9aa650000 - 0x00007ff9aa673000 	C:\WINDOWS\SYSTEM32\profapi.dll
0x00007ff9a72f0000 - 0x00007ff9a72fc000 	D:\LenovoSoftstore\Java\jdk-17.0.1\bin\dt_socket.dll
0x00007ff9a9ac0000 - 0x00007ff9a9afb000 	C:\WINDOWS\SYSTEM32\IPHLPAPI.DLL
0x00007ff9a9de0000 - 0x00007ff9a9e4a000 	C:\WINDOWS\system32\mswsock.dll
0x00007ff989d20000 - 0x00007ff989d39000 	D:\LenovoSoftstore\Java\jdk-17.0.1\bin\net.dll
0x00007ff9a5350000 - 0x00007ff9a545a000 	C:\WINDOWS\SYSTEM32\WINHTTP.dll
0x00007ff9897a0000 - 0x00007ff9897b5000 	D:\LenovoSoftstore\Java\jdk-17.0.1\bin\nio.dll
0x00007ff996460000 - 0x00007ff9964ab000 	C:\Program Files (x86)\Sangfor\SSL\ClientComponent\SangforNspX64.dll
0x00007ff9abc10000 - 0x00007ff9abd3b000 	C:\WINDOWS\System32\ole32.dll
0x00007ff9a9b00000 - 0x00007ff9a9bcb000 	C:\WINDOWS\SYSTEM32\DNSAPI.dll
0x00007ff9ab0a0000 - 0x00007ff9ab0a8000 	C:\WINDOWS\System32\NSI.dll
0x00007ff9a32c0000 - 0x00007ff9a32ca000 	C:\Windows\System32\rasadhlp.dll
0x00007ff99e5b0000 - 0x00007ff99e630000 	C:\WINDOWS\System32\fwpuclnt.dll
0x00007ff9a3860000 - 0x00007ff9a3869000 	D:\LenovoSoftstore\Java\jdk-17.0.1\bin\management.dll
0x00007ff9a0630000 - 0x00007ff9a063b000 	D:\LenovoSoftstore\Java\jdk-17.0.1\bin\management_ext.dll
0x00007ff9a9fe0000 - 0x00007ff9a9ff8000 	C:\WINDOWS\SYSTEM32\CRYPTSP.dll
0x00007ff9a9700000 - 0x00007ff9a9734000 	C:\WINDOWS\system32\rsaenh.dll
0x00007ff9aa5d0000 - 0x00007ff9aa5fe000 	C:\WINDOWS\SYSTEM32\USERENV.dll
0x00007ff9a9fd0000 - 0x00007ff9a9fdc000 	C:\WINDOWS\SYSTEM32\CRYPTBASE.dll
0x00007ff9a32d0000 - 0x00007ff9a32e7000 	C:\WINDOWS\SYSTEM32\dhcpcsvc6.DLL
0x00007ff9a2310000 - 0x00007ff9a232d000 	C:\WINDOWS\SYSTEM32\dhcpcsvc.DLL
0x00007ff994b20000 - 0x00007ff994b37000 	C:\WINDOWS\system32\napinsp.dll
0x00007ff993070000 - 0x00007ff99308b000 	C:\WINDOWS\system32\pnrpnsp.dll
0x00007ff993050000 - 0x00007ff993065000 	C:\WINDOWS\system32\wshbth.dll
0x00007ff9a57e0000 - 0x00007ff9a57fd000 	C:\WINDOWS\system32\NLAapi.dll
0x00007ff992f00000 - 0x00007ff992f12000 	C:\WINDOWS\System32\winrnr.dll
0x00007ff9a0620000 - 0x00007ff9a062e000 	D:\LenovoSoftstore\Java\jdk-17.0.1\bin\sunmscapi.dll
0x00007ff9aac90000 - 0x00007ff9aadee000 	C:\WINDOWS\System32\CRYPT32.dll
0x00007ff9aa0f0000 - 0x00007ff9aa118000 	C:\WINDOWS\SYSTEM32\ncrypt.dll
0x00007ff9aa0b0000 - 0x00007ff9aa0eb000 	C:\WINDOWS\SYSTEM32\NTASN1.dll
0x00007ff983cf0000 - 0x00007ff983cf7000 	C:\WINDOWS\system32\wshunix.dll

dbghelp: loaded successfully - version: 4.0.5 - missing functions: none
symbol engine: initialized successfully - sym options: 0x614 - pdb path: .;D:\LenovoSoftstore\Java\jdk-17.0.1\bin;C:\WINDOWS\SYSTEM32;C:\WINDOWS\WinSxS\amd64_microsoft.windows.common-controls_6595b64144ccf1df_6.0.19041.3636_none_60b6a03d71f818d5;D:\LenovoSoftstore\Java\jdk-17.0.1\bin\server;C:\Program Files (x86)\Sangfor\SSL\ClientComponent

VM Arguments:
jvm_args: -agentlib:jdwp=transport=dt_socket,address=127.0.0.1:33546,suspend=y,server=n -Dvisualvm.id=99344315707900 -XX:TieredStopAtLevel=1 -Dspring.output.ansi.enabled=always -Dcom.sun.management.jmxremote -Dspring.jmx.enabled=true -Dspring.liveBeansView.mbeanDomain -Dspring.application.admin.enabled=true -javaagent:C:\Users\BaiYiChen\AppData\Local\JetBrains\IntelliJIdea2022.2\captureAgent\debugger-agent.jar=file:/C:/Users/BaiYiChen/AppData/Local/Temp/capture2.props -Dfile.encoding=UTF-8 
java_command: site.cilicili.App
java_class_path (initial): D:\Documents\JavaCode\Code\cilicili()\build\classes\java\main;D:\Documents\JavaCode\Code\cilicili()\build\resources\main;D:\LenovoSoftstore\gradle-8.4\caches\modules-2\files-2.1\io.jsonwebtoken\jjwt-api\0.11.4\534f9ece7be58858e0bf1275dd5326d9e702568a\jjwt-api-0.11.4.jar;D:\LenovoSoftstore\gradle-8.4\caches\modules-2\files-2.1\com.alipay.sdk\alipay-sdk-java\4.39.40.ALL\a884dcee3ff0ad994e28d6f26528dec595415c16\alipay-sdk-java-4.39.40.ALL.jar;D:\LenovoSoftstore\gradle-8.4\caches\modules-2\files-2.1\org.springframework.boot\spring-boot-starter-amqp\3.1.6\1ef77f1b93e1552cdec60b1059e631dfaecad708\spring-boot-starter-amqp-3.1.6.jar;D:\LenovoSoftstore\gradle-8.4\caches\modules-2\files-2.1\org.springframework.boot\spring-boot-starter-data-mongodb\3.1.6\13d3b13f5079fc9028b83a8e3c486d095efdf5ed\spring-boot-starter-data-mongodb-3.1.6.jar;D:\LenovoSoftstore\gradle-8.4\caches\modules-2\files-2.1\org.redisson\redisson-spring-boot-starter\3.25.2\13631ae691cae04c9177f9024d7a65c49ccf451d\redisson-spring-boot-starter-3.25.2.jar;D:\LenovoSoftstore\gradle-8.4\caches\modules-2\files-2.1\org.springframework.boot\spring-boot-starter-data-redis\3.1.6\30f02d82d1ee8110004b2f7eb641aab0d8756675\spring-boot-starter-data-redis-3.1.6.jar;D:\LenovoSoftstore\gradle-8.4\caches\modules-2\files-2.1\org.springframework.boot\spring-boot-starter-cache\3.1.6\4ad7bd6cce8b3bdde458606f2c0b4029e22447c1\spring-boot-starter-cache-3.1.6.jar;D:\LenovoSoftstore\gradle-8.4\caches\modules-2\files-2.1\org.springframework.boot\spring-boot-starter-thymeleaf\3.1.6\eed311b1ea44cd45c657282a92ccdc7391793a87\spring-boot-starter-thymeleaf-3.1.6.jar;D:\LenovoSoftstore\gradle-8.4\caches\modules-2\files-2.1\org.springframework.boot\spring-boot-starter-mail\3.1.6\b207f7d3d752965a5a4c4b417b63f2b5bed75d69\spring-boot-starter-mail-3.1.6.jar;D:\LenovoSoftstore\gradle-8.4\caches\modules-2\files-2.1\org.apache.commons\commons-pool2\2.12.0\458563f69fbdaebf7daadfe10dc3a22e42a7de50\commons-pool
Launcher Type: SUN_STANDARD

[Global flags]
     intx CICompilerCount                          = 4                                         {product} {ergonomic}
     uint ConcGCThreads                            = 3                                         {product} {ergonomic}
     uint G1ConcRefinementThreads                  = 10                                        {product} {ergonomic}
   size_t G1HeapRegionSize                         = 2097152                                   {product} {ergonomic}
    uintx GCDrainStackTargetSize                   = 64                                        {product} {ergonomic}
   size_t InitialHeapSize                          = 257949696                                 {product} {ergonomic}
     bool ManagementServer                         = true                                      {product} {command line}
   size_t MarkStackSize                            = 4194304                                   {product} {ergonomic}
   size_t MaxHeapSize                              = 4127195136                                {product} {ergonomic}
   size_t MaxNewSize                               = 2474639360                                {product} {ergonomic}
   size_t MinHeapDeltaBytes                        = 2097152                                   {product} {ergonomic}
   size_t MinHeapSize                              = 8388608                                   {product} {ergonomic}
    uintx NonProfiledCodeHeapSize                  = 0                                      {pd product} {ergonomic}
     bool ProfileInterpreter                       = false                                  {pd product} {command line}
    uintx ProfiledCodeHeapSize                     = 0                                      {pd product} {ergonomic}
   size_t SoftMaxHeapSize                          = 4127195136                             {manageable} {ergonomic}
     intx TieredStopAtLevel                        = 1                                         {product} {command line}
     bool UseCompressedClassPointers               = true                           {product lp64_product} {ergonomic}
     bool UseCompressedOops                        = true                           {product lp64_product} {ergonomic}
     bool UseG1GC                                  = true                                      {product} {ergonomic}
     bool UseLargePagesIndividualAllocation        = false                                  {pd product} {ergonomic}

Logging:
Log output configuration:
 #0: stdout all=warning uptime,level,tags
 #1: stderr all=off uptime,level,tags

Environment Variables:
JAVA_HOME=D:\LenovoSoftstore\Java\jdk-17.0.1
CLASSPATH=.;D:\LenovoSoftstore\Java\jdk-17.0.1\lib;D:\LenovoSoftstore\Java\jdk-17.0.1\lib\dt.jar;D:\LenovoSoftstore\Java\jdk-17.0.1\lib\tools.jar;
PATH=D:\LenovoSoftstore\python3.11\Scripts\;D:\LenovoSoftstore\python3.11\;D:\LenovoSoftstore\Git\bin;D:\LenovoSoftstore\apache-tomcat-9.0.58\bin;D:\LenovoSoftstore\apache-tomcat-9.0.58\lib;D:\LenovoSoftstore\VMware\VMware Workstation\bin\;C:\Program Files\Common Files\Oracle\Java\javapath;C:\ProgramData\Oracle\Java\javapath;D:\LenovoSoftstore\bin;C:\Program Files\dotnet\;C:\WINDOWS\system32;C:\WINDOWS;C:\WINDOWS\System32\Wbem;C:\WINDOWS\System32\WindowsPowerShell\v1.0\;C:\WINDOWS\System32\OpenSSH\;C:\Program Files (x86)\dotnet\;D:\LenovoSoftstore\Graphviz\bin;C:\Program Files\Microsoft SQL Server\130\Tools\Binn\;D:\LenovoSoftstore\MySQL\MySQL Server 8.0\bin;D:\LenovoSoftstore\Xftp 7\;D:\LenovoSoftstore\Xshell 7\;D:\LenovoSoftstore\Redis-x64-3.2.100;C:\Program Files (x86)\Graphviz\bin;D:\LenovoSoftstore\apache-zookeeper-3.7.1\bin;C:\ProgramData\chocolatey\bin;D:\LenovoSoftstore\apache-maven-3.8.6\bin;D:\LenovoSoftstore\gradle-8.4;D:\LenovoSoftstore\apache-jmeter-5.5\bin;D:\LenovoSoftstore\Git\cmd;D:\LenovoSoftstore\gradle-8.4\bin;D:\LenovoSoftstore\nvm\npm;D:\LenovoSoftstore\nodejs;D:\LenovoSoftstore\nvm;D:\LenovoSoftstore\nodejs;C:\Users\BaiYiChen\AppData\Local\activestate\cache\bin;C:\Users\BaiYiChen\AppData\Local\ActiveState\StateTool\release\bin;D:\LenovoSoftstore\Java\jdk-17.0.1\bin;D:\LenovoSoftstore\gradle-8.4\bin;C:\Program Files\Azure Data Studio\bin;C:\Users\BaiYiChen\AppData\Local\Microsoft\WindowsApps;C:\Users\BaiYiChen\.dotnet\tools;D:\LenovoSoftstore\IntelliJ IDEA 2021.3.3\bin;D:\LenovoSoftstore\IntelliJ IDEA Community Edition 2021.1.2\bin;;D:\LenovoSoftstore\MySQL\MySQL Server 8.0\bin;D:\LenovoSoftstore\WebStorm 2021.3.3\bin;D:\LenovoSoftstore\PyCharm 2022.1\bin;D:\LenovoSoftstore\MASM611\BIN;D:\LenovoSoftstore\nginx-1.23.2\bin;D:\LenovoSoftstore\gradle-8.4;D:\LenovoSoftstore\AndroidSdk\SDK\platform-tools;D:\LenovoSoftstore\go1.20.windows-amd64\\bin;D:\LenovoSoftstore\python3.11.0;D:\LenovoSoftstore\CLion2023.1.4\bin;D:\LenovoSoftstore\CLion2023.1.4\bin\
USERNAME=BaiYiChen
OS=Windows_NT
PROCESSOR_IDENTIFIER=AMD64 Family 23 Model 96 Stepping 1, AuthenticAMD



---------------  S Y S T E M  ---------------

OS:
 Windows 10 , 64 bit Build 19041 (10.0.19041.3636)
OS uptime: 1 days 3:36 hours

CPU: total 12 (initial active 12) (12 cores per cpu, 2 threads per core) family 23 model 96 stepping 1 microcode 0x0, cx8, cmov, fxsr, ht, mmx, 3dnowpref, sse, sse2, sse3, ssse3, sse4a, sse4.1, sse4.2, popcnt, lzcnt, tsc, tscinvbit, avx, avx2, aes, clmul, bmi1, bmi2, adx, sha, fma, vzeroupper, clflush, clflushopt

Memory: 4k page, system-wide physical 15741M (3374M free)
TotalPageFile size 24124M (AvailPageFile size 589M)
current process WorkingSet (physical memory assigned to process): 549M, peak: 549M
current process commit charge ("private bytes"): 599M, peak: 1127M

vm_info: Java HotSpot(TM) 64-Bit Server VM (17.0.1+12-LTS-39) for windows-amd64 JRE (17.0.1+12-LTS-39), built on Sep 27 2021 18:41:35 by "mach5one" with MS VC++ 16.8 (VS2019)

END.
