#
# There is insufficient memory for the Java Runtime Environment to continue.
# Native memory allocation (malloc) failed to allocate 1048576 bytes for AllocateHeap
# Possible reasons:
#   The system is out of physical RAM or swap space
#   The process is running with CompressedOops enabled, and the Java Heap may be blocking the growth of the native heap
# Possible solutions:
#   Reduce memory load on the system
#   Increase physical memory or swap space
#   Check if swap backing store is full
#   Decrease Java heap size (-Xmx/-Xms)
#   Decrease number of Java threads
#   Decrease Java thread stack sizes (-Xss)
#   Set larger code cache with -XX:ReservedCodeCacheSize=
#   JVM is running with Unscaled Compressed Oops mode in which the Java heap is
#     placed in the first 4GB address space. The Java Heap base address is the
#     maximum limit for the native heap growth. Please use -XX:HeapBaseMinAddress
#     to set the Java Heap base and to place the Java Heap above 4GB virtual address.
# This output file may be truncated or incomplete.
#
#  Out of Memory Error (allocation.cpp:44), pid=26108, tid=20928
#
# JRE version:  (17.0.1+12) (build )
# Java VM: Java HotSpot(TM) 64-Bit Server VM (17.0.1+12-LTS-39, mixed mode, emulated-client, sharing, tiered, compressed oops, compressed class ptrs, g1 gc, windows-amd64)
# No core dump will be written. Minidumps are not enabled by default on client versions of Windows
#

---------------  S U M M A R Y ------------

Command Line: -agentlib:jdwp=transport=dt_socket,address=127.0.0.1:36847,suspend=y,server=n -Dvisualvm.id=128149642510700 -XX:TieredStopAtLevel=1 -Dspring.output.ansi.enabled=always -Dcom.sun.management.jmxremote -Dspring.jmx.enabled=true -Dspring.liveBeansView.mbeanDomain -Dspring.application.admin.enabled=true -javaagent:C:\Users\BaiYiChen\AppData\Local\JetBrains\IntelliJIdea2022.2\captureAgent\debugger-agent.jar=file:/C:/Users/BaiYiChen/AppData/Local/Temp/capture1.props -Dfile.encoding=UTF-8 site.cilicili.App

Host: AMD Ryzen 5 4600U with Radeon Graphics         , 12 cores, 15G,  Windows 10 , 64 bit Build 19041 (10.0.19041.3636)
Time: Sun Apr 14 20:47:06 2024  Windows 10 , 64 bit Build 19041 (10.0.19041.3636) elapsed time: 0.028277 seconds (0d 0h 0m 0s)

---------------  T H R E A D  ---------------

Current thread (0x000001d4c84afe50):  JavaThread "Unknown thread" [_thread_in_vm, id=20928, stack(0x0000009179300000,0x0000009179400000)]

Stack: [0x0000009179300000,0x0000009179400000]
Native frames: (J=compiled Java code, j=interpreted, Vv=VM code, C=native code)
V  [jvm.dll+0x66fa1a]
V  [jvm.dll+0x7ce5a4]
V  [jvm.dll+0x7cfd4e]
V  [jvm.dll+0x7d03b3]
V  [jvm.dll+0x242b05]
V  [jvm.dll+0xa4673]
V  [jvm.dll+0x2d3864]
V  [jvm.dll+0x7a01ac]
V  [jvm.dll+0x365791]
V  [jvm.dll+0x77f6cc]
V  [jvm.dll+0x3e812f]
V  [jvm.dll+0x3e9bd1]
C  [jli.dll+0x527b]
C  [ucrtbase.dll+0x21bb2]
C  [KERNEL32.DLL+0x17344]
C  [ntdll.dll+0x526b1]


---------------  P R O C E S S  ---------------

Threads class SMR info:
_java_thread_list=0x00007ffdd2877818, length=0, elements={
}

Java Threads: ( => current thread )

Other Threads:

=>0x000001d4c84afe50 (exited) JavaThread "Unknown thread" [_thread_in_vm, id=20928, stack(0x0000009179300000,0x0000009179400000)]

Threads with active compile tasks:

VM state: not at safepoint (not fully initialized)

VM Mutex/Monitor currently owned by a thread: None

Heap address: 0x0000000000000000, size: 0 MB, Compressed Oops mode: 32-bit

CDS archive(s) mapped at: [0x0000000000000000-0x0000000000000000-0x0000000000000000), size 0, SharedBaseAddress: 0x0000000800000000, ArchiveRelocationMode: 0.
Narrow klass base: 0x0000000000000000, Narrow klass shift: 0, Narrow klass range: 0x0

GC Precious Log:
<Empty>

GC Heap History (0 events):
No events

Deoptimization events (0 events):
No events

Classes unloaded (0 events):
No events

Classes redefined (0 events):
No events

Internal exceptions (0 events):
No events

VM Operations (0 events):
No events

Events (2 events):
Event: 0.018 Loaded shared library D:\LenovoSoftstore\Java\jdk-17.0.1\bin\java.dll
Event: 0.022 Loaded shared library D:\LenovoSoftstore\Java\jdk-17.0.1\bin\zip.dll


Dynamic libraries:
0x00007ff745c50000 - 0x00007ff745c60000 	D:\LenovoSoftstore\Java\jdk-17.0.1\bin\java.exe
0x00007ffe106f0000 - 0x00007ffe108e8000 	C:\WINDOWS\SYSTEM32\ntdll.dll
0x00007ffe0f030000 - 0x00007ffe0f0ed000 	C:\WINDOWS\System32\KERNEL32.DLL
0x00007ffe0e020000 - 0x00007ffe0e316000 	C:\WINDOWS\System32\KERNELBASE.dll
0x00007ffe0df20000 - 0x00007ffe0e020000 	C:\WINDOWS\System32\ucrtbase.dll
0x00007ffe0ae40000 - 0x00007ffe0ae58000 	D:\LenovoSoftstore\Java\jdk-17.0.1\bin\jli.dll
0x00007ffe0ae20000 - 0x00007ffe0ae3a000 	D:\LenovoSoftstore\Java\jdk-17.0.1\bin\VCRUNTIME140.dll
0x00007ffe0f2d0000 - 0x00007ffe0f380000 	C:\WINDOWS\System32\ADVAPI32.dll
0x00007ffe10610000 - 0x00007ffe106ae000 	C:\WINDOWS\System32\msvcrt.dll
0x00007ffe0e9f0000 - 0x00007ffe0ea90000 	C:\WINDOWS\System32\sechost.dll
0x00007ffe0ef00000 - 0x00007ffe0f025000 	C:\WINDOWS\System32\RPCRT4.dll
0x00007ffe0e6f0000 - 0x00007ffe0e717000 	C:\WINDOWS\System32\bcrypt.dll
0x00007ffe0e850000 - 0x00007ffe0e9ee000 	C:\WINDOWS\System32\USER32.dll
0x00007ffe0de50000 - 0x00007ffe0de72000 	C:\WINDOWS\System32\win32u.dll
0x00007ffe0f0f0000 - 0x00007ffe0f11b000 	C:\WINDOWS\System32\GDI32.dll
0x00007ffe0e320000 - 0x00007ffe0e437000 	C:\WINDOWS\System32\gdi32full.dll
0x00007ffdfe080000 - 0x00007ffdfe31a000 	C:\WINDOWS\WinSxS\amd64_microsoft.windows.common-controls_6595b64144ccf1df_6.0.19041.3636_none_60b6a03d71f818d5\COMCTL32.dll
0x00007ffe0de80000 - 0x00007ffe0df1d000 	C:\WINDOWS\System32\msvcp_win.dll
0x00007ffe076d0000 - 0x00007ffe076da000 	C:\WINDOWS\SYSTEM32\VERSION.dll
0x00007ffe0f990000 - 0x00007ffe0f9c2000 	C:\WINDOWS\System32\IMM32.DLL
0x00007ffe0ae10000 - 0x00007ffe0ae1c000 	D:\LenovoSoftstore\Java\jdk-17.0.1\bin\vcruntime140_1.dll
0x00007ffde5ee0000 - 0x00007ffde5f6d000 	D:\LenovoSoftstore\Java\jdk-17.0.1\bin\msvcp140.dll
0x00007ffdd1de0000 - 0x00007ffdd299e000 	D:\LenovoSoftstore\Java\jdk-17.0.1\bin\server\jvm.dll
0x00007ffe103d0000 - 0x00007ffe103d8000 	C:\WINDOWS\System32\PSAPI.DLL
0x00007ffe05010000 - 0x00007ffe05037000 	C:\WINDOWS\SYSTEM32\WINMM.dll
0x00007ffde3fc0000 - 0x00007ffde3fc9000 	C:\WINDOWS\SYSTEM32\WSOCK32.dll
0x00007ffe0f5c0000 - 0x00007ffe0f62b000 	C:\WINDOWS\System32\WS2_32.dll
0x00007ffe0c5e0000 - 0x00007ffe0c5f2000 	C:\WINDOWS\SYSTEM32\kernel.appcore.dll
0x00007ffe0ae00000 - 0x00007ffe0ae0a000 	D:\LenovoSoftstore\Java\jdk-17.0.1\bin\jimage.dll
0x00007ffe0c140000 - 0x00007ffe0c324000 	C:\WINDOWS\SYSTEM32\DBGHELP.DLL
0x00007ffdfd4b0000 - 0x00007ffdfd4e4000 	C:\WINDOWS\SYSTEM32\dbgcore.DLL
0x00007ffe0e440000 - 0x00007ffe0e4c2000 	C:\WINDOWS\System32\bcryptPrimitives.dll
0x00007ffdf31e0000 - 0x00007ffdf321b000 	D:\LenovoSoftstore\Java\jdk-17.0.1\bin\jdwp.dll
0x00007ffe08f50000 - 0x00007ffe08f5e000 	D:\LenovoSoftstore\Java\jdk-17.0.1\bin\instrument.dll
0x00007ffe006d0000 - 0x00007ffe006f5000 	D:\LenovoSoftstore\Java\jdk-17.0.1\bin\java.dll
0x00007ffe03330000 - 0x00007ffe03348000 	D:\LenovoSoftstore\Java\jdk-17.0.1\bin\zip.dll

dbghelp: loaded successfully - version: 4.0.5 - missing functions: none
symbol engine: initialized successfully - sym options: 0x614 - pdb path: .;D:\LenovoSoftstore\Java\jdk-17.0.1\bin;C:\WINDOWS\SYSTEM32;C:\WINDOWS\WinSxS\amd64_microsoft.windows.common-controls_6595b64144ccf1df_6.0.19041.3636_none_60b6a03d71f818d5;D:\LenovoSoftstore\Java\jdk-17.0.1\bin\server

VM Arguments:
jvm_args: -agentlib:jdwp=transport=dt_socket,address=127.0.0.1:36847,suspend=y,server=n -Dvisualvm.id=128149642510700 -XX:TieredStopAtLevel=1 -Dspring.output.ansi.enabled=always -Dcom.sun.management.jmxremote -Dspring.jmx.enabled=true -Dspring.liveBeansView.mbeanDomain -Dspring.application.admin.enabled=true -javaagent:C:\Users\BaiYiChen\AppData\Local\JetBrains\IntelliJIdea2022.2\captureAgent\debugger-agent.jar=file:/C:/Users/BaiYiChen/AppData/Local/Temp/capture1.props -Dfile.encoding=UTF-8 
java_command: site.cilicili.App
java_class_path (initial): D:\Documents\JavaCode\Code\cilicili(‡Õ¡®‡Õ¡®)\build\classes\java\main;D:\Documents\JavaCode\Code\cilicili(‡Õ¡®‡Õ¡®)\build\resources\main;D:\LenovoSoftstore\gradle-8.4\caches\modules-2\files-2.1\io.jsonwebtoken\jjwt-api\0.11.4\534f9ece7be58858e0bf1275dd5326d9e702568a\jjwt-api-0.11.4.jar;D:\LenovoSoftstore\gradle-8.4\caches\modules-2\files-2.1\com.alipay.sdk\alipay-sdk-java\4.39.40.ALL\a884dcee3ff0ad994e28d6f26528dec595415c16\alipay-sdk-java-4.39.40.ALL.jar;D:\LenovoSoftstore\gradle-8.4\caches\modules-2\files-2.1\org.springframework.boot\spring-boot-starter-amqp\3.1.6\1ef77f1b93e1552cdec60b1059e631dfaecad708\spring-boot-starter-amqp-3.1.6.jar;D:\LenovoSoftstore\gradle-8.4\caches\modules-2\files-2.1\org.springframework.boot\spring-boot-starter-data-mongodb\3.1.6\13d3b13f5079fc9028b83a8e3c486d095efdf5ed\spring-boot-starter-data-mongodb-3.1.6.jar;D:\LenovoSoftstore\gradle-8.4\caches\modules-2\files-2.1\org.redisson\redisson-spring-boot-starter\3.25.2\13631ae691cae04c9177f9024d7a65c49ccf451d\redisson-spring-boot-starter-3.25.2.jar;D:\LenovoSoftstore\gradle-8.4\caches\modules-2\files-2.1\org.springframework.boot\spring-boot-starter-data-redis\3.1.6\30f02d82d1ee8110004b2f7eb641aab0d8756675\spring-boot-starter-data-redis-3.1.6.jar;D:\LenovoSoftstore\gradle-8.4\caches\modules-2\files-2.1\org.springframework.boot\spring-boot-starter-cache\3.1.6\4ad7bd6cce8b3bdde458606f2c0b4029e22447c1\spring-boot-starter-cache-3.1.6.jar;D:\LenovoSoftstore\gradle-8.4\caches\modules-2\files-2.1\org.springframework.boot\spring-boot-starter-thymeleaf\3.1.6\eed311b1ea44cd45c657282a92ccdc7391793a87\spring-boot-starter-thymeleaf-3.1.6.jar;D:\LenovoSoftstore\gradle-8.4\caches\modules-2\files-2.1\org.springframework.boot\spring-boot-starter-mail\3.1.6\b207f7d3d752965a5a4c4b417b63f2b5bed75d69\spring-boot-starter-mail-3.1.6.jar;D:\LenovoSoftstore\gradle-8.4\caches\modules-2\files-2.1\org.apache.commons\commons-pool2\2.12.0\458563f69fbdaebf7daadfe10dc3a22e42a7de50\commons-pool
Launcher Type: SUN_STANDARD

[Global flags]
     intx CICompilerCount                          = 4                                         {product} {ergonomic}
     uint ConcGCThreads                            = 3                                         {product} {ergonomic}
     uint G1ConcRefinementThreads                  = 10                                        {product} {ergonomic}
   size_t G1HeapRegionSize                         = 2097152                                   {product} {ergonomic}
    uintx GCDrainStackTargetSize                   = 64                                        {product} {ergonomic}
   size_t InitialHeapSize                          = 257949696                                 {product} {ergonomic}
     bool ManagementServer                         = true                                      {product} {command line}
   size_t MarkStackSize                            = 4194304                                   {product} {ergonomic}
   size_t MaxHeapSize                              = 4127195136                                {product} {ergonomic}
   size_t MinHeapDeltaBytes                        = 2097152                                   {product} {ergonomic}
   size_t MinHeapSize                              = 8388608                                   {product} {ergonomic}
    uintx NonProfiledCodeHeapSize                  = 0                                      {pd product} {ergonomic}
     bool ProfileInterpreter                       = false                                  {pd product} {command line}
    uintx ProfiledCodeHeapSize                     = 0                                      {pd product} {ergonomic}
   size_t SoftMaxHeapSize                          = 4127195136                             {manageable} {ergonomic}
     intx TieredStopAtLevel                        = 1                                         {product} {command line}
     bool UseCompressedClassPointers               = true                           {product lp64_product} {ergonomic}
     bool UseCompressedOops                        = true                           {product lp64_product} {ergonomic}
     bool UseG1GC                                  = true                                      {product} {ergonomic}
     bool UseLargePagesIndividualAllocation        = false                                  {pd product} {ergonomic}

Logging:
Log output configuration:
 #0: stdout all=warning uptime,level,tags
 #1: stderr all=off uptime,level,tags

Environment Variables:
JAVA_HOME=D:\LenovoSoftstore\Java\jdk-17.0.1
CLASSPATH=.;D:\LenovoSoftstore\Java\jdk-17.0.1\lib;D:\LenovoSoftstore\Java\jdk-17.0.1\lib\dt.jar;D:\LenovoSoftstore\Java\jdk-17.0.1\lib\tools.jar;
PATH=D:\LenovoSoftstore\python3.11\Scripts\;D:\LenovoSoftstore\python3.11\;D:\LenovoSoftstore\Git\bin;D:\LenovoSoftstore\apache-tomcat-9.0.58\bin;D:\LenovoSoftstore\apache-tomcat-9.0.58\lib;D:\LenovoSoftstore\VMware\VMware Workstation\bin\;C:\Program Files\Common Files\Oracle\Java\javapath;C:\ProgramData\Oracle\Java\javapath;D:\LenovoSoftstore\bin;C:\Program Files\dotnet\;C:\WINDOWS\system32;C:\WINDOWS;C:\WINDOWS\System32\Wbem;C:\WINDOWS\System32\WindowsPowerShell\v1.0\;C:\WINDOWS\System32\OpenSSH\;C:\Program Files (x86)\dotnet\;D:\LenovoSoftstore\Graphviz\bin;C:\Program Files\Microsoft SQL Server\130\Tools\Binn\;D:\LenovoSoftstore\MySQL\MySQL Server 8.0\bin;D:\LenovoSoftstore\Xftp 7\;D:\LenovoSoftstore\Xshell 7\;D:\LenovoSoftstore\Redis-x64-3.2.100;C:\Program Files (x86)\Graphviz\bin;D:\LenovoSoftstore\apache-zookeeper-3.7.1\bin;C:\ProgramData\chocolatey\bin;D:\LenovoSoftstore\apache-maven-3.8.6\bin;D:\LenovoSoftstore\gradle-8.4;D:\LenovoSoftstore\apache-jmeter-5.5\bin;D:\LenovoSoftstore\Git\cmd;D:\LenovoSoftstore\gradle-8.4\bin;D:\LenovoSoftstore\nvm\npm;D:\LenovoSoftstore\nodejs;D:\LenovoSoftstore\nvm;D:\LenovoSoftstore\nodejs;C:\Users\BaiYiChen\AppData\Local\activestate\cache\bin;C:\Users\BaiYiChen\AppData\Local\ActiveState\StateTool\release\bin;D:\LenovoSoftstore\Java\jdk-17.0.1\bin;D:\LenovoSoftstore\gradle-8.4\bin;C:\Program Files\Azure Data Studio\bin;C:\Users\BaiYiChen\AppData\Local\Microsoft\WindowsApps;C:\Users\BaiYiChen\.dotnet\tools;D:\LenovoSoftstore\IntelliJ IDEA 2021.3.3\bin;D:\LenovoSoftstore\IntelliJ IDEA Community Edition 2021.1.2\bin;;D:\LenovoSoftstore\MySQL\MySQL Server 8.0\bin;D:\LenovoSoftstore\WebStorm 2021.3.3\bin;D:\LenovoSoftstore\PyCharm 2022.1\bin;D:\LenovoSoftstore\MASM611\BIN;D:\LenovoSoftstore\nginx-1.23.2\bin;D:\LenovoSoftstore\gradle-8.4;D:\LenovoSoftstore\AndroidSdk\SDK\platform-tools;D:\LenovoSoftstore\go1.20.windows-amd64\\bin;D:\LenovoSoftstore\python3.11.0;D:\LenovoSoftstore\CLion2023.1.4\bin;D:\LenovoSoftstore\CLion2023.1.4\bin\
USERNAME=BaiYiChen
OS=Windows_NT
PROCESSOR_IDENTIFIER=AMD64 Family 23 Model 96 Stepping 1, AuthenticAMD



---------------  S Y S T E M  ---------------

OS:
 Windows 10 , 64 bit Build 19041 (10.0.19041.3636)
OS uptime: 1 days 11:35 hours

CPU: total 12 (initial active 12) (12 cores per cpu, 2 threads per core) family 23 model 96 stepping 1 microcode 0x0, cx8, cmov, fxsr, ht, mmx, 3dnowpref, sse, sse2, sse3, ssse3, sse4a, sse4.1, sse4.2, popcnt, lzcnt, tsc, tscinvbit, avx, avx2, aes, clmul, bmi1, bmi2, adx, sha, fma, vzeroupper, clflush, clflushopt

Memory: 4k page, system-wide physical 15741M (1055M free)
TotalPageFile size 24124M (AvailPageFile size 5M)
current process WorkingSet (physical memory assigned to process): 10M, peak: 10M
current process commit charge ("private bytes"): 10M, peak: 11M

vm_info: Java HotSpot(TM) 64-Bit Server VM (17.0.1+12-LTS-39) for windows-amd64 JRE (17.0.1+12-LTS-39), built on Sep 27 2021 18:41:35 by "mach5one" with MS VC++ 16.8 (VS2019)

END.
