2024-04-30 15:20:06.736 [background-preinit] INFO  o.h.v.internal.util.Version - HV000001: Hibernate Validator 8.0.1.Final
2024-04-30 15:20:06.844 [main] INFO  site.cilicili.App - Starting App using Java 17.0.1 with PID 16684 (D:\Documents\JavaCode\Code\cilicili(嗤哩嗤哩)\build\classes\java\main started by BaiYiChen in D:\Documents\JavaCode\Code\cilicili(嗤哩嗤哩))
2024-04-30 15:20:06.846 [main] INFO  site.cilicili.App - The following 1 profile is active: "dev"
2024-04-30 15:20:10.709 [main] INFO  o.s.d.r.c.RepositoryConfigurationDelegate - Multiple Spring Data modules found, entering strict repository configuration mode
2024-04-30 15:20:10.712 [main] INFO  o.s.d.r.c.RepositoryConfigurationDelegate - Bootstrapping Spring Data MongoDB repositories in DEFAULT mode.
2024-04-30 15:20:10.856 [main] INFO  o.s.d.r.c.RepositoryConfigurationDelegate - Finished Spring Data repository scanning in 132 ms. Found 0 MongoDB repository interfaces.
2024-04-30 15:20:10.877 [main] INFO  o.s.d.r.c.RepositoryConfigurationDelegate - Multiple Spring Data modules found, entering strict repository configuration mode
2024-04-30 15:20:10.880 [main] INFO  o.s.d.r.c.RepositoryConfigurationDelegate - Bootstrapping Spring Data Redis repositories in DEFAULT mode.
2024-04-30 15:20:11.029 [main] INFO  o.s.d.r.c.RepositoryConfigurationDelegate - Finished Spring Data repository scanning in 123 ms. Found 0 Redis repository interfaces.
2024-04-30 15:20:14.097 [main] WARN  io.undertow.websockets.jsr - UT026010: Buffer pool was not set on WebSocketDeploymentInfo, the default pool will be used
2024-04-30 15:20:14.146 [main] INFO  io.undertow.servlet - Initializing Spring embedded WebApplicationContext
2024-04-30 15:20:14.147 [main] INFO  o.s.b.w.s.c.ServletWebServerApplicationContext - Root WebApplicationContext: initialization completed in 7174 ms
2024-04-30 15:20:16.550 [main] WARN  c.b.m.c.i.AbstractMethod - [site.cilicili.frontend.bars.mapper.BarsMapper.insert] Has been loaded by XML or SqlProvider or Mybatis's Annotation, so ignoring this injection for [class com.baomidou.mybatisplus.core.injector.methods.Insert]
2024-04-30 15:20:16.568 [main] WARN  c.b.m.c.i.AbstractMethod - [site.cilicili.frontend.bars.mapper.BarsMapper.update] Has been loaded by XML or SqlProvider or Mybatis's Annotation, so ignoring this injection for [class com.baomidou.mybatisplus.core.injector.methods.Update]
2024-04-30 15:20:16.602 [main] WARN  c.b.m.c.i.AbstractMethod - [site.cilicili.frontend.bars.mapper.BarsMapper.deleteById] Has been loaded by XML or SqlProvider or Mybatis's Annotation, so ignoring this injection for [class com.baomidou.mybatisplus.core.injector.methods.DeleteById]
2024-04-30 15:20:16.637 [main] WARN  c.b.m.c.i.AbstractMethod - [site.cilicili.frontend.catalogs.mapper.CatalogsMapper.insert] Has been loaded by XML or SqlProvider or Mybatis's Annotation, so ignoring this injection for [class com.baomidou.mybatisplus.core.injector.methods.Insert]
2024-04-30 15:20:16.648 [main] WARN  c.b.m.c.i.AbstractMethod - [site.cilicili.frontend.catalogs.mapper.CatalogsMapper.update] Has been loaded by XML or SqlProvider or Mybatis's Annotation, so ignoring this injection for [class com.baomidou.mybatisplus.core.injector.methods.Update]
2024-04-30 15:20:16.669 [main] WARN  c.b.m.c.i.AbstractMethod - [site.cilicili.frontend.catalogs.mapper.CatalogsMapper.deleteById] Has been loaded by XML or SqlProvider or Mybatis's Annotation, so ignoring this injection for [class com.baomidou.mybatisplus.core.injector.methods.DeleteById]
2024-04-30 15:20:16.697 [main] WARN  c.b.m.c.i.AbstractMethod - [site.cilicili.frontend.categories.mapper.CategoriesMapper.insert] Has been loaded by XML or SqlProvider or Mybatis's Annotation, so ignoring this injection for [class com.baomidou.mybatisplus.core.injector.methods.Insert]
2024-04-30 15:20:16.704 [main] WARN  c.b.m.c.i.AbstractMethod - [site.cilicili.frontend.categories.mapper.CategoriesMapper.update] Has been loaded by XML or SqlProvider or Mybatis's Annotation, so ignoring this injection for [class com.baomidou.mybatisplus.core.injector.methods.Update]
2024-04-30 15:20:16.726 [main] WARN  c.b.m.c.i.AbstractMethod - [site.cilicili.frontend.categories.mapper.CategoriesMapper.deleteById] Has been loaded by XML or SqlProvider or Mybatis's Annotation, so ignoring this injection for [class com.baomidou.mybatisplus.core.injector.methods.DeleteById]
2024-04-30 15:20:16.882 [main] WARN  c.b.m.c.i.AbstractMethod - [site.cilicili.frontend.course.mapper.CoursesMapper.update] Has been loaded by XML or SqlProvider or Mybatis's Annotation, so ignoring this injection for [class com.baomidou.mybatisplus.core.injector.methods.Update]
2024-04-30 15:20:16.908 [main] WARN  c.b.m.c.i.AbstractMethod - [site.cilicili.frontend.course.mapper.CoursesMapper.deleteById] Has been loaded by XML or SqlProvider or Mybatis's Annotation, so ignoring this injection for [class com.baomidou.mybatisplus.core.injector.methods.DeleteById]
2024-04-30 15:20:16.930 [main] WARN  c.b.m.c.i.AbstractMethod - [site.cilicili.common.db.dao.DatabaseConnectionMapper.insert] Has been loaded by XML or SqlProvider or Mybatis's Annotation, so ignoring this injection for [class com.baomidou.mybatisplus.core.injector.methods.Insert]
2024-04-30 15:20:16.939 [main] WARN  c.b.m.c.i.AbstractMethod - [site.cilicili.common.db.dao.DatabaseConnectionMapper.update] Has been loaded by XML or SqlProvider or Mybatis's Annotation, so ignoring this injection for [class com.baomidou.mybatisplus.core.injector.methods.Update]
2024-04-30 15:20:16.960 [main] WARN  c.b.m.c.i.AbstractMethod - [site.cilicili.common.db.dao.DatabaseConnectionMapper.deleteById] Has been loaded by XML or SqlProvider or Mybatis's Annotation, so ignoring this injection for [class com.baomidou.mybatisplus.core.injector.methods.DeleteById]
2024-04-30 15:20:16.997 [main] WARN  c.b.m.c.i.AbstractMethod - [site.cilicili.frontend.memberShip.mapper.MemberShipMapper.insert] Has been loaded by XML or SqlProvider or Mybatis's Annotation, so ignoring this injection for [class com.baomidou.mybatisplus.core.injector.methods.Insert]
2024-04-30 15:20:17.006 [main] WARN  c.b.m.c.i.AbstractMethod - [site.cilicili.frontend.memberShip.mapper.MemberShipMapper.update] Has been loaded by XML or SqlProvider or Mybatis's Annotation, so ignoring this injection for [class com.baomidou.mybatisplus.core.injector.methods.Update]
2024-04-30 15:20:17.029 [main] WARN  c.b.m.c.i.AbstractMethod - [site.cilicili.frontend.memberShip.mapper.MemberShipMapper.deleteById] Has been loaded by XML or SqlProvider or Mybatis's Annotation, so ignoring this injection for [class com.baomidou.mybatisplus.core.injector.methods.DeleteById]
2024-04-30 15:20:17.057 [main] WARN  c.b.m.c.i.AbstractMethod - [site.cilicili.frontend.subjects.mapper.SubjectsMapper.insert] Has been loaded by XML or SqlProvider or Mybatis's Annotation, so ignoring this injection for [class com.baomidou.mybatisplus.core.injector.methods.Insert]
2024-04-30 15:20:17.064 [main] WARN  c.b.m.c.i.AbstractMethod - [site.cilicili.frontend.subjects.mapper.SubjectsMapper.update] Has been loaded by XML or SqlProvider or Mybatis's Annotation, so ignoring this injection for [class com.baomidou.mybatisplus.core.injector.methods.Update]
2024-04-30 15:20:17.095 [main] WARN  c.b.m.c.i.AbstractMethod - [site.cilicili.frontend.subjects.mapper.SubjectsMapper.deleteById] Has been loaded by XML or SqlProvider or Mybatis's Annotation, so ignoring this injection for [class com.baomidou.mybatisplus.core.injector.methods.DeleteById]
2024-04-30 15:20:17.141 [main] WARN  c.b.m.c.i.AbstractMethod - [site.cilicili.backend.api.mapper.SysApiMapper.insert] Has been loaded by XML or SqlProvider or Mybatis's Annotation, so ignoring this injection for [class com.baomidou.mybatisplus.core.injector.methods.Insert]
2024-04-30 15:20:17.150 [main] WARN  c.b.m.c.i.AbstractMethod - [site.cilicili.backend.api.mapper.SysApiMapper.update] Has been loaded by XML or SqlProvider or Mybatis's Annotation, so ignoring this injection for [class com.baomidou.mybatisplus.core.injector.methods.Update]
2024-04-30 15:20:17.179 [main] WARN  c.b.m.c.i.AbstractMethod - [site.cilicili.backend.api.mapper.SysApiMapper.deleteById] Has been loaded by XML or SqlProvider or Mybatis's Annotation, so ignoring this injection for [class com.baomidou.mybatisplus.core.injector.methods.DeleteById]
2024-04-30 15:20:17.206 [main] WARN  c.b.m.c.m.TableInfoHelper - Can not find table primary key in Class: "site.cilicili.backend.button.domain.pojo.SysButtonEntity".
2024-04-30 15:20:17.206 [main] WARN  c.b.m.c.i.DefaultSqlInjector - class site.cilicili.backend.button.domain.pojo.SysButtonEntity ,Not found @TableId annotation, Cannot use Mybatis-Plus 'xxById' Method.
2024-04-30 15:20:17.209 [main] WARN  c.b.m.c.i.AbstractMethod - [site.cilicili.backend.button.mapper.SysButtonMapper.insert] Has been loaded by XML or SqlProvider or Mybatis's Annotation, so ignoring this injection for [class com.baomidou.mybatisplus.core.injector.methods.Insert]
2024-04-30 15:20:17.217 [main] WARN  c.b.m.c.i.AbstractMethod - [site.cilicili.backend.button.mapper.SysButtonMapper.update] Has been loaded by XML or SqlProvider or Mybatis's Annotation, so ignoring this injection for [class com.baomidou.mybatisplus.core.injector.methods.Update]
2024-04-30 15:20:17.268 [main] WARN  c.b.m.c.i.AbstractMethod - [site.cilicili.backend.config.mapper.SysConfigBackendMapper.insert] Has been loaded by XML or SqlProvider or Mybatis's Annotation, so ignoring this injection for [class com.baomidou.mybatisplus.core.injector.methods.Insert]
2024-04-30 15:20:17.276 [main] WARN  c.b.m.c.i.AbstractMethod - [site.cilicili.backend.config.mapper.SysConfigBackendMapper.update] Has been loaded by XML or SqlProvider or Mybatis's Annotation, so ignoring this injection for [class com.baomidou.mybatisplus.core.injector.methods.Update]
2024-04-30 15:20:17.296 [main] WARN  c.b.m.c.i.AbstractMethod - [site.cilicili.backend.config.mapper.SysConfigBackendMapper.deleteById] Has been loaded by XML or SqlProvider or Mybatis's Annotation, so ignoring this injection for [class com.baomidou.mybatisplus.core.injector.methods.DeleteById]
2024-04-30 15:20:17.333 [main] WARN  c.b.m.c.i.AbstractMethod - [site.cilicili.backend.config.mapper.SysConfigFrontendMapper.insert] Has been loaded by XML or SqlProvider or Mybatis's Annotation, so ignoring this injection for [class com.baomidou.mybatisplus.core.injector.methods.Insert]
2024-04-30 15:20:17.344 [main] WARN  c.b.m.c.i.AbstractMethod - [site.cilicili.backend.config.mapper.SysConfigFrontendMapper.update] Has been loaded by XML or SqlProvider or Mybatis's Annotation, so ignoring this injection for [class com.baomidou.mybatisplus.core.injector.methods.Update]
2024-04-30 15:20:17.365 [main] WARN  c.b.m.c.i.AbstractMethod - [site.cilicili.backend.config.mapper.SysConfigFrontendMapper.deleteById] Has been loaded by XML or SqlProvider or Mybatis's Annotation, so ignoring this injection for [class com.baomidou.mybatisplus.core.injector.methods.DeleteById]
2024-04-30 15:20:17.405 [main] WARN  c.b.m.c.i.AbstractMethod - [site.cilicili.backend.dept.mapper.SysDeptUserMapper.insert] Has been loaded by XML or SqlProvider or Mybatis's Annotation, so ignoring this injection for [class com.baomidou.mybatisplus.core.injector.methods.Insert]
2024-04-30 15:20:17.415 [main] WARN  c.b.m.c.i.AbstractMethod - [site.cilicili.backend.dept.mapper.SysDeptUserMapper.update] Has been loaded by XML or SqlProvider or Mybatis's Annotation, so ignoring this injection for [class com.baomidou.mybatisplus.core.injector.methods.Update]
2024-04-30 15:20:17.436 [main] WARN  c.b.m.c.i.AbstractMethod - [site.cilicili.backend.dept.mapper.SysDeptUserMapper.deleteById] Has been loaded by XML or SqlProvider or Mybatis's Annotation, so ignoring this injection for [class com.baomidou.mybatisplus.core.injector.methods.DeleteById]
2024-04-30 15:20:17.474 [main] WARN  c.b.m.c.i.AbstractMethod - [site.cilicili.backend.dept.mapper.SysDeptMapper.insert] Has been loaded by XML or SqlProvider or Mybatis's Annotation, so ignoring this injection for [class com.baomidou.mybatisplus.core.injector.methods.Insert]
2024-04-30 15:20:17.481 [main] WARN  c.b.m.c.i.AbstractMethod - [site.cilicili.backend.dept.mapper.SysDeptMapper.update] Has been loaded by XML or SqlProvider or Mybatis's Annotation, so ignoring this injection for [class com.baomidou.mybatisplus.core.injector.methods.Update]
2024-04-30 15:20:17.501 [main] WARN  c.b.m.c.i.AbstractMethod - [site.cilicili.backend.dept.mapper.SysDeptMapper.deleteById] Has been loaded by XML or SqlProvider or Mybatis's Annotation, so ignoring this injection for [class com.baomidou.mybatisplus.core.injector.methods.DeleteById]
2024-04-30 15:20:17.538 [main] WARN  c.b.m.c.i.AbstractMethod - [site.cilicili.backend.dict.mapper.SysDictMapper.insert] Has been loaded by XML or SqlProvider or Mybatis's Annotation, so ignoring this injection for [class com.baomidou.mybatisplus.core.injector.methods.Insert]
2024-04-30 15:20:17.547 [main] WARN  c.b.m.c.i.AbstractMethod - [site.cilicili.backend.dict.mapper.SysDictMapper.update] Has been loaded by XML or SqlProvider or Mybatis's Annotation, so ignoring this injection for [class com.baomidou.mybatisplus.core.injector.methods.Update]
2024-04-30 15:20:17.571 [main] WARN  c.b.m.c.i.AbstractMethod - [site.cilicili.backend.dict.mapper.SysDictMapper.deleteById] Has been loaded by XML or SqlProvider or Mybatis's Annotation, so ignoring this injection for [class com.baomidou.mybatisplus.core.injector.methods.DeleteById]
2024-04-30 15:20:17.603 [main] WARN  c.b.m.c.i.AbstractMethod - [site.cilicili.backend.log.mapper.SysLogLoginMapper.insert] Has been loaded by XML or SqlProvider or Mybatis's Annotation, so ignoring this injection for [class com.baomidou.mybatisplus.core.injector.methods.Insert]
2024-04-30 15:20:17.614 [main] WARN  c.b.m.c.i.AbstractMethod - [site.cilicili.backend.log.mapper.SysLogLoginMapper.update] Has been loaded by XML or SqlProvider or Mybatis's Annotation, so ignoring this injection for [class com.baomidou.mybatisplus.core.injector.methods.Update]
2024-04-30 15:20:17.638 [main] WARN  c.b.m.c.i.AbstractMethod - [site.cilicili.backend.log.mapper.SysLogLoginMapper.deleteById] Has been loaded by XML or SqlProvider or Mybatis's Annotation, so ignoring this injection for [class com.baomidou.mybatisplus.core.injector.methods.DeleteById]
2024-04-30 15:20:17.665 [main] WARN  c.b.m.c.i.AbstractMethod - [site.cilicili.backend.log.mapper.SysLogOperationMapper.insert] Has been loaded by XML or SqlProvider or Mybatis's Annotation, so ignoring this injection for [class com.baomidou.mybatisplus.core.injector.methods.Insert]
2024-04-30 15:20:17.672 [main] WARN  c.b.m.c.i.AbstractMethod - [site.cilicili.backend.log.mapper.SysLogOperationMapper.update] Has been loaded by XML or SqlProvider or Mybatis's Annotation, so ignoring this injection for [class com.baomidou.mybatisplus.core.injector.methods.Update]
2024-04-30 15:20:17.690 [main] WARN  c.b.m.c.i.AbstractMethod - [site.cilicili.backend.log.mapper.SysLogOperationMapper.deleteById] Has been loaded by XML or SqlProvider or Mybatis's Annotation, so ignoring this injection for [class com.baomidou.mybatisplus.core.injector.methods.DeleteById]
2024-04-30 15:20:17.745 [main] WARN  c.b.m.c.i.AbstractMethod - [site.cilicili.backend.menu.mapper.SysMenuMapper.insert] Has been loaded by XML or SqlProvider or Mybatis's Annotation, so ignoring this injection for [class com.baomidou.mybatisplus.core.injector.methods.Insert]
2024-04-30 15:20:17.757 [main] WARN  c.b.m.c.i.AbstractMethod - [site.cilicili.backend.menu.mapper.SysMenuMapper.update] Has been loaded by XML or SqlProvider or Mybatis's Annotation, so ignoring this injection for [class com.baomidou.mybatisplus.core.injector.methods.Update]
2024-04-30 15:20:17.778 [main] WARN  c.b.m.c.i.AbstractMethod - [site.cilicili.backend.menu.mapper.SysMenuMapper.deleteById] Has been loaded by XML or SqlProvider or Mybatis's Annotation, so ignoring this injection for [class com.baomidou.mybatisplus.core.injector.methods.DeleteById]
2024-04-30 15:20:17.799 [main] WARN  c.b.m.c.m.TableInfoHelper - Can not find table primary key in Class: "site.cilicili.backend.notice.domain.pojo.SysNoticeToUserEntity".
2024-04-30 15:20:17.800 [main] WARN  c.b.m.c.i.DefaultSqlInjector - class site.cilicili.backend.notice.domain.pojo.SysNoticeToUserEntity ,Not found @TableId annotation, Cannot use Mybatis-Plus 'xxById' Method.
2024-04-30 15:20:17.803 [main] WARN  c.b.m.c.i.AbstractMethod - [site.cilicili.backend.notice.mapper.SysNoticeToUserMapper.insert] Has been loaded by XML or SqlProvider or Mybatis's Annotation, so ignoring this injection for [class com.baomidou.mybatisplus.core.injector.methods.Insert]
2024-04-30 15:20:17.812 [main] WARN  c.b.m.c.i.AbstractMethod - [site.cilicili.backend.notice.mapper.SysNoticeToUserMapper.update] Has been loaded by XML or SqlProvider or Mybatis's Annotation, so ignoring this injection for [class com.baomidou.mybatisplus.core.injector.methods.Update]
2024-04-30 15:20:17.850 [main] WARN  c.b.m.c.i.AbstractMethod - [site.cilicili.backend.notice.mapper.SysNoticeMapper.insert] Has been loaded by XML or SqlProvider or Mybatis's Annotation, so ignoring this injection for [class com.baomidou.mybatisplus.core.injector.methods.Insert]
2024-04-30 15:20:17.857 [main] WARN  c.b.m.c.i.AbstractMethod - [site.cilicili.backend.notice.mapper.SysNoticeMapper.update] Has been loaded by XML or SqlProvider or Mybatis's Annotation, so ignoring this injection for [class com.baomidou.mybatisplus.core.injector.methods.Update]
2024-04-30 15:20:17.871 [main] WARN  c.b.m.c.i.AbstractMethod - [site.cilicili.backend.notice.mapper.SysNoticeMapper.deleteById] Has been loaded by XML or SqlProvider or Mybatis's Annotation, so ignoring this injection for [class com.baomidou.mybatisplus.core.injector.methods.DeleteById]
2024-04-30 15:20:17.885 [main] WARN  c.b.m.c.m.TableInfoHelper - Can not find table primary key in Class: "site.cilicili.backend.api.domain.pojo.SysRoleApiEntity".
2024-04-30 15:20:17.885 [main] WARN  c.b.m.c.i.DefaultSqlInjector - class site.cilicili.backend.api.domain.pojo.SysRoleApiEntity ,Not found @TableId annotation, Cannot use Mybatis-Plus 'xxById' Method.
2024-04-30 15:20:17.918 [main] WARN  c.b.m.c.i.AbstractMethod - [site.cilicili.backend.role.mapper.SysRoleButtonMapper.update] Has been loaded by XML or SqlProvider or Mybatis's Annotation, so ignoring this injection for [class com.baomidou.mybatisplus.core.injector.methods.Update]
2024-04-30 15:20:17.933 [main] WARN  c.b.m.c.i.AbstractMethod - [site.cilicili.backend.role.mapper.SysRoleButtonMapper.deleteById] Has been loaded by XML or SqlProvider or Mybatis's Annotation, so ignoring this injection for [class com.baomidou.mybatisplus.core.injector.methods.DeleteById]
2024-04-30 15:20:17.975 [main] WARN  c.b.m.c.i.AbstractMethod - [site.cilicili.backend.role.mapper.SysRoleMenuMapper.deleteById] Has been loaded by XML or SqlProvider or Mybatis's Annotation, so ignoring this injection for [class com.baomidou.mybatisplus.core.injector.methods.DeleteById]
2024-04-30 15:20:18.021 [main] WARN  c.b.m.c.i.AbstractMethod - [site.cilicili.backend.role.mapper.SysRoleMapper.insert] Has been loaded by XML or SqlProvider or Mybatis's Annotation, so ignoring this injection for [class com.baomidou.mybatisplus.core.injector.methods.Insert]
2024-04-30 15:20:18.028 [main] WARN  c.b.m.c.i.AbstractMethod - [site.cilicili.backend.role.mapper.SysRoleMapper.update] Has been loaded by XML or SqlProvider or Mybatis's Annotation, so ignoring this injection for [class com.baomidou.mybatisplus.core.injector.methods.Update]
2024-04-30 15:20:18.059 [main] WARN  c.b.m.c.i.AbstractMethod - [site.cilicili.backend.role.mapper.SysRoleMapper.deleteById] Has been loaded by XML or SqlProvider or Mybatis's Annotation, so ignoring this injection for [class com.baomidou.mybatisplus.core.injector.methods.DeleteById]
2024-04-30 15:20:18.089 [main] WARN  c.b.m.c.i.AbstractMethod - [site.cilicili.backend.todo.mapper.SysTodoMapper.insert] Has been loaded by XML or SqlProvider or Mybatis's Annotation, so ignoring this injection for [class com.baomidou.mybatisplus.core.injector.methods.Insert]
2024-04-30 15:20:18.096 [main] WARN  c.b.m.c.i.AbstractMethod - [site.cilicili.backend.todo.mapper.SysTodoMapper.update] Has been loaded by XML or SqlProvider or Mybatis's Annotation, so ignoring this injection for [class com.baomidou.mybatisplus.core.injector.methods.Update]
2024-04-30 15:20:18.114 [main] WARN  c.b.m.c.i.AbstractMethod - [site.cilicili.backend.todo.mapper.SysTodoMapper.deleteById] Has been loaded by XML or SqlProvider or Mybatis's Annotation, so ignoring this injection for [class com.baomidou.mybatisplus.core.injector.methods.DeleteById]
2024-04-30 15:20:18.131 [main] WARN  c.b.m.c.m.TableInfoHelper - Can not find table primary key in Class: "site.cilicili.backend.user.domain.pojo.SysUserOnlineEntity".
2024-04-30 15:20:18.131 [main] WARN  c.b.m.c.i.DefaultSqlInjector - class site.cilicili.backend.user.domain.pojo.SysUserOnlineEntity ,Not found @TableId annotation, Cannot use Mybatis-Plus 'xxById' Method.
2024-04-30 15:20:18.133 [main] WARN  c.b.m.c.i.AbstractMethod - [site.cilicili.backend.user.mapper.SysUserOnlineMapper.insert] Has been loaded by XML or SqlProvider or Mybatis's Annotation, so ignoring this injection for [class com.baomidou.mybatisplus.core.injector.methods.Insert]
2024-04-30 15:20:18.137 [main] WARN  c.b.m.c.i.AbstractMethod - [site.cilicili.backend.user.mapper.SysUserOnlineMapper.update] Has been loaded by XML or SqlProvider or Mybatis's Annotation, so ignoring this injection for [class com.baomidou.mybatisplus.core.injector.methods.Update]
2024-04-30 15:20:18.161 [main] WARN  c.b.m.c.i.AbstractMethod - [site.cilicili.backend.user.mapper.SysUserRoleMapper.insert] Has been loaded by XML or SqlProvider or Mybatis's Annotation, so ignoring this injection for [class com.baomidou.mybatisplus.core.injector.methods.Insert]
2024-04-30 15:20:18.166 [main] WARN  c.b.m.c.i.AbstractMethod - [site.cilicili.backend.user.mapper.SysUserRoleMapper.update] Has been loaded by XML or SqlProvider or Mybatis's Annotation, so ignoring this injection for [class com.baomidou.mybatisplus.core.injector.methods.Update]
2024-04-30 15:20:18.181 [main] WARN  c.b.m.c.i.AbstractMethod - [site.cilicili.backend.user.mapper.SysUserRoleMapper.deleteById] Has been loaded by XML or SqlProvider or Mybatis's Annotation, so ignoring this injection for [class com.baomidou.mybatisplus.core.injector.methods.DeleteById]
2024-04-30 15:20:18.209 [main] WARN  c.b.m.c.i.AbstractMethod - [site.cilicili.backend.user.mapper.SysUserMapper.insert] Has been loaded by XML or SqlProvider or Mybatis's Annotation, so ignoring this injection for [class com.baomidou.mybatisplus.core.injector.methods.Insert]
2024-04-30 15:20:18.214 [main] WARN  c.b.m.c.i.AbstractMethod - [site.cilicili.backend.user.mapper.SysUserMapper.update] Has been loaded by XML or SqlProvider or Mybatis's Annotation, so ignoring this injection for [class com.baomidou.mybatisplus.core.injector.methods.Update]
2024-04-30 15:20:18.232 [main] WARN  c.b.m.c.i.AbstractMethod - [site.cilicili.backend.user.mapper.SysUserMapper.deleteById] Has been loaded by XML or SqlProvider or Mybatis's Annotation, so ignoring this injection for [class com.baomidou.mybatisplus.core.injector.methods.DeleteById]
2024-04-30 15:20:18.253 [main] WARN  c.b.m.c.i.AbstractMethod - [site.cilicili.frontend.advertising.mapper.VideoAdvertisingMapper.insert] Has been loaded by XML or SqlProvider or Mybatis's Annotation, so ignoring this injection for [class com.baomidou.mybatisplus.core.injector.methods.Insert]
2024-04-30 15:20:18.260 [main] WARN  c.b.m.c.i.AbstractMethod - [site.cilicili.frontend.advertising.mapper.VideoAdvertisingMapper.update] Has been loaded by XML or SqlProvider or Mybatis's Annotation, so ignoring this injection for [class com.baomidou.mybatisplus.core.injector.methods.Update]
2024-04-30 15:20:18.280 [main] WARN  c.b.m.c.i.AbstractMethod - [site.cilicili.frontend.advertising.mapper.VideoAdvertisingMapper.deleteById] Has been loaded by XML or SqlProvider or Mybatis's Annotation, so ignoring this injection for [class com.baomidou.mybatisplus.core.injector.methods.DeleteById]
2024-04-30 15:20:18.317 [main] WARN  c.b.m.c.i.AbstractMethod - [site.cilicili.frontend.carousel.mapper.VideoCarouselMapper.insert] Has been loaded by XML or SqlProvider or Mybatis's Annotation, so ignoring this injection for [class com.baomidou.mybatisplus.core.injector.methods.Insert]
2024-04-30 15:20:18.324 [main] WARN  c.b.m.c.i.AbstractMethod - [site.cilicili.frontend.carousel.mapper.VideoCarouselMapper.update] Has been loaded by XML or SqlProvider or Mybatis's Annotation, so ignoring this injection for [class com.baomidou.mybatisplus.core.injector.methods.Update]
2024-04-30 15:20:18.340 [main] WARN  c.b.m.c.i.AbstractMethod - [site.cilicili.frontend.carousel.mapper.VideoCarouselMapper.deleteById] Has been loaded by XML or SqlProvider or Mybatis's Annotation, so ignoring this injection for [class com.baomidou.mybatisplus.core.injector.methods.DeleteById]
2024-04-30 15:20:18.358 [main] WARN  c.b.m.c.i.AbstractMethod - [site.cilicili.frontend.comments.mapper.VideoCommentsUserInfoMapper.insert] Has been loaded by XML or SqlProvider or Mybatis's Annotation, so ignoring this injection for [class com.baomidou.mybatisplus.core.injector.methods.Insert]
2024-04-30 15:20:18.363 [main] WARN  c.b.m.c.i.AbstractMethod - [site.cilicili.frontend.comments.mapper.VideoCommentsUserInfoMapper.update] Has been loaded by XML or SqlProvider or Mybatis's Annotation, so ignoring this injection for [class com.baomidou.mybatisplus.core.injector.methods.Update]
2024-04-30 15:20:18.374 [main] WARN  c.b.m.c.i.AbstractMethod - [site.cilicili.frontend.comments.mapper.VideoCommentsUserInfoMapper.deleteById] Has been loaded by XML or SqlProvider or Mybatis's Annotation, so ignoring this injection for [class com.baomidou.mybatisplus.core.injector.methods.DeleteById]
2024-04-30 15:20:18.402 [main] WARN  c.b.m.c.i.AbstractMethod - [site.cilicili.frontend.comments.mapper.VideoCommentsMapper.insert] Has been loaded by XML or SqlProvider or Mybatis's Annotation, so ignoring this injection for [class com.baomidou.mybatisplus.core.injector.methods.Insert]
2024-04-30 15:20:18.410 [main] WARN  c.b.m.c.i.AbstractMethod - [site.cilicili.frontend.comments.mapper.VideoCommentsMapper.update] Has been loaded by XML or SqlProvider or Mybatis's Annotation, so ignoring this injection for [class com.baomidou.mybatisplus.core.injector.methods.Update]
2024-04-30 15:20:18.427 [main] WARN  c.b.m.c.i.AbstractMethod - [site.cilicili.frontend.comments.mapper.VideoCommentsMapper.deleteById] Has been loaded by XML or SqlProvider or Mybatis's Annotation, so ignoring this injection for [class com.baomidou.mybatisplus.core.injector.methods.DeleteById]
2024-04-30 15:20:19.298 [main] WARN  o.s.b.w.s.c.AnnotationConfigServletWebServerApplicationContext - Exception encountered during context initialization - cancelling refresh attempt: org.springframework.context.ApplicationContextException: Unable to start web server
2024-04-30 15:20:19.299 [main] INFO  c.a.druid.pool.DruidDataSource - {dataSource-0} closing ...
2024-04-30 15:20:19.300 [main] INFO  c.a.druid.pool.DruidDataSource - {dataSource-0} closing ...
2024-04-30 15:20:19.331 [main] INFO  o.s.b.a.l.ConditionEvaluationReportLogger - 

Error starting ApplicationContext. To display the condition evaluation report re-run your application with 'debug' enabled.
2024-04-30 15:20:19.440 [main] ERROR o.s.boot.SpringApplication - Application run failed
org.springframework.context.ApplicationContextException: Unable to start web server
	at org.springframework.boot.web.servlet.context.ServletWebServerApplicationContext.onRefresh(ServletWebServerApplicationContext.java:164)
	at org.springframework.context.support.AbstractApplicationContext.refresh(AbstractApplicationContext.java:610)
	at org.springframework.boot.web.servlet.context.ServletWebServerApplicationContext.refresh(ServletWebServerApplicationContext.java:146)
	at org.springframework.boot.SpringApplication.refresh(SpringApplication.java:738)
	at org.springframework.boot.SpringApplication.refreshContext(SpringApplication.java:440)
	at org.springframework.boot.SpringApplication.run(SpringApplication.java:316)
	at org.springframework.boot.SpringApplication.run(SpringApplication.java:1306)
	at org.springframework.boot.SpringApplication.run(SpringApplication.java:1295)
	at site.cilicili.App.main(App.java:63)
Caused by: java.lang.RuntimeException: org.springframework.beans.factory.UnsatisfiedDependencyException: Error creating bean with name 'JWTAuthFilter' defined in file [D:\Documents\JavaCode\Code\cilicili(嗤哩嗤哩)\build\classes\java\main\site\cilicili\common\filter\JWTAuthFilter.class]: Unsatisfied dependency expressed through constructor parameter 0: Error creating bean with name 'getJwtUtils' defined in class path resource [site/cilicili/common/security/jwt/JwtUtilsConfiguration.class]: Unsatisfied dependency expressed through method 'getJwtUtils' parameter 3: Error creating bean with name 'appExceptionHandler' defined in file [D:\Documents\JavaCode\Code\cilicili(嗤哩嗤哩)\build\classes\java\main\site\cilicili\common\exception\AppExceptionHandler.class]: Unsatisfied dependency expressed through constructor parameter 4: Error creating bean with name 'logOperationAspect' defined in file [D:\Documents\JavaCode\Code\cilicili(嗤哩嗤哩)\build\classes\java\main\site\cilicili\common\mvcConfig\LogOperationAspect.class]: Unsatisfied dependency expressed through constructor parameter 5: Error creating bean with name 'dbInitialization' defined in file [D:\Documents\JavaCode\Code\cilicili(嗤哩嗤哩)\build\classes\java\main\site\cilicili\common\config\dynamicDb\dataSource\DbInitialization.class]: Unsatisfied dependency expressed through constructor parameter 1: Bean named 'myDataSourceList' is expected to be of type 'site.cilicili.common.config.dynamicDb.MyDataSourceList' but was actually of type 'com.github.gavlyukovskiy.boot.jdbc.decorator.DecoratedDataSource'
	at io.undertow.servlet.core.DeploymentManagerImpl.deploy(DeploymentManagerImpl.java:257)
	at org.springframework.boot.web.embedded.undertow.UndertowServletWebServerFactory.createManager(UndertowServletWebServerFactory.java:329)
	at org.springframework.boot.web.embedded.undertow.UndertowServletWebServerFactory.getWebServer(UndertowServletWebServerFactory.java:298)
	at org.springframework.boot.web.servlet.context.ServletWebServerApplicationContext.createWebServer(ServletWebServerApplicationContext.java:183)
	at org.springframework.boot.web.servlet.context.ServletWebServerApplicationContext.onRefresh(ServletWebServerApplicationContext.java:161)
	... 8 common frames omitted
Caused by: org.springframework.beans.factory.UnsatisfiedDependencyException: Error creating bean with name 'JWTAuthFilter' defined in file [D:\Documents\JavaCode\Code\cilicili(嗤哩嗤哩)\build\classes\java\main\site\cilicili\common\filter\JWTAuthFilter.class]: Unsatisfied dependency expressed through constructor parameter 0: Error creating bean with name 'getJwtUtils' defined in class path resource [site/cilicili/common/security/jwt/JwtUtilsConfiguration.class]: Unsatisfied dependency expressed through method 'getJwtUtils' parameter 3: Error creating bean with name 'appExceptionHandler' defined in file [D:\Documents\JavaCode\Code\cilicili(嗤哩嗤哩)\build\classes\java\main\site\cilicili\common\exception\AppExceptionHandler.class]: Unsatisfied dependency expressed through constructor parameter 4: Error creating bean with name 'logOperationAspect' defined in file [D:\Documents\JavaCode\Code\cilicili(嗤哩嗤哩)\build\classes\java\main\site\cilicili\common\mvcConfig\LogOperationAspect.class]: Unsatisfied dependency expressed through constructor parameter 5: Error creating bean with name 'dbInitialization' defined in file [D:\Documents\JavaCode\Code\cilicili(嗤哩嗤哩)\build\classes\java\main\site\cilicili\common\config\dynamicDb\dataSource\DbInitialization.class]: Unsatisfied dependency expressed through constructor parameter 1: Bean named 'myDataSourceList' is expected to be of type 'site.cilicili.common.config.dynamicDb.MyDataSourceList' but was actually of type 'com.github.gavlyukovskiy.boot.jdbc.decorator.DecoratedDataSource'
	at org.springframework.beans.factory.support.ConstructorResolver.createArgumentArray(ConstructorResolver.java:801)
	at org.springframework.beans.factory.support.ConstructorResolver.autowireConstructor(ConstructorResolver.java:240)
	at org.springframework.beans.factory.support.AbstractAutowireCapableBeanFactory.autowireConstructor(AbstractAutowireCapableBeanFactory.java:1352)
	at org.springframework.beans.factory.support.AbstractAutowireCapableBeanFactory.createBeanInstance(AbstractAutowireCapableBeanFactory.java:1189)
	at org.springframework.beans.factory.support.AbstractAutowireCapableBeanFactory.doCreateBean(AbstractAutowireCapableBeanFactory.java:560)
	at org.springframework.beans.factory.support.AbstractAutowireCapableBeanFactory.createBean(AbstractAutowireCapableBeanFactory.java:520)
	at org.springframework.beans.factory.support.AbstractBeanFactory.lambda$doGetBean$0(AbstractBeanFactory.java:325)
	at org.springframework.beans.factory.support.DefaultSingletonBeanRegistry.getSingleton(DefaultSingletonBeanRegistry.java:234)
	at org.springframework.beans.factory.support.AbstractBeanFactory.doGetBean(AbstractBeanFactory.java:323)
	at org.springframework.beans.factory.support.AbstractBeanFactory.getBean(AbstractBeanFactory.java:204)
	at org.springframework.boot.web.servlet.ServletContextInitializerBeans.getOrderedBeansOfType(ServletContextInitializerBeans.java:210)
	at org.springframework.boot.web.servlet.ServletContextInitializerBeans.addAsRegistrationBean(ServletContextInitializerBeans.java:173)
	at org.springframework.boot.web.servlet.ServletContextInitializerBeans.addAsRegistrationBean(ServletContextInitializerBeans.java:168)
	at org.springframework.boot.web.servlet.ServletContextInitializerBeans.addAdaptableBeans(ServletContextInitializerBeans.java:153)
	at org.springframework.boot.web.servlet.ServletContextInitializerBeans.<init>(ServletContextInitializerBeans.java:86)
	at org.springframework.boot.web.servlet.context.ServletWebServerApplicationContext.getServletContextInitializerBeans(ServletWebServerApplicationContext.java:261)
	at org.springframework.boot.web.servlet.context.ServletWebServerApplicationContext.selfInitialize(ServletWebServerApplicationContext.java:235)
	at org.springframework.boot.web.embedded.undertow.UndertowServletWebServerFactory$Initializer.onStartup(UndertowServletWebServerFactory.java:507)
	at io.undertow.servlet.core.DeploymentManagerImpl$1.call(DeploymentManagerImpl.java:204)
	at io.undertow.servlet.core.DeploymentManagerImpl$1.call(DeploymentManagerImpl.java:187)
	at io.undertow.servlet.core.ServletRequestContextThreadSetupAction$1.call(ServletRequestContextThreadSetupAction.java:42)
	at io.undertow.servlet.core.ContextClassLoaderSetupAction$1.call(ContextClassLoaderSetupAction.java:43)
	at io.undertow.servlet.core.DeploymentManagerImpl.deploy(DeploymentManagerImpl.java:255)
	... 12 common frames omitted
Caused by: org.springframework.beans.factory.UnsatisfiedDependencyException: Error creating bean with name 'getJwtUtils' defined in class path resource [site/cilicili/common/security/jwt/JwtUtilsConfiguration.class]: Unsatisfied dependency expressed through method 'getJwtUtils' parameter 3: Error creating bean with name 'appExceptionHandler' defined in file [D:\Documents\JavaCode\Code\cilicili(嗤哩嗤哩)\build\classes\java\main\site\cilicili\common\exception\AppExceptionHandler.class]: Unsatisfied dependency expressed through constructor parameter 4: Error creating bean with name 'logOperationAspect' defined in file [D:\Documents\JavaCode\Code\cilicili(嗤哩嗤哩)\build\classes\java\main\site\cilicili\common\mvcConfig\LogOperationAspect.class]: Unsatisfied dependency expressed through constructor parameter 5: Error creating bean with name 'dbInitialization' defined in file [D:\Documents\JavaCode\Code\cilicili(嗤哩嗤哩)\build\classes\java\main\site\cilicili\common\config\dynamicDb\dataSource\DbInitialization.class]: Unsatisfied dependency expressed through constructor parameter 1: Bean named 'myDataSourceList' is expected to be of type 'site.cilicili.common.config.dynamicDb.MyDataSourceList' but was actually of type 'com.github.gavlyukovskiy.boot.jdbc.decorator.DecoratedDataSource'
	at org.springframework.beans.factory.support.ConstructorResolver.createArgumentArray(ConstructorResolver.java:801)
	at org.springframework.beans.factory.support.ConstructorResolver.instantiateUsingFactoryMethod(ConstructorResolver.java:545)
	at org.springframework.beans.factory.support.AbstractAutowireCapableBeanFactory.instantiateUsingFactoryMethod(AbstractAutowireCapableBeanFactory.java:1332)
	at org.springframework.beans.factory.support.AbstractAutowireCapableBeanFactory.createBeanInstance(AbstractAutowireCapableBeanFactory.java:1162)
	at org.springframework.beans.factory.support.AbstractAutowireCapableBeanFactory.doCreateBean(AbstractAutowireCapableBeanFactory.java:560)
	at org.springframework.beans.factory.support.AbstractAutowireCapableBeanFactory.createBean(AbstractAutowireCapableBeanFactory.java:520)
	at org.springframework.beans.factory.support.AbstractBeanFactory.lambda$doGetBean$0(AbstractBeanFactory.java:325)
	at org.springframework.beans.factory.support.DefaultSingletonBeanRegistry.getSingleton(DefaultSingletonBeanRegistry.java:234)
	at org.springframework.beans.factory.support.AbstractBeanFactory.doGetBean(AbstractBeanFactory.java:323)
	at org.springframework.beans.factory.support.AbstractBeanFactory.getBean(AbstractBeanFactory.java:199)
	at org.springframework.beans.factory.config.DependencyDescriptor.resolveCandidate(DependencyDescriptor.java:254)
	at org.springframework.beans.factory.support.DefaultListableBeanFactory.doResolveDependency(DefaultListableBeanFactory.java:1417)
	at org.springframework.beans.factory.support.DefaultListableBeanFactory.resolveDependency(DefaultListableBeanFactory.java:1337)
	at org.springframework.beans.factory.support.ConstructorResolver.resolveAutowiredArgument(ConstructorResolver.java:910)
	at org.springframework.beans.factory.support.ConstructorResolver.createArgumentArray(ConstructorResolver.java:788)
	... 34 common frames omitted
Caused by: org.springframework.beans.factory.UnsatisfiedDependencyException: Error creating bean with name 'appExceptionHandler' defined in file [D:\Documents\JavaCode\Code\cilicili(嗤哩嗤哩)\build\classes\java\main\site\cilicili\common\exception\AppExceptionHandler.class]: Unsatisfied dependency expressed through constructor parameter 4: Error creating bean with name 'logOperationAspect' defined in file [D:\Documents\JavaCode\Code\cilicili(嗤哩嗤哩)\build\classes\java\main\site\cilicili\common\mvcConfig\LogOperationAspect.class]: Unsatisfied dependency expressed through constructor parameter 5: Error creating bean with name 'dbInitialization' defined in file [D:\Documents\JavaCode\Code\cilicili(嗤哩嗤哩)\build\classes\java\main\site\cilicili\common\config\dynamicDb\dataSource\DbInitialization.class]: Unsatisfied dependency expressed through constructor parameter 1: Bean named 'myDataSourceList' is expected to be of type 'site.cilicili.common.config.dynamicDb.MyDataSourceList' but was actually of type 'com.github.gavlyukovskiy.boot.jdbc.decorator.DecoratedDataSource'
	at org.springframework.beans.factory.support.ConstructorResolver.createArgumentArray(ConstructorResolver.java:801)
	at org.springframework.beans.factory.support.ConstructorResolver.autowireConstructor(ConstructorResolver.java:240)
	at org.springframework.beans.factory.support.AbstractAutowireCapableBeanFactory.autowireConstructor(AbstractAutowireCapableBeanFactory.java:1352)
	at org.springframework.beans.factory.support.AbstractAutowireCapableBeanFactory.createBeanInstance(AbstractAutowireCapableBeanFactory.java:1189)
	at org.springframework.beans.factory.support.AbstractAutowireCapableBeanFactory.doCreateBean(AbstractAutowireCapableBeanFactory.java:560)
	at org.springframework.beans.factory.support.AbstractAutowireCapableBeanFactory.createBean(AbstractAutowireCapableBeanFactory.java:520)
	at org.springframework.beans.factory.support.AbstractBeanFactory.lambda$doGetBean$0(AbstractBeanFactory.java:325)
	at org.springframework.beans.factory.support.DefaultSingletonBeanRegistry.getSingleton(DefaultSingletonBeanRegistry.java:234)
	at org.springframework.beans.factory.support.AbstractBeanFactory.doGetBean(AbstractBeanFactory.java:323)
	at org.springframework.beans.factory.support.AbstractBeanFactory.getBean(AbstractBeanFactory.java:199)
	at org.springframework.beans.factory.config.DependencyDescriptor.resolveCandidate(DependencyDescriptor.java:254)
	at org.springframework.beans.factory.support.DefaultListableBeanFactory.doResolveDependency(DefaultListableBeanFactory.java:1417)
	at org.springframework.beans.factory.support.DefaultListableBeanFactory.resolveDependency(DefaultListableBeanFactory.java:1337)
	at org.springframework.beans.factory.support.ConstructorResolver.resolveAutowiredArgument(ConstructorResolver.java:910)
	at org.springframework.beans.factory.support.ConstructorResolver.createArgumentArray(ConstructorResolver.java:788)
	... 48 common frames omitted
Caused by: org.springframework.beans.factory.UnsatisfiedDependencyException: Error creating bean with name 'logOperationAspect' defined in file [D:\Documents\JavaCode\Code\cilicili(嗤哩嗤哩)\build\classes\java\main\site\cilicili\common\mvcConfig\LogOperationAspect.class]: Unsatisfied dependency expressed through constructor parameter 5: Error creating bean with name 'dbInitialization' defined in file [D:\Documents\JavaCode\Code\cilicili(嗤哩嗤哩)\build\classes\java\main\site\cilicili\common\config\dynamicDb\dataSource\DbInitialization.class]: Unsatisfied dependency expressed through constructor parameter 1: Bean named 'myDataSourceList' is expected to be of type 'site.cilicili.common.config.dynamicDb.MyDataSourceList' but was actually of type 'com.github.gavlyukovskiy.boot.jdbc.decorator.DecoratedDataSource'
	at org.springframework.beans.factory.support.ConstructorResolver.createArgumentArray(ConstructorResolver.java:801)
	at org.springframework.beans.factory.support.ConstructorResolver.autowireConstructor(ConstructorResolver.java:240)
	at org.springframework.beans.factory.support.AbstractAutowireCapableBeanFactory.autowireConstructor(AbstractAutowireCapableBeanFactory.java:1352)
	at org.springframework.beans.factory.support.AbstractAutowireCapableBeanFactory.createBeanInstance(AbstractAutowireCapableBeanFactory.java:1189)
	at org.springframework.beans.factory.support.AbstractAutowireCapableBeanFactory.doCreateBean(AbstractAutowireCapableBeanFactory.java:560)
	at org.springframework.beans.factory.support.AbstractAutowireCapableBeanFactory.createBean(AbstractAutowireCapableBeanFactory.java:520)
	at org.springframework.beans.factory.support.AbstractBeanFactory.lambda$doGetBean$0(AbstractBeanFactory.java:325)
	at org.springframework.beans.factory.support.DefaultSingletonBeanRegistry.getSingleton(DefaultSingletonBeanRegistry.java:234)
	at org.springframework.beans.factory.support.AbstractBeanFactory.doGetBean(AbstractBeanFactory.java:323)
	at org.springframework.beans.factory.support.AbstractBeanFactory.getBean(AbstractBeanFactory.java:199)
	at org.springframework.beans.factory.config.DependencyDescriptor.resolveCandidate(DependencyDescriptor.java:254)
	at org.springframework.beans.factory.support.DefaultListableBeanFactory.doResolveDependency(DefaultListableBeanFactory.java:1417)
	at org.springframework.beans.factory.support.DefaultListableBeanFactory.resolveDependency(DefaultListableBeanFactory.java:1337)
	at org.springframework.beans.factory.support.ConstructorResolver.resolveAutowiredArgument(ConstructorResolver.java:910)
	at org.springframework.beans.factory.support.ConstructorResolver.createArgumentArray(ConstructorResolver.java:788)
	... 62 common frames omitted
Caused by: org.springframework.beans.factory.UnsatisfiedDependencyException: Error creating bean with name 'dbInitialization' defined in file [D:\Documents\JavaCode\Code\cilicili(嗤哩嗤哩)\build\classes\java\main\site\cilicili\common\config\dynamicDb\dataSource\DbInitialization.class]: Unsatisfied dependency expressed through constructor parameter 1: Bean named 'myDataSourceList' is expected to be of type 'site.cilicili.common.config.dynamicDb.MyDataSourceList' but was actually of type 'com.github.gavlyukovskiy.boot.jdbc.decorator.DecoratedDataSource'
	at org.springframework.beans.factory.support.ConstructorResolver.createArgumentArray(ConstructorResolver.java:801)
	at org.springframework.beans.factory.support.ConstructorResolver.autowireConstructor(ConstructorResolver.java:240)
	at org.springframework.beans.factory.support.AbstractAutowireCapableBeanFactory.autowireConstructor(AbstractAutowireCapableBeanFactory.java:1352)
	at org.springframework.beans.factory.support.AbstractAutowireCapableBeanFactory.createBeanInstance(AbstractAutowireCapableBeanFactory.java:1189)
	at org.springframework.beans.factory.support.AbstractAutowireCapableBeanFactory.doCreateBean(AbstractAutowireCapableBeanFactory.java:560)
	at org.springframework.beans.factory.support.AbstractAutowireCapableBeanFactory.createBean(AbstractAutowireCapableBeanFactory.java:520)
	at org.springframework.beans.factory.support.AbstractBeanFactory.lambda$doGetBean$0(AbstractBeanFactory.java:325)
	at org.springframework.beans.factory.support.DefaultSingletonBeanRegistry.getSingleton(DefaultSingletonBeanRegistry.java:234)
	at org.springframework.beans.factory.support.AbstractBeanFactory.doGetBean(AbstractBeanFactory.java:323)
	at org.springframework.beans.factory.support.AbstractBeanFactory.getBean(AbstractBeanFactory.java:199)
	at org.springframework.beans.factory.config.DependencyDescriptor.resolveCandidate(DependencyDescriptor.java:254)
	at org.springframework.beans.factory.support.DefaultListableBeanFactory.doResolveDependency(DefaultListableBeanFactory.java:1417)
	at org.springframework.beans.factory.support.DefaultListableBeanFactory.resolveDependency(DefaultListableBeanFactory.java:1337)
	at org.springframework.beans.factory.support.ConstructorResolver.resolveAutowiredArgument(ConstructorResolver.java:910)
	at org.springframework.beans.factory.support.ConstructorResolver.createArgumentArray(ConstructorResolver.java:788)
	... 76 common frames omitted
Caused by: org.springframework.beans.factory.BeanNotOfRequiredTypeException: Bean named 'myDataSourceList' is expected to be of type 'site.cilicili.common.config.dynamicDb.MyDataSourceList' but was actually of type 'com.github.gavlyukovskiy.boot.jdbc.decorator.DecoratedDataSource'
	at org.springframework.beans.factory.support.DefaultListableBeanFactory.checkBeanNotOfRequiredType(DefaultListableBeanFactory.java:1843)
	at org.springframework.beans.factory.support.DefaultListableBeanFactory.raiseNoMatchingBeanFound(DefaultListableBeanFactory.java:1820)
	at org.springframework.beans.factory.support.DefaultListableBeanFactory.doResolveDependency(DefaultListableBeanFactory.java:1383)
	at org.springframework.beans.factory.support.DefaultListableBeanFactory.resolveDependency(DefaultListableBeanFactory.java:1337)
	at org.springframework.beans.factory.support.ConstructorResolver.resolveAutowiredArgument(ConstructorResolver.java:910)
	at org.springframework.beans.factory.support.ConstructorResolver.createArgumentArray(ConstructorResolver.java:788)
	... 90 common frames omitted
