2023-12-31 15:29:26.418 [main] ERROR s.c.c.u.YAMLPropertySourceFactory - java.io.FileNotFoundException: dbConfig.yaml (系统找不到指定的文件。)
2023-12-31 15:29:29.377 [main] ERROR s.cilicili.common.util.DbUtils - dbConfig.yaml (系统找不到指定的文件。)
2023-12-31 15:29:32.057 [main] ERROR o.s.boot.SpringApplication - Application run failed
org.springframework.beans.factory.BeanCreationException: Error creating bean with name 'requestMappingHandlerMapping' defined in class path resource [org/springframework/boot/autoconfigure/web/servlet/WebMvcAutoConfiguration$EnableWebMvcConfiguration.class]: Ambiguous mapping. Cannot map 'sysUserController' method 
site.cilicili.backend.user.controller.SysUserController#queryAll(SysUserEntity)
to {GET [/user]}: There is already 'userController' bean method
site.cilicili.authentication.user.controller.UserController#currentUser(AuthUserDetails) mapped.
	at org.springframework.beans.factory.support.AbstractAutowireCapableBeanFactory.initializeBean(AbstractAutowireCapableBeanFactory.java:1770)
	at org.springframework.beans.factory.support.AbstractAutowireCapableBeanFactory.doCreateBean(AbstractAutowireCapableBeanFactory.java:598)
	at org.springframework.beans.factory.support.AbstractAutowireCapableBeanFactory.createBean(AbstractAutowireCapableBeanFactory.java:520)
	at org.springframework.beans.factory.support.AbstractBeanFactory.lambda$doGetBean$0(AbstractBeanFactory.java:325)
	at org.springframework.beans.factory.support.DefaultSingletonBeanRegistry.getSingleton(DefaultSingletonBeanRegistry.java:234)
	at org.springframework.beans.factory.support.AbstractBeanFactory.doGetBean(AbstractBeanFactory.java:323)
	at org.springframework.beans.factory.support.AbstractBeanFactory.getBean(AbstractBeanFactory.java:199)
	at org.springframework.beans.factory.support.DefaultListableBeanFactory.preInstantiateSingletons(DefaultListableBeanFactory.java:973)
	at org.springframework.context.support.AbstractApplicationContext.finishBeanFactoryInitialization(AbstractApplicationContext.java:950)
	at org.springframework.context.support.AbstractApplicationContext.refresh(AbstractApplicationContext.java:616)
	at org.springframework.boot.web.servlet.context.ServletWebServerApplicationContext.refresh(ServletWebServerApplicationContext.java:146)
	at org.springframework.boot.SpringApplication.refresh(SpringApplication.java:738)
	at org.springframework.boot.SpringApplication.refreshContext(SpringApplication.java:440)
	at org.springframework.boot.SpringApplication.run(SpringApplication.java:316)
	at org.springframework.boot.SpringApplication.run(SpringApplication.java:1306)
	at org.springframework.boot.SpringApplication.run(SpringApplication.java:1295)
	at site.cilicili.App.main(App.java:51)
Caused by: java.lang.IllegalStateException: Ambiguous mapping. Cannot map 'sysUserController' method 
site.cilicili.backend.user.controller.SysUserController#queryAll(SysUserEntity)
to {GET [/user]}: There is already 'userController' bean method
site.cilicili.authentication.user.controller.UserController#currentUser(AuthUserDetails) mapped.
	at org.springframework.web.servlet.handler.AbstractHandlerMethodMapping$MappingRegistry.validateMethodMapping(AbstractHandlerMethodMapping.java:667)
	at org.springframework.web.servlet.handler.AbstractHandlerMethodMapping$MappingRegistry.register(AbstractHandlerMethodMapping.java:633)
	at org.springframework.web.servlet.handler.AbstractHandlerMethodMapping.registerHandlerMethod(AbstractHandlerMethodMapping.java:331)
	at org.springframework.web.servlet.mvc.method.annotation.RequestMappingHandlerMapping.registerHandlerMethod(RequestMappingHandlerMapping.java:441)
	at org.springframework.web.servlet.mvc.method.annotation.RequestMappingHandlerMapping.registerHandlerMethod(RequestMappingHandlerMapping.java:76)
	at org.springframework.web.servlet.handler.AbstractHandlerMethodMapping.lambda$detectHandlerMethods$2(AbstractHandlerMethodMapping.java:298)
	at java.base/java.util.LinkedHashMap.forEach(LinkedHashMap.java:721)
	at org.springframework.web.servlet.handler.AbstractHandlerMethodMapping.detectHandlerMethods(AbstractHandlerMethodMapping.java:296)
	at org.springframework.web.servlet.handler.AbstractHandlerMethodMapping.processCandidateBean(AbstractHandlerMethodMapping.java:265)
	at org.springframework.web.servlet.handler.AbstractHandlerMethodMapping.initHandlerMethods(AbstractHandlerMethodMapping.java:224)
	at org.springframework.web.servlet.handler.AbstractHandlerMethodMapping.afterPropertiesSet(AbstractHandlerMethodMapping.java:212)
	at org.springframework.web.servlet.mvc.method.annotation.RequestMappingHandlerMapping.afterPropertiesSet(RequestMappingHandlerMapping.java:225)
	at org.springframework.beans.factory.support.AbstractAutowireCapableBeanFactory.invokeInitMethods(AbstractAutowireCapableBeanFactory.java:1817)
	at org.springframework.beans.factory.support.AbstractAutowireCapableBeanFactory.initializeBean(AbstractAutowireCapableBeanFactory.java:1766)
	... 16 common frames omitted
2023-12-31 15:31:40.477 [main] ERROR s.c.c.u.YAMLPropertySourceFactory - java.io.FileNotFoundException: dbConfig.yaml (系统找不到指定的文件。)
2023-12-31 15:31:42.870 [main] ERROR s.cilicili.common.util.DbUtils - dbConfig.yaml (系统找不到指定的文件。)
2023-12-31 16:08:53.800 [http-nio-8889-exec-3] ERROR s.cilicili.common.util.DbUtils - dbConfig.yaml (系统找不到指定的文件。)
2023-12-31 16:14:35.446 [main] ERROR s.c.c.u.YAMLPropertySourceFactory - java.io.FileNotFoundException: dbConfig.yaml (系统找不到指定的文件。)
2023-12-31 16:14:37.756 [main] ERROR s.cilicili.common.util.DbUtils - dbConfig.yaml (系统找不到指定的文件。)
2023-12-31 16:20:24.394 [main] ERROR s.c.c.u.YAMLPropertySourceFactory - java.io.FileNotFoundException: dbConfig.yaml (系统找不到指定的文件。)
2023-12-31 16:20:26.742 [main] ERROR s.cilicili.common.util.DbUtils - dbConfig.yaml (系统找不到指定的文件。)
2023-12-31 17:06:44.619 [main] ERROR s.c.c.u.YAMLPropertySourceFactory - java.io.FileNotFoundException: dbConfig.yaml (系统找不到指定的文件。)
2023-12-31 17:06:47.037 [main] ERROR s.cilicili.common.util.DbUtils - dbConfig.yaml (系统找不到指定的文件。)
2023-12-31 17:11:19.988 [main] ERROR s.c.c.u.YAMLPropertySourceFactory - java.io.FileNotFoundException: dbConfig.yaml (系统找不到指定的文件。)
2023-12-31 17:11:22.311 [main] ERROR s.cilicili.common.util.DbUtils - dbConfig.yaml (系统找不到指定的文件。)
2023-12-31 17:12:23.191 [main] ERROR s.c.c.u.YAMLPropertySourceFactory - java.io.FileNotFoundException: dbConfig.yaml (系统找不到指定的文件。)
2023-12-31 17:12:25.441 [main] ERROR s.cilicili.common.util.DbUtils - dbConfig.yaml (系统找不到指定的文件。)
2023-12-31 17:17:55.867 [main] ERROR s.c.c.u.YAMLPropertySourceFactory - java.io.FileNotFoundException: dbConfig.yaml (系统找不到指定的文件。)
2023-12-31 17:17:58.194 [main] ERROR s.cilicili.common.util.DbUtils - dbConfig.yaml (系统找不到指定的文件。)
2023-12-31 17:21:45.107 [main] ERROR s.c.c.u.YAMLPropertySourceFactory - java.io.FileNotFoundException: dbConfig.yaml (系统找不到指定的文件。)
2023-12-31 17:21:47.414 [main] ERROR s.cilicili.common.util.DbUtils - dbConfig.yaml (系统找不到指定的文件。)
2023-12-31 17:25:09.340 [main] ERROR s.c.c.u.YAMLPropertySourceFactory - java.io.FileNotFoundException: dbConfig.yaml (系统找不到指定的文件。)
2023-12-31 17:25:11.746 [main] ERROR s.cilicili.common.util.DbUtils - dbConfig.yaml (系统找不到指定的文件。)
2023-12-31 17:35:37.455 [main] ERROR s.c.c.u.YAMLPropertySourceFactory - java.io.FileNotFoundException: dbConfig.yaml (系统找不到指定的文件。)
2023-12-31 17:35:39.830 [main] ERROR s.cilicili.common.util.DbUtils - dbConfig.yaml (系统找不到指定的文件。)
2023-12-31 17:37:33.300 [main] ERROR s.c.c.u.YAMLPropertySourceFactory - java.io.FileNotFoundException: dbConfig.yaml (系统找不到指定的文件。)
2023-12-31 17:37:35.793 [main] ERROR s.cilicili.common.util.DbUtils - dbConfig.yaml (系统找不到指定的文件。)
2023-12-31 17:43:28.536 [main] ERROR s.c.c.u.YAMLPropertySourceFactory - java.io.FileNotFoundException: dbConfig.yaml (系统找不到指定的文件。)
2023-12-31 17:43:30.813 [main] ERROR s.cilicili.common.util.DbUtils - dbConfig.yaml (系统找不到指定的文件。)
2023-12-31 17:45:23.193 [main] ERROR s.c.c.u.YAMLPropertySourceFactory - java.io.FileNotFoundException: dbConfig.yaml (系统找不到指定的文件。)
2023-12-31 17:45:25.451 [main] ERROR s.cilicili.common.util.DbUtils - dbConfig.yaml (系统找不到指定的文件。)
2023-12-31 17:46:39.213 [main] ERROR s.c.c.u.YAMLPropertySourceFactory - java.io.FileNotFoundException: dbConfig.yaml (系统找不到指定的文件。)
2023-12-31 17:46:41.539 [main] ERROR s.cilicili.common.util.DbUtils - dbConfig.yaml (系统找不到指定的文件。)
2023-12-31 17:50:37.625 [main] ERROR s.c.c.u.YAMLPropertySourceFactory - java.io.FileNotFoundException: dbConfig.yaml (系统找不到指定的文件。)
2023-12-31 17:50:39.902 [main] ERROR s.cilicili.common.util.DbUtils - dbConfig.yaml (系统找不到指定的文件。)
2023-12-31 19:01:46.830 [main] ERROR s.c.c.u.YAMLPropertySourceFactory - java.io.FileNotFoundException: dbConfig.yaml (系统找不到指定的文件。)
2023-12-31 19:01:49.149 [main] ERROR s.cilicili.common.util.DbUtils - dbConfig.yaml (系统找不到指定的文件。)
2023-12-31 19:17:43.502 [main] ERROR s.c.c.u.YAMLPropertySourceFactory - java.io.FileNotFoundException: dbConfig.yaml (系统找不到指定的文件。)
2023-12-31 19:17:45.906 [main] ERROR s.cilicili.common.util.DbUtils - dbConfig.yaml (系统找不到指定的文件。)
2023-12-31 19:18:09.027 [http-nio-8889-exec-2] ERROR s.cilicili.common.util.DbUtils - dbConfig.yaml (系统找不到指定的文件。)
2023-12-31 19:21:47.854 [main] ERROR s.c.c.u.YAMLPropertySourceFactory - java.io.FileNotFoundException: dbConfig.yaml (系统找不到指定的文件。)
2023-12-31 19:21:50.148 [main] ERROR s.cilicili.common.util.DbUtils - dbConfig.yaml (系统找不到指定的文件。)
2023-12-31 19:30:37.185 [main] ERROR s.c.c.u.YAMLPropertySourceFactory - java.io.FileNotFoundException: dbConfig.yaml (系统找不到指定的文件。)
2023-12-31 19:30:39.485 [main] ERROR s.cilicili.common.util.DbUtils - dbConfig.yaml (系统找不到指定的文件。)
2023-12-31 19:36:33.486 [main] ERROR s.c.c.u.YAMLPropertySourceFactory - java.io.FileNotFoundException: dbConfig.yaml (系统找不到指定的文件。)
2023-12-31 19:36:35.988 [main] ERROR s.cilicili.common.util.DbUtils - dbConfig.yaml (系统找不到指定的文件。)
2023-12-31 19:45:25.311 [main] ERROR s.c.c.u.YAMLPropertySourceFactory - java.io.FileNotFoundException: dbConfig.yaml (系统找不到指定的文件。)
2023-12-31 19:45:27.659 [main] ERROR s.cilicili.common.util.DbUtils - dbConfig.yaml (系统找不到指定的文件。)
2023-12-31 19:57:55.628 [main] ERROR s.c.c.u.YAMLPropertySourceFactory - java.io.FileNotFoundException: dbConfig.yaml (系统找不到指定的文件。)
2023-12-31 19:57:58.069 [main] ERROR s.cilicili.common.util.DbUtils - dbConfig.yaml (系统找不到指定的文件。)
2023-12-31 20:02:38.046 [main] ERROR s.c.c.u.YAMLPropertySourceFactory - java.io.FileNotFoundException: dbConfig.yaml (系统找不到指定的文件。)
2023-12-31 20:02:40.381 [main] ERROR s.cilicili.common.util.DbUtils - dbConfig.yaml (系统找不到指定的文件。)
2023-12-31 20:11:50.960 [main] ERROR s.c.c.u.YAMLPropertySourceFactory - java.io.FileNotFoundException: dbConfig.yaml (系统找不到指定的文件。)
2023-12-31 20:11:53.303 [main] ERROR s.cilicili.common.util.DbUtils - dbConfig.yaml (系统找不到指定的文件。)
2023-12-31 20:13:14.286 [main] ERROR s.c.c.u.YAMLPropertySourceFactory - java.io.FileNotFoundException: dbConfig.yaml (系统找不到指定的文件。)
2023-12-31 20:13:16.616 [main] ERROR s.cilicili.common.util.DbUtils - dbConfig.yaml (系统找不到指定的文件。)
2023-12-31 20:14:18.719 [main] ERROR s.c.c.u.YAMLPropertySourceFactory - java.io.FileNotFoundException: dbConfig.yaml (系统找不到指定的文件。)
2023-12-31 20:14:21.016 [main] ERROR s.cilicili.common.util.DbUtils - dbConfig.yaml (系统找不到指定的文件。)
2023-12-31 20:17:31.879 [main] ERROR s.c.c.u.YAMLPropertySourceFactory - java.io.FileNotFoundException: dbConfig.yaml (系统找不到指定的文件。)
2023-12-31 20:17:34.254 [main] ERROR s.cilicili.common.util.DbUtils - dbConfig.yaml (系统找不到指定的文件。)
2023-12-31 20:22:55.396 [main] ERROR s.c.c.u.YAMLPropertySourceFactory - java.io.FileNotFoundException: dbConfig.yaml (系统找不到指定的文件。)
2023-12-31 20:22:57.711 [main] ERROR s.cilicili.common.util.DbUtils - dbConfig.yaml (系统找不到指定的文件。)
2023-12-31 20:24:00.073 [main] ERROR s.c.c.u.YAMLPropertySourceFactory - java.io.FileNotFoundException: dbConfig.yaml (系统找不到指定的文件。)
2023-12-31 20:24:02.535 [main] ERROR s.cilicili.common.util.DbUtils - dbConfig.yaml (系统找不到指定的文件。)
2023-12-31 20:24:19.630 [main] ERROR s.c.c.u.YAMLPropertySourceFactory - java.io.FileNotFoundException: dbConfig.yaml (系统找不到指定的文件。)
2023-12-31 20:24:21.885 [main] ERROR s.cilicili.common.util.DbUtils - dbConfig.yaml (系统找不到指定的文件。)
2023-12-31 20:26:06.041 [main] ERROR s.c.c.u.YAMLPropertySourceFactory - java.io.FileNotFoundException: dbConfig.yaml (系统找不到指定的文件。)
2023-12-31 20:26:08.324 [main] ERROR s.cilicili.common.util.DbUtils - dbConfig.yaml (系统找不到指定的文件。)
2023-12-31 20:26:57.259 [main] ERROR s.c.c.u.YAMLPropertySourceFactory - java.io.FileNotFoundException: dbConfig.yaml (系统找不到指定的文件。)
2023-12-31 20:27:10.609 [main] ERROR s.c.c.u.YAMLPropertySourceFactory - java.io.FileNotFoundException: dbConfig.yaml (系统找不到指定的文件。)
2023-12-31 20:27:12.928 [main] ERROR s.cilicili.common.util.DbUtils - dbConfig.yaml (系统找不到指定的文件。)
2023-12-31 20:29:08.950 [main] ERROR s.c.c.u.YAMLPropertySourceFactory - java.io.FileNotFoundException: dbConfig.yaml (系统找不到指定的文件。)
2023-12-31 20:29:11.289 [main] ERROR s.cilicili.common.util.DbUtils - dbConfig.yaml (系统找不到指定的文件。)
2023-12-31 20:32:51.862 [main] ERROR s.c.c.u.YAMLPropertySourceFactory - java.io.FileNotFoundException: dbConfig.yaml (系统找不到指定的文件。)
2023-12-31 20:32:54.188 [main] ERROR s.cilicili.common.util.DbUtils - dbConfig.yaml (系统找不到指定的文件。)
2023-12-31 20:33:41.937 [main] ERROR s.c.c.u.YAMLPropertySourceFactory - java.io.FileNotFoundException: dbConfig.yaml (系统找不到指定的文件。)
2023-12-31 20:33:44.507 [main] ERROR s.cilicili.common.util.DbUtils - dbConfig.yaml (系统找不到指定的文件。)
2023-12-31 20:35:04.466 [main] ERROR s.c.c.u.YAMLPropertySourceFactory - java.io.FileNotFoundException: dbConfig.yaml (系统找不到指定的文件。)
2023-12-31 20:35:06.762 [main] ERROR s.cilicili.common.util.DbUtils - dbConfig.yaml (系统找不到指定的文件。)
2023-12-31 20:37:49.966 [main] ERROR s.c.c.u.YAMLPropertySourceFactory - java.io.FileNotFoundException: dbConfig.yaml (系统找不到指定的文件。)
2023-12-31 20:37:52.471 [main] ERROR s.cilicili.common.util.DbUtils - dbConfig.yaml (系统找不到指定的文件。)
2023-12-31 20:38:39.366 [main] ERROR s.c.c.u.YAMLPropertySourceFactory - java.io.FileNotFoundException: dbConfig.yaml (系统找不到指定的文件。)
2023-12-31 20:38:41.662 [main] ERROR s.cilicili.common.util.DbUtils - dbConfig.yaml (系统找不到指定的文件。)
2023-12-31 20:39:19.343 [main] ERROR s.c.c.u.YAMLPropertySourceFactory - java.io.FileNotFoundException: dbConfig.yaml (系统找不到指定的文件。)
2023-12-31 20:39:21.715 [main] ERROR s.cilicili.common.util.DbUtils - dbConfig.yaml (系统找不到指定的文件。)
2023-12-31 20:40:08.865 [main] ERROR s.c.c.u.YAMLPropertySourceFactory - java.io.FileNotFoundException: dbConfig.yaml (系统找不到指定的文件。)
2023-12-31 20:40:11.140 [main] ERROR s.cilicili.common.util.DbUtils - dbConfig.yaml (系统找不到指定的文件。)
2023-12-31 20:42:19.867 [main] ERROR s.c.c.u.YAMLPropertySourceFactory - java.io.FileNotFoundException: dbConfig.yaml (系统找不到指定的文件。)
2023-12-31 20:42:22.169 [main] ERROR s.cilicili.common.util.DbUtils - dbConfig.yaml (系统找不到指定的文件。)
2023-12-31 20:42:58.787 [main] ERROR s.c.c.u.YAMLPropertySourceFactory - java.io.FileNotFoundException: dbConfig.yaml (系统找不到指定的文件。)
2023-12-31 20:43:01.058 [main] ERROR s.cilicili.common.util.DbUtils - dbConfig.yaml (系统找不到指定的文件。)
2023-12-31 20:44:24.067 [main] ERROR s.c.c.u.YAMLPropertySourceFactory - java.io.FileNotFoundException: dbConfig.yaml (系统找不到指定的文件。)
2023-12-31 20:44:26.380 [main] ERROR s.cilicili.common.util.DbUtils - dbConfig.yaml (系统找不到指定的文件。)
2023-12-31 20:47:42.569 [main] ERROR s.c.c.u.YAMLPropertySourceFactory - java.io.FileNotFoundException: dbConfig.yaml (系统找不到指定的文件。)
2023-12-31 20:47:45.803 [main] ERROR s.cilicili.common.util.DbUtils - dbConfig.yaml (系统找不到指定的文件。)
2023-12-31 20:48:19.713 [main] ERROR s.c.c.u.YAMLPropertySourceFactory - java.io.FileNotFoundException: dbConfig.yaml (系统找不到指定的文件。)
2023-12-31 20:48:22.011 [main] ERROR s.cilicili.common.util.DbUtils - dbConfig.yaml (系统找不到指定的文件。)
2023-12-31 20:51:36.540 [main] ERROR s.c.c.u.YAMLPropertySourceFactory - java.io.FileNotFoundException: dbConfig.yaml (系统找不到指定的文件。)
2023-12-31 20:51:38.880 [main] ERROR s.cilicili.common.util.DbUtils - dbConfig.yaml (系统找不到指定的文件。)
2023-12-31 20:53:26.100 [main] ERROR s.c.c.u.YAMLPropertySourceFactory - java.io.FileNotFoundException: dbConfig.yaml (系统找不到指定的文件。)
2023-12-31 20:53:28.418 [main] ERROR s.cilicili.common.util.DbUtils - dbConfig.yaml (系统找不到指定的文件。)
2023-12-31 20:54:43.809 [main] ERROR s.c.c.u.YAMLPropertySourceFactory - java.io.FileNotFoundException: dbConfig.yaml (系统找不到指定的文件。)
2023-12-31 20:54:46.129 [main] ERROR s.cilicili.common.util.DbUtils - dbConfig.yaml (系统找不到指定的文件。)
2023-12-31 20:55:53.656 [main] ERROR s.c.c.u.YAMLPropertySourceFactory - java.io.FileNotFoundException: dbConfig.yaml (系统找不到指定的文件。)
2023-12-31 20:55:55.938 [main] ERROR s.cilicili.common.util.DbUtils - dbConfig.yaml (系统找不到指定的文件。)
2023-12-31 20:59:48.213 [main] ERROR s.c.c.u.YAMLPropertySourceFactory - java.io.FileNotFoundException: dbConfig.yaml (系统找不到指定的文件。)
2023-12-31 20:59:50.532 [main] ERROR s.cilicili.common.util.DbUtils - dbConfig.yaml (系统找不到指定的文件。)
2023-12-31 21:00:48.727 [main] ERROR s.c.c.u.YAMLPropertySourceFactory - java.io.FileNotFoundException: dbConfig.yaml (系统找不到指定的文件。)
2023-12-31 21:00:51.097 [main] ERROR s.cilicili.common.util.DbUtils - dbConfig.yaml (系统找不到指定的文件。)
2023-12-31 21:03:30.740 [main] ERROR s.c.c.u.YAMLPropertySourceFactory - java.io.FileNotFoundException: dbConfig.yaml (系统找不到指定的文件。)
2023-12-31 21:03:33.143 [main] ERROR s.cilicili.common.util.DbUtils - dbConfig.yaml (系统找不到指定的文件。)
2023-12-31 21:09:38.863 [main] ERROR s.c.c.u.YAMLPropertySourceFactory - java.io.FileNotFoundException: dbConfig.yaml (系统找不到指定的文件。)
2023-12-31 21:09:41.658 [main] ERROR s.cilicili.common.util.DbUtils - dbConfig.yaml (系统找不到指定的文件。)
2023-12-31 21:10:09.856 [http-nio-8889-exec-7] ERROR s.cilicili.common.util.DbUtils - dbConfig.yaml (系统找不到指定的文件。)
2023-12-31 21:10:40.584 [http-nio-8889-exec-6] ERROR s.cilicili.common.util.DbUtils - dbConfig.yaml (系统找不到指定的文件。)
2023-12-31 21:17:32.081 [main] ERROR s.c.c.u.YAMLPropertySourceFactory - java.io.FileNotFoundException: dbConfig.yaml (系统找不到指定的文件。)
2023-12-31 21:17:34.404 [main] ERROR s.cilicili.common.util.DbUtils - dbConfig.yaml (系统找不到指定的文件。)
2023-12-31 21:19:04.512 [main] ERROR s.c.c.u.YAMLPropertySourceFactory - java.io.FileNotFoundException: dbConfig.yaml (系统找不到指定的文件。)
2023-12-31 21:19:06.837 [main] ERROR s.cilicili.common.util.DbUtils - dbConfig.yaml (系统找不到指定的文件。)
2023-12-31 21:19:35.213 [main] ERROR s.c.c.u.YAMLPropertySourceFactory - java.io.FileNotFoundException: dbConfig.yaml (系统找不到指定的文件。)
2023-12-31 21:19:37.530 [main] ERROR s.cilicili.common.util.DbUtils - dbConfig.yaml (系统找不到指定的文件。)
2023-12-31 21:22:08.766 [http-nio-8889-exec-2] ERROR s.cilicili.common.util.DbUtils - dbConfig.yaml (系统找不到指定的文件。)
2023-12-31 22:25:41.452 [main] ERROR s.c.c.u.YAMLPropertySourceFactory - java.io.FileNotFoundException: dbConfig.yaml (系统找不到指定的文件。)
2023-12-31 22:25:43.797 [main] ERROR s.cilicili.common.util.DbUtils - dbConfig.yaml (系统找不到指定的文件。)
2023-12-31 22:28:32.128 [main] ERROR s.c.c.u.YAMLPropertySourceFactory - java.io.FileNotFoundException: dbConfig.yaml (系统找不到指定的文件。)
2023-12-31 22:28:34.483 [main] ERROR s.cilicili.common.util.DbUtils - dbConfig.yaml (系统找不到指定的文件。)
2023-12-31 22:35:44.344 [main] ERROR s.c.c.u.YAMLPropertySourceFactory - java.io.FileNotFoundException: dbConfig.yaml (系统找不到指定的文件。)
2023-12-31 22:35:46.663 [main] ERROR s.cilicili.common.util.DbUtils - dbConfig.yaml (系统找不到指定的文件。)
2023-12-31 22:38:12.399 [main] ERROR s.c.c.u.YAMLPropertySourceFactory - java.io.FileNotFoundException: dbConfig.yaml (系统找不到指定的文件。)
2023-12-31 22:38:14.700 [main] ERROR s.cilicili.common.util.DbUtils - dbConfig.yaml (系统找不到指定的文件。)
2023-12-31 22:41:47.134 [main] ERROR s.c.c.u.YAMLPropertySourceFactory - java.io.FileNotFoundException: dbConfig.yaml (系统找不到指定的文件。)
2023-12-31 22:41:49.447 [main] ERROR s.cilicili.common.util.DbUtils - dbConfig.yaml (系统找不到指定的文件。)
2023-12-31 22:48:33.715 [main] ERROR s.c.c.u.YAMLPropertySourceFactory - java.io.FileNotFoundException: dbConfig.yaml (系统找不到指定的文件。)
2023-12-31 22:48:36.095 [main] ERROR s.cilicili.common.util.DbUtils - dbConfig.yaml (系统找不到指定的文件。)
2023-12-31 22:53:17.394 [main] ERROR s.c.c.u.YAMLPropertySourceFactory - java.io.FileNotFoundException: dbConfig.yaml (系统找不到指定的文件。)
2023-12-31 22:53:19.698 [main] ERROR s.cilicili.common.util.DbUtils - dbConfig.yaml (系统找不到指定的文件。)
2023-12-31 22:55:17.530 [main] ERROR s.c.c.u.YAMLPropertySourceFactory - java.io.FileNotFoundException: dbConfig.yaml (系统找不到指定的文件。)
2023-12-31 22:55:20.014 [main] ERROR s.cilicili.common.util.DbUtils - dbConfig.yaml (系统找不到指定的文件。)
2023-12-31 22:57:57.909 [main] ERROR s.c.c.u.YAMLPropertySourceFactory - java.io.FileNotFoundException: dbConfig.yaml (系统找不到指定的文件。)
2023-12-31 22:58:00.256 [main] ERROR s.cilicili.common.util.DbUtils - dbConfig.yaml (系统找不到指定的文件。)
2023-12-31 23:01:31.173 [main] ERROR s.c.c.u.YAMLPropertySourceFactory - java.io.FileNotFoundException: dbConfig.yaml (系统找不到指定的文件。)
2023-12-31 23:01:33.500 [main] ERROR s.cilicili.common.util.DbUtils - dbConfig.yaml (系统找不到指定的文件。)
2023-12-31 23:02:13.199 [main] ERROR s.c.c.u.YAMLPropertySourceFactory - java.io.FileNotFoundException: dbConfig.yaml (系统找不到指定的文件。)
2023-12-31 23:02:15.516 [main] ERROR s.cilicili.common.util.DbUtils - dbConfig.yaml (系统找不到指定的文件。)
2023-12-31 23:03:58.695 [main] ERROR s.c.c.u.YAMLPropertySourceFactory - java.io.FileNotFoundException: dbConfig.yaml (系统找不到指定的文件。)
2023-12-31 23:04:00.981 [main] ERROR s.cilicili.common.util.DbUtils - dbConfig.yaml (系统找不到指定的文件。)
2023-12-31 23:05:01.019 [main] ERROR s.c.c.u.YAMLPropertySourceFactory - java.io.FileNotFoundException: dbConfig.yaml (系统找不到指定的文件。)
2023-12-31 23:05:03.661 [main] ERROR s.cilicili.common.util.DbUtils - dbConfig.yaml (系统找不到指定的文件。)
2023-12-31 23:07:36.008 [main] ERROR s.c.c.u.YAMLPropertySourceFactory - java.io.FileNotFoundException: dbConfig.yaml (系统找不到指定的文件。)
2023-12-31 23:07:38.446 [main] ERROR s.cilicili.common.util.DbUtils - dbConfig.yaml (系统找不到指定的文件。)
2023-12-31 23:10:08.181 [main] ERROR s.c.c.u.YAMLPropertySourceFactory - java.io.FileNotFoundException: dbConfig.yaml (系统找不到指定的文件。)
2023-12-31 23:10:10.411 [main] ERROR s.cilicili.common.util.DbUtils - dbConfig.yaml (系统找不到指定的文件。)
2023-12-31 23:14:32.081 [main] ERROR s.c.c.u.YAMLPropertySourceFactory - java.io.FileNotFoundException: dbConfig.yaml (系统找不到指定的文件。)
2023-12-31 23:14:35.546 [main] ERROR s.cilicili.common.util.DbUtils - dbConfig.yaml (系统找不到指定的文件。)
2023-12-31 23:17:05.968 [main] ERROR s.c.c.u.YAMLPropertySourceFactory - java.io.FileNotFoundException: dbConfig.yaml (系统找不到指定的文件。)
2023-12-31 23:17:08.269 [main] ERROR s.cilicili.common.util.DbUtils - dbConfig.yaml (系统找不到指定的文件。)
2023-12-31 23:17:58.743 [main] ERROR s.c.c.u.YAMLPropertySourceFactory - java.io.FileNotFoundException: dbConfig.yaml (系统找不到指定的文件。)
2023-12-31 23:18:01.065 [main] ERROR s.cilicili.common.util.DbUtils - dbConfig.yaml (系统找不到指定的文件。)
2023-12-31 23:21:14.174 [main] ERROR s.c.c.u.YAMLPropertySourceFactory - java.io.FileNotFoundException: dbConfig.yaml (系统找不到指定的文件。)
2023-12-31 23:21:16.480 [main] ERROR s.cilicili.common.util.DbUtils - dbConfig.yaml (系统找不到指定的文件。)
2023-12-31 23:26:47.672 [main] ERROR s.c.c.u.YAMLPropertySourceFactory - java.io.FileNotFoundException: dbConfig.yaml (系统找不到指定的文件。)
2023-12-31 23:26:50.073 [main] ERROR s.cilicili.common.util.DbUtils - dbConfig.yaml (系统找不到指定的文件。)
2023-12-31 23:28:33.491 [main] ERROR s.c.c.u.YAMLPropertySourceFactory - java.io.FileNotFoundException: dbConfig.yaml (系统找不到指定的文件。)
2023-12-31 23:28:35.853 [main] ERROR s.cilicili.common.util.DbUtils - dbConfig.yaml (系统找不到指定的文件。)
2023-12-31 23:31:44.719 [main] ERROR s.c.c.u.YAMLPropertySourceFactory - java.io.FileNotFoundException: dbConfig.yaml (系统找不到指定的文件。)
2023-12-31 23:31:47.093 [main] ERROR s.cilicili.common.util.DbUtils - dbConfig.yaml (系统找不到指定的文件。)
