2023-12-19 00:34:59.263 [main] ERROR o.s.boot.SpringApplication - Application run failed
org.yaml.snakeyaml.parser.ParserException: while parsing a block mapping
 in 'reader', line 106, column 7:
          custom-appender-class: com.p6spy ... 
          ^
expected <block end>, but found '<scalar>'
 in 'reader', line 107, column 21:
          log-format: """
                        ^

	at org.yaml.snakeyaml.parser.ParserImpl$ParseBlockMappingKey.produce(ParserImpl.java:654)
	at org.yaml.snakeyaml.parser.ParserImpl.peekEvent(ParserImpl.java:161)
	at org.yaml.snakeyaml.comments.CommentEventsCollector$1.peek(CommentEventsCollector.java:57)
	at org.yaml.snakeyaml.comments.CommentEventsCollector$1.peek(CommentEventsCollector.java:43)
	at org.yaml.snakeyaml.comments.CommentEventsCollector.collectEvents(CommentEventsCollector.java:136)
	at org.yaml.snakeyaml.comments.CommentEventsCollector.collectEvents(CommentEventsCollector.java:116)
	at org.yaml.snakeyaml.composer.Composer.composeScalarNode(Composer.java:241)
	at org.yaml.snakeyaml.composer.Composer.composeNode(Composer.java:205)
	at org.yaml.snakeyaml.composer.Composer.composeValueNode(Composer.java:369)
	at org.yaml.snakeyaml.composer.Composer.composeMappingChildren(Composer.java:348)
	at org.yaml.snakeyaml.composer.Composer.composeMappingNode(Composer.java:323)
	at org.yaml.snakeyaml.composer.Composer.composeNode(Composer.java:209)
	at org.yaml.snakeyaml.composer.Composer.composeValueNode(Composer.java:369)
	at org.yaml.snakeyaml.composer.Composer.composeMappingChildren(Composer.java:348)
	at org.yaml.snakeyaml.composer.Composer.composeMappingNode(Composer.java:323)
	at org.yaml.snakeyaml.composer.Composer.composeNode(Composer.java:209)
	at org.yaml.snakeyaml.composer.Composer.composeValueNode(Composer.java:369)
	at org.yaml.snakeyaml.composer.Composer.composeMappingChildren(Composer.java:348)
	at org.yaml.snakeyaml.composer.Composer.composeMappingNode(Composer.java:323)
	at org.yaml.snakeyaml.composer.Composer.composeNode(Composer.java:209)
	at org.yaml.snakeyaml.composer.Composer.composeValueNode(Composer.java:369)
	at org.yaml.snakeyaml.composer.Composer.composeMappingChildren(Composer.java:348)
	at org.yaml.snakeyaml.composer.Composer.composeMappingNode(Composer.java:323)
	at org.yaml.snakeyaml.composer.Composer.composeNode(Composer.java:209)
	at org.yaml.snakeyaml.composer.Composer.getNode(Composer.java:131)
	at org.yaml.snakeyaml.constructor.BaseConstructor.getData(BaseConstructor.java:162)
	at org.springframework.boot.env.OriginTrackedYamlLoader$OriginTrackingConstructor.getData(OriginTrackedYamlLoader.java:99)
	at org.yaml.snakeyaml.Yaml$1.next(Yaml.java:515)
	at org.springframework.beans.factory.config.YamlProcessor.process(YamlProcessor.java:199)
	at org.springframework.beans.factory.config.YamlProcessor.process(YamlProcessor.java:166)
	at org.springframework.boot.env.OriginTrackedYamlLoader.load(OriginTrackedYamlLoader.java:84)
	at org.springframework.boot.env.YamlPropertySourceLoader.load(YamlPropertySourceLoader.java:50)
	at org.springframework.boot.context.config.StandardConfigDataLoader.load(StandardConfigDataLoader.java:54)
	at org.springframework.boot.context.config.StandardConfigDataLoader.load(StandardConfigDataLoader.java:36)
	at org.springframework.boot.context.config.ConfigDataLoaders.load(ConfigDataLoaders.java:96)
	at org.springframework.boot.context.config.ConfigDataImporter.load(ConfigDataImporter.java:132)
	at org.springframework.boot.context.config.ConfigDataImporter.resolveAndLoad(ConfigDataImporter.java:87)
	at org.springframework.boot.context.config.ConfigDataEnvironmentContributors.withProcessedImports(ConfigDataEnvironmentContributors.java:115)
	at org.springframework.boot.context.config.ConfigDataEnvironment.processWithProfiles(ConfigDataEnvironment.java:313)
	at org.springframework.boot.context.config.ConfigDataEnvironment.processAndApply(ConfigDataEnvironment.java:234)
	at org.springframework.boot.context.config.ConfigDataEnvironmentPostProcessor.postProcessEnvironment(ConfigDataEnvironmentPostProcessor.java:96)
	at org.springframework.boot.context.config.ConfigDataEnvironmentPostProcessor.postProcessEnvironment(ConfigDataEnvironmentPostProcessor.java:89)
	at org.springframework.boot.env.EnvironmentPostProcessorApplicationListener.onApplicationEnvironmentPreparedEvent(EnvironmentPostProcessorApplicationListener.java:109)
	at org.springframework.boot.env.EnvironmentPostProcessorApplicationListener.onApplicationEvent(EnvironmentPostProcessorApplicationListener.java:94)
	at org.springframework.context.event.SimpleApplicationEventMulticaster.doInvokeListener(SimpleApplicationEventMulticaster.java:174)
	at org.springframework.context.event.SimpleApplicationEventMulticaster.invokeListener(SimpleApplicationEventMulticaster.java:167)
	at org.springframework.context.event.SimpleApplicationEventMulticaster.multicastEvent(SimpleApplicationEventMulticaster.java:145)
	at org.springframework.context.event.SimpleApplicationEventMulticaster.multicastEvent(SimpleApplicationEventMulticaster.java:133)
	at org.springframework.boot.context.event.EventPublishingRunListener.multicastInitialEvent(EventPublishingRunListener.java:136)
	at org.springframework.boot.context.event.EventPublishingRunListener.environmentPrepared(EventPublishingRunListener.java:81)
	at org.springframework.boot.SpringApplicationRunListeners.lambda$environmentPrepared$2(SpringApplicationRunListeners.java:64)
	at java.base/java.lang.Iterable.forEach(Iterable.java:75)
	at org.springframework.boot.SpringApplicationRunListeners.doWithListeners(SpringApplicationRunListeners.java:118)
	at org.springframework.boot.SpringApplicationRunListeners.doWithListeners(SpringApplicationRunListeners.java:112)
	at org.springframework.boot.SpringApplicationRunListeners.environmentPrepared(SpringApplicationRunListeners.java:63)
	at org.springframework.boot.SpringApplication.prepareEnvironment(SpringApplication.java:360)
	at org.springframework.boot.SpringApplication.run(SpringApplication.java:311)
	at org.springframework.boot.SpringApplication.run(SpringApplication.java:1306)
	at org.springframework.boot.SpringApplication.run(SpringApplication.java:1295)
	at site.cilicili.App.main(App.java:45)
2023-12-19 00:35:32.221 [main] ERROR s.c.c.u.YAMLPropertySourceFactory - java.io.FileNotFoundException: dbConfig.yaml (系统找不到指定的文件。)
2023-12-19 00:35:36.575 [main] ERROR s.cilicili.common.util.DbUtils - dbConfig.yaml (系统找不到指定的文件。)
2023-12-19 00:36:13.516 [main] ERROR o.s.boot.SpringApplication - Application run failed
org.yaml.snakeyaml.parser.ParserException: while parsing a block mapping
 in 'reader', line 106, column 7:
          custom-appender-class: com.p6spy ... 
          ^
expected <block end>, but found '<scalar>'
 in 'reader', line 107, column 21:
          log-format: """
                        ^

	at org.yaml.snakeyaml.parser.ParserImpl$ParseBlockMappingKey.produce(ParserImpl.java:654)
	at org.yaml.snakeyaml.parser.ParserImpl.peekEvent(ParserImpl.java:161)
	at org.yaml.snakeyaml.comments.CommentEventsCollector$1.peek(CommentEventsCollector.java:57)
	at org.yaml.snakeyaml.comments.CommentEventsCollector$1.peek(CommentEventsCollector.java:43)
	at org.yaml.snakeyaml.comments.CommentEventsCollector.collectEvents(CommentEventsCollector.java:136)
	at org.yaml.snakeyaml.comments.CommentEventsCollector.collectEvents(CommentEventsCollector.java:116)
	at org.yaml.snakeyaml.composer.Composer.composeScalarNode(Composer.java:241)
	at org.yaml.snakeyaml.composer.Composer.composeNode(Composer.java:205)
	at org.yaml.snakeyaml.composer.Composer.composeValueNode(Composer.java:369)
	at org.yaml.snakeyaml.composer.Composer.composeMappingChildren(Composer.java:348)
	at org.yaml.snakeyaml.composer.Composer.composeMappingNode(Composer.java:323)
	at org.yaml.snakeyaml.composer.Composer.composeNode(Composer.java:209)
	at org.yaml.snakeyaml.composer.Composer.composeValueNode(Composer.java:369)
	at org.yaml.snakeyaml.composer.Composer.composeMappingChildren(Composer.java:348)
	at org.yaml.snakeyaml.composer.Composer.composeMappingNode(Composer.java:323)
	at org.yaml.snakeyaml.composer.Composer.composeNode(Composer.java:209)
	at org.yaml.snakeyaml.composer.Composer.composeValueNode(Composer.java:369)
	at org.yaml.snakeyaml.composer.Composer.composeMappingChildren(Composer.java:348)
	at org.yaml.snakeyaml.composer.Composer.composeMappingNode(Composer.java:323)
	at org.yaml.snakeyaml.composer.Composer.composeNode(Composer.java:209)
	at org.yaml.snakeyaml.composer.Composer.composeValueNode(Composer.java:369)
	at org.yaml.snakeyaml.composer.Composer.composeMappingChildren(Composer.java:348)
	at org.yaml.snakeyaml.composer.Composer.composeMappingNode(Composer.java:323)
	at org.yaml.snakeyaml.composer.Composer.composeNode(Composer.java:209)
	at org.yaml.snakeyaml.composer.Composer.getNode(Composer.java:131)
	at org.yaml.snakeyaml.constructor.BaseConstructor.getData(BaseConstructor.java:162)
	at org.springframework.boot.env.OriginTrackedYamlLoader$OriginTrackingConstructor.getData(OriginTrackedYamlLoader.java:99)
	at org.yaml.snakeyaml.Yaml$1.next(Yaml.java:515)
	at org.springframework.beans.factory.config.YamlProcessor.process(YamlProcessor.java:199)
	at org.springframework.beans.factory.config.YamlProcessor.process(YamlProcessor.java:166)
	at org.springframework.boot.env.OriginTrackedYamlLoader.load(OriginTrackedYamlLoader.java:84)
	at org.springframework.boot.env.YamlPropertySourceLoader.load(YamlPropertySourceLoader.java:50)
	at org.springframework.boot.context.config.StandardConfigDataLoader.load(StandardConfigDataLoader.java:54)
	at org.springframework.boot.context.config.StandardConfigDataLoader.load(StandardConfigDataLoader.java:36)
	at org.springframework.boot.context.config.ConfigDataLoaders.load(ConfigDataLoaders.java:96)
	at org.springframework.boot.context.config.ConfigDataImporter.load(ConfigDataImporter.java:132)
	at org.springframework.boot.context.config.ConfigDataImporter.resolveAndLoad(ConfigDataImporter.java:87)
	at org.springframework.boot.context.config.ConfigDataEnvironmentContributors.withProcessedImports(ConfigDataEnvironmentContributors.java:115)
	at org.springframework.boot.context.config.ConfigDataEnvironment.processWithProfiles(ConfigDataEnvironment.java:313)
	at org.springframework.boot.context.config.ConfigDataEnvironment.processAndApply(ConfigDataEnvironment.java:234)
	at org.springframework.boot.context.config.ConfigDataEnvironmentPostProcessor.postProcessEnvironment(ConfigDataEnvironmentPostProcessor.java:96)
	at org.springframework.boot.context.config.ConfigDataEnvironmentPostProcessor.postProcessEnvironment(ConfigDataEnvironmentPostProcessor.java:89)
	at org.springframework.boot.env.EnvironmentPostProcessorApplicationListener.onApplicationEnvironmentPreparedEvent(EnvironmentPostProcessorApplicationListener.java:109)
	at org.springframework.boot.env.EnvironmentPostProcessorApplicationListener.onApplicationEvent(EnvironmentPostProcessorApplicationListener.java:94)
	at org.springframework.context.event.SimpleApplicationEventMulticaster.doInvokeListener(SimpleApplicationEventMulticaster.java:174)
	at org.springframework.context.event.SimpleApplicationEventMulticaster.invokeListener(SimpleApplicationEventMulticaster.java:167)
	at org.springframework.context.event.SimpleApplicationEventMulticaster.multicastEvent(SimpleApplicationEventMulticaster.java:145)
	at org.springframework.context.event.SimpleApplicationEventMulticaster.multicastEvent(SimpleApplicationEventMulticaster.java:133)
	at org.springframework.boot.context.event.EventPublishingRunListener.multicastInitialEvent(EventPublishingRunListener.java:136)
	at org.springframework.boot.context.event.EventPublishingRunListener.environmentPrepared(EventPublishingRunListener.java:81)
	at org.springframework.boot.SpringApplicationRunListeners.lambda$environmentPrepared$2(SpringApplicationRunListeners.java:64)
	at java.base/java.lang.Iterable.forEach(Iterable.java:75)
	at org.springframework.boot.SpringApplicationRunListeners.doWithListeners(SpringApplicationRunListeners.java:118)
	at org.springframework.boot.SpringApplicationRunListeners.doWithListeners(SpringApplicationRunListeners.java:112)
	at org.springframework.boot.SpringApplicationRunListeners.environmentPrepared(SpringApplicationRunListeners.java:63)
	at org.springframework.boot.SpringApplication.prepareEnvironment(SpringApplication.java:360)
	at org.springframework.boot.SpringApplication.run(SpringApplication.java:311)
	at org.springframework.boot.SpringApplication.run(SpringApplication.java:1306)
	at org.springframework.boot.SpringApplication.run(SpringApplication.java:1295)
	at site.cilicili.App.main(App.java:45)
2023-12-19 00:59:13.523 [main] ERROR s.c.c.u.YAMLPropertySourceFactory - java.io.FileNotFoundException: dbConfig.yaml (系统找不到指定的文件。)
2023-12-19 00:59:18.365 [main] ERROR s.cilicili.common.util.DbUtils - dbConfig.yaml (系统找不到指定的文件。)
2023-12-19 00:59:58.910 [main] ERROR s.c.c.u.YAMLPropertySourceFactory - java.io.FileNotFoundException: dbConfig.yaml (系统找不到指定的文件。)
2023-12-19 01:00:04.574 [main] ERROR s.cilicili.common.util.DbUtils - dbConfig.yaml (系统找不到指定的文件。)
2023-12-19 01:01:00.415 [main] ERROR s.c.c.u.YAMLPropertySourceFactory - java.io.FileNotFoundException: dbConfig.yaml (系统找不到指定的文件。)
2023-12-19 01:01:05.868 [main] ERROR s.cilicili.common.util.DbUtils - dbConfig.yaml (系统找不到指定的文件。)
2023-12-19 01:06:30.970 [main] ERROR s.c.c.u.YAMLPropertySourceFactory - java.io.FileNotFoundException: dbConfig.yaml (系统找不到指定的文件。)
2023-12-19 01:06:35.705 [main] ERROR s.cilicili.common.util.DbUtils - dbConfig.yaml (系统找不到指定的文件。)
2023-12-19 01:07:00.721 [main] ERROR s.c.c.u.YAMLPropertySourceFactory - java.io.FileNotFoundException: dbConfig.yaml (系统找不到指定的文件。)
2023-12-19 01:07:06.759 [main] ERROR s.cilicili.common.util.DbUtils - dbConfig.yaml (系统找不到指定的文件。)
2023-12-19 01:07:32.901 [Druid-ConnectionPool-Create-2075098668] ERROR c.a.druid.pool.DruidDataSource - create connection SQLException, url: jdbc:mysql://127.0.0.1:3306/quasar-admin, errorCode 0, state 08S01
com.mysql.cj.jdbc.exceptions.CommunicationsException: Communications link failure

The last packet sent successfully to the server was 0 milliseconds ago. The driver has not received any packets from the server.
	at com.mysql.cj.jdbc.exceptions.SQLError.createCommunicationsException(SQLError.java:175)
	at com.mysql.cj.jdbc.exceptions.SQLExceptionsMapping.translateException(SQLExceptionsMapping.java:64)
	at com.mysql.cj.jdbc.ConnectionImpl.createNewIO(ConnectionImpl.java:825)
	at com.mysql.cj.jdbc.ConnectionImpl.<init>(ConnectionImpl.java:446)
	at com.mysql.cj.jdbc.ConnectionImpl.getInstance(ConnectionImpl.java:239)
	at com.mysql.cj.jdbc.NonRegisteringDriver.connect(NonRegisteringDriver.java:188)
	at com.alibaba.druid.pool.DruidAbstractDataSource.createPhysicalConnection(DruidAbstractDataSource.java:1703)
	at com.alibaba.druid.pool.DruidAbstractDataSource.createPhysicalConnection(DruidAbstractDataSource.java:1801)
	at com.alibaba.druid.pool.DruidDataSource$CreateConnectionThread.run(DruidDataSource.java:2946)
Caused by: com.mysql.cj.exceptions.CJCommunicationsException: Communications link failure

The last packet sent successfully to the server was 0 milliseconds ago. The driver has not received any packets from the server.
	at java.base/jdk.internal.reflect.NativeConstructorAccessorImpl.newInstance0(Native Method)
	at java.base/jdk.internal.reflect.NativeConstructorAccessorImpl.newInstance(NativeConstructorAccessorImpl.java:77)
	at java.base/jdk.internal.reflect.DelegatingConstructorAccessorImpl.newInstance(DelegatingConstructorAccessorImpl.java:45)
	at java.base/java.lang.reflect.Constructor.newInstanceWithCaller(Constructor.java:499)
	at java.base/java.lang.reflect.Constructor.newInstance(Constructor.java:480)
	at com.mysql.cj.exceptions.ExceptionFactory.createException(ExceptionFactory.java:62)
	at com.mysql.cj.exceptions.ExceptionFactory.createException(ExceptionFactory.java:105)
	at com.mysql.cj.exceptions.ExceptionFactory.createException(ExceptionFactory.java:150)
	at com.mysql.cj.exceptions.ExceptionFactory.createCommunicationsException(ExceptionFactory.java:166)
	at com.mysql.cj.protocol.a.NativeProtocol.negotiateSSLConnection(NativeProtocol.java:379)
	at com.mysql.cj.protocol.a.NativeAuthenticationProvider.connect(NativeAuthenticationProvider.java:206)
	at com.mysql.cj.protocol.a.NativeProtocol.connect(NativeProtocol.java:1430)
	at com.mysql.cj.NativeSession.connect(NativeSession.java:134)
	at com.mysql.cj.jdbc.ConnectionImpl.connectOneTryOnly(ConnectionImpl.java:945)
	at com.mysql.cj.jdbc.ConnectionImpl.createNewIO(ConnectionImpl.java:815)
	... 6 common frames omitted
Caused by: java.net.SocketException: 你的主机中的软件中止了一个已建立的连接。
	at java.base/sun.nio.ch.NioSocketImpl.implRead(NioSocketImpl.java:325)
	at java.base/sun.nio.ch.NioSocketImpl.read(NioSocketImpl.java:350)
	at java.base/sun.nio.ch.NioSocketImpl$1.read(NioSocketImpl.java:803)
	at java.base/java.net.Socket$SocketInputStream.read(Socket.java:966)
	at java.base/sun.security.ssl.SSLSocketInputRecord.read(SSLSocketInputRecord.java:478)
	at java.base/sun.security.ssl.SSLSocketInputRecord.readHeader(SSLSocketInputRecord.java:472)
	at java.base/sun.security.ssl.SSLSocketInputRecord.decode(SSLSocketInputRecord.java:160)
	at java.base/sun.security.ssl.SSLTransport.decode(SSLTransport.java:111)
	at java.base/sun.security.ssl.SSLSocketImpl.decode(SSLSocketImpl.java:1500)
	at java.base/sun.security.ssl.SSLSocketImpl.readHandshakeRecord(SSLSocketImpl.java:1415)
	at java.base/sun.security.ssl.SSLSocketImpl.startHandshake(SSLSocketImpl.java:450)
	at java.base/sun.security.ssl.SSLSocketImpl.startHandshake(SSLSocketImpl.java:421)
	at com.mysql.cj.protocol.ExportControlled.performTlsHandshake(ExportControlled.java:347)
	at com.mysql.cj.protocol.StandardSocketFactory.performTlsHandshake(StandardSocketFactory.java:191)
	at com.mysql.cj.protocol.a.NativeSocketConnection.performTlsHandshake(NativeSocketConnection.java:101)
	at com.mysql.cj.protocol.a.NativeProtocol.negotiateSSLConnection(NativeProtocol.java:370)
	... 11 common frames omitted
2023-12-19 01:10:34.549 [main] ERROR s.c.c.u.YAMLPropertySourceFactory - java.io.FileNotFoundException: dbConfig.yaml (系统找不到指定的文件。)
2023-12-19 01:10:40.339 [main] ERROR s.cilicili.common.util.DbUtils - dbConfig.yaml (系统找不到指定的文件。)
2023-12-19 01:12:40.331 [main] ERROR s.c.c.u.YAMLPropertySourceFactory - java.io.FileNotFoundException: dbConfig.yaml (系统找不到指定的文件。)
2023-12-19 01:12:44.820 [main] ERROR s.cilicili.common.util.DbUtils - dbConfig.yaml (系统找不到指定的文件。)
2023-12-19 01:13:46.832 [main] ERROR s.c.c.u.YAMLPropertySourceFactory - java.io.FileNotFoundException: dbConfig.yaml (系统找不到指定的文件。)
2023-12-19 01:13:51.539 [main] ERROR s.cilicili.common.util.DbUtils - dbConfig.yaml (系统找不到指定的文件。)
2023-12-19 01:14:21.361 [Druid-ConnectionPool-Create-699574604] ERROR c.a.druid.pool.DruidDataSource - create connection SQLException, url: jdbc:mysql://127.0.0.1:3306/quasar-admin, errorCode 0, state 08S01
com.mysql.cj.jdbc.exceptions.CommunicationsException: Communications link failure

The last packet sent successfully to the server was 0 milliseconds ago. The driver has not received any packets from the server.
	at com.mysql.cj.jdbc.exceptions.SQLError.createCommunicationsException(SQLError.java:175)
	at com.mysql.cj.jdbc.exceptions.SQLExceptionsMapping.translateException(SQLExceptionsMapping.java:64)
	at com.mysql.cj.jdbc.ConnectionImpl.createNewIO(ConnectionImpl.java:825)
	at com.mysql.cj.jdbc.ConnectionImpl.<init>(ConnectionImpl.java:446)
	at com.mysql.cj.jdbc.ConnectionImpl.getInstance(ConnectionImpl.java:239)
	at com.mysql.cj.jdbc.NonRegisteringDriver.connect(NonRegisteringDriver.java:188)
	at com.alibaba.druid.pool.DruidAbstractDataSource.createPhysicalConnection(DruidAbstractDataSource.java:1703)
	at com.alibaba.druid.pool.DruidAbstractDataSource.createPhysicalConnection(DruidAbstractDataSource.java:1801)
	at com.alibaba.druid.pool.DruidDataSource$CreateConnectionThread.run(DruidDataSource.java:2946)
Caused by: com.mysql.cj.exceptions.CJCommunicationsException: Communications link failure

The last packet sent successfully to the server was 0 milliseconds ago. The driver has not received any packets from the server.
	at java.base/jdk.internal.reflect.NativeConstructorAccessorImpl.newInstance0(Native Method)
	at java.base/jdk.internal.reflect.NativeConstructorAccessorImpl.newInstance(NativeConstructorAccessorImpl.java:77)
	at java.base/jdk.internal.reflect.DelegatingConstructorAccessorImpl.newInstance(DelegatingConstructorAccessorImpl.java:45)
	at java.base/java.lang.reflect.Constructor.newInstanceWithCaller(Constructor.java:499)
	at java.base/java.lang.reflect.Constructor.newInstance(Constructor.java:480)
	at com.mysql.cj.exceptions.ExceptionFactory.createException(ExceptionFactory.java:62)
	at com.mysql.cj.exceptions.ExceptionFactory.createException(ExceptionFactory.java:105)
	at com.mysql.cj.exceptions.ExceptionFactory.createException(ExceptionFactory.java:150)
	at com.mysql.cj.exceptions.ExceptionFactory.createCommunicationsException(ExceptionFactory.java:166)
	at com.mysql.cj.protocol.a.NativeProtocol.negotiateSSLConnection(NativeProtocol.java:379)
	at com.mysql.cj.protocol.a.NativeAuthenticationProvider.connect(NativeAuthenticationProvider.java:206)
	at com.mysql.cj.protocol.a.NativeProtocol.connect(NativeProtocol.java:1430)
	at com.mysql.cj.NativeSession.connect(NativeSession.java:134)
	at com.mysql.cj.jdbc.ConnectionImpl.connectOneTryOnly(ConnectionImpl.java:945)
	at com.mysql.cj.jdbc.ConnectionImpl.createNewIO(ConnectionImpl.java:815)
	... 6 common frames omitted
Caused by: java.net.SocketException: 你的主机中的软件中止了一个已建立的连接。
	at java.base/sun.nio.ch.NioSocketImpl.implRead(NioSocketImpl.java:325)
	at java.base/sun.nio.ch.NioSocketImpl.read(NioSocketImpl.java:350)
	at java.base/sun.nio.ch.NioSocketImpl$1.read(NioSocketImpl.java:803)
	at java.base/java.net.Socket$SocketInputStream.read(Socket.java:966)
	at java.base/sun.security.ssl.SSLSocketInputRecord.read(SSLSocketInputRecord.java:478)
	at java.base/sun.security.ssl.SSLSocketInputRecord.readHeader(SSLSocketInputRecord.java:472)
	at java.base/sun.security.ssl.SSLSocketInputRecord.decode(SSLSocketInputRecord.java:160)
	at java.base/sun.security.ssl.SSLTransport.decode(SSLTransport.java:111)
	at java.base/sun.security.ssl.SSLSocketImpl.decode(SSLSocketImpl.java:1500)
	at java.base/sun.security.ssl.SSLSocketImpl.readHandshakeRecord(SSLSocketImpl.java:1415)
	at java.base/sun.security.ssl.SSLSocketImpl.startHandshake(SSLSocketImpl.java:450)
	at java.base/sun.security.ssl.SSLSocketImpl.startHandshake(SSLSocketImpl.java:421)
	at com.mysql.cj.protocol.ExportControlled.performTlsHandshake(ExportControlled.java:347)
	at com.mysql.cj.protocol.StandardSocketFactory.performTlsHandshake(StandardSocketFactory.java:191)
	at com.mysql.cj.protocol.a.NativeSocketConnection.performTlsHandshake(NativeSocketConnection.java:101)
	at com.mysql.cj.protocol.a.NativeProtocol.negotiateSSLConnection(NativeProtocol.java:370)
	... 11 common frames omitted
2023-12-19 01:17:04.693 [main] ERROR s.c.c.u.YAMLPropertySourceFactory - java.io.FileNotFoundException: dbConfig.yaml (系统找不到指定的文件。)
2023-12-19 01:17:09.742 [main] ERROR s.cilicili.common.util.DbUtils - dbConfig.yaml (系统找不到指定的文件。)
2023-12-19 01:22:37.161 [main] ERROR s.c.c.u.YAMLPropertySourceFactory - java.io.FileNotFoundException: dbConfig.yaml (系统找不到指定的文件。)
2023-12-19 01:22:42.434 [main] ERROR s.cilicili.common.util.DbUtils - dbConfig.yaml (系统找不到指定的文件。)
2023-12-19 01:23:25.462 [main] ERROR s.c.c.u.YAMLPropertySourceFactory - java.io.FileNotFoundException: dbConfig.yaml (系统找不到指定的文件。)
2023-12-19 01:23:30.002 [main] ERROR s.cilicili.common.util.DbUtils - dbConfig.yaml (系统找不到指定的文件。)
2023-12-19 01:27:51.450 [main] ERROR s.c.c.u.YAMLPropertySourceFactory - java.io.FileNotFoundException: dbConfig.yaml (系统找不到指定的文件。)
2023-12-19 01:28:20.880 [main] ERROR s.c.c.u.YAMLPropertySourceFactory - java.io.FileNotFoundException: dbConfig.yaml (系统找不到指定的文件。)
2023-12-19 01:28:25.376 [main] ERROR s.cilicili.common.util.DbUtils - dbConfig.yaml (系统找不到指定的文件。)
2023-12-19 01:29:10.565 [main] ERROR s.c.c.u.YAMLPropertySourceFactory - java.io.FileNotFoundException: dbConfig.yaml (系统找不到指定的文件。)
2023-12-19 01:29:15.522 [main] ERROR s.cilicili.common.util.DbUtils - dbConfig.yaml (系统找不到指定的文件。)
2023-12-19 01:35:45.306 [main] ERROR s.c.c.u.YAMLPropertySourceFactory - java.io.FileNotFoundException: dbConfig.yaml (系统找不到指定的文件。)
2023-12-19 01:35:50.786 [main] ERROR s.cilicili.common.util.DbUtils - dbConfig.yaml (系统找不到指定的文件。)
2023-12-19 01:36:14.224 [main] ERROR s.c.c.u.YAMLPropertySourceFactory - java.io.FileNotFoundException: dbConfig.yaml (系统找不到指定的文件。)
2023-12-19 01:36:19.910 [main] ERROR s.cilicili.common.util.DbUtils - dbConfig.yaml (系统找不到指定的文件。)
2023-12-19 01:39:52.145 [main] ERROR s.c.c.u.YAMLPropertySourceFactory - java.io.FileNotFoundException: dbConfig.yaml (系统找不到指定的文件。)
2023-12-19 01:39:56.421 [main] ERROR s.cilicili.common.util.DbUtils - dbConfig.yaml (系统找不到指定的文件。)
2023-12-19 01:40:53.928 [main] ERROR s.c.c.u.YAMLPropertySourceFactory - java.io.FileNotFoundException: dbConfig.yaml (系统找不到指定的文件。)
2023-12-19 01:40:59.441 [main] ERROR s.cilicili.common.util.DbUtils - dbConfig.yaml (系统找不到指定的文件。)
2023-12-19 01:42:43.993 [main] ERROR s.c.c.u.YAMLPropertySourceFactory - java.io.FileNotFoundException: dbConfig.yaml (系统找不到指定的文件。)
2023-12-19 01:42:48.758 [main] ERROR s.cilicili.common.util.DbUtils - dbConfig.yaml (系统找不到指定的文件。)
2023-12-19 01:43:10.665 [Druid-ConnectionPool-Create-834871206] ERROR c.a.druid.pool.DruidDataSource - create connection SQLException, url: jdbc:mysql://127.0.0.1:3306/quasar-admin, errorCode 0, state 08S01
com.mysql.cj.jdbc.exceptions.CommunicationsException: Communications link failure

The last packet sent successfully to the server was 0 milliseconds ago. The driver has not received any packets from the server.
	at com.mysql.cj.jdbc.exceptions.SQLError.createCommunicationsException(SQLError.java:175)
	at com.mysql.cj.jdbc.exceptions.SQLExceptionsMapping.translateException(SQLExceptionsMapping.java:64)
	at com.mysql.cj.jdbc.ConnectionImpl.createNewIO(ConnectionImpl.java:825)
	at com.mysql.cj.jdbc.ConnectionImpl.<init>(ConnectionImpl.java:446)
	at com.mysql.cj.jdbc.ConnectionImpl.getInstance(ConnectionImpl.java:239)
	at com.mysql.cj.jdbc.NonRegisteringDriver.connect(NonRegisteringDriver.java:188)
	at com.alibaba.druid.pool.DruidAbstractDataSource.createPhysicalConnection(DruidAbstractDataSource.java:1703)
	at com.alibaba.druid.pool.DruidAbstractDataSource.createPhysicalConnection(DruidAbstractDataSource.java:1801)
	at com.alibaba.druid.pool.DruidDataSource$CreateConnectionThread.run(DruidDataSource.java:2946)
Caused by: com.mysql.cj.exceptions.CJCommunicationsException: Communications link failure

The last packet sent successfully to the server was 0 milliseconds ago. The driver has not received any packets from the server.
	at java.base/jdk.internal.reflect.NativeConstructorAccessorImpl.newInstance0(Native Method)
	at java.base/jdk.internal.reflect.NativeConstructorAccessorImpl.newInstance(NativeConstructorAccessorImpl.java:77)
	at java.base/jdk.internal.reflect.DelegatingConstructorAccessorImpl.newInstance(DelegatingConstructorAccessorImpl.java:45)
	at java.base/java.lang.reflect.Constructor.newInstanceWithCaller(Constructor.java:499)
	at java.base/java.lang.reflect.Constructor.newInstance(Constructor.java:480)
	at com.mysql.cj.exceptions.ExceptionFactory.createException(ExceptionFactory.java:62)
	at com.mysql.cj.exceptions.ExceptionFactory.createException(ExceptionFactory.java:105)
	at com.mysql.cj.exceptions.ExceptionFactory.createException(ExceptionFactory.java:150)
	at com.mysql.cj.exceptions.ExceptionFactory.createCommunicationsException(ExceptionFactory.java:166)
	at com.mysql.cj.protocol.a.NativeProtocol.negotiateSSLConnection(NativeProtocol.java:379)
	at com.mysql.cj.protocol.a.NativeAuthenticationProvider.connect(NativeAuthenticationProvider.java:206)
	at com.mysql.cj.protocol.a.NativeProtocol.connect(NativeProtocol.java:1430)
	at com.mysql.cj.NativeSession.connect(NativeSession.java:134)
	at com.mysql.cj.jdbc.ConnectionImpl.connectOneTryOnly(ConnectionImpl.java:945)
	at com.mysql.cj.jdbc.ConnectionImpl.createNewIO(ConnectionImpl.java:815)
	... 6 common frames omitted
Caused by: java.net.SocketException: 你的主机中的软件中止了一个已建立的连接。
	at java.base/sun.nio.ch.NioSocketImpl.implWrite(NioSocketImpl.java:420)
	at java.base/sun.nio.ch.NioSocketImpl.write(NioSocketImpl.java:440)
	at java.base/sun.nio.ch.NioSocketImpl$2.write(NioSocketImpl.java:826)
	at java.base/java.net.Socket$SocketOutputStream.write(Socket.java:1035)
	at java.base/sun.security.ssl.SSLSocketOutputRecord.flush(SSLSocketOutputRecord.java:266)
	at java.base/sun.security.ssl.HandshakeOutStream.flush(HandshakeOutStream.java:89)
	at java.base/sun.security.ssl.Finished$T13FinishedProducer.onProduceFinished(Finished.java:693)
	at java.base/sun.security.ssl.Finished$T13FinishedProducer.produce(Finished.java:672)
	at java.base/sun.security.ssl.SSLHandshake.produce(SSLHandshake.java:440)
	at java.base/sun.security.ssl.Finished$T13FinishedConsumer.onConsumeFinished(Finished.java:1030)
	at java.base/sun.security.ssl.Finished$T13FinishedConsumer.consume(Finished.java:893)
	at java.base/sun.security.ssl.SSLHandshake.consume(SSLHandshake.java:396)
	at java.base/sun.security.ssl.HandshakeContext.dispatch(HandshakeContext.java:480)
	at java.base/sun.security.ssl.HandshakeContext.dispatch(HandshakeContext.java:458)
	at java.base/sun.security.ssl.TransportContext.dispatch(TransportContext.java:200)
	at java.base/sun.security.ssl.SSLTransport.decode(SSLTransport.java:172)
	at java.base/sun.security.ssl.SSLSocketImpl.decode(SSLSocketImpl.java:1500)
	at java.base/sun.security.ssl.SSLSocketImpl.readHandshakeRecord(SSLSocketImpl.java:1415)
	at java.base/sun.security.ssl.SSLSocketImpl.startHandshake(SSLSocketImpl.java:450)
	at java.base/sun.security.ssl.SSLSocketImpl.startHandshake(SSLSocketImpl.java:421)
	at com.mysql.cj.protocol.ExportControlled.performTlsHandshake(ExportControlled.java:347)
	at com.mysql.cj.protocol.StandardSocketFactory.performTlsHandshake(StandardSocketFactory.java:191)
	at com.mysql.cj.protocol.a.NativeSocketConnection.performTlsHandshake(NativeSocketConnection.java:101)
	at com.mysql.cj.protocol.a.NativeProtocol.negotiateSSLConnection(NativeProtocol.java:370)
	... 11 common frames omitted
2023-12-19 01:44:02.599 [main] ERROR s.c.c.u.YAMLPropertySourceFactory - java.io.FileNotFoundException: dbConfig.yaml (系统找不到指定的文件。)
2023-12-19 01:44:35.554 [main] ERROR s.c.c.u.YAMLPropertySourceFactory - java.io.FileNotFoundException: dbConfig.yaml (系统找不到指定的文件。)
2023-12-19 01:44:41.223 [main] ERROR s.cilicili.common.util.DbUtils - dbConfig.yaml (系统找不到指定的文件。)
2023-12-19 01:47:53.706 [main] ERROR s.c.c.u.YAMLPropertySourceFactory - java.io.FileNotFoundException: dbConfig.yaml (系统找不到指定的文件。)
2023-12-19 01:47:58.583 [main] ERROR s.cilicili.common.util.DbUtils - dbConfig.yaml (系统找不到指定的文件。)
2023-12-19 02:08:31.870 [main] ERROR s.c.c.u.YAMLPropertySourceFactory - java.io.FileNotFoundException: dbConfig.yaml (系统找不到指定的文件。)
2023-12-19 02:09:26.782 [main] ERROR s.cilicili.common.util.DbUtils - dbConfig.yaml (系统找不到指定的文件。)
2023-12-19 02:17:45.353 [main] ERROR s.c.c.u.YAMLPropertySourceFactory - java.io.FileNotFoundException: dbConfig.yaml (系统找不到指定的文件。)
2023-12-19 02:18:39.399 [main] ERROR s.cilicili.common.util.DbUtils - dbConfig.yaml (系统找不到指定的文件。)
2023-12-19 02:19:58.869 [main] ERROR s.c.c.u.YAMLPropertySourceFactory - java.io.FileNotFoundException: dbConfig.yaml (系统找不到指定的文件。)
2023-12-19 02:20:53.000 [main] ERROR s.cilicili.common.util.DbUtils - dbConfig.yaml (系统找不到指定的文件。)
2023-12-19 02:24:08.995 [main] ERROR s.c.c.u.YAMLPropertySourceFactory - java.io.FileNotFoundException: dbConfig.yaml (系统找不到指定的文件。)
2023-12-19 02:24:18.692 [main] ERROR s.cilicili.common.util.DbUtils - dbConfig.yaml (系统找不到指定的文件。)
2023-12-19 02:28:44.060 [main] ERROR s.c.c.u.YAMLPropertySourceFactory - java.io.FileNotFoundException: dbConfig.yaml (系统找不到指定的文件。)
2023-12-19 02:28:53.680 [main] ERROR s.cilicili.common.util.DbUtils - dbConfig.yaml (系统找不到指定的文件。)
2023-12-19 18:53:44.097 [main] ERROR s.c.c.u.YAMLPropertySourceFactory - java.io.FileNotFoundException: dbConfig.yaml (系统找不到指定的文件。)
2023-12-19 18:53:47.246 [main] ERROR s.cilicili.common.util.DbUtils - dbConfig.yaml (系统找不到指定的文件。)
2023-12-19 19:00:27.889 [main] ERROR s.c.c.u.YAMLPropertySourceFactory - java.io.FileNotFoundException: dbConfig.yaml (系统找不到指定的文件。)
2023-12-19 19:00:30.137 [main] ERROR s.cilicili.common.util.DbUtils - dbConfig.yaml (系统找不到指定的文件。)
2023-12-19 19:20:57.678 [main] ERROR s.c.c.u.YAMLPropertySourceFactory - java.io.FileNotFoundException: dbConfig.yaml (系统找不到指定的文件。)
2023-12-19 19:20:59.926 [main] ERROR s.cilicili.common.util.DbUtils - dbConfig.yaml (系统找不到指定的文件。)
