2024-04-30 15:20:19.440 [main] ERROR o.s.boot.SpringApplication - Application run failed
org.springframework.context.ApplicationContextException: Unable to start web server
	at org.springframework.boot.web.servlet.context.ServletWebServerApplicationContext.onRefresh(ServletWebServerApplicationContext.java:164)
	at org.springframework.context.support.AbstractApplicationContext.refresh(AbstractApplicationContext.java:610)
	at org.springframework.boot.web.servlet.context.ServletWebServerApplicationContext.refresh(ServletWebServerApplicationContext.java:146)
	at org.springframework.boot.SpringApplication.refresh(SpringApplication.java:738)
	at org.springframework.boot.SpringApplication.refreshContext(SpringApplication.java:440)
	at org.springframework.boot.SpringApplication.run(SpringApplication.java:316)
	at org.springframework.boot.SpringApplication.run(SpringApplication.java:1306)
	at org.springframework.boot.SpringApplication.run(SpringApplication.java:1295)
	at site.cilicili.App.main(App.java:63)
Caused by: java.lang.RuntimeException: org.springframework.beans.factory.UnsatisfiedDependencyException: Error creating bean with name 'JWTAuthFilter' defined in file [D:\Documents\JavaCode\Code\cilicili(嗤哩嗤哩)\build\classes\java\main\site\cilicili\common\filter\JWTAuthFilter.class]: Unsatisfied dependency expressed through constructor parameter 0: Error creating bean with name 'getJwtUtils' defined in class path resource [site/cilicili/common/security/jwt/JwtUtilsConfiguration.class]: Unsatisfied dependency expressed through method 'getJwtUtils' parameter 3: Error creating bean with name 'appExceptionHandler' defined in file [D:\Documents\JavaCode\Code\cilicili(嗤哩嗤哩)\build\classes\java\main\site\cilicili\common\exception\AppExceptionHandler.class]: Unsatisfied dependency expressed through constructor parameter 4: Error creating bean with name 'logOperationAspect' defined in file [D:\Documents\JavaCode\Code\cilicili(嗤哩嗤哩)\build\classes\java\main\site\cilicili\common\mvcConfig\LogOperationAspect.class]: Unsatisfied dependency expressed through constructor parameter 5: Error creating bean with name 'dbInitialization' defined in file [D:\Documents\JavaCode\Code\cilicili(嗤哩嗤哩)\build\classes\java\main\site\cilicili\common\config\dynamicDb\dataSource\DbInitialization.class]: Unsatisfied dependency expressed through constructor parameter 1: Bean named 'myDataSourceList' is expected to be of type 'site.cilicili.common.config.dynamicDb.MyDataSourceList' but was actually of type 'com.github.gavlyukovskiy.boot.jdbc.decorator.DecoratedDataSource'
	at io.undertow.servlet.core.DeploymentManagerImpl.deploy(DeploymentManagerImpl.java:257)
	at org.springframework.boot.web.embedded.undertow.UndertowServletWebServerFactory.createManager(UndertowServletWebServerFactory.java:329)
	at org.springframework.boot.web.embedded.undertow.UndertowServletWebServerFactory.getWebServer(UndertowServletWebServerFactory.java:298)
	at org.springframework.boot.web.servlet.context.ServletWebServerApplicationContext.createWebServer(ServletWebServerApplicationContext.java:183)
	at org.springframework.boot.web.servlet.context.ServletWebServerApplicationContext.onRefresh(ServletWebServerApplicationContext.java:161)
	... 8 common frames omitted
Caused by: org.springframework.beans.factory.UnsatisfiedDependencyException: Error creating bean with name 'JWTAuthFilter' defined in file [D:\Documents\JavaCode\Code\cilicili(嗤哩嗤哩)\build\classes\java\main\site\cilicili\common\filter\JWTAuthFilter.class]: Unsatisfied dependency expressed through constructor parameter 0: Error creating bean with name 'getJwtUtils' defined in class path resource [site/cilicili/common/security/jwt/JwtUtilsConfiguration.class]: Unsatisfied dependency expressed through method 'getJwtUtils' parameter 3: Error creating bean with name 'appExceptionHandler' defined in file [D:\Documents\JavaCode\Code\cilicili(嗤哩嗤哩)\build\classes\java\main\site\cilicili\common\exception\AppExceptionHandler.class]: Unsatisfied dependency expressed through constructor parameter 4: Error creating bean with name 'logOperationAspect' defined in file [D:\Documents\JavaCode\Code\cilicili(嗤哩嗤哩)\build\classes\java\main\site\cilicili\common\mvcConfig\LogOperationAspect.class]: Unsatisfied dependency expressed through constructor parameter 5: Error creating bean with name 'dbInitialization' defined in file [D:\Documents\JavaCode\Code\cilicili(嗤哩嗤哩)\build\classes\java\main\site\cilicili\common\config\dynamicDb\dataSource\DbInitialization.class]: Unsatisfied dependency expressed through constructor parameter 1: Bean named 'myDataSourceList' is expected to be of type 'site.cilicili.common.config.dynamicDb.MyDataSourceList' but was actually of type 'com.github.gavlyukovskiy.boot.jdbc.decorator.DecoratedDataSource'
	at org.springframework.beans.factory.support.ConstructorResolver.createArgumentArray(ConstructorResolver.java:801)
	at org.springframework.beans.factory.support.ConstructorResolver.autowireConstructor(ConstructorResolver.java:240)
	at org.springframework.beans.factory.support.AbstractAutowireCapableBeanFactory.autowireConstructor(AbstractAutowireCapableBeanFactory.java:1352)
	at org.springframework.beans.factory.support.AbstractAutowireCapableBeanFactory.createBeanInstance(AbstractAutowireCapableBeanFactory.java:1189)
	at org.springframework.beans.factory.support.AbstractAutowireCapableBeanFactory.doCreateBean(AbstractAutowireCapableBeanFactory.java:560)
	at org.springframework.beans.factory.support.AbstractAutowireCapableBeanFactory.createBean(AbstractAutowireCapableBeanFactory.java:520)
	at org.springframework.beans.factory.support.AbstractBeanFactory.lambda$doGetBean$0(AbstractBeanFactory.java:325)
	at org.springframework.beans.factory.support.DefaultSingletonBeanRegistry.getSingleton(DefaultSingletonBeanRegistry.java:234)
	at org.springframework.beans.factory.support.AbstractBeanFactory.doGetBean(AbstractBeanFactory.java:323)
	at org.springframework.beans.factory.support.AbstractBeanFactory.getBean(AbstractBeanFactory.java:204)
	at org.springframework.boot.web.servlet.ServletContextInitializerBeans.getOrderedBeansOfType(ServletContextInitializerBeans.java:210)
	at org.springframework.boot.web.servlet.ServletContextInitializerBeans.addAsRegistrationBean(ServletContextInitializerBeans.java:173)
	at org.springframework.boot.web.servlet.ServletContextInitializerBeans.addAsRegistrationBean(ServletContextInitializerBeans.java:168)
	at org.springframework.boot.web.servlet.ServletContextInitializerBeans.addAdaptableBeans(ServletContextInitializerBeans.java:153)
	at org.springframework.boot.web.servlet.ServletContextInitializerBeans.<init>(ServletContextInitializerBeans.java:86)
	at org.springframework.boot.web.servlet.context.ServletWebServerApplicationContext.getServletContextInitializerBeans(ServletWebServerApplicationContext.java:261)
	at org.springframework.boot.web.servlet.context.ServletWebServerApplicationContext.selfInitialize(ServletWebServerApplicationContext.java:235)
	at org.springframework.boot.web.embedded.undertow.UndertowServletWebServerFactory$Initializer.onStartup(UndertowServletWebServerFactory.java:507)
	at io.undertow.servlet.core.DeploymentManagerImpl$1.call(DeploymentManagerImpl.java:204)
	at io.undertow.servlet.core.DeploymentManagerImpl$1.call(DeploymentManagerImpl.java:187)
	at io.undertow.servlet.core.ServletRequestContextThreadSetupAction$1.call(ServletRequestContextThreadSetupAction.java:42)
	at io.undertow.servlet.core.ContextClassLoaderSetupAction$1.call(ContextClassLoaderSetupAction.java:43)
	at io.undertow.servlet.core.DeploymentManagerImpl.deploy(DeploymentManagerImpl.java:255)
	... 12 common frames omitted
Caused by: org.springframework.beans.factory.UnsatisfiedDependencyException: Error creating bean with name 'getJwtUtils' defined in class path resource [site/cilicili/common/security/jwt/JwtUtilsConfiguration.class]: Unsatisfied dependency expressed through method 'getJwtUtils' parameter 3: Error creating bean with name 'appExceptionHandler' defined in file [D:\Documents\JavaCode\Code\cilicili(嗤哩嗤哩)\build\classes\java\main\site\cilicili\common\exception\AppExceptionHandler.class]: Unsatisfied dependency expressed through constructor parameter 4: Error creating bean with name 'logOperationAspect' defined in file [D:\Documents\JavaCode\Code\cilicili(嗤哩嗤哩)\build\classes\java\main\site\cilicili\common\mvcConfig\LogOperationAspect.class]: Unsatisfied dependency expressed through constructor parameter 5: Error creating bean with name 'dbInitialization' defined in file [D:\Documents\JavaCode\Code\cilicili(嗤哩嗤哩)\build\classes\java\main\site\cilicili\common\config\dynamicDb\dataSource\DbInitialization.class]: Unsatisfied dependency expressed through constructor parameter 1: Bean named 'myDataSourceList' is expected to be of type 'site.cilicili.common.config.dynamicDb.MyDataSourceList' but was actually of type 'com.github.gavlyukovskiy.boot.jdbc.decorator.DecoratedDataSource'
	at org.springframework.beans.factory.support.ConstructorResolver.createArgumentArray(ConstructorResolver.java:801)
	at org.springframework.beans.factory.support.ConstructorResolver.instantiateUsingFactoryMethod(ConstructorResolver.java:545)
	at org.springframework.beans.factory.support.AbstractAutowireCapableBeanFactory.instantiateUsingFactoryMethod(AbstractAutowireCapableBeanFactory.java:1332)
	at org.springframework.beans.factory.support.AbstractAutowireCapableBeanFactory.createBeanInstance(AbstractAutowireCapableBeanFactory.java:1162)
	at org.springframework.beans.factory.support.AbstractAutowireCapableBeanFactory.doCreateBean(AbstractAutowireCapableBeanFactory.java:560)
	at org.springframework.beans.factory.support.AbstractAutowireCapableBeanFactory.createBean(AbstractAutowireCapableBeanFactory.java:520)
	at org.springframework.beans.factory.support.AbstractBeanFactory.lambda$doGetBean$0(AbstractBeanFactory.java:325)
	at org.springframework.beans.factory.support.DefaultSingletonBeanRegistry.getSingleton(DefaultSingletonBeanRegistry.java:234)
	at org.springframework.beans.factory.support.AbstractBeanFactory.doGetBean(AbstractBeanFactory.java:323)
	at org.springframework.beans.factory.support.AbstractBeanFactory.getBean(AbstractBeanFactory.java:199)
	at org.springframework.beans.factory.config.DependencyDescriptor.resolveCandidate(DependencyDescriptor.java:254)
	at org.springframework.beans.factory.support.DefaultListableBeanFactory.doResolveDependency(DefaultListableBeanFactory.java:1417)
	at org.springframework.beans.factory.support.DefaultListableBeanFactory.resolveDependency(DefaultListableBeanFactory.java:1337)
	at org.springframework.beans.factory.support.ConstructorResolver.resolveAutowiredArgument(ConstructorResolver.java:910)
	at org.springframework.beans.factory.support.ConstructorResolver.createArgumentArray(ConstructorResolver.java:788)
	... 34 common frames omitted
Caused by: org.springframework.beans.factory.UnsatisfiedDependencyException: Error creating bean with name 'appExceptionHandler' defined in file [D:\Documents\JavaCode\Code\cilicili(嗤哩嗤哩)\build\classes\java\main\site\cilicili\common\exception\AppExceptionHandler.class]: Unsatisfied dependency expressed through constructor parameter 4: Error creating bean with name 'logOperationAspect' defined in file [D:\Documents\JavaCode\Code\cilicili(嗤哩嗤哩)\build\classes\java\main\site\cilicili\common\mvcConfig\LogOperationAspect.class]: Unsatisfied dependency expressed through constructor parameter 5: Error creating bean with name 'dbInitialization' defined in file [D:\Documents\JavaCode\Code\cilicili(嗤哩嗤哩)\build\classes\java\main\site\cilicili\common\config\dynamicDb\dataSource\DbInitialization.class]: Unsatisfied dependency expressed through constructor parameter 1: Bean named 'myDataSourceList' is expected to be of type 'site.cilicili.common.config.dynamicDb.MyDataSourceList' but was actually of type 'com.github.gavlyukovskiy.boot.jdbc.decorator.DecoratedDataSource'
	at org.springframework.beans.factory.support.ConstructorResolver.createArgumentArray(ConstructorResolver.java:801)
	at org.springframework.beans.factory.support.ConstructorResolver.autowireConstructor(ConstructorResolver.java:240)
	at org.springframework.beans.factory.support.AbstractAutowireCapableBeanFactory.autowireConstructor(AbstractAutowireCapableBeanFactory.java:1352)
	at org.springframework.beans.factory.support.AbstractAutowireCapableBeanFactory.createBeanInstance(AbstractAutowireCapableBeanFactory.java:1189)
	at org.springframework.beans.factory.support.AbstractAutowireCapableBeanFactory.doCreateBean(AbstractAutowireCapableBeanFactory.java:560)
	at org.springframework.beans.factory.support.AbstractAutowireCapableBeanFactory.createBean(AbstractAutowireCapableBeanFactory.java:520)
	at org.springframework.beans.factory.support.AbstractBeanFactory.lambda$doGetBean$0(AbstractBeanFactory.java:325)
	at org.springframework.beans.factory.support.DefaultSingletonBeanRegistry.getSingleton(DefaultSingletonBeanRegistry.java:234)
	at org.springframework.beans.factory.support.AbstractBeanFactory.doGetBean(AbstractBeanFactory.java:323)
	at org.springframework.beans.factory.support.AbstractBeanFactory.getBean(AbstractBeanFactory.java:199)
	at org.springframework.beans.factory.config.DependencyDescriptor.resolveCandidate(DependencyDescriptor.java:254)
	at org.springframework.beans.factory.support.DefaultListableBeanFactory.doResolveDependency(DefaultListableBeanFactory.java:1417)
	at org.springframework.beans.factory.support.DefaultListableBeanFactory.resolveDependency(DefaultListableBeanFactory.java:1337)
	at org.springframework.beans.factory.support.ConstructorResolver.resolveAutowiredArgument(ConstructorResolver.java:910)
	at org.springframework.beans.factory.support.ConstructorResolver.createArgumentArray(ConstructorResolver.java:788)
	... 48 common frames omitted
Caused by: org.springframework.beans.factory.UnsatisfiedDependencyException: Error creating bean with name 'logOperationAspect' defined in file [D:\Documents\JavaCode\Code\cilicili(嗤哩嗤哩)\build\classes\java\main\site\cilicili\common\mvcConfig\LogOperationAspect.class]: Unsatisfied dependency expressed through constructor parameter 5: Error creating bean with name 'dbInitialization' defined in file [D:\Documents\JavaCode\Code\cilicili(嗤哩嗤哩)\build\classes\java\main\site\cilicili\common\config\dynamicDb\dataSource\DbInitialization.class]: Unsatisfied dependency expressed through constructor parameter 1: Bean named 'myDataSourceList' is expected to be of type 'site.cilicili.common.config.dynamicDb.MyDataSourceList' but was actually of type 'com.github.gavlyukovskiy.boot.jdbc.decorator.DecoratedDataSource'
	at org.springframework.beans.factory.support.ConstructorResolver.createArgumentArray(ConstructorResolver.java:801)
	at org.springframework.beans.factory.support.ConstructorResolver.autowireConstructor(ConstructorResolver.java:240)
	at org.springframework.beans.factory.support.AbstractAutowireCapableBeanFactory.autowireConstructor(AbstractAutowireCapableBeanFactory.java:1352)
	at org.springframework.beans.factory.support.AbstractAutowireCapableBeanFactory.createBeanInstance(AbstractAutowireCapableBeanFactory.java:1189)
	at org.springframework.beans.factory.support.AbstractAutowireCapableBeanFactory.doCreateBean(AbstractAutowireCapableBeanFactory.java:560)
	at org.springframework.beans.factory.support.AbstractAutowireCapableBeanFactory.createBean(AbstractAutowireCapableBeanFactory.java:520)
	at org.springframework.beans.factory.support.AbstractBeanFactory.lambda$doGetBean$0(AbstractBeanFactory.java:325)
	at org.springframework.beans.factory.support.DefaultSingletonBeanRegistry.getSingleton(DefaultSingletonBeanRegistry.java:234)
	at org.springframework.beans.factory.support.AbstractBeanFactory.doGetBean(AbstractBeanFactory.java:323)
	at org.springframework.beans.factory.support.AbstractBeanFactory.getBean(AbstractBeanFactory.java:199)
	at org.springframework.beans.factory.config.DependencyDescriptor.resolveCandidate(DependencyDescriptor.java:254)
	at org.springframework.beans.factory.support.DefaultListableBeanFactory.doResolveDependency(DefaultListableBeanFactory.java:1417)
	at org.springframework.beans.factory.support.DefaultListableBeanFactory.resolveDependency(DefaultListableBeanFactory.java:1337)
	at org.springframework.beans.factory.support.ConstructorResolver.resolveAutowiredArgument(ConstructorResolver.java:910)
	at org.springframework.beans.factory.support.ConstructorResolver.createArgumentArray(ConstructorResolver.java:788)
	... 62 common frames omitted
Caused by: org.springframework.beans.factory.UnsatisfiedDependencyException: Error creating bean with name 'dbInitialization' defined in file [D:\Documents\JavaCode\Code\cilicili(嗤哩嗤哩)\build\classes\java\main\site\cilicili\common\config\dynamicDb\dataSource\DbInitialization.class]: Unsatisfied dependency expressed through constructor parameter 1: Bean named 'myDataSourceList' is expected to be of type 'site.cilicili.common.config.dynamicDb.MyDataSourceList' but was actually of type 'com.github.gavlyukovskiy.boot.jdbc.decorator.DecoratedDataSource'
	at org.springframework.beans.factory.support.ConstructorResolver.createArgumentArray(ConstructorResolver.java:801)
	at org.springframework.beans.factory.support.ConstructorResolver.autowireConstructor(ConstructorResolver.java:240)
	at org.springframework.beans.factory.support.AbstractAutowireCapableBeanFactory.autowireConstructor(AbstractAutowireCapableBeanFactory.java:1352)
	at org.springframework.beans.factory.support.AbstractAutowireCapableBeanFactory.createBeanInstance(AbstractAutowireCapableBeanFactory.java:1189)
	at org.springframework.beans.factory.support.AbstractAutowireCapableBeanFactory.doCreateBean(AbstractAutowireCapableBeanFactory.java:560)
	at org.springframework.beans.factory.support.AbstractAutowireCapableBeanFactory.createBean(AbstractAutowireCapableBeanFactory.java:520)
	at org.springframework.beans.factory.support.AbstractBeanFactory.lambda$doGetBean$0(AbstractBeanFactory.java:325)
	at org.springframework.beans.factory.support.DefaultSingletonBeanRegistry.getSingleton(DefaultSingletonBeanRegistry.java:234)
	at org.springframework.beans.factory.support.AbstractBeanFactory.doGetBean(AbstractBeanFactory.java:323)
	at org.springframework.beans.factory.support.AbstractBeanFactory.getBean(AbstractBeanFactory.java:199)
	at org.springframework.beans.factory.config.DependencyDescriptor.resolveCandidate(DependencyDescriptor.java:254)
	at org.springframework.beans.factory.support.DefaultListableBeanFactory.doResolveDependency(DefaultListableBeanFactory.java:1417)
	at org.springframework.beans.factory.support.DefaultListableBeanFactory.resolveDependency(DefaultListableBeanFactory.java:1337)
	at org.springframework.beans.factory.support.ConstructorResolver.resolveAutowiredArgument(ConstructorResolver.java:910)
	at org.springframework.beans.factory.support.ConstructorResolver.createArgumentArray(ConstructorResolver.java:788)
	... 76 common frames omitted
Caused by: org.springframework.beans.factory.BeanNotOfRequiredTypeException: Bean named 'myDataSourceList' is expected to be of type 'site.cilicili.common.config.dynamicDb.MyDataSourceList' but was actually of type 'com.github.gavlyukovskiy.boot.jdbc.decorator.DecoratedDataSource'
	at org.springframework.beans.factory.support.DefaultListableBeanFactory.checkBeanNotOfRequiredType(DefaultListableBeanFactory.java:1843)
	at org.springframework.beans.factory.support.DefaultListableBeanFactory.raiseNoMatchingBeanFound(DefaultListableBeanFactory.java:1820)
	at org.springframework.beans.factory.support.DefaultListableBeanFactory.doResolveDependency(DefaultListableBeanFactory.java:1383)
	at org.springframework.beans.factory.support.DefaultListableBeanFactory.resolveDependency(DefaultListableBeanFactory.java:1337)
	at org.springframework.beans.factory.support.ConstructorResolver.resolveAutowiredArgument(ConstructorResolver.java:910)
	at org.springframework.beans.factory.support.ConstructorResolver.createArgumentArray(ConstructorResolver.java:788)
	... 90 common frames omitted
