2024-02-27 00:31:27.429 [http-nio-8889-exec-1] ERROR s.c.c.e.AppExceptionHandler - Cannot invoke "site.cilicili.common.util.R.getMessage()" because "r" is null
2024-02-27 01:04:21.254 [http-nio-8889-exec-7] ERROR s.c.c.e.AppExceptionHandler - error: can not execute. because can not find column for id from entity!
2024-02-27 01:08:50.404 [http-nio-8889-exec-1] ERROR s.c.c.e.AppExceptionHandler - Cannot invoke "site.cilicili.frontend.catalogs.service.CatalogsService.saveOrUpdate(Object)" because "this.catalogsService" is null
2024-02-27 01:15:46.217 [http-nio-8889-exec-1] ERROR s.c.c.e.AppExceptionHandler - 
### Error updating database.  Cause: java.sql.SQLException: Field 'course_id' doesn't have a default value
### The error may exist in file [D:\Documents\JavaCode\Code\cilicili(嗤哩嗤哩)\build\resources\main\mapper\catalogs\CatalogsMapping.xml]
### The error may involve defaultParameterMap
### The error occurred while setting parameters
### SQL: insert into catalogs(id, title, description)         values (?, ?, ?)
### Cause: java.sql.SQLException: Field 'course_id' doesn't have a default value
; Field 'course_id' doesn't have a default value
2024-02-27 01:16:08.652 [main] ERROR o.s.boot.SpringApplication - Application run failed
java.lang.IllegalStateException: Error processing condition on com.github.xiaoymin.knife4j.spring.configuration.Knife4jAutoConfiguration.knife4jOpenApiCustomizer
	at org.springframework.boot.autoconfigure.condition.SpringBootCondition.matches(SpringBootCondition.java:60)
	at org.springframework.context.annotation.ConditionEvaluator.shouldSkip(ConditionEvaluator.java:108)
	at org.springframework.context.annotation.ConfigurationClassBeanDefinitionReader.loadBeanDefinitionsForBeanMethod(ConfigurationClassBeanDefinitionReader.java:183)
	at org.springframework.context.annotation.ConfigurationClassBeanDefinitionReader.loadBeanDefinitionsForConfigurationClass(ConfigurationClassBeanDefinitionReader.java:144)
	at org.springframework.context.annotation.ConfigurationClassBeanDefinitionReader.loadBeanDefinitions(ConfigurationClassBeanDefinitionReader.java:120)
	at org.springframework.context.annotation.ConfigurationClassPostProcessor.processConfigBeanDefinitions(ConfigurationClassPostProcessor.java:427)
	at org.springframework.context.annotation.ConfigurationClassPostProcessor.postProcessBeanDefinitionRegistry(ConfigurationClassPostProcessor.java:287)
	at org.springframework.context.support.PostProcessorRegistrationDelegate.invokeBeanDefinitionRegistryPostProcessors(PostProcessorRegistrationDelegate.java:344)
	at org.springframework.context.support.PostProcessorRegistrationDelegate.invokeBeanFactoryPostProcessors(PostProcessorRegistrationDelegate.java:115)
	at org.springframework.context.support.AbstractApplicationContext.invokeBeanFactoryPostProcessors(AbstractApplicationContext.java:779)
	at org.springframework.context.support.AbstractApplicationContext.refresh(AbstractApplicationContext.java:597)
	at org.springframework.boot.web.servlet.context.ServletWebServerApplicationContext.refresh(ServletWebServerApplicationContext.java:146)
	at org.springframework.boot.SpringApplication.refresh(SpringApplication.java:738)
	at org.springframework.boot.SpringApplication.refreshContext(SpringApplication.java:440)
	at org.springframework.boot.SpringApplication.run(SpringApplication.java:316)
	at org.springframework.boot.SpringApplication.run(SpringApplication.java:1306)
	at org.springframework.boot.SpringApplication.run(SpringApplication.java:1295)
	at site.cilicili.App.main(App.java:63)
Caused by: java.lang.IllegalStateException: Failed to introspect Class [site.cilicili.common.cache.RedisCacheConfig] from ClassLoader [jdk.internal.loader.ClassLoaders$AppClassLoader@136432db]
	at org.springframework.util.ReflectionUtils.getDeclaredMethods(ReflectionUtils.java:483)
	at org.springframework.util.ReflectionUtils.doWithMethods(ReflectionUtils.java:360)
	at org.springframework.util.ReflectionUtils.getUniqueDeclaredMethods(ReflectionUtils.java:417)
	at org.springframework.beans.factory.support.AbstractAutowireCapableBeanFactory.lambda$getTypeForFactoryMethod$1(AbstractAutowireCapableBeanFactory.java:748)
	at java.base/java.util.concurrent.ConcurrentHashMap.computeIfAbsent(ConcurrentHashMap.java:1740)
	at org.springframework.beans.factory.support.AbstractAutowireCapableBeanFactory.getTypeForFactoryMethod(AbstractAutowireCapableBeanFactory.java:747)
	at org.springframework.beans.factory.support.AbstractAutowireCapableBeanFactory.determineTargetType(AbstractAutowireCapableBeanFactory.java:680)
	at org.springframework.beans.factory.support.AbstractAutowireCapableBeanFactory.predictBeanType(AbstractAutowireCapableBeanFactory.java:651)
	at org.springframework.beans.factory.support.AbstractBeanFactory.isFactoryBean(AbstractBeanFactory.java:1630)
	at org.springframework.beans.factory.support.DefaultListableBeanFactory.doGetBeanNamesForType(DefaultListableBeanFactory.java:560)
	at org.springframework.beans.factory.support.DefaultListableBeanFactory.getBeanNamesForType(DefaultListableBeanFactory.java:532)
	at org.springframework.boot.autoconfigure.condition.OnBeanCondition.collectBeanNamesForType(OnBeanCondition.java:247)
	at org.springframework.boot.autoconfigure.condition.OnBeanCondition.getBeanNamesForType(OnBeanCondition.java:240)
	at org.springframework.boot.autoconfigure.condition.OnBeanCondition.getBeanNamesForType(OnBeanCondition.java:230)
	at org.springframework.boot.autoconfigure.condition.OnBeanCondition.getMatchingBeans(OnBeanCondition.java:183)
	at org.springframework.boot.autoconfigure.condition.OnBeanCondition.getMatchOutcome(OnBeanCondition.java:158)
	at org.springframework.boot.autoconfigure.condition.SpringBootCondition.matches(SpringBootCondition.java:47)
	... 17 common frames omitted
Caused by: java.lang.NoClassDefFoundError: site/cilicili/common/cache/CiliRedisCacheManager
	at java.base/java.lang.Class.getDeclaredMethods0(Native Method)
	at java.base/java.lang.Class.privateGetDeclaredMethods(Class.java:3402)
	at java.base/java.lang.Class.getDeclaredMethods(Class.java:2504)
	at org.springframework.util.ReflectionUtils.getDeclaredMethods(ReflectionUtils.java:465)
	... 33 common frames omitted
Caused by: java.lang.ClassNotFoundException: site.cilicili.common.cache.CiliRedisCacheManager
	at java.base/jdk.internal.loader.BuiltinClassLoader.loadClass(BuiltinClassLoader.java:641)
	at java.base/jdk.internal.loader.ClassLoaders$AppClassLoader.loadClass(ClassLoaders.java:188)
	at java.base/java.lang.ClassLoader.loadClass(ClassLoader.java:520)
	... 37 common frames omitted
2024-02-27 01:22:07.939 [redisson-timer-4-1] ERROR o.r.c.h.PingConnectionHandler - Unable to send PING command over channel: [id: 0x77bdc223, L:/172.20.10.3:50227 - R:8.217.182.161/8.217.182.161:6379]
org.redisson.client.RedisTimeoutException: Command execution timeout for command: (PING), params: [], Redis client: [addr=redis://8.217.182.161:6379]
	at org.redisson.client.RedisConnection.lambda$async$0(RedisConnection.java:256)
	at io.netty.util.HashedWheelTimer$HashedWheelTimeout.run(HashedWheelTimer.java:715)
	at io.netty.util.concurrent.ImmediateExecutor.execute(ImmediateExecutor.java:34)
	at io.netty.util.HashedWheelTimer$HashedWheelTimeout.expire(HashedWheelTimer.java:703)
	at io.netty.util.HashedWheelTimer$HashedWheelBucket.expireTimeouts(HashedWheelTimer.java:790)
	at io.netty.util.HashedWheelTimer$Worker.run(HashedWheelTimer.java:503)
	at io.netty.util.concurrent.FastThreadLocalRunnable.run(FastThreadLocalRunnable.java:30)
	at java.base/java.lang.Thread.run(Thread.java:833)
2024-02-27 01:22:07.945 [redisson-timer-4-1] ERROR o.r.c.h.PingConnectionHandler - Unable to send PING command over channel: [id: 0x839b5d2d, L:/172.20.10.3:50230 - R:8.217.182.161/8.217.182.161:6379]
org.redisson.client.RedisTimeoutException: Command execution timeout for command: (PING), params: [], Redis client: [addr=redis://8.217.182.161:6379]
	at org.redisson.client.RedisConnection.lambda$async$0(RedisConnection.java:256)
	at io.netty.util.HashedWheelTimer$HashedWheelTimeout.run(HashedWheelTimer.java:715)
	at io.netty.util.concurrent.ImmediateExecutor.execute(ImmediateExecutor.java:34)
	at io.netty.util.HashedWheelTimer$HashedWheelTimeout.expire(HashedWheelTimer.java:703)
	at io.netty.util.HashedWheelTimer$HashedWheelBucket.expireTimeouts(HashedWheelTimer.java:790)
	at io.netty.util.HashedWheelTimer$Worker.run(HashedWheelTimer.java:503)
	at io.netty.util.concurrent.FastThreadLocalRunnable.run(FastThreadLocalRunnable.java:30)
	at java.base/java.lang.Thread.run(Thread.java:833)
2024-02-27 01:22:07.946 [redisson-timer-4-1] ERROR o.r.c.h.PingConnectionHandler - Unable to send PING command over channel: [id: 0xb4f07152, L:/172.20.10.3:50244 - R:8.217.182.161/8.217.182.161:6379]
org.redisson.client.RedisTimeoutException: Command execution timeout for command: (PING), params: [], Redis client: [addr=redis://8.217.182.161:6379]
	at org.redisson.client.RedisConnection.lambda$async$0(RedisConnection.java:256)
	at io.netty.util.HashedWheelTimer$HashedWheelTimeout.run(HashedWheelTimer.java:715)
	at io.netty.util.concurrent.ImmediateExecutor.execute(ImmediateExecutor.java:34)
	at io.netty.util.HashedWheelTimer$HashedWheelTimeout.expire(HashedWheelTimer.java:703)
	at io.netty.util.HashedWheelTimer$HashedWheelBucket.expireTimeouts(HashedWheelTimer.java:790)
	at io.netty.util.HashedWheelTimer$Worker.run(HashedWheelTimer.java:503)
	at io.netty.util.concurrent.FastThreadLocalRunnable.run(FastThreadLocalRunnable.java:30)
	at java.base/java.lang.Thread.run(Thread.java:833)
2024-02-27 01:22:07.968 [http-nio-8889-exec-1] ERROR s.c.c.e.AppExceptionHandler - site.cilicili.frontend.bars.mapper.BarsMapper.insert (batch index #1) failed. Cause: java.sql.BatchUpdateException: Field 'catalog_id' doesn't have a default value
; Field 'catalog_id' doesn't have a default value
2024-02-27 01:22:08.041 [http-nio-8889-exec-1] ERROR s.c.c.filter.JWTAuthFilter - Request processing failed: org.springframework.dao.DataIntegrityViolationException: site.cilicili.frontend.bars.mapper.BarsMapper.insert (batch index #1) failed. Cause: java.sql.BatchUpdateException: Field 'catalog_id' doesn't have a default value
; Field 'catalog_id' doesn't have a default value
2024-02-27 15:09:33.348 [http-nio-8889-exec-7] ERROR s.c.c.e.AppExceptionHandler - 
### Error querying database.  Cause: java.sql.SQLSyntaxErrorException: Table 'cili-quasar-user.sys_dict' doesn't exist
### The error may exist in file [D:\Documents\JavaCode\Code\cilicili(嗤哩嗤哩)\build\resources\main\mapper\sysDict\SysDictMapping.xml]
### The error may involve defaultParameterMap
### The error occurred while setting parameters
### SQL: select *         from sys_dict
### Cause: java.sql.SQLSyntaxErrorException: Table 'cili-quasar-user.sys_dict' doesn't exist
; bad SQL grammar []
2024-02-27 15:09:33.348 [http-nio-8889-exec-8] ERROR s.c.c.e.AppExceptionHandler - 
### Error querying database.  Cause: java.sql.SQLSyntaxErrorException: Table 'cili-quasar-user.sys_config_backend' doesn't exist
### The error may exist in file [D:\Documents\JavaCode\Code\cilicili(嗤哩嗤哩)\build\resources\main\mapper\sysConfigBackend\SysConfigBackendMapping.xml]
### The error may involve defaultParameterMap
### The error occurred while setting parameters
### SQL: select *         from sys_config_backend;
### Cause: java.sql.SQLSyntaxErrorException: Table 'cili-quasar-user.sys_config_backend' doesn't exist
; bad SQL grammar []
2024-02-27 15:09:33.348 [http-nio-8889-exec-5] ERROR s.c.c.e.AppExceptionHandler - 
### Error querying database.  Cause: java.sql.SQLSyntaxErrorException: Table 'cili-quasar-user.sys_config_frontend' doesn't exist
### The error may exist in file [D:\Documents\JavaCode\Code\cilicili(嗤哩嗤哩)\build\resources\main\mapper\sysConfigFrontend\SysConfigFrontendMapping.xml]
### The error may involve defaultParameterMap
### The error occurred while setting parameters
### SQL: select *         from sys_config_frontend;
### Cause: java.sql.SQLSyntaxErrorException: Table 'cili-quasar-user.sys_config_frontend' doesn't exist
; bad SQL grammar []
2024-02-27 15:09:59.965 [http-nio-8889-exec-4] ERROR s.c.c.e.AppExceptionHandler - 
### Error querying database.  Cause: java.sql.SQLSyntaxErrorException: Table 'cili-quasar-user.sys_user_online' doesn't exist
### The error may exist in file [D:\Documents\JavaCode\Code\cilicili(嗤哩嗤哩)\build\resources\main\mapper\sysUserOnline\SysUserOnlineMapping.xml]
### The error may involve defaultParameterMap
### The error occurred while setting parameters
### SQL: select username,         token         from sys_user_online          WHERE username = ?
### Cause: java.sql.SQLSyntaxErrorException: Table 'cili-quasar-user.sys_user_online' doesn't exist
; bad SQL grammar []
2024-02-27 15:13:29.369 [http-nio-8889-exec-1] ERROR s.c.c.e.AppExceptionHandler - 
### Error querying database.  Cause: java.sql.SQLSyntaxErrorException: Table 'cili-quasar-user.sys_dict' doesn't exist
### The error may exist in file [D:\Documents\JavaCode\Code\cilicili(嗤哩嗤哩)\build\resources\main\mapper\sysDict\SysDictMapping.xml]
### The error may involve defaultParameterMap
### The error occurred while setting parameters
### SQL: select *         from sys_dict
### Cause: java.sql.SQLSyntaxErrorException: Table 'cili-quasar-user.sys_dict' doesn't exist
; bad SQL grammar []
2024-02-27 16:50:16.476 [http-nio-8889-exec-10] ERROR s.c.c.filter.JWTAuthFilter - 您已被强制下线！
2024-02-27 17:59:26.244 [http-nio-8889-exec-2] ERROR s.c.c.c.d.a.DynamicAspect - 
### Error querying database.  Cause: java.sql.SQLSyntaxErrorException: Table 'cili-quasar-user.sys_user' doesn't exist
### The error may exist in site/cilicili/authentication/user/repository/UserRepository.java (best guess)
### The error may involve site.cilicili.authentication.user.repository.UserRepository.findByOnlineUsername-Inline
### The error occurred while setting parameters
### SQL: SELECT u.*,r.sys_role_role_code as roleCode,l.token  FROM sys_user u JOIN sys_user_role r on u.username=r.sys_user_username join sys_user_online l on u.username=l.username WHERE u.username = ?
### Cause: java.sql.SQLSyntaxErrorException: Table 'cili-quasar-user.sys_user' doesn't exist
; bad SQL grammar []
2024-02-27 17:59:26.247 [http-nio-8889-exec-2] ERROR s.c.c.filter.JWTAuthFilter - class site.cilicili.authentication.user.service.impl.UserDetailsServiceImpl$$SpringCGLIB$$0 cannot be cast to class org.springframework.security.core.userdetails.UserDetails (site.cilicili.authentication.user.service.impl.UserDetailsServiceImpl$$SpringCGLIB$$0 and org.springframework.security.core.userdetails.UserDetails are in unnamed module of loader 'app')
2024-02-27 17:59:53.050 [http-nio-8889-exec-3] ERROR s.c.c.c.d.a.DynamicAspect - 
### Error querying database.  Cause: java.sql.SQLSyntaxErrorException: Table 'cili-quasar-user.sys_user' doesn't exist
### The error may exist in site/cilicili/authentication/user/repository/UserRepository.java (best guess)
### The error may involve site.cilicili.authentication.user.repository.UserRepository.findByOnlineUsername-Inline
### The error occurred while setting parameters
### SQL: SELECT u.*,r.sys_role_role_code as roleCode,l.token  FROM sys_user u JOIN sys_user_role r on u.username=r.sys_user_username join sys_user_online l on u.username=l.username WHERE u.username = ?
### Cause: java.sql.SQLSyntaxErrorException: Table 'cili-quasar-user.sys_user' doesn't exist
; bad SQL grammar []
2024-02-27 17:59:53.052 [http-nio-8889-exec-3] ERROR s.c.c.filter.JWTAuthFilter - class site.cilicili.authentication.user.service.impl.UserDetailsServiceImpl$$SpringCGLIB$$0 cannot be cast to class org.springframework.security.core.userdetails.UserDetails (site.cilicili.authentication.user.service.impl.UserDetailsServiceImpl$$SpringCGLIB$$0 and org.springframework.security.core.userdetails.UserDetails are in unnamed module of loader 'app')
2024-02-27 20:05:30.600 [main] ERROR o.s.boot.SpringApplication - Application run failed
java.lang.ExceptionInInitializerError: null
	at site.cilicili.common.config.dynamicDb.dataSource.DbInitialization.lambda$resolveSource$0(DbInitialization.java:76)
	at java.base/java.util.stream.Collectors.lambda$toMap$68(Collectors.java:1667)
	at java.base/java.util.stream.ReduceOps$3ReducingSink.accept(ReduceOps.java:169)
	at java.base/java.util.ArrayList$ArrayListSpliterator.forEachRemaining(ArrayList.java:1625)
	at java.base/java.util.stream.AbstractPipeline.copyInto(AbstractPipeline.java:509)
	at java.base/java.util.stream.AbstractPipeline.wrapAndCopyInto(AbstractPipeline.java:499)
	at java.base/java.util.stream.ReduceOps$ReduceOp.evaluateSequential(ReduceOps.java:921)
	at java.base/java.util.stream.AbstractPipeline.evaluate(AbstractPipeline.java:234)
	at java.base/java.util.stream.ReferencePipeline.collect(ReferencePipeline.java:682)
	at site.cilicili.common.config.dynamicDb.dataSource.DbInitialization.lambda$resolveSource$2(DbInitialization.java:73)
	at java.base/java.util.Optional.map(Optional.java:260)
	at site.cilicili.common.config.dynamicDb.dataSource.DbInitialization.resolveSource(DbInitialization.java:70)
	at site.cilicili.common.config.dynamicDb.dataSource.DbInitialization.run(DbInitialization.java:53)
	at java.base/jdk.internal.reflect.NativeMethodAccessorImpl.invoke0(Native Method)
	at java.base/jdk.internal.reflect.NativeMethodAccessorImpl.invoke(NativeMethodAccessorImpl.java:77)
	at java.base/jdk.internal.reflect.DelegatingMethodAccessorImpl.invoke(DelegatingMethodAccessorImpl.java:43)
	at java.base/java.lang.reflect.Method.invoke(Method.java:568)
	at org.springframework.aop.support.AopUtils.invokeJoinpointUsingReflection(AopUtils.java:343)
	at org.springframework.aop.framework.ReflectiveMethodInvocation.invokeJoinpoint(ReflectiveMethodInvocation.java:196)
	at org.springframework.aop.framework.ReflectiveMethodInvocation.proceed(ReflectiveMethodInvocation.java:163)
	at org.springframework.aop.framework.CglibAopProxy$CglibMethodInvocation.proceed(CglibAopProxy.java:751)
	at org.springframework.aop.framework.adapter.MethodBeforeAdviceInterceptor.invoke(MethodBeforeAdviceInterceptor.java:58)
	at org.springframework.aop.framework.ReflectiveMethodInvocation.proceed(ReflectiveMethodInvocation.java:184)
	at org.springframework.aop.framework.CglibAopProxy$CglibMethodInvocation.proceed(CglibAopProxy.java:751)
	at org.springframework.aop.interceptor.ExposeInvocationInterceptor.invoke(ExposeInvocationInterceptor.java:97)
	at org.springframework.aop.framework.ReflectiveMethodInvocation.proceed(ReflectiveMethodInvocation.java:184)
	at org.springframework.aop.framework.CglibAopProxy$CglibMethodInvocation.proceed(CglibAopProxy.java:751)
	at org.springframework.aop.framework.CglibAopProxy$DynamicAdvisedInterceptor.intercept(CglibAopProxy.java:703)
	at site.cilicili.common.config.dynamicDb.dataSource.DbInitialization$$SpringCGLIB$$1.run(<generated>)
	at org.springframework.boot.SpringApplication.callRunner(SpringApplication.java:771)
	at org.springframework.boot.SpringApplication.lambda$callRunners$3(SpringApplication.java:755)
	at java.base/java.util.stream.ForEachOps$ForEachOp$OfRef.accept(ForEachOps.java:183)
	at java.base/java.util.stream.SortedOps$SizedRefSortingSink.end(SortedOps.java:357)
	at java.base/java.util.stream.AbstractPipeline.copyInto(AbstractPipeline.java:510)
	at java.base/java.util.stream.AbstractPipeline.wrapAndCopyInto(AbstractPipeline.java:499)
	at java.base/java.util.stream.ForEachOps$ForEachOp.evaluateSequential(ForEachOps.java:150)
	at java.base/java.util.stream.ForEachOps$ForEachOp$OfRef.evaluateSequential(ForEachOps.java:173)
	at java.base/java.util.stream.AbstractPipeline.evaluate(AbstractPipeline.java:234)
	at java.base/java.util.stream.ReferencePipeline.forEach(ReferencePipeline.java:596)
	at org.springframework.boot.SpringApplication.callRunners(SpringApplication.java:750)
	at org.springframework.boot.SpringApplication.run(SpringApplication.java:323)
	at org.springframework.boot.SpringApplication.run(SpringApplication.java:1306)
	at org.springframework.boot.SpringApplication.run(SpringApplication.java:1295)
	at site.cilicili.App.main(App.java:63)
Caused by: java.lang.RuntimeException: java.lang.ClassNotFoundException: Cannot find implementation for site.cilicili.common.db.domain.mapper.DbSourceToDruidDataSource
	at org.mapstruct.factory.Mappers.getMapper(Mappers.java:61)
	at site.cilicili.common.db.domain.mapper.DbSourceToDruidDataSource.<clinit>(DbSourceToDruidDataSource.java:25)
	... 44 common frames omitted
Caused by: java.lang.ClassNotFoundException: Cannot find implementation for site.cilicili.common.db.domain.mapper.DbSourceToDruidDataSource
	at org.mapstruct.factory.Mappers.getMapper(Mappers.java:75)
	at org.mapstruct.factory.Mappers.getMapper(Mappers.java:58)
	... 45 common frames omitted
2024-02-27 20:07:42.568 [http-nio-8889-exec-2] ERROR s.c.c.e.AppExceptionHandler - 
### Error querying database.  Cause: java.sql.SQLSyntaxErrorException: Table 'cili-quasar-user.sys_user_online' doesn't exist
### The error may exist in file [D:\Documents\JavaCode\Code\cilicili(嗤哩嗤哩)\build\resources\main\mapper\sysUserOnline\SysUserOnlineMapping.xml]
### The error may involve defaultParameterMap
### The error occurred while setting parameters
### SQL: select username,         token         from sys_user_online          WHERE username = ?
### Cause: java.sql.SQLSyntaxErrorException: Table 'cili-quasar-user.sys_user_online' doesn't exist
; bad SQL grammar []
2024-02-27 20:08:48.431 [http-nio-8889-exec-1] ERROR s.c.c.e.AppExceptionHandler - 
### Error querying database.  Cause: java.sql.SQLSyntaxErrorException: Table 'cili-quasar-user.sys_config_backend' doesn't exist
### The error may exist in file [D:\Documents\JavaCode\Code\cilicili(嗤哩嗤哩)\build\resources\main\mapper\sysConfigBackend\SysConfigBackendMapping.xml]
### The error may involve defaultParameterMap
### The error occurred while setting parameters
### SQL: select *         from sys_config_backend;
### Cause: java.sql.SQLSyntaxErrorException: Table 'cili-quasar-user.sys_config_backend' doesn't exist
; bad SQL grammar []
2024-02-27 20:08:48.454 [http-nio-8889-exec-10] ERROR s.c.c.e.AppExceptionHandler - 
### Error querying database.  Cause: java.sql.SQLSyntaxErrorException: Table 'cili-quasar-user.sys_dict' doesn't exist
### The error may exist in file [D:\Documents\JavaCode\Code\cilicili(嗤哩嗤哩)\build\resources\main\mapper\sysDict\SysDictMapping.xml]
### The error may involve defaultParameterMap
### The error occurred while setting parameters
### SQL: select *         from sys_dict
### Cause: java.sql.SQLSyntaxErrorException: Table 'cili-quasar-user.sys_dict' doesn't exist
; bad SQL grammar []
2024-02-27 20:08:48.460 [http-nio-8889-exec-4] ERROR s.c.c.e.AppExceptionHandler - 
### Error querying database.  Cause: java.sql.SQLSyntaxErrorException: Table 'cili-quasar-user.sys_config_frontend' doesn't exist
### The error may exist in file [D:\Documents\JavaCode\Code\cilicili(嗤哩嗤哩)\build\resources\main\mapper\sysConfigFrontend\SysConfigFrontendMapping.xml]
### The error may involve defaultParameterMap
### The error occurred while setting parameters
### SQL: select *         from sys_config_frontend;
### Cause: java.sql.SQLSyntaxErrorException: Table 'cili-quasar-user.sys_config_frontend' doesn't exist
; bad SQL grammar []
2024-02-27 20:08:54.325 [http-nio-8889-exec-5] ERROR s.c.c.e.AppExceptionHandler - 
### Error querying database.  Cause: java.sql.SQLSyntaxErrorException: Table 'cili-quasar-user.sys_dict' doesn't exist
### The error may exist in file [D:\Documents\JavaCode\Code\cilicili(嗤哩嗤哩)\build\resources\main\mapper\sysDict\SysDictMapping.xml]
### The error may involve defaultParameterMap
### The error occurred while setting parameters
### SQL: select *         from sys_dict
### Cause: java.sql.SQLSyntaxErrorException: Table 'cili-quasar-user.sys_dict' doesn't exist
; bad SQL grammar []
2024-02-27 20:08:54.334 [http-nio-8889-exec-8] ERROR s.c.c.e.AppExceptionHandler - 
### Error querying database.  Cause: java.sql.SQLSyntaxErrorException: Table 'cili-quasar-user.sys_config_frontend' doesn't exist
### The error may exist in file [D:\Documents\JavaCode\Code\cilicili(嗤哩嗤哩)\build\resources\main\mapper\sysConfigFrontend\SysConfigFrontendMapping.xml]
### The error may involve defaultParameterMap
### The error occurred while setting parameters
### SQL: select *         from sys_config_frontend;
### Cause: java.sql.SQLSyntaxErrorException: Table 'cili-quasar-user.sys_config_frontend' doesn't exist
; bad SQL grammar []
2024-02-27 20:08:59.282 [http-nio-8889-exec-9] ERROR s.c.c.e.AppExceptionHandler - 
### Error querying database.  Cause: java.sql.SQLSyntaxErrorException: Table 'cili-quasar-user.sys_dict' doesn't exist
### The error may exist in file [D:\Documents\JavaCode\Code\cilicili(嗤哩嗤哩)\build\resources\main\mapper\sysDict\SysDictMapping.xml]
### The error may involve defaultParameterMap
### The error occurred while setting parameters
### SQL: select *         from sys_dict
### Cause: java.sql.SQLSyntaxErrorException: Table 'cili-quasar-user.sys_dict' doesn't exist
; bad SQL grammar []
2024-02-27 20:08:59.302 [http-nio-8889-exec-7] ERROR s.c.c.e.AppExceptionHandler - 
### Error querying database.  Cause: java.sql.SQLSyntaxErrorException: Table 'cili-quasar-user.sys_config_frontend' doesn't exist
### The error may exist in file [D:\Documents\JavaCode\Code\cilicili(嗤哩嗤哩)\build\resources\main\mapper\sysConfigFrontend\SysConfigFrontendMapping.xml]
### The error may involve defaultParameterMap
### The error occurred while setting parameters
### SQL: select *         from sys_config_frontend;
### Cause: java.sql.SQLSyntaxErrorException: Table 'cili-quasar-user.sys_config_frontend' doesn't exist
; bad SQL grammar []
2024-02-27 20:13:35.596 [http-nio-8889-exec-8] ERROR s.c.c.e.AppExceptionHandler - null
2024-02-27 20:13:35.604 [http-nio-8889-exec-8] ERROR s.c.c.filter.JWTAuthFilter - Request processing failed: org.mybatis.spring.MyBatisSystemException
2024-02-27 20:14:41.908 [http-nio-8889-exec-3] ERROR s.c.c.e.AppExceptionHandler - null
2024-02-27 20:14:41.916 [http-nio-8889-exec-3] ERROR s.c.c.filter.JWTAuthFilter - Request processing failed: org.mybatis.spring.MyBatisSystemException
2024-02-27 20:15:50.182 [http-nio-8889-exec-4] ERROR s.c.c.e.AppExceptionHandler - null
2024-02-27 20:15:50.185 [http-nio-8889-exec-4] ERROR s.c.c.filter.JWTAuthFilter - Request processing failed: org.mybatis.spring.MyBatisSystemException
2024-02-27 20:18:16.983 [main] ERROR o.s.boot.SpringApplication - Application run failed
org.springframework.beans.factory.BeanDefinitionStoreException: Failed to parse configuration class [site.cilicili.App]
	at org.springframework.context.annotation.ConfigurationClassParser.parse(ConfigurationClassParser.java:178)
	at org.springframework.context.annotation.ConfigurationClassPostProcessor.processConfigBeanDefinitions(ConfigurationClassPostProcessor.java:415)
	at org.springframework.context.annotation.ConfigurationClassPostProcessor.postProcessBeanDefinitionRegistry(ConfigurationClassPostProcessor.java:287)
	at org.springframework.context.support.PostProcessorRegistrationDelegate.invokeBeanDefinitionRegistryPostProcessors(PostProcessorRegistrationDelegate.java:344)
	at org.springframework.context.support.PostProcessorRegistrationDelegate.invokeBeanFactoryPostProcessors(PostProcessorRegistrationDelegate.java:115)
	at org.springframework.context.support.AbstractApplicationContext.invokeBeanFactoryPostProcessors(AbstractApplicationContext.java:779)
	at org.springframework.context.support.AbstractApplicationContext.refresh(AbstractApplicationContext.java:597)
	at org.springframework.boot.web.servlet.context.ServletWebServerApplicationContext.refresh(ServletWebServerApplicationContext.java:146)
	at org.springframework.boot.SpringApplication.refresh(SpringApplication.java:738)
	at org.springframework.boot.SpringApplication.refreshContext(SpringApplication.java:440)
	at org.springframework.boot.SpringApplication.run(SpringApplication.java:316)
	at org.springframework.boot.SpringApplication.run(SpringApplication.java:1306)
	at org.springframework.boot.SpringApplication.run(SpringApplication.java:1295)
	at site.cilicili.App.main(App.java:63)
Caused by: java.io.FileNotFoundException: class path resource [site/cilicili/authentication/user/controller/UserController.class] cannot be opened because it does not exist
	at org.springframework.core.io.ClassPathResource.getInputStream(ClassPathResource.java:211)
	at org.springframework.core.type.classreading.SimpleMetadataReader.getClassReader(SimpleMetadataReader.java:54)
	at org.springframework.core.type.classreading.SimpleMetadataReader.<init>(SimpleMetadataReader.java:48)
	at org.springframework.core.type.classreading.SimpleMetadataReaderFactory.getMetadataReader(SimpleMetadataReaderFactory.java:103)
	at org.springframework.boot.type.classreading.ConcurrentReferenceCachingMetadataReaderFactory.createMetadataReader(ConcurrentReferenceCachingMetadataReaderFactory.java:86)
	at org.springframework.boot.type.classreading.ConcurrentReferenceCachingMetadataReaderFactory.getMetadataReader(ConcurrentReferenceCachingMetadataReaderFactory.java:73)
	at org.springframework.core.type.classreading.SimpleMetadataReaderFactory.getMetadataReader(SimpleMetadataReaderFactory.java:81)
	at org.springframework.context.annotation.ConfigurationClassParser.parse(ConfigurationClassParser.java:187)
	at org.springframework.context.annotation.ConfigurationClassParser.doProcessConfigurationClass(ConfigurationClassParser.java:297)
	at org.springframework.context.annotation.ConfigurationClassParser.processConfigurationClass(ConfigurationClassParser.java:243)
	at org.springframework.context.annotation.ConfigurationClassParser.parse(ConfigurationClassParser.java:196)
	at org.springframework.context.annotation.ConfigurationClassParser.parse(ConfigurationClassParser.java:164)
	... 13 common frames omitted
2024-02-27 20:19:03.750 [main] ERROR o.s.boot.SpringApplication - Application run failed
java.lang.IllegalStateException: Error processing condition on com.github.xiaoymin.knife4j.spring.configuration.Knife4jAutoConfiguration.knife4jOpenApiCustomizer
	at org.springframework.boot.autoconfigure.condition.SpringBootCondition.matches(SpringBootCondition.java:60)
	at org.springframework.context.annotation.ConditionEvaluator.shouldSkip(ConditionEvaluator.java:108)
	at org.springframework.context.annotation.ConfigurationClassBeanDefinitionReader.loadBeanDefinitionsForBeanMethod(ConfigurationClassBeanDefinitionReader.java:183)
	at org.springframework.context.annotation.ConfigurationClassBeanDefinitionReader.loadBeanDefinitionsForConfigurationClass(ConfigurationClassBeanDefinitionReader.java:144)
	at org.springframework.context.annotation.ConfigurationClassBeanDefinitionReader.loadBeanDefinitions(ConfigurationClassBeanDefinitionReader.java:120)
	at org.springframework.context.annotation.ConfigurationClassPostProcessor.processConfigBeanDefinitions(ConfigurationClassPostProcessor.java:427)
	at org.springframework.context.annotation.ConfigurationClassPostProcessor.postProcessBeanDefinitionRegistry(ConfigurationClassPostProcessor.java:287)
	at org.springframework.context.support.PostProcessorRegistrationDelegate.invokeBeanDefinitionRegistryPostProcessors(PostProcessorRegistrationDelegate.java:344)
	at org.springframework.context.support.PostProcessorRegistrationDelegate.invokeBeanFactoryPostProcessors(PostProcessorRegistrationDelegate.java:115)
	at org.springframework.context.support.AbstractApplicationContext.invokeBeanFactoryPostProcessors(AbstractApplicationContext.java:779)
	at org.springframework.context.support.AbstractApplicationContext.refresh(AbstractApplicationContext.java:597)
	at org.springframework.boot.web.servlet.context.ServletWebServerApplicationContext.refresh(ServletWebServerApplicationContext.java:146)
	at org.springframework.boot.SpringApplication.refresh(SpringApplication.java:738)
	at org.springframework.boot.SpringApplication.refreshContext(SpringApplication.java:440)
	at org.springframework.boot.SpringApplication.run(SpringApplication.java:316)
	at org.springframework.boot.SpringApplication.run(SpringApplication.java:1306)
	at org.springframework.boot.SpringApplication.run(SpringApplication.java:1295)
	at site.cilicili.App.main(App.java:63)
Caused by: java.lang.TypeNotPresentException: Type site.cilicili.common.util.R not present
	at java.base/sun.reflect.generics.factory.CoreReflectionFactory.makeNamedType(CoreReflectionFactory.java:117)
	at java.base/sun.reflect.generics.visitor.Reifier.visitClassTypeSignature(Reifier.java:125)
	at java.base/sun.reflect.generics.tree.ClassTypeSignature.accept(ClassTypeSignature.java:49)
	at java.base/sun.reflect.generics.visitor.Reifier.reifyTypeArguments(Reifier.java:68)
	at java.base/sun.reflect.generics.visitor.Reifier.visitClassTypeSignature(Reifier.java:138)
	at java.base/sun.reflect.generics.tree.ClassTypeSignature.accept(ClassTypeSignature.java:49)
	at java.base/sun.reflect.generics.repository.MethodRepository.computeReturnType(MethodRepository.java:75)
	at java.base/sun.reflect.generics.repository.MethodRepository.getReturnType(MethodRepository.java:66)
	at java.base/java.lang.reflect.Method.getGenericReturnType(Method.java:295)
	at org.springframework.core.MethodParameter.getGenericParameterType(MethodParameter.java:512)
	at org.springframework.core.SerializableTypeWrapper$MethodParameterTypeProvider.getType(SerializableTypeWrapper.java:289)
	at org.springframework.core.SerializableTypeWrapper.forTypeProvider(SerializableTypeWrapper.java:106)
	at org.springframework.core.ResolvableType.forType(ResolvableType.java:1431)
	at org.springframework.core.ResolvableType.forMethodParameter(ResolvableType.java:1352)
	at org.springframework.core.ResolvableType.forMethodParameter(ResolvableType.java:1334)
	at org.springframework.core.ResolvableType.forMethodParameter(ResolvableType.java:1301)
	at org.springframework.core.ResolvableType.forMethodReturnType(ResolvableType.java:1246)
	at org.springframework.beans.factory.support.AbstractAutowireCapableBeanFactory.getTypeForFactoryMethod(AbstractAutowireCapableBeanFactory.java:815)
	at org.springframework.beans.factory.support.AbstractAutowireCapableBeanFactory.determineTargetType(AbstractAutowireCapableBeanFactory.java:680)
	at org.springframework.beans.factory.support.AbstractAutowireCapableBeanFactory.predictBeanType(AbstractAutowireCapableBeanFactory.java:651)
	at org.springframework.beans.factory.support.AbstractBeanFactory.isFactoryBean(AbstractBeanFactory.java:1630)
	at org.springframework.beans.factory.support.DefaultListableBeanFactory.doGetBeanNamesForType(DefaultListableBeanFactory.java:560)
	at org.springframework.beans.factory.support.DefaultListableBeanFactory.getBeanNamesForType(DefaultListableBeanFactory.java:532)
	at org.springframework.boot.autoconfigure.condition.OnBeanCondition.collectBeanNamesForType(OnBeanCondition.java:247)
	at org.springframework.boot.autoconfigure.condition.OnBeanCondition.getBeanNamesForType(OnBeanCondition.java:240)
	at org.springframework.boot.autoconfigure.condition.OnBeanCondition.getBeanNamesForType(OnBeanCondition.java:230)
	at org.springframework.boot.autoconfigure.condition.OnBeanCondition.getMatchingBeans(OnBeanCondition.java:183)
	at org.springframework.boot.autoconfigure.condition.OnBeanCondition.getMatchOutcome(OnBeanCondition.java:158)
	at org.springframework.boot.autoconfigure.condition.SpringBootCondition.matches(SpringBootCondition.java:47)
	... 17 common frames omitted
Caused by: java.lang.ClassNotFoundException: site.cilicili.common.util.R
	at java.base/jdk.internal.loader.BuiltinClassLoader.loadClass(BuiltinClassLoader.java:641)
	at java.base/jdk.internal.loader.ClassLoaders$AppClassLoader.loadClass(ClassLoaders.java:188)
	at java.base/java.lang.ClassLoader.loadClass(ClassLoader.java:520)
	at java.base/java.lang.Class.forName0(Native Method)
	at java.base/java.lang.Class.forName(Class.java:467)
	at java.base/sun.reflect.generics.factory.CoreReflectionFactory.makeNamedType(CoreReflectionFactory.java:114)
	... 45 common frames omitted
2024-02-27 20:21:07.436 [http-nio-8889-exec-3] ERROR s.c.c.e.AppExceptionHandler - null
2024-02-27 20:21:07.444 [http-nio-8889-exec-3] ERROR s.c.c.filter.JWTAuthFilter - Request processing failed: org.mybatis.spring.MyBatisSystemException
2024-02-27 20:22:33.739 [http-nio-8889-exec-3] ERROR s.c.c.e.AppExceptionHandler - 
### Error querying database.  Cause: java.sql.SQLSyntaxErrorException: Table 'cili-quasar-admin.subjects' doesn't exist
### The error may exist in file [D:\Documents\JavaCode\Code\cilicili(嗤哩嗤哩)\build\resources\main\mapper\subjects\SubjectsMapping.xml]
### The error may involve defaultParameterMap
### The error occurred while setting parameters
### SQL: select * from subjects                                                          limit ?,?                   ;
### Cause: java.sql.SQLSyntaxErrorException: Table 'cili-quasar-admin.subjects' doesn't exist
; bad SQL grammar []
2024-02-27 20:22:39.238 [http-nio-8889-exec-10] ERROR s.c.c.e.AppExceptionHandler - 
### Error querying database.  Cause: java.sql.SQLSyntaxErrorException: Table 'cili-quasar-admin.subjects' doesn't exist
### The error may exist in file [D:\Documents\JavaCode\Code\cilicili(嗤哩嗤哩)\build\resources\main\mapper\subjects\SubjectsMapping.xml]
### The error may involve defaultParameterMap
### The error occurred while setting parameters
### SQL: select * from subjects                                                          limit ?,?                   ;
### Cause: java.sql.SQLSyntaxErrorException: Table 'cili-quasar-admin.subjects' doesn't exist
; bad SQL grammar []
2024-02-27 21:10:31.963 [main] ERROR o.s.boot.SpringApplication - Application run failed
org.springframework.beans.factory.BeanDefinitionStoreException: Failed to parse configuration class [site.cilicili.App]
	at org.springframework.context.annotation.ConfigurationClassParser.parse(ConfigurationClassParser.java:178)
	at org.springframework.context.annotation.ConfigurationClassPostProcessor.processConfigBeanDefinitions(ConfigurationClassPostProcessor.java:415)
	at org.springframework.context.annotation.ConfigurationClassPostProcessor.postProcessBeanDefinitionRegistry(ConfigurationClassPostProcessor.java:287)
	at org.springframework.context.support.PostProcessorRegistrationDelegate.invokeBeanDefinitionRegistryPostProcessors(PostProcessorRegistrationDelegate.java:344)
	at org.springframework.context.support.PostProcessorRegistrationDelegate.invokeBeanFactoryPostProcessors(PostProcessorRegistrationDelegate.java:115)
	at org.springframework.context.support.AbstractApplicationContext.invokeBeanFactoryPostProcessors(AbstractApplicationContext.java:779)
	at org.springframework.context.support.AbstractApplicationContext.refresh(AbstractApplicationContext.java:597)
	at org.springframework.boot.web.servlet.context.ServletWebServerApplicationContext.refresh(ServletWebServerApplicationContext.java:146)
	at org.springframework.boot.SpringApplication.refresh(SpringApplication.java:738)
	at org.springframework.boot.SpringApplication.refreshContext(SpringApplication.java:440)
	at org.springframework.boot.SpringApplication.run(SpringApplication.java:316)
	at org.springframework.boot.SpringApplication.run(SpringApplication.java:1306)
	at org.springframework.boot.SpringApplication.run(SpringApplication.java:1295)
	at site.cilicili.App.main(App.java:63)
Caused by: java.io.FileNotFoundException: class path resource [site/cilicili/common/security/jwt/WebSecurityConfiguration.class] cannot be opened because it does not exist
	at org.springframework.core.io.ClassPathResource.getInputStream(ClassPathResource.java:211)
	at org.springframework.core.type.classreading.SimpleMetadataReader.getClassReader(SimpleMetadataReader.java:54)
	at org.springframework.core.type.classreading.SimpleMetadataReader.<init>(SimpleMetadataReader.java:48)
	at org.springframework.core.type.classreading.SimpleMetadataReaderFactory.getMetadataReader(SimpleMetadataReaderFactory.java:103)
	at org.springframework.boot.type.classreading.ConcurrentReferenceCachingMetadataReaderFactory.createMetadataReader(ConcurrentReferenceCachingMetadataReaderFactory.java:86)
	at org.springframework.boot.type.classreading.ConcurrentReferenceCachingMetadataReaderFactory.getMetadataReader(ConcurrentReferenceCachingMetadataReaderFactory.java:73)
	at org.springframework.core.type.classreading.SimpleMetadataReaderFactory.getMetadataReader(SimpleMetadataReaderFactory.java:81)
	at org.springframework.context.annotation.ConfigurationClassParser.parse(ConfigurationClassParser.java:187)
	at org.springframework.context.annotation.ConfigurationClassParser.doProcessConfigurationClass(ConfigurationClassParser.java:297)
	at org.springframework.context.annotation.ConfigurationClassParser.processConfigurationClass(ConfigurationClassParser.java:243)
	at org.springframework.context.annotation.ConfigurationClassParser.parse(ConfigurationClassParser.java:196)
	at org.springframework.context.annotation.ConfigurationClassParser.parse(ConfigurationClassParser.java:164)
	... 13 common frames omitted
2024-02-27 21:12:06.264 [http-nio-8889-exec-7] ERROR s.c.c.e.AppExceptionHandler - null
2024-02-27 21:12:06.272 [http-nio-8889-exec-7] ERROR s.c.c.filter.JWTAuthFilter - Request processing failed: org.mybatis.spring.MyBatisSystemException
2024-02-27 21:12:59.963 [http-nio-8889-exec-5] ERROR s.c.c.e.AppExceptionHandler - null
2024-02-27 21:12:59.965 [http-nio-8889-exec-5] ERROR s.c.c.filter.JWTAuthFilter - Request processing failed: org.mybatis.spring.MyBatisSystemException
2024-02-27 21:14:42.552 [main] ERROR o.s.b.w.e.tomcat.TomcatStarter - Error starting Tomcat context. Exception: org.springframework.beans.factory.UnsatisfiedDependencyException. Message: Error creating bean with name 'JWTAuthFilter' defined in file [D:\Documents\JavaCode\Code\cilicili(嗤哩嗤哩)\build\classes\java\main\site\cilicili\common\filter\JWTAuthFilter.class]: Unsatisfied dependency expressed through constructor parameter 0: Error creating bean with name 'getJwtUtils' defined in class path resource [site/cilicili/common/security/jwt/JwtUtilsConfiguration.class]: Unsatisfied dependency expressed through method 'getJwtUtils' parameter 3: Error creating bean with name 'appExceptionHandler': Lookup method resolution failed
2024-02-27 21:14:42.666 [main] ERROR o.s.boot.SpringApplication - Application run failed
org.springframework.context.ApplicationContextException: Unable to start web server
	at org.springframework.boot.web.servlet.context.ServletWebServerApplicationContext.onRefresh(ServletWebServerApplicationContext.java:164)
	at org.springframework.context.support.AbstractApplicationContext.refresh(AbstractApplicationContext.java:610)
	at org.springframework.boot.web.servlet.context.ServletWebServerApplicationContext.refresh(ServletWebServerApplicationContext.java:146)
	at org.springframework.boot.SpringApplication.refresh(SpringApplication.java:738)
	at org.springframework.boot.SpringApplication.refreshContext(SpringApplication.java:440)
	at org.springframework.boot.SpringApplication.run(SpringApplication.java:316)
	at org.springframework.boot.SpringApplication.run(SpringApplication.java:1306)
	at org.springframework.boot.SpringApplication.run(SpringApplication.java:1295)
	at site.cilicili.App.main(App.java:63)
Caused by: org.springframework.boot.web.server.WebServerException: Unable to start embedded Tomcat
	at org.springframework.boot.web.embedded.tomcat.TomcatWebServer.initialize(TomcatWebServer.java:142)
	at org.springframework.boot.web.embedded.tomcat.TomcatWebServer.<init>(TomcatWebServer.java:104)
	at org.springframework.boot.web.embedded.tomcat.TomcatServletWebServerFactory.getTomcatWebServer(TomcatServletWebServerFactory.java:489)
	at org.springframework.boot.web.embedded.tomcat.TomcatServletWebServerFactory.getWebServer(TomcatServletWebServerFactory.java:211)
	at org.springframework.boot.web.servlet.context.ServletWebServerApplicationContext.createWebServer(ServletWebServerApplicationContext.java:183)
	at org.springframework.boot.web.servlet.context.ServletWebServerApplicationContext.onRefresh(ServletWebServerApplicationContext.java:161)
	... 8 common frames omitted
Caused by: org.springframework.beans.factory.UnsatisfiedDependencyException: Error creating bean with name 'JWTAuthFilter' defined in file [D:\Documents\JavaCode\Code\cilicili(嗤哩嗤哩)\build\classes\java\main\site\cilicili\common\filter\JWTAuthFilter.class]: Unsatisfied dependency expressed through constructor parameter 0: Error creating bean with name 'getJwtUtils' defined in class path resource [site/cilicili/common/security/jwt/JwtUtilsConfiguration.class]: Unsatisfied dependency expressed through method 'getJwtUtils' parameter 3: Error creating bean with name 'appExceptionHandler': Lookup method resolution failed
	at org.springframework.beans.factory.support.ConstructorResolver.createArgumentArray(ConstructorResolver.java:801)
	at org.springframework.beans.factory.support.ConstructorResolver.autowireConstructor(ConstructorResolver.java:240)
	at org.springframework.beans.factory.support.AbstractAutowireCapableBeanFactory.autowireConstructor(AbstractAutowireCapableBeanFactory.java:1352)
	at org.springframework.beans.factory.support.AbstractAutowireCapableBeanFactory.createBeanInstance(AbstractAutowireCapableBeanFactory.java:1189)
	at org.springframework.beans.factory.support.AbstractAutowireCapableBeanFactory.doCreateBean(AbstractAutowireCapableBeanFactory.java:560)
	at org.springframework.beans.factory.support.AbstractAutowireCapableBeanFactory.createBean(AbstractAutowireCapableBeanFactory.java:520)
	at org.springframework.beans.factory.support.AbstractBeanFactory.lambda$doGetBean$0(AbstractBeanFactory.java:325)
	at org.springframework.beans.factory.support.DefaultSingletonBeanRegistry.getSingleton(DefaultSingletonBeanRegistry.java:234)
	at org.springframework.beans.factory.support.AbstractBeanFactory.doGetBean(AbstractBeanFactory.java:323)
	at org.springframework.beans.factory.support.AbstractBeanFactory.getBean(AbstractBeanFactory.java:204)
	at org.springframework.boot.web.servlet.ServletContextInitializerBeans.getOrderedBeansOfType(ServletContextInitializerBeans.java:210)
	at org.springframework.boot.web.servlet.ServletContextInitializerBeans.addAsRegistrationBean(ServletContextInitializerBeans.java:173)
	at org.springframework.boot.web.servlet.ServletContextInitializerBeans.addAsRegistrationBean(ServletContextInitializerBeans.java:168)
	at org.springframework.boot.web.servlet.ServletContextInitializerBeans.addAdaptableBeans(ServletContextInitializerBeans.java:153)
	at org.springframework.boot.web.servlet.ServletContextInitializerBeans.<init>(ServletContextInitializerBeans.java:86)
	at org.springframework.boot.web.servlet.context.ServletWebServerApplicationContext.getServletContextInitializerBeans(ServletWebServerApplicationContext.java:261)
	at org.springframework.boot.web.servlet.context.ServletWebServerApplicationContext.selfInitialize(ServletWebServerApplicationContext.java:235)
	at org.springframework.boot.web.embedded.tomcat.TomcatStarter.onStartup(TomcatStarter.java:52)
	at org.apache.catalina.core.StandardContext.startInternal(StandardContext.java:4850)
	at org.apache.catalina.util.LifecycleBase.start(LifecycleBase.java:171)
	at org.apache.catalina.core.ContainerBase$StartChild.call(ContainerBase.java:1332)
	at org.apache.catalina.core.ContainerBase$StartChild.call(ContainerBase.java:1322)
	at java.base/java.util.concurrent.FutureTask.run$$$capture(FutureTask.java:264)
	at java.base/java.util.concurrent.FutureTask.run(FutureTask.java)
	at org.apache.tomcat.util.threads.InlineExecutorService.execute(InlineExecutorService.java:75)
	at java.base/java.util.concurrent.AbstractExecutorService.submit(AbstractExecutorService.java:145)
	at org.apache.catalina.core.ContainerBase.startInternal(ContainerBase.java:866)
	at org.apache.catalina.core.StandardHost.startInternal(StandardHost.java:845)
	at org.apache.catalina.util.LifecycleBase.start(LifecycleBase.java:171)
	at org.apache.catalina.core.ContainerBase$StartChild.call(ContainerBase.java:1332)
	at org.apache.catalina.core.ContainerBase$StartChild.call(ContainerBase.java:1322)
	at java.base/java.util.concurrent.FutureTask.run$$$capture(FutureTask.java:264)
	at java.base/java.util.concurrent.FutureTask.run(FutureTask.java)
	at org.apache.tomcat.util.threads.InlineExecutorService.execute(InlineExecutorService.java:75)
	at java.base/java.util.concurrent.AbstractExecutorService.submit(AbstractExecutorService.java:145)
	at org.apache.catalina.core.ContainerBase.startInternal(ContainerBase.java:866)
	at org.apache.catalina.core.StandardEngine.startInternal(StandardEngine.java:240)
	at org.apache.catalina.util.LifecycleBase.start(LifecycleBase.java:171)
	at org.apache.catalina.core.StandardService.startInternal(StandardService.java:433)
	at org.apache.catalina.util.LifecycleBase.start(LifecycleBase.java:171)
	at org.apache.catalina.core.StandardServer.startInternal(StandardServer.java:917)
	at org.apache.catalina.util.LifecycleBase.start(LifecycleBase.java:171)
	at org.apache.catalina.startup.Tomcat.start(Tomcat.java:488)
	at org.springframework.boot.web.embedded.tomcat.TomcatWebServer.initialize(TomcatWebServer.java:123)
	... 13 common frames omitted
Caused by: org.springframework.beans.factory.UnsatisfiedDependencyException: Error creating bean with name 'getJwtUtils' defined in class path resource [site/cilicili/common/security/jwt/JwtUtilsConfiguration.class]: Unsatisfied dependency expressed through method 'getJwtUtils' parameter 3: Error creating bean with name 'appExceptionHandler': Lookup method resolution failed
	at org.springframework.beans.factory.support.ConstructorResolver.createArgumentArray(ConstructorResolver.java:801)
	at org.springframework.beans.factory.support.ConstructorResolver.instantiateUsingFactoryMethod(ConstructorResolver.java:545)
	at org.springframework.beans.factory.support.AbstractAutowireCapableBeanFactory.instantiateUsingFactoryMethod(AbstractAutowireCapableBeanFactory.java:1332)
	at org.springframework.beans.factory.support.AbstractAutowireCapableBeanFactory.createBeanInstance(AbstractAutowireCapableBeanFactory.java:1162)
	at org.springframework.beans.factory.support.AbstractAutowireCapableBeanFactory.doCreateBean(AbstractAutowireCapableBeanFactory.java:560)
	at org.springframework.beans.factory.support.AbstractAutowireCapableBeanFactory.createBean(AbstractAutowireCapableBeanFactory.java:520)
	at org.springframework.beans.factory.support.AbstractBeanFactory.lambda$doGetBean$0(AbstractBeanFactory.java:325)
	at org.springframework.beans.factory.support.DefaultSingletonBeanRegistry.getSingleton(DefaultSingletonBeanRegistry.java:234)
	at org.springframework.beans.factory.support.AbstractBeanFactory.doGetBean(AbstractBeanFactory.java:323)
	at org.springframework.beans.factory.support.AbstractBeanFactory.getBean(AbstractBeanFactory.java:199)
	at org.springframework.beans.factory.config.DependencyDescriptor.resolveCandidate(DependencyDescriptor.java:254)
	at org.springframework.beans.factory.support.DefaultListableBeanFactory.doResolveDependency(DefaultListableBeanFactory.java:1417)
	at org.springframework.beans.factory.support.DefaultListableBeanFactory.resolveDependency(DefaultListableBeanFactory.java:1337)
	at org.springframework.beans.factory.support.ConstructorResolver.resolveAutowiredArgument(ConstructorResolver.java:910)
	at org.springframework.beans.factory.support.ConstructorResolver.createArgumentArray(ConstructorResolver.java:788)
	... 56 common frames omitted
Caused by: org.springframework.beans.factory.BeanCreationException: Error creating bean with name 'appExceptionHandler': Lookup method resolution failed
	at org.springframework.beans.factory.annotation.AutowiredAnnotationBeanPostProcessor.checkLookupMethods(AutowiredAnnotationBeanPostProcessor.java:481)
	at org.springframework.beans.factory.annotation.AutowiredAnnotationBeanPostProcessor.determineCandidateConstructors(AutowiredAnnotationBeanPostProcessor.java:351)
	at org.springframework.beans.factory.support.AbstractAutowireCapableBeanFactory.determineConstructorsFromBeanPostProcessors(AbstractAutowireCapableBeanFactory.java:1291)
	at org.springframework.beans.factory.support.AbstractAutowireCapableBeanFactory.createBeanInstance(AbstractAutowireCapableBeanFactory.java:1186)
	at org.springframework.beans.factory.support.AbstractAutowireCapableBeanFactory.doCreateBean(AbstractAutowireCapableBeanFactory.java:560)
	at org.springframework.beans.factory.support.AbstractAutowireCapableBeanFactory.createBean(AbstractAutowireCapableBeanFactory.java:520)
	at org.springframework.beans.factory.support.AbstractBeanFactory.lambda$doGetBean$0(AbstractBeanFactory.java:325)
	at org.springframework.beans.factory.support.DefaultSingletonBeanRegistry.getSingleton(DefaultSingletonBeanRegistry.java:234)
	at org.springframework.beans.factory.support.AbstractBeanFactory.doGetBean(AbstractBeanFactory.java:323)
	at org.springframework.beans.factory.support.AbstractBeanFactory.getBean(AbstractBeanFactory.java:199)
	at org.springframework.beans.factory.config.DependencyDescriptor.resolveCandidate(DependencyDescriptor.java:254)
	at org.springframework.beans.factory.support.DefaultListableBeanFactory.doResolveDependency(DefaultListableBeanFactory.java:1417)
	at org.springframework.beans.factory.support.DefaultListableBeanFactory.resolveDependency(DefaultListableBeanFactory.java:1337)
	at org.springframework.beans.factory.support.ConstructorResolver.resolveAutowiredArgument(ConstructorResolver.java:910)
	at org.springframework.beans.factory.support.ConstructorResolver.createArgumentArray(ConstructorResolver.java:788)
	... 70 common frames omitted
Caused by: java.lang.IllegalStateException: Failed to introspect Class [site.cilicili.common.exception.AppExceptionHandler] from ClassLoader [jdk.internal.loader.ClassLoaders$AppClassLoader@136432db]
	at org.springframework.util.ReflectionUtils.getDeclaredMethods(ReflectionUtils.java:483)
	at org.springframework.util.ReflectionUtils.doWithLocalMethods(ReflectionUtils.java:320)
	at org.springframework.beans.factory.annotation.AutowiredAnnotationBeanPostProcessor.checkLookupMethods(AutowiredAnnotationBeanPostProcessor.java:459)
	... 84 common frames omitted
Caused by: java.lang.NoClassDefFoundError: site/cilicili/common/exception/AppException
	at java.base/java.lang.Class.getDeclaredMethods0(Native Method)
	at java.base/java.lang.Class.privateGetDeclaredMethods(Class.java:3402)
	at java.base/java.lang.Class.getDeclaredMethods(Class.java:2504)
	at org.springframework.util.ReflectionUtils.getDeclaredMethods(ReflectionUtils.java:465)
	... 86 common frames omitted
Caused by: java.lang.ClassNotFoundException: site.cilicili.common.exception.AppException
	at java.base/jdk.internal.loader.BuiltinClassLoader.loadClass(BuiltinClassLoader.java:641)
	at java.base/jdk.internal.loader.ClassLoaders$AppClassLoader.loadClass(ClassLoaders.java:188)
	at java.base/java.lang.ClassLoader.loadClass(ClassLoader.java:520)
	... 90 common frames omitted
2024-02-27 21:35:06.919 [http-nio-8889-exec-3] ERROR s.c.c.e.AppExceptionHandler - 
### Error querying database.  Cause: java.sql.SQLSyntaxErrorException: Unknown column 'subject_code' in 'where clause'
### The error may exist in file [D:\Documents\JavaCode\Code\cilicili(嗤哩嗤哩)\build\resources\main\mapper\categories\CategoriesMapping.xml]
### The error may involve defaultParameterMap
### The error occurred while setting parameters
### SQL: select * from categories          WHERE subject_code = ?                                                limit ?,?                   ;
### Cause: java.sql.SQLSyntaxErrorException: Unknown column 'subject_code' in 'where clause'
; bad SQL grammar []
2024-02-27 21:35:52.197 [http-nio-8889-exec-8] ERROR s.c.c.e.AppExceptionHandler - 
### Error querying database.  Cause: java.sql.SQLSyntaxErrorException: Unknown column 'subject_code' in 'where clause'
### The error may exist in file [D:\Documents\JavaCode\Code\cilicili(嗤哩嗤哩)\build\resources\main\mapper\categories\CategoriesMapping.xml]
### The error may involve defaultParameterMap
### The error occurred while setting parameters
### SQL: select * from categories          WHERE subject_code = ?                                                limit ?,?                   ;
### Cause: java.sql.SQLSyntaxErrorException: Unknown column 'subject_code' in 'where clause'
; bad SQL grammar []
2024-02-27 21:36:49.881 [http-nio-8889-exec-1] ERROR s.c.c.e.AppExceptionHandler - 
### Error querying database.  Cause: java.sql.SQLSyntaxErrorException: Unknown column 'subject_code' in 'where clause'
### The error may exist in file [D:\Documents\JavaCode\Code\cilicili(嗤哩嗤哩)\build\resources\main\mapper\categories\CategoriesMapping.xml]
### The error may involve defaultParameterMap
### The error occurred while setting parameters
### SQL: select * from categories          WHERE subject_code = ?                                                limit ?,?                   ;
### Cause: java.sql.SQLSyntaxErrorException: Unknown column 'subject_code' in 'where clause'
; bad SQL grammar []
2024-02-27 21:49:08.840 [http-nio-8889-exec-7] ERROR s.c.c.e.AppExceptionHandler - 
### Error querying database.  Cause: java.sql.SQLSyntaxErrorException: Unknown column 'subject_code' in 'where clause'
### The error may exist in file [D:\Documents\JavaCode\Code\cilicili(嗤哩嗤哩)\build\resources\main\mapper\categories\CategoriesMapping.xml]
### The error may involve defaultParameterMap
### The error occurred while setting parameters
### SQL: select * from categories          WHERE subject_code = ?                                                limit ?,?                   ;
### Cause: java.sql.SQLSyntaxErrorException: Unknown column 'subject_code' in 'where clause'
; bad SQL grammar []
2024-02-27 22:53:49.344 [main] ERROR o.s.boot.SpringApplication - Application run failed
java.lang.IllegalStateException: Unable to load cache item
	at org.springframework.cglib.core.internal.LoadingCache.createEntry(LoadingCache.java:75)
	at org.springframework.cglib.core.internal.LoadingCache.get(LoadingCache.java:34)
	at org.springframework.cglib.core.AbstractClassGenerator$ClassLoaderData.get(AbstractClassGenerator.java:130)
	at org.springframework.cglib.core.AbstractClassGenerator.create(AbstractClassGenerator.java:317)
	at org.springframework.cglib.proxy.Enhancer.createHelper(Enhancer.java:562)
	at org.springframework.cglib.proxy.Enhancer.createClass(Enhancer.java:407)
	at org.springframework.context.annotation.ConfigurationClassEnhancer.createClass(ConfigurationClassEnhancer.java:138)
	at org.springframework.context.annotation.ConfigurationClassEnhancer.enhance(ConfigurationClassEnhancer.java:109)
	at org.springframework.context.annotation.ConfigurationClassPostProcessor.enhanceConfigurationClasses(ConfigurationClassPostProcessor.java:531)
	at org.springframework.context.annotation.ConfigurationClassPostProcessor.postProcessBeanFactory(ConfigurationClassPostProcessor.java:308)
	at org.springframework.context.support.PostProcessorRegistrationDelegate.invokeBeanFactoryPostProcessors(PostProcessorRegistrationDelegate.java:358)
	at org.springframework.context.support.PostProcessorRegistrationDelegate.invokeBeanFactoryPostProcessors(PostProcessorRegistrationDelegate.java:150)
	at org.springframework.context.support.AbstractApplicationContext.invokeBeanFactoryPostProcessors(AbstractApplicationContext.java:779)
	at org.springframework.context.support.AbstractApplicationContext.refresh(AbstractApplicationContext.java:597)
	at org.springframework.boot.web.servlet.context.ServletWebServerApplicationContext.refresh(ServletWebServerApplicationContext.java:146)
	at org.springframework.boot.SpringApplication.refresh(SpringApplication.java:738)
	at org.springframework.boot.SpringApplication.refreshContext(SpringApplication.java:440)
	at org.springframework.boot.SpringApplication.run(SpringApplication.java:316)
	at org.springframework.boot.SpringApplication.run(SpringApplication.java:1306)
	at org.springframework.boot.SpringApplication.run(SpringApplication.java:1295)
	at site.cilicili.App.main(App.java:63)
Caused by: java.lang.NoClassDefFoundError: site/cilicili/common/db/domain/pojo/DatabaseConnection
	at java.base/java.lang.Class.getDeclaredMethods0(Native Method)
	at java.base/java.lang.Class.privateGetDeclaredMethods(Class.java:3402)
	at java.base/java.lang.Class.getDeclaredMethods(Class.java:2504)
	at org.springframework.cglib.core.ReflectUtils.addAllMethods(ReflectUtils.java:396)
	at org.springframework.cglib.proxy.Enhancer.getMethods(Enhancer.java:627)
	at org.springframework.cglib.proxy.Enhancer.generateClass(Enhancer.java:664)
	at org.springframework.cglib.transform.TransformingClassGenerator.generateClass(TransformingClassGenerator.java:35)
	at org.springframework.cglib.core.DefaultGeneratorStrategy.generate(DefaultGeneratorStrategy.java:26)
	at org.springframework.cglib.core.ClassLoaderAwareGeneratorStrategy.generate(ClassLoaderAwareGeneratorStrategy.java:57)
	at org.springframework.cglib.core.AbstractClassGenerator.generate(AbstractClassGenerator.java:366)
	at org.springframework.cglib.proxy.Enhancer.generate(Enhancer.java:575)
	at org.springframework.cglib.core.AbstractClassGenerator$ClassLoaderData.lambda$new$1(AbstractClassGenerator.java:107)
	at org.springframework.cglib.core.internal.LoadingCache.lambda$createEntry$1(LoadingCache.java:52)
	at java.base/java.util.concurrent.FutureTask.run$$$capture(FutureTask.java:264)
	at java.base/java.util.concurrent.FutureTask.run(FutureTask.java)
	at org.springframework.cglib.core.internal.LoadingCache.createEntry(LoadingCache.java:57)
	... 20 common frames omitted
Caused by: java.lang.ClassNotFoundException: site.cilicili.common.db.domain.pojo.DatabaseConnection
	at java.base/jdk.internal.loader.BuiltinClassLoader.loadClass(BuiltinClassLoader.java:641)
	at java.base/jdk.internal.loader.ClassLoaders$AppClassLoader.loadClass(ClassLoaders.java:188)
	at java.base/java.lang.ClassLoader.loadClass(ClassLoader.java:520)
	... 36 common frames omitted
2024-02-27 23:40:50.687 [main] ERROR o.s.boot.SpringApplication - Application run failed
java.lang.IllegalStateException: Unable to load cache item
	at org.springframework.cglib.core.internal.LoadingCache.createEntry(LoadingCache.java:75)
	at org.springframework.cglib.core.internal.LoadingCache.get(LoadingCache.java:34)
	at org.springframework.cglib.core.AbstractClassGenerator$ClassLoaderData.get(AbstractClassGenerator.java:130)
	at org.springframework.cglib.core.AbstractClassGenerator.create(AbstractClassGenerator.java:317)
	at org.springframework.cglib.proxy.Enhancer.createHelper(Enhancer.java:562)
	at org.springframework.cglib.proxy.Enhancer.createClass(Enhancer.java:407)
	at org.springframework.context.annotation.ConfigurationClassEnhancer.createClass(ConfigurationClassEnhancer.java:138)
	at org.springframework.context.annotation.ConfigurationClassEnhancer.enhance(ConfigurationClassEnhancer.java:109)
	at org.springframework.context.annotation.ConfigurationClassPostProcessor.enhanceConfigurationClasses(ConfigurationClassPostProcessor.java:531)
	at org.springframework.context.annotation.ConfigurationClassPostProcessor.postProcessBeanFactory(ConfigurationClassPostProcessor.java:308)
	at org.springframework.context.support.PostProcessorRegistrationDelegate.invokeBeanFactoryPostProcessors(PostProcessorRegistrationDelegate.java:358)
	at org.springframework.context.support.PostProcessorRegistrationDelegate.invokeBeanFactoryPostProcessors(PostProcessorRegistrationDelegate.java:150)
	at org.springframework.context.support.AbstractApplicationContext.invokeBeanFactoryPostProcessors(AbstractApplicationContext.java:779)
	at org.springframework.context.support.AbstractApplicationContext.refresh(AbstractApplicationContext.java:597)
	at org.springframework.boot.web.servlet.context.ServletWebServerApplicationContext.refresh(ServletWebServerApplicationContext.java:146)
	at org.springframework.boot.SpringApplication.refresh(SpringApplication.java:738)
	at org.springframework.boot.SpringApplication.refreshContext(SpringApplication.java:440)
	at org.springframework.boot.SpringApplication.run(SpringApplication.java:316)
	at org.springframework.boot.SpringApplication.run(SpringApplication.java:1306)
	at org.springframework.boot.SpringApplication.run(SpringApplication.java:1295)
	at site.cilicili.App.main(App.java:63)
Caused by: java.lang.NoClassDefFoundError: site/cilicili/common/db/domain/pojo/DatabaseConnection
	at java.base/java.lang.Class.getDeclaredMethods0(Native Method)
	at java.base/java.lang.Class.privateGetDeclaredMethods(Class.java:3402)
	at java.base/java.lang.Class.getDeclaredMethods(Class.java:2504)
	at org.springframework.cglib.core.ReflectUtils.addAllMethods(ReflectUtils.java:396)
	at org.springframework.cglib.proxy.Enhancer.getMethods(Enhancer.java:627)
	at org.springframework.cglib.proxy.Enhancer.generateClass(Enhancer.java:664)
	at org.springframework.cglib.transform.TransformingClassGenerator.generateClass(TransformingClassGenerator.java:35)
	at org.springframework.cglib.core.DefaultGeneratorStrategy.generate(DefaultGeneratorStrategy.java:26)
	at org.springframework.cglib.core.ClassLoaderAwareGeneratorStrategy.generate(ClassLoaderAwareGeneratorStrategy.java:57)
	at org.springframework.cglib.core.AbstractClassGenerator.generate(AbstractClassGenerator.java:366)
	at org.springframework.cglib.proxy.Enhancer.generate(Enhancer.java:575)
	at org.springframework.cglib.core.AbstractClassGenerator$ClassLoaderData.lambda$new$1(AbstractClassGenerator.java:107)
	at org.springframework.cglib.core.internal.LoadingCache.lambda$createEntry$1(LoadingCache.java:52)
	at java.base/java.util.concurrent.FutureTask.run$$$capture(FutureTask.java:264)
	at java.base/java.util.concurrent.FutureTask.run(FutureTask.java)
	at org.springframework.cglib.core.internal.LoadingCache.createEntry(LoadingCache.java:57)
	... 20 common frames omitted
Caused by: java.lang.ClassNotFoundException: site.cilicili.common.db.domain.pojo.DatabaseConnection
	at java.base/jdk.internal.loader.BuiltinClassLoader.loadClass(BuiltinClassLoader.java:641)
	at java.base/jdk.internal.loader.ClassLoaders$AppClassLoader.loadClass(ClassLoaders.java:188)
	at java.base/java.lang.ClassLoader.loadClass(ClassLoader.java:520)
	... 36 common frames omitted
